2025-06-07 20:01:45,256 [INFO] Activator:176 - 


2025-06-07 20:01:45,261 [INFO] Activator:177 - !SESSION log4j initialized
2025-06-07 20:01:51,704 [INFO] LogOutputStream:77 - [STDOUT_REDIRECT] 
2025-06-07 20:01:53,747 [INFO] ApplicationProperties:184 - Using Application install path: D:\stm32cubeIDE\STM32CubeIDE_1.17.0\STM32CubeIDE\plugins\com.st.stm32cube.common.mx_6.13.0.202411220809
2025-06-07 20:01:53,764 [INFO] DbMcusXml:78 - Set database path to: D:\stm32cubeIDE\STM32CubeIDE_1.17.0\STM32CubeIDE\plugins\com.st.stm32cube.common.mx_6.13.0.202411220809\\db\/mcu/
2025-06-07 20:01:53,764 [INFO] ApiDb:274 - Set plugin database path to: D:\stm32cubeIDE\STM32CubeIDE_1.17.0\STM32CubeIDE\plugins\com.st.stm32cube.common.mx_6.13.0.202411220809\\db\/plugins/boardmanager/
2025-06-07 20:01:53,764 [WARN] ApiDb:259 - Overriding images path with different value:  => D:\stm32cubeIDE\STM32CubeIDE_1.17.0\STM32CubeIDE\plugins\com.st.stm32cube.common.mx_6.13.0.202411220809\\db\/plugins/mcufinder/images/
2025-06-07 20:01:53,774 [INFO] ApiDb:250 - Set database path to: C:\Users\LEGION\.stmcufinder\plugins\mcufinder//mcu/
2025-06-07 20:01:53,775 [INFO] DbMcusAds:125 - Set database path to: C:\Users\LEGION\.stmcufinder\plugins\mcufinder//mcu/
2025-06-07 20:01:53,778 [INFO] CrossReferenceDbSqlite:203 - Set database path to: C:\Users\LEGION\.stmcufinder\plugins\mcufinder//mcu/cs/
2025-06-07 20:01:53,884 [INFO] RulesReader:64 - Compatibility file has been processed (297 Rules)
2025-06-07 20:01:53,961 [INFO] DbMcusXml:78 - Set database path to: D:\stm32cubeIDE\STM32CubeIDE_1.17.0\STM32CubeIDE\plugins\com.st.stm32cube.common.mx_6.13.0.202411220809\\db\/mcu/
2025-06-07 20:01:53,961 [INFO] ApiDb:274 - Set plugin database path to: D:\stm32cubeIDE\STM32CubeIDE_1.17.0\STM32CubeIDE\plugins\com.st.stm32cube.common.mx_6.13.0.202411220809\\db\/plugins/boardmanager/
2025-06-07 20:01:53,961 [INFO] ApiDb:261 - Set plugin images path to: D:\stm32cubeIDE\STM32CubeIDE_1.17.0\STM32CubeIDE\plugins\com.st.stm32cube.common.mx_6.13.0.202411220809\\db\/plugins/mcufinder/images/
2025-06-07 20:01:53,961 [WARN] DbFile:41 - Overriding database path with different value: C:\Users\LEGION\.stmcufinder\plugins\mcufinder/ => C:\Users\LEGION\.stmcufinder\plugins\mcufinder
2025-06-07 20:01:53,962 [INFO] ApiDb:250 - Set database path to: C:\Users\LEGION\.stmcufinder\plugins\mcufinder//mcu/
2025-06-07 20:01:53,962 [WARN] DbFile:41 - Overriding database path with different value: C:\Users\LEGION\.stmcufinder\plugins\mcufinder/ => C:\Users\LEGION\.stmcufinder\plugins\mcufinder
2025-06-07 20:01:53,962 [INFO] DbMcusAds:125 - Set database path to: C:\Users\LEGION\.stmcufinder\plugins\mcufinder//mcu/
2025-06-07 20:01:53,962 [WARN] DbFile:41 - Overriding database path with different value: C:\Users\LEGION\.stmcufinder\plugins\mcufinder/ => C:\Users\LEGION\.stmcufinder\plugins\mcufinder
2025-06-07 20:01:53,962 [WARN] DbFile:41 - Overriding database path with different value: C:\Users\LEGION\.stmcufinder\plugins\mcufinder/ => C:\Users\LEGION\.stmcufinder\plugins\mcufinder
2025-06-07 20:01:53,962 [INFO] CrossReferenceDbSqlite:203 - Set database path to: C:\Users\LEGION\.stmcufinder\plugins\mcufinder//mcu/cs/
2025-06-07 20:01:54,032 [INFO] MainPanel:272 - HeapMemory: 268435456
2025-06-07 20:01:54,140 [INFO] DbMcusXml:78 - Set database path to: D:\stm32cubeIDE\STM32CubeIDE_1.17.0\STM32CubeIDE\plugins\com.st.stm32cube.common.mx_6.13.0.202411220809\\db\/mcu/
2025-06-07 20:01:54,140 [INFO] ApiDb:274 - Set plugin database path to: D:\stm32cubeIDE\STM32CubeIDE_1.17.0\STM32CubeIDE\plugins\com.st.stm32cube.common.mx_6.13.0.202411220809\\db\/plugins/boardmanager/
2025-06-07 20:01:54,140 [INFO] ApiDb:261 - Set plugin images path to: D:\stm32cubeIDE\STM32CubeIDE_1.17.0\STM32CubeIDE\plugins\com.st.stm32cube.common.mx_6.13.0.202411220809\\db\/plugins/mcufinder/images/
2025-06-07 20:01:54,141 [WARN] DbFile:41 - Overriding database path with different value: C:\Users\LEGION\.stmcufinder\plugins\mcufinder/ => C:\Users\LEGION\.stmcufinder\plugins\mcufinder
2025-06-07 20:01:54,141 [INFO] ApiDb:250 - Set database path to: C:\Users\LEGION\.stmcufinder\plugins\mcufinder//mcu/
2025-06-07 20:01:54,141 [WARN] DbFile:41 - Overriding database path with different value: C:\Users\LEGION\.stmcufinder\plugins\mcufinder/ => C:\Users\LEGION\.stmcufinder\plugins\mcufinder
2025-06-07 20:01:54,141 [INFO] DbMcusAds:125 - Set database path to: C:\Users\LEGION\.stmcufinder\plugins\mcufinder//mcu/
2025-06-07 20:01:54,141 [WARN] DbFile:41 - Overriding database path with different value: C:\Users\LEGION\.stmcufinder\plugins\mcufinder/ => C:\Users\LEGION\.stmcufinder\plugins\mcufinder
2025-06-07 20:01:54,141 [WARN] DbFile:41 - Overriding database path with different value: C:\Users\LEGION\.stmcufinder\plugins\mcufinder/ => C:\Users\LEGION\.stmcufinder\plugins\mcufinder
2025-06-07 20:01:54,141 [INFO] CrossReferenceDbSqlite:203 - Set database path to: C:\Users\LEGION\.stmcufinder\plugins\mcufinder//mcu/cs/
2025-06-07 20:01:54,160 [INFO] ApplicationProperties:184 - Using Application install path: D:\stm32cubeIDE\STM32CubeIDE_1.17.0\STM32CubeIDE\plugins\com.st.stm32cube.common.mx_6.13.0.202411220809
2025-06-07 20:01:54,160 [INFO] PluginManage:196 - Search for loadable plugins [exclusion list=, ]
2025-06-07 20:01:54,163 [INFO] PluginManage:310 - Check plugin analytics
2025-06-07 20:01:54,308 [INFO] AnalyticsPlugin:253 - Accepted Software Licenses: 
2025-06-07 20:01:54,308 [INFO] AnalyticsPlugin:255 - Accepted CMSIS Pack Licenses: 
2025-06-07 20:01:54,308 [INFO] AnalyticsPlugin:257 - Accepted Firmware Licenses: FW.F4.1.28.0
2025-06-07 20:01:54,311 [INFO] PluginManage:359 - Loaded plugin analytics (category:tool,tabindex:-1)
2025-06-07 20:01:54,311 [INFO] PluginManage:310 - Check plugin cadmodel
2025-06-07 20:01:54,330 [INFO] CADModel:105 - Init CAD model plugin
2025-06-07 20:01:54,331 [INFO] PluginManage:359 - Loaded plugin cadmodel (category:power,tabindex:5)
2025-06-07 20:01:54,331 [INFO] PluginManage:310 - Check plugin clock
2025-06-07 20:01:54,354 [INFO] PluginManage:359 - Loaded plugin clock (category:base,tabindex:2)
2025-06-07 20:01:54,354 [INFO] PluginManage:310 - Check plugin ddr
2025-06-07 20:01:54,358 [INFO] PluginManage:359 - Loaded plugin ddr (category:tool,tabindex:6)
2025-06-07 20:01:54,358 [INFO] PluginManage:310 - Check plugin filemanager
2025-06-07 20:01:54,494 [INFO] PluginManage:359 - Loaded plugin filemanager (category:base,tabindex:10)
2025-06-07 20:01:54,494 [INFO] PluginManage:310 - Check plugin ipmanager
2025-06-07 20:01:54,500 [INFO] PluginManage:359 - Loaded plugin ipmanager (category:base,tabindex:5)
2025-06-07 20:01:54,500 [INFO] PluginManage:310 - Check plugin lpbam
2025-06-07 20:01:54,520 [INFO] PluginManage:359 - Loaded plugin lpbam (category:base,tabindex:0)
2025-06-07 20:01:54,520 [INFO] PluginManage:310 - Check plugin memorymap
2025-06-07 20:01:54,545 [INFO] PluginManage:359 - Loaded plugin memorymap (category:base,tabindex:4)
2025-06-07 20:01:54,546 [INFO] PluginManage:310 - Check plugin pinoutandconfiguration
2025-06-07 20:01:54,567 [INFO] PluginManage:359 - Loaded plugin pinoutandconfiguration (category:base,tabindex:1)
2025-06-07 20:01:54,567 [INFO] PluginManage:310 - Check plugin pinoutconfig
2025-06-07 20:01:54,661 [WARN] SupportedApi:132 - Cannot load RTOS API schema: s4s-elt-must-match.1: The content of 'definitions' must match (annotation?, (simpleType | complexType)?, (unique | key | keyref)*)). A problem was found starting at: attribute.
2025-06-07 20:01:54,800 [INFO] PluginManage:359 - Loaded plugin pinoutconfig (category:base,tabindex:0)
2025-06-07 20:01:54,800 [INFO] PluginManage:310 - Check plugin power
2025-06-07 20:01:54,823 [INFO] PluginManage:359 - Loaded plugin power (category:power,tabindex:4)
2025-06-07 20:01:54,824 [INFO] PluginManage:310 - Check plugin projectmanager
2025-06-07 20:01:54,836 [INFO] PluginManage:359 - Loaded plugin projectmanager (category:projectmanager,tabindex:4)
2025-06-07 20:01:54,837 [INFO] PluginManage:310 - Check plugin rif
2025-06-07 20:01:54,855 [INFO] PluginManage:359 - Loaded plugin rif (category:base,tabindex:3)
2025-06-07 20:01:54,856 [INFO] PluginManage:310 - Check plugin thirdparty
2025-06-07 20:01:55,156 [INFO] PluginManage:359 - Loaded plugin thirdparty (category:base,tabindex:-1)
2025-06-07 20:01:55,156 [WARN] IntegrityCheckThread:84 - waiting for thirdparty lock release [integrity check]
2025-06-07 20:01:55,156 [INFO] PluginManage:310 - Check plugin tools
2025-06-07 20:01:55,156 [INFO] IntegrityCheckThread:86 - entering critical section [integrity check]
2025-06-07 20:01:55,156 [INFO] ThirdPartyUpdaterWithRetryManager:70 - Updater plugin not ready yet. [1/15]
2025-06-07 20:01:55,192 [INFO] PluginManage:359 - Loaded plugin tools (category:base,tabindex:7)
2025-06-07 20:01:55,192 [INFO] PluginManage:310 - Check plugin tutovideos
2025-06-07 20:01:55,376 [INFO] PluginManage:359 - Loaded plugin tutovideos (category:base,tabindex:-1)
2025-06-07 20:01:55,376 [INFO] PluginManage:310 - Check plugin updater
2025-06-07 20:01:55,398 [INFO] PluginManage:359 - Loaded plugin updater (category:base,tabindex:12)
2025-06-07 20:01:55,400 [INFO] PluginManage:310 - Check plugin userauth
2025-06-07 20:01:55,403 [INFO] UserAuth:118 - Init User Auth plugin
2025-06-07 20:01:55,405 [INFO] PluginManage:359 - Loaded plugin userauth (category:base,tabindex:14)
2025-06-07 20:01:55,406 [INFO] PluginManage:283 - PluginManage : Loaded plugins [18]
2025-06-07 20:01:55,610 [INFO] PinOutPanel:1589 - setPackage(No Configuration,No Configuration)
2025-06-07 20:01:55,681 [INFO] CADModel:165 - CPN selected for project level
2025-06-07 20:01:55,681 [INFO] CADModel:114 - Register for checkConnection events
2025-06-07 20:01:55,709 [INFO] IPUIPlugin:80 - create IPUIPlugin
2025-06-07 20:01:55,709 [INFO] PluginManager:220 - loadIPPluginJar : add adc
2025-06-07 20:01:55,746 [INFO] IPUIPlugin:80 - create IPUIPlugin
2025-06-07 20:01:55,746 [INFO] PluginManager:220 - loadIPPluginJar : add aes
2025-06-07 20:01:55,786 [INFO] IPUIPlugin:80 - create IPUIPlugin
2025-06-07 20:01:55,786 [INFO] PluginManager:220 - loadIPPluginJar : add can
2025-06-07 20:01:55,812 [INFO] IPUIPlugin:80 - create IPUIPlugin
2025-06-07 20:01:55,812 [INFO] PluginManager:220 - loadIPPluginJar : add comp
2025-06-07 20:01:55,844 [INFO] IPUIPlugin:80 - create IPUIPlugin
2025-06-07 20:01:55,844 [INFO] PluginManager:220 - loadIPPluginJar : add cryp
2025-06-07 20:01:55,859 [INFO] IPUIPlugin:80 - create IPUIPlugin
2025-06-07 20:01:55,859 [INFO] PluginManager:220 - loadIPPluginJar : add ddr_ctrl_phy
2025-06-07 20:01:55,890 [INFO] IPUIPlugin:80 - create IPUIPlugin
2025-06-07 20:01:55,890 [INFO] PluginManager:220 - loadIPPluginJar : add dfsdm
2025-06-07 20:01:55,905 [INFO] IPUIPlugin:80 - create IPUIPlugin
2025-06-07 20:01:55,906 [INFO] PluginManager:220 - loadIPPluginJar : add dma
2025-06-07 20:01:55,944 [INFO] IPUIPlugin:80 - create IPUIPlugin
2025-06-07 20:01:55,944 [INFO] PluginManager:220 - loadIPPluginJar : add dma3
2025-06-07 20:01:55,989 [INFO] IPUIPlugin:80 - create IPUIPlugin
2025-06-07 20:01:55,989 [INFO] PluginManager:220 - loadIPPluginJar : add extmemmanager
2025-06-07 20:01:56,011 [INFO] IPUIPlugin:80 - create IPUIPlugin
2025-06-07 20:01:56,011 [INFO] PluginManager:220 - loadIPPluginJar : add fatfs
2025-06-07 20:01:56,056 [INFO] IPUIPlugin:80 - create IPUIPlugin
2025-06-07 20:01:56,056 [INFO] PluginManager:220 - loadIPPluginJar : add fmc
2025-06-07 20:01:56,075 [INFO] IPUIPlugin:80 - create IPUIPlugin
2025-06-07 20:01:56,075 [INFO] PluginManager:220 - loadIPPluginJar : add freertos
2025-06-07 20:01:56,097 [INFO] IPUIPlugin:80 - create IPUIPlugin
2025-06-07 20:01:56,097 [INFO] PluginManager:220 - loadIPPluginJar : add genericplugin
2025-06-07 20:01:56,176 [INFO] IPUIPlugin:80 - create IPUIPlugin
2025-06-07 20:01:56,177 [INFO] PluginManager:220 - loadIPPluginJar : add gfxmmu
2025-06-07 20:01:56,290 [INFO] IPUIPlugin:80 - create IPUIPlugin
2025-06-07 20:01:56,290 [INFO] PluginManager:220 - loadIPPluginJar : add gic
2025-06-07 20:01:56,305 [INFO] IPUIPlugin:80 - create IPUIPlugin
2025-06-07 20:01:56,305 [INFO] PluginManager:220 - loadIPPluginJar : add gpio
2025-06-07 20:01:56,390 [INFO] IPUIPlugin:80 - create IPUIPlugin
2025-06-07 20:01:56,390 [INFO] PluginManager:220 - loadIPPluginJar : add gtzc
2025-06-07 20:01:56,423 [INFO] IPUIPlugin:80 - create IPUIPlugin
2025-06-07 20:01:56,424 [INFO] PluginManager:220 - loadIPPluginJar : add hash
2025-06-07 20:01:56,473 [INFO] IPUIPlugin:80 - create IPUIPlugin
2025-06-07 20:01:56,473 [INFO] PluginManager:220 - loadIPPluginJar : add i2c
2025-06-07 20:01:56,512 [INFO] IPUIPlugin:80 - create IPUIPlugin
2025-06-07 20:01:56,513 [INFO] PluginManager:220 - loadIPPluginJar : add i2s
2025-06-07 20:01:56,552 [INFO] IPUIPlugin:80 - create IPUIPlugin
2025-06-07 20:01:56,552 [INFO] PluginManager:220 - loadIPPluginJar : add i3c
2025-06-07 20:01:56,643 [INFO] IPUIPlugin:80 - create IPUIPlugin
2025-06-07 20:01:56,644 [INFO] PluginManager:220 - loadIPPluginJar : add ipddr
2025-06-07 20:01:56,725 [INFO] IPUIPlugin:80 - create IPUIPlugin
2025-06-07 20:01:56,725 [INFO] PluginManager:220 - loadIPPluginJar : add linkedlist
2025-06-07 20:01:56,760 [INFO] IPUIPlugin:80 - create IPUIPlugin
2025-06-07 20:01:56,760 [INFO] PluginManager:220 - loadIPPluginJar : add lorawan
2025-06-07 20:01:56,795 [INFO] IPUIPlugin:80 - create IPUIPlugin
2025-06-07 20:01:56,795 [INFO] PluginManager:220 - loadIPPluginJar : add ltdc
2025-06-07 20:01:56,810 [INFO] IPUIPlugin:80 - create IPUIPlugin
2025-06-07 20:01:56,810 [INFO] PluginManager:220 - loadIPPluginJar : add mdma
2025-06-07 20:01:56,824 [INFO] IPUIPlugin:80 - create IPUIPlugin
2025-06-07 20:01:56,824 [INFO] PluginManager:220 - loadIPPluginJar : add nvic
2025-06-07 20:01:56,864 [INFO] IPUIPlugin:80 - create IPUIPlugin
2025-06-07 20:01:56,864 [INFO] PluginManager:220 - loadIPPluginJar : add opamp
2025-06-07 20:01:56,920 [INFO] IPUIPlugin:80 - create IPUIPlugin
2025-06-07 20:01:56,920 [INFO] PluginManager:220 - loadIPPluginJar : add openamp
2025-06-07 20:01:56,961 [INFO] IPUIPlugin:80 - create IPUIPlugin
2025-06-07 20:01:56,961 [INFO] PluginManager:220 - loadIPPluginJar : add pdm2pcm
2025-06-07 20:01:56,977 [INFO] IPUIPlugin:80 - create IPUIPlugin
2025-06-07 20:01:56,978 [INFO] PluginManager:220 - loadIPPluginJar : add plateformsettings
2025-06-07 20:01:57,005 [INFO] IPUIPlugin:80 - create IPUIPlugin
2025-06-07 20:01:57,005 [INFO] PluginManager:220 - loadIPPluginJar : add quadspi
2025-06-07 20:01:57,032 [INFO] IPUIPlugin:80 - create IPUIPlugin
2025-06-07 20:01:57,032 [INFO] PluginManager:220 - loadIPPluginJar : add radio
2025-06-07 20:01:57,048 [INFO] IPUIPlugin:80 - create IPUIPlugin
2025-06-07 20:01:57,048 [INFO] PluginManager:220 - loadIPPluginJar : add resmgrutility
2025-06-07 20:01:57,092 [INFO] IPUIPlugin:80 - create IPUIPlugin
2025-06-07 20:01:57,092 [INFO] PluginManager:220 - loadIPPluginJar : add sai
2025-06-07 20:01:57,127 [INFO] IPUIPlugin:80 - create IPUIPlugin
2025-06-07 20:01:57,128 [INFO] PluginManager:220 - loadIPPluginJar : add spi
2025-06-07 20:01:57,194 [INFO] IPUIPlugin:80 - create IPUIPlugin
2025-06-07 20:01:57,194 [INFO] PluginManager:220 - loadIPPluginJar : add stm32_wpan
2025-06-07 20:01:57,221 [INFO] IPUIPlugin:80 - create IPUIPlugin
2025-06-07 20:01:57,221 [INFO] PluginManager:220 - loadIPPluginJar : add tim
2025-06-07 20:01:57,282 [INFO] IPUIPlugin:80 - create IPUIPlugin
2025-06-07 20:01:57,282 [INFO] PluginManager:220 - loadIPPluginJar : add touchsensing
2025-06-07 20:01:57,306 [INFO] IPUIPlugin:80 - create IPUIPlugin
2025-06-07 20:01:57,306 [INFO] PluginManager:220 - loadIPPluginJar : add tracer_emb
2025-06-07 20:01:57,332 [INFO] IPUIPlugin:80 - create IPUIPlugin
2025-06-07 20:01:57,332 [INFO] PluginManager:220 - loadIPPluginJar : add ts
2025-06-07 20:01:57,357 [INFO] IPUIPlugin:80 - create IPUIPlugin
2025-06-07 20:01:57,357 [INFO] PluginManager:220 - loadIPPluginJar : add tsc
2025-06-07 20:01:57,381 [INFO] IPUIPlugin:80 - create IPUIPlugin
2025-06-07 20:01:57,381 [INFO] PluginManager:220 - loadIPPluginJar : add ucpd
2025-06-07 20:01:57,436 [INFO] IPUIPlugin:80 - create IPUIPlugin
2025-06-07 20:01:57,436 [INFO] PluginManager:220 - loadIPPluginJar : add usart
2025-06-07 20:01:57,487 [INFO] IPUIPlugin:80 - create IPUIPlugin
2025-06-07 20:01:57,487 [INFO] PluginManager:220 - loadIPPluginJar : add usbx
2025-06-07 20:01:57,603 [FATAL] Updater:351 - Updater called before beeing initialized
2025-06-07 20:01:57,626 [INFO] RulesReader:64 - Compatibility file has been processed (297 Rules)
2025-06-07 20:01:57,635 [INFO] RulesReader:64 - Compatibility file has been processed (297 Rules)
2025-06-07 20:01:57,642 [INFO] CADModel:165 - CPN selected for project level
2025-06-07 20:01:57,642 [INFO] CADModel:114 - Register for checkConnection events
2025-06-07 20:01:57,642 [FATAL] Updater:351 - Updater called before beeing initialized
2025-06-07 20:01:57,642 [ERROR] CADModel:125 - Updater not yet initialized, retry later 
2025-06-07 20:01:57,788 [FATAL] Updater:351 - Updater called before beeing initialized
2025-06-07 20:01:57,791 [INFO] CADModel:165 - CPN selected for project level
2025-06-07 20:01:57,791 [INFO] CADModel:114 - Register for checkConnection events
2025-06-07 20:01:57,791 [FATAL] Updater:351 - Updater called before beeing initialized
2025-06-07 20:01:57,791 [ERROR] CADModel:125 - Updater not yet initialized, retry later 
2025-06-07 20:01:57,794 [FATAL] Updater:351 - Updater called before beeing initialized
2025-06-07 20:01:57,878 [FATAL] Updater:351 - Updater called before beeing initialized
2025-06-07 20:01:57,892 [INFO] DbMcusAds:53 - JSON generation date=Wed May 07 16:07:55 ICT 2025 (1746608875679)
2025-06-07 20:01:57,892 [FATAL] Updater:351 - Updater called before beeing initialized
2025-06-07 20:01:57,974 [WARN] DetailPanel:346 - Failed to get advertising image, set to default
2025-06-07 20:01:58,158 [INFO] ThirdPartyUpdaterWithRetryManager:70 - Updater plugin not ready yet. [2/15]
2025-06-07 20:01:58,180 [FATAL] Updater:351 - Updater called before beeing initialized
2025-06-07 20:01:58,183 [FATAL] Updater:351 - Updater called before beeing initialized
2025-06-07 20:01:58,183 [FATAL] Updater:351 - Updater called before beeing initialized
2025-06-07 20:01:58,183 [WARN] DetailPanel:346 - Failed to get advertising image, set to default
2025-06-07 20:01:58,184 [FATAL] Updater:351 - Updater called before beeing initialized
2025-06-07 20:01:58,237 [ERROR] Updater:1198 - MainUpdater not yet initialized. External WinMGr cannot be set.
2025-06-07 20:01:58,248 [INFO] Updater:1134 - Updater Version found : 6.13.0
2025-06-07 20:01:58,264 [INFO] ApplicationProperties:184 - Using Application install path: D:\stm32cubeIDE\STM32CubeIDE_1.17.0\STM32CubeIDE\plugins\com.st.stm32cube.common.mx_6.13.0.202411220809
2025-06-07 20:01:59,850 [ERROR] LogOutputStream:75 - [STDERR_REDIRECT] Jun 07, 2025 8:01:59 PM java.util.prefs.WindowsPreferences <init>
2025-06-07 20:01:59,851 [ERROR] LogOutputStream:75 - [STDERR_REDIRECT] WARNING: Could not open/create prefs root node Software\JavaSoft\Prefs at root 0xffffffff80000002. Windows RegCreateKeyEx(...) returned error code 5.
2025-06-07 20:01:59,851 [ERROR] LogOutputStream:75 - [STDERR_REDIRECT] 
2025-06-07 20:02:00,261 [INFO] MainUpdater:2872 - connection check result : 10
2025-06-07 20:02:00,261 [INFO] MainUpdater:289 - Updater Check For Update Now.
2025-06-07 20:02:00,261 [INFO] MicroXplorer:498 - Change Database Version : DB.6.0.130
2025-06-07 20:02:00,280 [INFO] McuFinderGlobals:63 - Set McuFinder mode to 2 (CubeIDE integrated)
2025-06-07 20:02:00,280 [INFO] UserAuth:171 - activating auth plugin
2025-06-07 20:02:00,284 [INFO] UserAuth:486 - Internet connection configuration mode: 1
2025-06-07 20:02:00,315 [INFO] JxBrowserEngine:152 - Initiate JxBrowser Engine with user profile folder
2025-06-07 20:02:00,463 [INFO] CheckServerUpdateThread:120 - End of CheckServer Thread
2025-06-07 20:02:01,133 [INFO] WebApp:168 - Instantiating new browser for Auth
2025-06-07 20:02:01,451 [WARN] PackLoader:240 - Cannot read IP mode file for STMicroelectronics.FP-SNS-MOTENVWB1.1.4.0
2025-06-07 20:02:01,472 [WARN] PackLoader:240 - Cannot read IP mode file for STMicroelectronics.FP-ATR-ASTRA1.2.0.2
2025-06-07 20:02:01,487 [WARN] PackLoader:240 - Cannot read IP mode file for STMicroelectronics.FP-ATR-ASTRA1.2.0.1
2025-06-07 20:02:01,506 [WARN] PackLoader:240 - Cannot read IP mode file for STMicroelectronics.X-CUBE-SMBUS.2.1.0
2025-06-07 20:02:01,528 [WARN] PackLoader:240 - Cannot read IP mode file for STMicroelectronics.X-CUBE-WB05N.1.1.0
2025-06-07 20:02:01,548 [WARN] PackLoader:240 - Cannot read IP mode file for STMicroelectronics.X-CUBE-ST60.1.0.0
2025-06-07 20:02:01,593 [WARN] PackLoader:240 - Cannot read IP mode file for STMicroelectronics.X-CUBE-AZRTOS-F7.1.1.0
2025-06-07 20:02:01,610 [WARN] PackLoader:240 - Cannot read IP mode file for STMicroelectronics.FP-SNS-FLIGHT1.5.0.2
2025-06-07 20:02:01,642 [WARN] PackLoader:240 - Cannot read IP mode file for Infineon.AIROC-Wi-Fi-Bluetooth-STM32.1.7.0
2025-06-07 20:02:01,661 [WARN] PackLoader:240 - Cannot read IP mode file for STMicroelectronics.X-CUBE-DISPLAY.3.0.0
2025-06-07 20:02:01,678 [WARN] PackLoader:240 - Cannot read IP mode file for STMicroelectronics.X-CUBE-BLE1.7.0.0
2025-06-07 20:02:01,694 [WARN] PackLoader:240 - Cannot read IP mode file for STMicroelectronics.X-CUBE-NFC10.1.0.0
2025-06-07 20:02:01,712 [WARN] PackLoader:240 - Cannot read IP mode file for emotas.I-CUBE-CANOPEN.1.3.0
2025-06-07 20:02:01,725 [WARN] PackLoader:240 - Cannot read IP mode file for STMicroelectronics.X-CUBE-AI.10.0.0
2025-06-07 20:02:01,743 [WARN] PackLoader:240 - Cannot read IP mode file for STMicroelectronics.FP-SNS-SMARTAG2.1.2.0
2025-06-07 20:02:01,758 [WARN] PackLoader:240 - Cannot read IP mode file for STMicroelectronics.FP-SNS-FLIGHT1.5.1.0
2025-06-07 20:02:01,835 [WARN] PackLoader:240 - Cannot read IP mode file for STMicroelectronics.X-CUBE-MEMS1.11.1.0
2025-06-07 20:02:01,911 [INFO] WebApp:449 - Apply proxy settings
2025-06-07 20:02:01,911 [INFO] WebApp:534 - Chromium requires no authentication
2025-06-07 20:02:01,922 [INFO] WebApp:477 - Direct internet connection detected
2025-06-07 20:02:01,962 [INFO] WebApp:880 - Register for checkConnection events
2025-06-07 20:02:01,964 [INFO] WebApp:449 - Apply proxy settings
2025-06-07 20:02:01,964 [INFO] WebApp:534 - Chromium requires no authentication
2025-06-07 20:02:01,964 [INFO] WebApp:477 - Direct internet connection detected
2025-06-07 20:02:01,999 [INFO] LogOutputStream:77 - [STDOUT_REDIRECT] 1 : Invalid condition id : UX_CORESTACK_Condition cause : null
2025-06-07 20:02:01,999 [INFO] LogOutputStream:77 - [STDOUT_REDIRECT] 1 : Invalid condition id : UX_CORESTACK_Condition cause : null
2025-06-07 20:02:02,000 [INFO] LogOutputStream:77 - [STDOUT_REDIRECT] 1 : Invalid condition id : UX_CORESTACK_Condition cause : null
2025-06-07 20:02:02,001 [INFO] LogOutputStream:77 - [STDOUT_REDIRECT] 1 : Invalid condition id : UX_CORESTACK_Condition cause : null
2025-06-07 20:02:02,002 [INFO] LogOutputStream:77 - [STDOUT_REDIRECT] 1 : Invalid condition id : UX_CORESTACK_Condition cause : null
2025-06-07 20:02:02,005 [WARN] PackLoader:240 - Cannot read IP mode file for STMicroelectronics.X-CUBE-AZRTOS-WL.2.0.0
2025-06-07 20:02:02,023 [WARN] PackLoader:240 - Cannot read IP mode file for STMicroelectronics.FP-SNS-MOTENV1.5.0.0
2025-06-07 20:02:02,042 [WARN] PackLoader:240 - Cannot read IP mode file for WES.I-CUBE-Cesium.1.3.0
2025-06-07 20:02:02,061 [WARN] PackLoader:240 - Cannot read IP mode file for STMicroelectronics.X-CUBE-BLE2.3.3.0
2025-06-07 20:02:02,080 [WARN] PackLoader:240 - Cannot read IP mode file for STMicroelectronics.X-CUBE-NFC9.1.0.0
2025-06-07 20:02:02,097 [WARN] PackLoader:240 - Cannot read IP mode file for STMicroelectronics.X-CUBE-BLE1.7.1.0
2025-06-07 20:02:02,114 [WARN] PackLoader:240 - Cannot read IP mode file for wolfSSL.I-CUBE-wolfMQTT.1.19.2
2025-06-07 20:02:02,128 [WARN] PackLoader:240 - Cannot read IP mode file for STMicroelectronics.X-CUBE-AI.10.1.0
2025-06-07 20:02:02,178 [WARN] PackLoader:240 - Cannot read IP mode file for STMicroelectronics.X-CUBE-MEMS1.11.2.0
2025-06-07 20:02:02,297 [INFO] WebApp:187 - Connection restablished
2025-06-07 20:02:02,304 [INFO] WebApp:221 - Starting web application
2025-06-07 20:02:02,304 [INFO] WebApp:579 - Web application path used D:\stm32cubeIDE\STM32CubeIDE_1.17.0\STM32CubeIDE\plugins\com.st.stm32cube.common.mx_6.13.0.202411220809\db\plugins\mcufinder\reactClient1\index.html
2025-06-07 20:02:02,354 [WARN] PackLoader:240 - Cannot read IP mode file for STMicroelectronics.X-CUBE-AZRTOS-G0.1.1.0
2025-06-07 20:02:02,374 [WARN] PackLoader:240 - Cannot read IP mode file for STMicroelectronics.X-CUBE-SAFEA1.1.2.2
2025-06-07 20:02:02,394 [WARN] PackLoader:240 - Cannot read IP mode file for STMicroelectronics.X-CUBE-NFC4.3.0.0
2025-06-07 20:02:02,414 [WARN] PackLoader:240 - Cannot read IP mode file for EmbeddedOffice.I-CUBE-FS-RTOS.1.0.1
2025-06-07 20:02:02,432 [WARN] PackLoader:240 - Cannot read IP mode file for STMicroelectronics.X-CUBE-WB05N.2.0.0
2025-06-07 20:02:02,446 [WARN] PackLoader:240 - Cannot read IP mode file for wolfSSL.I-CUBE-wolfTPM.3.8.0
2025-06-07 20:02:02,460 [WARN] PackLoader:240 - Cannot read IP mode file for RealThread.X-CUBE-RT-Thread_Nano.4.1.1
2025-06-07 20:02:02,474 [WARN] PackLoader:240 - Cannot read IP mode file for STMicroelectronics.FP-ATR-SIGFOX1.3.2.0
2025-06-07 20:02:02,491 [WARN] ConditionMgr:438 - getConditionDescription Invalid condition id : Cortex-A Device cause : null
2025-06-07 20:02:02,517 [WARN] ConditionMgr:1044 - genDependencies : Invalid condition id : Cortex-A Device cause : null
2025-06-07 20:02:02,517 [WARN] ConditionMgr:1044 - genDependencies : Invalid condition id : Cortex-A Device cause : null
2025-06-07 20:02:02,517 [WARN] ConditionMgr:1044 - genDependencies : Invalid condition id : Cortex-A Device cause : null
2025-06-07 20:02:02,530 [WARN] PackLoader:240 - Cannot read IP mode file for STMicroelectronics.X-CUBE-EEPRMA1.5.1.0
2025-06-07 20:02:02,552 [WARN] PackLoader:240 - Cannot read IP mode file for ITTIA_DB.I-CUBE-ITTIADB.8.9.0
2025-06-07 20:02:02,568 [WARN] PackLoader:240 - Cannot read IP mode file for STMicroelectronics.X-CUBE-ST67W61.1.0.0
2025-06-07 20:02:02,598 [WARN] PackLoader:240 - Cannot read IP mode file for SEGGER.I-CUBE-embOS.1.3.1
2025-06-07 20:02:02,634 [WARN] PackLoader:240 - Cannot read IP mode file for STMicroelectronics.X-CUBE-ALGOBUILD.1.4.0
2025-06-07 20:02:02,665 [WARN] PackLoader:240 - Cannot read IP mode file for STMicroelectronics.X-CUBE-AZRTOS-F4.1.1.0
2025-06-07 20:02:02,687 [WARN] PackLoader:240 - Cannot read IP mode file for Avnet-IotConnect.X-CUBE-IoTC-DA16k-PMOD.1.0.0
2025-06-07 20:02:02,705 [WARN] PackLoader:240 - Cannot read IP mode file for STMicroelectronics.X-CUBE-ISPU.2.1.0
2025-06-07 20:02:02,733 [WARN] PackLoader:240 - Cannot read IP mode file for STMicroelectronics.X-CUBE-AZRTOS-L5.2.0.0
2025-06-07 20:02:02,752 [WARN] PackLoader:240 - Cannot read IP mode file for STMicroelectronics.X-CUBE-NFC6.3.1.0
2025-06-07 20:02:02,769 [WARN] PackLoader:240 - Cannot read IP mode file for STMicroelectronics.X-CUBE-DPower.1.2.0
2025-06-07 20:02:02,783 [WARN] PackLoader:240 - Cannot read IP mode file for STMicroelectronics.X-CUBE-FREERTOS.1.3.1
2025-06-07 20:02:02,800 [WARN] PackLoader:240 - Cannot read IP mode file for STMicroelectronics.X-CUBE-FREERTOS.1.3.0
2025-06-07 20:02:02,813 [WARN] PackLoader:240 - Cannot read IP mode file for STMicroelectronics.X-CUBE-NFC7.1.0.1
2025-06-07 20:02:02,828 [WARN] PackLoader:240 - Cannot read IP mode file for STMicroelectronics.X-CUBE-DPower.1.3.0
2025-06-07 20:02:02,862 [WARN] ConditionMgr:438 - getConditionDescription Invalid condition id : LAN8742 Phy interface Condition cause : null
2025-06-07 20:02:02,862 [WARN] PackLoader:240 - Cannot read IP mode file for STMicroelectronics.X-CUBE-AZRTOS-L4.2.0.0
2025-06-07 20:02:02,864 [WARN] ConditionMgr:1044 - genDependencies : Invalid condition id : LAN8742 Phy interface Condition cause : null
2025-06-07 20:02:02,864 [WARN] ConditionMgr:1044 - genDependencies : Invalid condition id : LAN8742 Phy interface Condition cause : null
2025-06-07 20:02:02,864 [WARN] ConditionMgr:1044 - genDependencies : Invalid condition id : LAN8742 Phy interface Condition cause : null
2025-06-07 20:02:02,882 [WARN] PackLoader:240 - Cannot read IP mode file for STMicroelectronics.X-CUBE-SFXS2LP1.4.0.0
2025-06-07 20:02:02,918 [WARN] PackLoader:240 - Cannot read IP mode file for STMicroelectronics.X-CUBE-AZRTOS-H7.3.3.0
2025-06-07 20:02:02,948 [WARN] ConditionMgr:438 - getConditionDescription Invalid condition id : UX DEVICE CLASS RTOS Condition cause : null
2025-06-07 20:02:02,948 [WARN] ConditionMgr:438 - getConditionDescription Invalid condition id : UX DEVICE CLASS RTOS Condition cause : null
2025-06-07 20:02:02,949 [WARN] PackLoader:240 - Cannot read IP mode file for STMicroelectronics.X-CUBE-AZRTOS-WB.2.0.0
2025-06-07 20:02:02,949 [WARN] ConditionMgr:1044 - genDependencies : Invalid condition id : UX DEVICE CLASS RTOS Condition cause : null
2025-06-07 20:02:02,949 [WARN] ConditionMgr:1044 - genDependencies : Invalid condition id : UX DEVICE CLASS RTOS Condition cause : null
2025-06-07 20:02:02,950 [WARN] ConditionMgr:1044 - genDependencies : Invalid condition id : UX DEVICE CLASS RTOS Condition cause : null
2025-06-07 20:02:02,950 [WARN] ConditionMgr:1044 - genDependencies : Invalid condition id : UX DEVICE CLASS RTOS Condition cause : null
2025-06-07 20:02:02,950 [WARN] ConditionMgr:1044 - genDependencies : Invalid condition id : UX DEVICE CLASS RTOS Condition cause : null
2025-06-07 20:02:02,969 [WARN] PackLoader:240 - Cannot read IP mode file for STMicroelectronics.X-CUBE-TOUCHGFX.4.25.0
2025-06-07 20:02:02,986 [WARN] PackLoader:240 - Cannot read IP mode file for STMicroelectronics.FP-SNS-STBOX1.2.0.0
2025-06-07 20:02:03,012 [WARN] PackLoader:240 - Cannot read IP mode file for STMicroelectronics.X-CUBE-SUBG2.5.0.0
2025-06-07 20:02:03,051 [WARN] PackLoader:240 - Cannot read IP mode file for STMicroelectronics.X-CUBE-AZRTOS-H7RS.1.1.0
2025-06-07 20:02:03,072 [WARN] PackLoader:240 - Cannot read IP mode file for Cesanta.I-CUBE-Mongoose.7.13.0
2025-06-07 20:02:03,106 [WARN] PackLoader:240 - Cannot read IP mode file for STMicroelectronics.X-CUBE-AZRTOS-G4.2.0.0
2025-06-07 20:02:03,128 [WARN] PackLoader:240 - Cannot read IP mode file for wolfSSL.I-CUBE-wolfSSH.1.4.20
2025-06-07 20:02:03,149 [WARN] PackLoader:240 - Cannot read IP mode file for STMicroelectronics.X-CUBE-NFC7.2.0.0
2025-06-07 20:02:03,170 [WARN] PackLoader:240 - Cannot read IP mode file for STMicroelectronics.X-CUBE-ALS.1.0.2
2025-06-07 20:02:03,190 [WARN] PackLoader:240 - Cannot read IP mode file for STMicroelectronics.X-CUBE-TOUCHGFX.4.24.2
2025-06-07 20:02:03,215 [WARN] PackLoader:240 - Cannot read IP mode file for portGmbH.I-Cube-SoM-uGOAL.1.1.0
2025-06-07 20:02:03,256 [WARN] PackLoader:240 - Cannot read IP mode file for STMicroelectronics.X-CUBE-AZRTOS-H7RS.1.0.0
2025-06-07 20:02:03,280 [WARN] PackLoader:240 - Cannot read IP mode file for STMicroelectronics.X-CUBE-TOF1.3.4.2
2025-06-07 20:02:03,310 [WARN] PackLoader:240 - Cannot read IP mode file for STMicroelectronics.X-CUBE-TOF1.3.4.3
2025-06-07 20:02:03,318 [INFO] ThirdParty:978 - Integrity check success = true
2025-06-07 20:02:03,318 [INFO] IntegrityCheckThread:100 - exiting critical section [integrity check]
2025-06-07 20:02:03,318 [INFO] IntegrityCheckThread:103 - End integrity checks thread
2025-06-07 20:18:11,488 [INFO] WebApp:190 - Connection lost
2025-06-07 20:18:11,646 [INFO] WebApp:187 - Connection restablished
2025-06-07 20:18:16,763 [INFO] WebApp:190 - Connection lost
2025-06-07 20:18:16,954 [INFO] WebApp:187 - Connection restablished
2025-06-07 20:18:20,262 [INFO] WebApp:190 - Connection lost
2025-06-07 20:18:20,467 [INFO] WebApp:187 - Connection restablished
2025-06-07 20:18:26,559 [INFO] WebApp:190 - Connection lost
2025-06-07 20:18:26,779 [INFO] WebApp:187 - Connection restablished
2025-06-07 20:18:29,764 [INFO] WebApp:190 - Connection lost
2025-06-07 20:18:29,917 [INFO] WebApp:187 - Connection restablished
2025-06-07 22:00:46,204 [ERROR] LogOutputStream:75 - [STDERR_REDIRECT] 
2025-06-07 22:00:46,205 [ERROR] LogOutputStream:75 - [STDERR_REDIRECT] 
