2025-04-26 21:35:28,967 [INFO] Activator:176 - 


2025-04-26 21:35:28,974 [INFO] Activator:177 - !SESSION log4j initialized
2025-04-26 21:35:38,613 [INFO] LogOutputStream:77 - [STDOUT_REDIRECT] 
2025-04-26 21:35:41,015 [INFO] ApplicationProperties:184 - Using Application install path: D:\stm32cubeIDE\STM32CubeIDE_1.17.0\STM32CubeIDE\plugins\com.st.stm32cube.common.mx_6.13.0.202411220809
2025-04-26 21:35:41,040 [INFO] DbMcusXml:78 - Set database path to: D:\stm32cubeIDE\STM32CubeIDE_1.17.0\STM32CubeIDE\plugins\com.st.stm32cube.common.mx_6.13.0.202411220809\\db\/mcu/
2025-04-26 21:35:41,040 [INFO] ApiDb:274 - Set plugin database path to: D:\stm32cubeIDE\STM32CubeIDE_1.17.0\STM32CubeIDE\plugins\com.st.stm32cube.common.mx_6.13.0.202411220809\\db\/plugins/boardmanager/
2025-04-26 21:35:41,041 [WARN] ApiDb:259 - Overriding images path with different value:  => D:\stm32cubeIDE\STM32CubeIDE_1.17.0\STM32CubeIDE\plugins\com.st.stm32cube.common.mx_6.13.0.202411220809\\db\/plugins/mcufinder/images/
2025-04-26 21:35:41,054 [INFO] ApiDb:250 - Set database path to: C:\Users\LEGION\.stmcufinder\plugins\mcufinder//mcu/
2025-04-26 21:35:41,055 [INFO] DbMcusAds:125 - Set database path to: C:\Users\LEGION\.stmcufinder\plugins\mcufinder//mcu/
2025-04-26 21:35:41,058 [INFO] CrossReferenceDbSqlite:203 - Set database path to: C:\Users\LEGION\.stmcufinder\plugins\mcufinder//mcu/cs/
2025-04-26 21:35:41,226 [INFO] RulesReader:64 - Compatibility file has been processed (297 Rules)
2025-04-26 21:35:41,347 [INFO] DbMcusXml:78 - Set database path to: D:\stm32cubeIDE\STM32CubeIDE_1.17.0\STM32CubeIDE\plugins\com.st.stm32cube.common.mx_6.13.0.202411220809\\db\/mcu/
2025-04-26 21:35:41,348 [INFO] ApiDb:274 - Set plugin database path to: D:\stm32cubeIDE\STM32CubeIDE_1.17.0\STM32CubeIDE\plugins\com.st.stm32cube.common.mx_6.13.0.202411220809\\db\/plugins/boardmanager/
2025-04-26 21:35:41,348 [INFO] ApiDb:261 - Set plugin images path to: D:\stm32cubeIDE\STM32CubeIDE_1.17.0\STM32CubeIDE\plugins\com.st.stm32cube.common.mx_6.13.0.202411220809\\db\/plugins/mcufinder/images/
2025-04-26 21:35:41,348 [WARN] DbFile:41 - Overriding database path with different value: C:\Users\LEGION\.stmcufinder\plugins\mcufinder/ => C:\Users\LEGION\.stmcufinder\plugins\mcufinder
2025-04-26 21:35:41,348 [INFO] ApiDb:250 - Set database path to: C:\Users\LEGION\.stmcufinder\plugins\mcufinder//mcu/
2025-04-26 21:35:41,349 [WARN] DbFile:41 - Overriding database path with different value: C:\Users\LEGION\.stmcufinder\plugins\mcufinder/ => C:\Users\LEGION\.stmcufinder\plugins\mcufinder
2025-04-26 21:35:41,349 [INFO] DbMcusAds:125 - Set database path to: C:\Users\LEGION\.stmcufinder\plugins\mcufinder//mcu/
2025-04-26 21:35:41,349 [WARN] DbFile:41 - Overriding database path with different value: C:\Users\LEGION\.stmcufinder\plugins\mcufinder/ => C:\Users\LEGION\.stmcufinder\plugins\mcufinder
2025-04-26 21:35:41,349 [WARN] DbFile:41 - Overriding database path with different value: C:\Users\LEGION\.stmcufinder\plugins\mcufinder/ => C:\Users\LEGION\.stmcufinder\plugins\mcufinder
2025-04-26 21:35:41,349 [INFO] CrossReferenceDbSqlite:203 - Set database path to: C:\Users\LEGION\.stmcufinder\plugins\mcufinder//mcu/cs/
2025-04-26 21:35:41,464 [INFO] MainPanel:272 - HeapMemory: 268435456
2025-04-26 21:35:41,600 [INFO] DbMcusXml:78 - Set database path to: D:\stm32cubeIDE\STM32CubeIDE_1.17.0\STM32CubeIDE\plugins\com.st.stm32cube.common.mx_6.13.0.202411220809\\db\/mcu/
2025-04-26 21:35:41,600 [INFO] ApiDb:274 - Set plugin database path to: D:\stm32cubeIDE\STM32CubeIDE_1.17.0\STM32CubeIDE\plugins\com.st.stm32cube.common.mx_6.13.0.202411220809\\db\/plugins/boardmanager/
2025-04-26 21:35:41,600 [INFO] ApiDb:261 - Set plugin images path to: D:\stm32cubeIDE\STM32CubeIDE_1.17.0\STM32CubeIDE\plugins\com.st.stm32cube.common.mx_6.13.0.202411220809\\db\/plugins/mcufinder/images/
2025-04-26 21:35:41,600 [WARN] DbFile:41 - Overriding database path with different value: C:\Users\LEGION\.stmcufinder\plugins\mcufinder/ => C:\Users\LEGION\.stmcufinder\plugins\mcufinder
2025-04-26 21:35:41,600 [INFO] ApiDb:250 - Set database path to: C:\Users\LEGION\.stmcufinder\plugins\mcufinder//mcu/
2025-04-26 21:35:41,602 [WARN] DbFile:41 - Overriding database path with different value: C:\Users\LEGION\.stmcufinder\plugins\mcufinder/ => C:\Users\LEGION\.stmcufinder\plugins\mcufinder
2025-04-26 21:35:41,602 [INFO] DbMcusAds:125 - Set database path to: C:\Users\LEGION\.stmcufinder\plugins\mcufinder//mcu/
2025-04-26 21:35:41,602 [WARN] DbFile:41 - Overriding database path with different value: C:\Users\LEGION\.stmcufinder\plugins\mcufinder/ => C:\Users\LEGION\.stmcufinder\plugins\mcufinder
2025-04-26 21:35:41,602 [WARN] DbFile:41 - Overriding database path with different value: C:\Users\LEGION\.stmcufinder\plugins\mcufinder/ => C:\Users\LEGION\.stmcufinder\plugins\mcufinder
2025-04-26 21:35:41,602 [INFO] CrossReferenceDbSqlite:203 - Set database path to: C:\Users\LEGION\.stmcufinder\plugins\mcufinder//mcu/cs/
2025-04-26 21:35:41,628 [INFO] ApplicationProperties:184 - Using Application install path: D:\stm32cubeIDE\STM32CubeIDE_1.17.0\STM32CubeIDE\plugins\com.st.stm32cube.common.mx_6.13.0.202411220809
2025-04-26 21:35:41,634 [INFO] PluginManage:196 - Search for loadable plugins [exclusion list=, ]
2025-04-26 21:35:41,636 [INFO] PluginManage:310 - Check plugin analytics
2025-04-26 21:35:41,895 [INFO] AnalyticsPlugin:253 - Accepted Software Licenses: 
2025-04-26 21:35:41,896 [INFO] AnalyticsPlugin:255 - Accepted CMSIS Pack Licenses: 
2025-04-26 21:35:41,896 [INFO] AnalyticsPlugin:257 - Accepted Firmware Licenses: FW.F4.1.28.0
2025-04-26 21:35:41,899 [INFO] PluginManage:359 - Loaded plugin analytics (category:tool,tabindex:-1)
2025-04-26 21:35:41,899 [INFO] PluginManage:310 - Check plugin cadmodel
2025-04-26 21:35:41,926 [INFO] CADModel:105 - Init CAD model plugin
2025-04-26 21:35:41,926 [INFO] PluginManage:359 - Loaded plugin cadmodel (category:power,tabindex:5)
2025-04-26 21:35:41,927 [INFO] PluginManage:310 - Check plugin clock
2025-04-26 21:35:41,956 [INFO] PluginManage:359 - Loaded plugin clock (category:base,tabindex:2)
2025-04-26 21:35:41,957 [INFO] PluginManage:310 - Check plugin ddr
2025-04-26 21:35:41,960 [INFO] PluginManage:359 - Loaded plugin ddr (category:tool,tabindex:6)
2025-04-26 21:35:41,960 [INFO] PluginManage:310 - Check plugin filemanager
2025-04-26 21:35:42,157 [INFO] PluginManage:359 - Loaded plugin filemanager (category:base,tabindex:10)
2025-04-26 21:35:42,157 [INFO] PluginManage:310 - Check plugin ipmanager
2025-04-26 21:35:42,167 [INFO] PluginManage:359 - Loaded plugin ipmanager (category:base,tabindex:5)
2025-04-26 21:35:42,167 [INFO] PluginManage:310 - Check plugin lpbam
2025-04-26 21:35:42,197 [INFO] PluginManage:359 - Loaded plugin lpbam (category:base,tabindex:0)
2025-04-26 21:35:42,198 [INFO] PluginManage:310 - Check plugin memorymap
2025-04-26 21:35:42,237 [INFO] PluginManage:359 - Loaded plugin memorymap (category:base,tabindex:4)
2025-04-26 21:35:42,237 [INFO] PluginManage:310 - Check plugin pinoutandconfiguration
2025-04-26 21:35:42,265 [INFO] PluginManage:359 - Loaded plugin pinoutandconfiguration (category:base,tabindex:1)
2025-04-26 21:35:42,266 [INFO] PluginManage:310 - Check plugin pinoutconfig
2025-04-26 21:35:42,405 [WARN] SupportedApi:132 - Cannot load RTOS API schema: s4s-elt-must-match.1: The content of 'definitions' must match (annotation?, (simpleType | complexType)?, (unique | key | keyref)*)). A problem was found starting at: attribute.
2025-04-26 21:35:42,603 [INFO] PluginManage:359 - Loaded plugin pinoutconfig (category:base,tabindex:0)
2025-04-26 21:35:42,603 [INFO] PluginManage:310 - Check plugin power
2025-04-26 21:35:42,634 [INFO] PluginManage:359 - Loaded plugin power (category:power,tabindex:4)
2025-04-26 21:35:42,634 [INFO] PluginManage:310 - Check plugin projectmanager
2025-04-26 21:35:42,657 [INFO] PluginManage:359 - Loaded plugin projectmanager (category:projectmanager,tabindex:4)
2025-04-26 21:35:42,657 [INFO] PluginManage:310 - Check plugin rif
2025-04-26 21:35:42,684 [INFO] PluginManage:359 - Loaded plugin rif (category:base,tabindex:3)
2025-04-26 21:35:42,684 [INFO] PluginManage:310 - Check plugin thirdparty
2025-04-26 21:35:43,154 [INFO] PluginManage:359 - Loaded plugin thirdparty (category:base,tabindex:-1)
2025-04-26 21:35:43,154 [WARN] IntegrityCheckThread:84 - waiting for thirdparty lock release [integrity check]
2025-04-26 21:35:43,154 [INFO] PluginManage:310 - Check plugin tools
2025-04-26 21:35:43,155 [INFO] IntegrityCheckThread:86 - entering critical section [integrity check]
2025-04-26 21:35:43,155 [INFO] ThirdPartyUpdaterWithRetryManager:70 - Updater plugin not ready yet. [1/15]
2025-04-26 21:35:43,215 [INFO] PluginManage:359 - Loaded plugin tools (category:base,tabindex:7)
2025-04-26 21:35:43,215 [INFO] PluginManage:310 - Check plugin tutovideos
2025-04-26 21:35:43,490 [INFO] PluginManage:359 - Loaded plugin tutovideos (category:base,tabindex:-1)
2025-04-26 21:35:43,491 [INFO] PluginManage:310 - Check plugin updater
2025-04-26 21:35:43,528 [INFO] PluginManage:359 - Loaded plugin updater (category:base,tabindex:12)
2025-04-26 21:35:43,528 [INFO] PluginManage:310 - Check plugin userauth
2025-04-26 21:35:43,534 [INFO] UserAuth:118 - Init User Auth plugin
2025-04-26 21:35:43,535 [INFO] PluginManage:359 - Loaded plugin userauth (category:base,tabindex:14)
2025-04-26 21:35:43,535 [INFO] PluginManage:283 - PluginManage : Loaded plugins [18]
2025-04-26 21:35:43,854 [INFO] PinOutPanel:1589 - setPackage(No Configuration,No Configuration)
2025-04-26 21:35:43,953 [INFO] CADModel:165 - CPN selected for project level
2025-04-26 21:35:43,954 [INFO] CADModel:114 - Register for checkConnection events
2025-04-26 21:35:43,991 [INFO] IPUIPlugin:80 - create IPUIPlugin
2025-04-26 21:35:43,991 [INFO] PluginManager:220 - loadIPPluginJar : add adc
2025-04-26 21:35:44,051 [INFO] IPUIPlugin:80 - create IPUIPlugin
2025-04-26 21:35:44,051 [INFO] PluginManager:220 - loadIPPluginJar : add aes
2025-04-26 21:35:44,114 [INFO] IPUIPlugin:80 - create IPUIPlugin
2025-04-26 21:35:44,114 [INFO] PluginManager:220 - loadIPPluginJar : add can
2025-04-26 21:35:44,154 [INFO] IPUIPlugin:80 - create IPUIPlugin
2025-04-26 21:35:44,154 [INFO] PluginManager:220 - loadIPPluginJar : add comp
2025-04-26 21:35:44,211 [INFO] IPUIPlugin:80 - create IPUIPlugin
2025-04-26 21:35:44,211 [INFO] PluginManager:220 - loadIPPluginJar : add cryp
2025-04-26 21:35:44,232 [INFO] IPUIPlugin:80 - create IPUIPlugin
2025-04-26 21:35:44,232 [INFO] PluginManager:220 - loadIPPluginJar : add ddr_ctrl_phy
2025-04-26 21:35:44,280 [INFO] IPUIPlugin:80 - create IPUIPlugin
2025-04-26 21:35:44,281 [INFO] PluginManager:220 - loadIPPluginJar : add dfsdm
2025-04-26 21:35:44,302 [INFO] IPUIPlugin:80 - create IPUIPlugin
2025-04-26 21:35:44,302 [INFO] PluginManager:220 - loadIPPluginJar : add dma
2025-04-26 21:35:44,361 [INFO] IPUIPlugin:80 - create IPUIPlugin
2025-04-26 21:35:44,361 [INFO] PluginManager:220 - loadIPPluginJar : add dma3
2025-04-26 21:35:44,430 [INFO] IPUIPlugin:80 - create IPUIPlugin
2025-04-26 21:35:44,431 [INFO] PluginManager:220 - loadIPPluginJar : add extmemmanager
2025-04-26 21:35:44,464 [INFO] IPUIPlugin:80 - create IPUIPlugin
2025-04-26 21:35:44,464 [INFO] PluginManager:220 - loadIPPluginJar : add fatfs
2025-04-26 21:35:44,539 [INFO] IPUIPlugin:80 - create IPUIPlugin
2025-04-26 21:35:44,540 [INFO] PluginManager:220 - loadIPPluginJar : add fmc
2025-04-26 21:35:44,564 [INFO] IPUIPlugin:80 - create IPUIPlugin
2025-04-26 21:35:44,564 [INFO] PluginManager:220 - loadIPPluginJar : add freertos
2025-04-26 21:35:44,599 [INFO] IPUIPlugin:80 - create IPUIPlugin
2025-04-26 21:35:44,599 [INFO] PluginManager:220 - loadIPPluginJar : add genericplugin
2025-04-26 21:35:44,739 [INFO] IPUIPlugin:80 - create IPUIPlugin
2025-04-26 21:35:44,739 [INFO] PluginManager:220 - loadIPPluginJar : add gfxmmu
2025-04-26 21:35:44,944 [INFO] IPUIPlugin:80 - create IPUIPlugin
2025-04-26 21:35:44,944 [INFO] PluginManager:220 - loadIPPluginJar : add gic
2025-04-26 21:35:44,965 [INFO] IPUIPlugin:80 - create IPUIPlugin
2025-04-26 21:35:44,965 [INFO] PluginManager:220 - loadIPPluginJar : add gpio
2025-04-26 21:35:45,106 [INFO] IPUIPlugin:80 - create IPUIPlugin
2025-04-26 21:35:45,106 [INFO] PluginManager:220 - loadIPPluginJar : add gtzc
2025-04-26 21:35:45,160 [INFO] IPUIPlugin:80 - create IPUIPlugin
2025-04-26 21:35:45,160 [INFO] PluginManager:220 - loadIPPluginJar : add hash
2025-04-26 21:35:45,251 [INFO] IPUIPlugin:80 - create IPUIPlugin
2025-04-26 21:35:45,251 [INFO] PluginManager:220 - loadIPPluginJar : add i2c
2025-04-26 21:35:45,315 [INFO] IPUIPlugin:80 - create IPUIPlugin
2025-04-26 21:35:45,315 [INFO] PluginManager:220 - loadIPPluginJar : add i2s
2025-04-26 21:35:45,379 [INFO] IPUIPlugin:80 - create IPUIPlugin
2025-04-26 21:35:45,379 [INFO] PluginManager:220 - loadIPPluginJar : add i3c
2025-04-26 21:35:45,548 [INFO] IPUIPlugin:80 - create IPUIPlugin
2025-04-26 21:35:45,548 [INFO] PluginManager:220 - loadIPPluginJar : add ipddr
2025-04-26 21:35:45,696 [INFO] IPUIPlugin:80 - create IPUIPlugin
2025-04-26 21:35:45,696 [INFO] PluginManager:220 - loadIPPluginJar : add linkedlist
2025-04-26 21:35:45,751 [INFO] IPUIPlugin:80 - create IPUIPlugin
2025-04-26 21:35:45,751 [INFO] PluginManager:220 - loadIPPluginJar : add lorawan
2025-04-26 21:35:45,811 [INFO] IPUIPlugin:80 - create IPUIPlugin
2025-04-26 21:35:45,811 [INFO] PluginManager:220 - loadIPPluginJar : add ltdc
2025-04-26 21:35:45,837 [INFO] IPUIPlugin:80 - create IPUIPlugin
2025-04-26 21:35:45,837 [INFO] PluginManager:220 - loadIPPluginJar : add mdma
2025-04-26 21:35:45,864 [INFO] IPUIPlugin:80 - create IPUIPlugin
2025-04-26 21:35:45,864 [INFO] PluginManager:220 - loadIPPluginJar : add nvic
2025-04-26 21:35:45,931 [INFO] IPUIPlugin:80 - create IPUIPlugin
2025-04-26 21:35:45,931 [INFO] PluginManager:220 - loadIPPluginJar : add opamp
2025-04-26 21:35:46,039 [INFO] IPUIPlugin:80 - create IPUIPlugin
2025-04-26 21:35:46,040 [INFO] PluginManager:220 - loadIPPluginJar : add openamp
2025-04-26 21:35:46,128 [INFO] IPUIPlugin:80 - create IPUIPlugin
2025-04-26 21:35:46,128 [INFO] PluginManager:220 - loadIPPluginJar : add pdm2pcm
2025-04-26 21:35:46,150 [INFO] IPUIPlugin:80 - create IPUIPlugin
2025-04-26 21:35:46,153 [INFO] PluginManager:220 - loadIPPluginJar : add plateformsettings
2025-04-26 21:35:46,157 [INFO] ThirdPartyUpdaterWithRetryManager:70 - Updater plugin not ready yet. [2/15]
2025-04-26 21:35:46,192 [INFO] IPUIPlugin:80 - create IPUIPlugin
2025-04-26 21:35:46,193 [INFO] PluginManager:220 - loadIPPluginJar : add quadspi
2025-04-26 21:35:46,235 [INFO] IPUIPlugin:80 - create IPUIPlugin
2025-04-26 21:35:46,236 [INFO] PluginManager:220 - loadIPPluginJar : add radio
2025-04-26 21:35:46,257 [INFO] IPUIPlugin:80 - create IPUIPlugin
2025-04-26 21:35:46,257 [INFO] PluginManager:220 - loadIPPluginJar : add resmgrutility
2025-04-26 21:35:46,334 [INFO] IPUIPlugin:80 - create IPUIPlugin
2025-04-26 21:35:46,334 [INFO] PluginManager:220 - loadIPPluginJar : add sai
2025-04-26 21:35:46,391 [INFO] IPUIPlugin:80 - create IPUIPlugin
2025-04-26 21:35:46,392 [INFO] PluginManager:220 - loadIPPluginJar : add spi
2025-04-26 21:35:46,504 [INFO] IPUIPlugin:80 - create IPUIPlugin
2025-04-26 21:35:46,504 [INFO] PluginManager:220 - loadIPPluginJar : add stm32_wpan
2025-04-26 21:35:46,542 [INFO] IPUIPlugin:80 - create IPUIPlugin
2025-04-26 21:35:46,542 [INFO] PluginManager:220 - loadIPPluginJar : add tim
2025-04-26 21:35:46,636 [INFO] IPUIPlugin:80 - create IPUIPlugin
2025-04-26 21:35:46,636 [INFO] PluginManager:220 - loadIPPluginJar : add touchsensing
2025-04-26 21:35:46,674 [INFO] IPUIPlugin:80 - create IPUIPlugin
2025-04-26 21:35:46,674 [INFO] PluginManager:220 - loadIPPluginJar : add tracer_emb
2025-04-26 21:35:46,715 [INFO] IPUIPlugin:80 - create IPUIPlugin
2025-04-26 21:35:46,715 [INFO] PluginManager:220 - loadIPPluginJar : add ts
2025-04-26 21:35:46,752 [INFO] IPUIPlugin:80 - create IPUIPlugin
2025-04-26 21:35:46,752 [INFO] PluginManager:220 - loadIPPluginJar : add tsc
2025-04-26 21:35:46,787 [INFO] IPUIPlugin:80 - create IPUIPlugin
2025-04-26 21:35:46,787 [INFO] PluginManager:220 - loadIPPluginJar : add ucpd
2025-04-26 21:35:46,857 [INFO] IPUIPlugin:80 - create IPUIPlugin
2025-04-26 21:35:46,858 [INFO] PluginManager:220 - loadIPPluginJar : add usart
2025-04-26 21:35:46,923 [INFO] IPUIPlugin:80 - create IPUIPlugin
2025-04-26 21:35:46,924 [INFO] PluginManager:220 - loadIPPluginJar : add usbx
2025-04-26 21:35:47,073 [FATAL] Updater:351 - Updater called before beeing initialized
2025-04-26 21:35:47,119 [INFO] RulesReader:64 - Compatibility file has been processed (297 Rules)
2025-04-26 21:35:47,137 [INFO] RulesReader:64 - Compatibility file has been processed (297 Rules)
2025-04-26 21:35:47,145 [INFO] CADModel:165 - CPN selected for project level
2025-04-26 21:35:47,145 [INFO] CADModel:114 - Register for checkConnection events
2025-04-26 21:35:47,145 [FATAL] Updater:351 - Updater called before beeing initialized
2025-04-26 21:35:47,146 [ERROR] CADModel:125 - Updater not yet initialized, retry later 
2025-04-26 21:35:47,386 [FATAL] Updater:351 - Updater called before beeing initialized
2025-04-26 21:35:47,389 [INFO] CADModel:165 - CPN selected for project level
2025-04-26 21:35:47,389 [INFO] CADModel:114 - Register for checkConnection events
2025-04-26 21:35:47,389 [FATAL] Updater:351 - Updater called before beeing initialized
2025-04-26 21:35:47,389 [ERROR] CADModel:125 - Updater not yet initialized, retry later 
2025-04-26 21:35:47,393 [FATAL] Updater:351 - Updater called before beeing initialized
2025-04-26 21:35:47,545 [FATAL] Updater:351 - Updater called before beeing initialized
2025-04-26 21:35:47,562 [INFO] DbMcusAds:53 - JSON generation date=Thu Mar 06 21:54:22 ICT 2025 (1741272862078)
2025-04-26 21:35:47,562 [FATAL] Updater:351 - Updater called before beeing initialized
2025-04-26 21:35:47,689 [WARN] DetailPanel:346 - Failed to get advertising image, set to default
2025-04-26 21:35:47,996 [FATAL] Updater:351 - Updater called before beeing initialized
2025-04-26 21:35:47,998 [FATAL] Updater:351 - Updater called before beeing initialized
2025-04-26 21:35:47,998 [FATAL] Updater:351 - Updater called before beeing initialized
2025-04-26 21:35:47,999 [WARN] DetailPanel:346 - Failed to get advertising image, set to default
2025-04-26 21:35:48,000 [FATAL] Updater:351 - Updater called before beeing initialized
2025-04-26 21:35:48,089 [ERROR] Updater:1198 - MainUpdater not yet initialized. External WinMGr cannot be set.
2025-04-26 21:35:48,104 [INFO] Updater:1134 - Updater Version found : 6.13.0
2025-04-26 21:35:48,125 [INFO] ApplicationProperties:184 - Using Application install path: D:\stm32cubeIDE\STM32CubeIDE_1.17.0\STM32CubeIDE\plugins\com.st.stm32cube.common.mx_6.13.0.202411220809
2025-04-26 21:35:49,158 [INFO] ThirdPartyUpdaterWithRetryManager:70 - Updater plugin not ready yet. [3/15]
2025-04-26 21:35:49,714 [ERROR] LogOutputStream:75 - [STDERR_REDIRECT] Apr 26, 2025 9:35:49 PM java.util.prefs.WindowsPreferences <init>
2025-04-26 21:35:49,715 [ERROR] LogOutputStream:75 - [STDERR_REDIRECT] WARNING: Could not open/create prefs root node Software\JavaSoft\Prefs at root 0xffffffff80000002. Windows RegCreateKeyEx(...) returned error code 5.
2025-04-26 21:35:49,716 [ERROR] LogOutputStream:75 - [STDERR_REDIRECT] 
2025-04-26 21:35:50,235 [INFO] MainUpdater:2872 - connection check result : 10
2025-04-26 21:35:50,235 [INFO] MainUpdater:3566 - Updater definition file requires update
2025-04-26 21:35:50,236 [INFO] MainUpdater:289 - Updater Check For Update Now.
2025-04-26 21:35:50,236 [INFO] MicroXplorer:498 - Change Database Version : DB.6.0.130
2025-04-26 21:35:50,269 [INFO] McuFinderGlobals:63 - Set McuFinder mode to 2 (CubeIDE integrated)
2025-04-26 21:35:50,270 [INFO] UserAuth:171 - activating auth plugin
2025-04-26 21:35:50,275 [INFO] UserAuth:486 - Internet connection configuration mode: 1
2025-04-26 21:35:50,310 [INFO] JxBrowserEngine:152 - Initiate JxBrowser Engine with user profile folder
2025-04-26 21:35:50,454 [INFO] ServerAccessManage:473 - Download File updaters.zip
2025-04-26 21:35:50,918 [INFO] FileExtend:240 - Unzip File : updaters.zip
2025-04-26 21:35:50,918 [INFO] FileExtend:255 - Standard Zip Deflate
2025-04-26 21:35:51,753 [INFO] ServerAccessManage:473 - Download File PacksControlFlags.xml
2025-04-26 21:35:51,934 [INFO] ServerAccessManage:473 - Download File cubemx.pidx
2025-04-26 21:35:52,132 [INFO] WebApp:168 - Instantiating new browser for Auth
2025-04-26 21:35:52,159 [WARN] MainUpdater:1193 - Updater busy. Cannot search thirdparties
2025-04-26 21:35:52,159 [INFO] ThirdPartyUpdaterWithRetryManager:96 - Updater plugin is busy. [1/15]
2025-04-26 21:35:52,240 [INFO] LoadServerUpdatesThread:375 - End of LoadServerUpdate Thread
2025-04-26 21:35:52,470 [INFO] CheckServerUpdateThread:120 - End of CheckServer Thread
2025-04-26 21:35:53,260 [INFO] WebApp:449 - Apply proxy settings
2025-04-26 21:35:53,261 [INFO] WebApp:534 - Chromium requires no authentication
2025-04-26 21:35:53,275 [INFO] WebApp:477 - Direct internet connection detected
2025-04-26 21:35:53,310 [INFO] WebApp:880 - Register for checkConnection events
2025-04-26 21:35:53,310 [INFO] WebApp:449 - Apply proxy settings
2025-04-26 21:35:53,310 [INFO] WebApp:534 - Chromium requires no authentication
2025-04-26 21:35:53,310 [INFO] WebApp:477 - Direct internet connection detected
2025-04-26 21:35:53,497 [INFO] WebApp:187 - Connection restablished
2025-04-26 21:35:53,587 [INFO] WebApp:221 - Starting web application
2025-04-26 21:35:53,587 [INFO] WebApp:579 - Web application path used D:\stm32cubeIDE\STM32CubeIDE_1.17.0\STM32CubeIDE\plugins\com.st.stm32cube.common.mx_6.13.0.202411220809\db\plugins\mcufinder\reactClient1\index.html
2025-04-26 21:35:55,462 [WARN] PackLoader:240 - Cannot read IP mode file for STMicroelectronics.FP-SNS-MOTENVWB1.1.4.0
2025-04-26 21:35:55,488 [WARN] PackLoader:240 - Cannot read IP mode file for STMicroelectronics.FP-ATR-ASTRA1.2.0.2
2025-04-26 21:35:55,511 [WARN] PackLoader:240 - Cannot read IP mode file for STMicroelectronics.FP-ATR-ASTRA1.2.0.1
2025-04-26 21:35:55,536 [WARN] PackLoader:240 - Cannot read IP mode file for STMicroelectronics.X-CUBE-SMBUS.2.1.0
2025-04-26 21:35:55,561 [WARN] PackLoader:240 - Cannot read IP mode file for STMicroelectronics.X-CUBE-WB05N.1.1.0
2025-04-26 21:35:55,627 [WARN] PackLoader:240 - Cannot read IP mode file for STMicroelectronics.X-CUBE-AZRTOS-F7.1.1.0
2025-04-26 21:35:55,654 [WARN] PackLoader:240 - Cannot read IP mode file for STMicroelectronics.FP-SNS-FLIGHT1.5.0.2
2025-04-26 21:35:55,709 [WARN] PackLoader:240 - Cannot read IP mode file for Infineon.AIROC-Wi-Fi-Bluetooth-STM32.1.7.0
2025-04-26 21:35:55,751 [WARN] PackLoader:240 - Cannot read IP mode file for STMicroelectronics.X-CUBE-DISPLAY.3.0.0
2025-04-26 21:35:55,781 [WARN] PackLoader:240 - Cannot read IP mode file for STMicroelectronics.X-CUBE-BLE1.7.0.0
2025-04-26 21:35:55,804 [WARN] PackLoader:240 - Cannot read IP mode file for STMicroelectronics.X-CUBE-NFC10.1.0.0
2025-04-26 21:35:55,826 [WARN] PackLoader:240 - Cannot read IP mode file for emotas.I-CUBE-CANOPEN.1.3.0
2025-04-26 21:35:55,851 [WARN] PackLoader:240 - Cannot read IP mode file for STMicroelectronics.FP-SNS-SMARTAG2.1.2.0
2025-04-26 21:35:55,872 [WARN] PackLoader:240 - Cannot read IP mode file for STMicroelectronics.FP-SNS-FLIGHT1.5.1.0
2025-04-26 21:35:55,965 [WARN] PackLoader:240 - Cannot read IP mode file for STMicroelectronics.X-CUBE-MEMS1.11.1.0
2025-04-26 21:35:56,173 [INFO] LogOutputStream:77 - [STDOUT_REDIRECT] 1 : Invalid condition id : UX_CORESTACK_Condition cause : null
2025-04-26 21:35:56,174 [INFO] LogOutputStream:77 - [STDOUT_REDIRECT] 1 : Invalid condition id : UX_CORESTACK_Condition cause : null
2025-04-26 21:35:56,175 [INFO] LogOutputStream:77 - [STDOUT_REDIRECT] 1 : Invalid condition id : UX_CORESTACK_Condition cause : null
2025-04-26 21:35:56,177 [INFO] LogOutputStream:77 - [STDOUT_REDIRECT] 1 : Invalid condition id : UX_CORESTACK_Condition cause : null
2025-04-26 21:35:56,178 [INFO] LogOutputStream:77 - [STDOUT_REDIRECT] 1 : Invalid condition id : UX_CORESTACK_Condition cause : null
2025-04-26 21:35:56,183 [WARN] PackLoader:240 - Cannot read IP mode file for STMicroelectronics.X-CUBE-AZRTOS-WL.2.0.0
2025-04-26 21:35:56,209 [WARN] PackLoader:240 - Cannot read IP mode file for STMicroelectronics.FP-SNS-MOTENV1.5.0.0
2025-04-26 21:35:56,240 [WARN] PackLoader:240 - Cannot read IP mode file for WES.I-CUBE-Cesium.1.3.0
2025-04-26 21:35:56,264 [WARN] PackLoader:240 - Cannot read IP mode file for STMicroelectronics.X-CUBE-BLE2.3.3.0
2025-04-26 21:35:56,288 [WARN] PackLoader:240 - Cannot read IP mode file for STMicroelectronics.X-CUBE-NFC9.1.0.0
2025-04-26 21:35:56,315 [WARN] PackLoader:240 - Cannot read IP mode file for STMicroelectronics.X-CUBE-BLE1.7.1.0
2025-04-26 21:35:56,338 [WARN] PackLoader:240 - Cannot read IP mode file for wolfSSL.I-CUBE-wolfMQTT.1.19.2
2025-04-26 21:35:56,412 [WARN] PackLoader:240 - Cannot read IP mode file for STMicroelectronics.X-CUBE-MEMS1.11.2.0
2025-04-26 21:35:56,590 [WARN] PackLoader:240 - Cannot read IP mode file for STMicroelectronics.X-CUBE-AZRTOS-G0.1.1.0
2025-04-26 21:35:56,619 [WARN] PackLoader:240 - Cannot read IP mode file for STMicroelectronics.X-CUBE-SAFEA1.1.2.2
2025-04-26 21:35:56,647 [WARN] PackLoader:240 - Cannot read IP mode file for STMicroelectronics.X-CUBE-NFC4.3.0.0
2025-04-26 21:35:56,702 [WARN] PackLoader:240 - Cannot read IP mode file for EmbeddedOffice.I-CUBE-FS-RTOS.1.0.1
2025-04-26 21:35:56,729 [WARN] PackLoader:240 - Cannot read IP mode file for STMicroelectronics.X-CUBE-WB05N.2.0.0
2025-04-26 21:35:56,749 [WARN] PackLoader:240 - Cannot read IP mode file for wolfSSL.I-CUBE-wolfTPM.3.8.0
2025-04-26 21:35:56,774 [WARN] PackLoader:240 - Cannot read IP mode file for RealThread.X-CUBE-RT-Thread_Nano.4.1.1
2025-04-26 21:35:56,797 [WARN] PackLoader:240 - Cannot read IP mode file for STMicroelectronics.FP-ATR-SIGFOX1.3.2.0
2025-04-26 21:35:56,818 [WARN] ConditionMgr:438 - getConditionDescription Invalid condition id : Cortex-A Device cause : null
2025-04-26 21:35:56,850 [WARN] ConditionMgr:1044 - genDependencies : Invalid condition id : Cortex-A Device cause : null
2025-04-26 21:35:56,851 [WARN] ConditionMgr:1044 - genDependencies : Invalid condition id : Cortex-A Device cause : null
2025-04-26 21:35:56,851 [WARN] ConditionMgr:1044 - genDependencies : Invalid condition id : Cortex-A Device cause : null
2025-04-26 21:35:56,873 [WARN] PackLoader:240 - Cannot read IP mode file for STMicroelectronics.X-CUBE-EEPRMA1.5.1.0
2025-04-26 21:35:56,896 [WARN] PackLoader:240 - Cannot read IP mode file for ITTIA_DB.I-CUBE-ITTIADB.8.9.0
2025-04-26 21:35:56,941 [WARN] PackLoader:240 - Cannot read IP mode file for SEGGER.I-CUBE-embOS.1.3.1
2025-04-26 21:35:56,981 [WARN] PackLoader:240 - Cannot read IP mode file for STMicroelectronics.X-CUBE-ALGOBUILD.1.4.0
2025-04-26 21:35:57,025 [WARN] PackLoader:240 - Cannot read IP mode file for STMicroelectronics.X-CUBE-AZRTOS-F4.1.1.0
2025-04-26 21:35:57,050 [WARN] PackLoader:240 - Cannot read IP mode file for Avnet-IotConnect.X-CUBE-IoTC-DA16k-PMOD.1.0.0
2025-04-26 21:35:57,072 [WARN] PackLoader:240 - Cannot read IP mode file for STMicroelectronics.X-CUBE-ISPU.2.1.0
2025-04-26 21:35:57,115 [WARN] PackLoader:240 - Cannot read IP mode file for STMicroelectronics.X-CUBE-AZRTOS-L5.2.0.0
2025-04-26 21:35:57,142 [WARN] PackLoader:240 - Cannot read IP mode file for STMicroelectronics.X-CUBE-NFC6.3.1.0
2025-04-26 21:35:57,165 [WARN] PackLoader:240 - Cannot read IP mode file for STMicroelectronics.X-CUBE-DPower.1.2.0
2025-04-26 21:35:57,190 [WARN] PackLoader:240 - Cannot read IP mode file for STMicroelectronics.X-CUBE-NFC7.1.0.1
2025-04-26 21:35:57,215 [WARN] PackLoader:240 - Cannot read IP mode file for STMicroelectronics.X-CUBE-DPower.1.3.0
2025-04-26 21:35:57,256 [WARN] ConditionMgr:438 - getConditionDescription Invalid condition id : LAN8742 Phy interface Condition cause : null
2025-04-26 21:35:57,256 [WARN] PackLoader:240 - Cannot read IP mode file for STMicroelectronics.X-CUBE-AZRTOS-L4.2.0.0
2025-04-26 21:35:57,257 [WARN] ConditionMgr:1044 - genDependencies : Invalid condition id : LAN8742 Phy interface Condition cause : null
2025-04-26 21:35:57,257 [WARN] ConditionMgr:1044 - genDependencies : Invalid condition id : LAN8742 Phy interface Condition cause : null
2025-04-26 21:35:57,258 [WARN] ConditionMgr:1044 - genDependencies : Invalid condition id : LAN8742 Phy interface Condition cause : null
2025-04-26 21:35:57,279 [WARN] PackLoader:240 - Cannot read IP mode file for STMicroelectronics.X-CUBE-SFXS2LP1.4.0.0
2025-04-26 21:35:57,335 [WARN] PackLoader:240 - Cannot read IP mode file for STMicroelectronics.X-CUBE-AZRTOS-H7.3.3.0
2025-04-26 21:35:57,370 [WARN] ConditionMgr:438 - getConditionDescription Invalid condition id : UX DEVICE CLASS RTOS Condition cause : null
2025-04-26 21:35:57,370 [WARN] ConditionMgr:438 - getConditionDescription Invalid condition id : UX DEVICE CLASS RTOS Condition cause : null
2025-04-26 21:35:57,372 [WARN] PackLoader:240 - Cannot read IP mode file for STMicroelectronics.X-CUBE-AZRTOS-WB.2.0.0
2025-04-26 21:35:57,372 [WARN] ConditionMgr:1044 - genDependencies : Invalid condition id : UX DEVICE CLASS RTOS Condition cause : null
2025-04-26 21:35:57,372 [WARN] ConditionMgr:1044 - genDependencies : Invalid condition id : UX DEVICE CLASS RTOS Condition cause : null
2025-04-26 21:35:57,372 [WARN] ConditionMgr:1044 - genDependencies : Invalid condition id : UX DEVICE CLASS RTOS Condition cause : null
2025-04-26 21:35:57,373 [WARN] ConditionMgr:1044 - genDependencies : Invalid condition id : UX DEVICE CLASS RTOS Condition cause : null
2025-04-26 21:35:57,373 [WARN] ConditionMgr:1044 - genDependencies : Invalid condition id : UX DEVICE CLASS RTOS Condition cause : null
2025-04-26 21:35:57,398 [WARN] PackLoader:240 - Cannot read IP mode file for STMicroelectronics.X-CUBE-TOUCHGFX.4.25.0
2025-04-26 21:35:57,419 [WARN] PackLoader:240 - Cannot read IP mode file for STMicroelectronics.FP-SNS-STBOX1.2.0.0
2025-04-26 21:35:57,449 [WARN] PackLoader:240 - Cannot read IP mode file for STMicroelectronics.X-CUBE-SUBG2.5.0.0
2025-04-26 21:35:57,494 [WARN] PackLoader:240 - Cannot read IP mode file for STMicroelectronics.X-CUBE-AZRTOS-H7RS.1.1.0
2025-04-26 21:35:57,518 [WARN] PackLoader:240 - Cannot read IP mode file for Cesanta.I-CUBE-Mongoose.7.13.0
2025-04-26 21:35:57,559 [WARN] PackLoader:240 - Cannot read IP mode file for STMicroelectronics.X-CUBE-AZRTOS-G4.2.0.0
2025-04-26 21:35:57,583 [WARN] PackLoader:240 - Cannot read IP mode file for wolfSSL.I-CUBE-wolfSSH.1.4.20
2025-04-26 21:35:57,606 [WARN] PackLoader:240 - Cannot read IP mode file for STMicroelectronics.X-CUBE-ALS.1.0.2
2025-04-26 21:35:57,625 [WARN] PackLoader:240 - Cannot read IP mode file for STMicroelectronics.X-CUBE-TOUCHGFX.4.24.2
2025-04-26 21:35:57,649 [WARN] PackLoader:240 - Cannot read IP mode file for portGmbH.I-Cube-SoM-uGOAL.1.1.0
2025-04-26 21:35:57,685 [WARN] PackLoader:240 - Cannot read IP mode file for STMicroelectronics.X-CUBE-AZRTOS-H7RS.1.0.0
2025-04-26 21:35:57,710 [WARN] PackLoader:240 - Cannot read IP mode file for STMicroelectronics.X-CUBE-TOF1.3.4.2
2025-04-26 21:35:57,743 [WARN] PackLoader:240 - Cannot read IP mode file for STMicroelectronics.X-CUBE-TOF1.3.4.3
2025-04-26 21:35:57,753 [INFO] ThirdParty:978 - Integrity check success = true
2025-04-26 21:35:57,753 [INFO] IntegrityCheckThread:100 - exiting critical section [integrity check]
2025-04-26 21:35:57,753 [INFO] IntegrityCheckThread:103 - End integrity checks thread
2025-04-26 21:46:37,282 [INFO] WebApp:190 - Connection lost
2025-04-26 21:46:37,446 [INFO] WebApp:187 - Connection restablished
2025-04-26 21:46:41,793 [INFO] WebApp:190 - Connection lost
2025-04-26 21:46:41,931 [INFO] WebApp:187 - Connection restablished
2025-04-26 21:46:45,283 [INFO] WebApp:190 - Connection lost
2025-04-26 21:46:45,410 [INFO] WebApp:187 - Connection restablished
2025-04-26 21:46:51,726 [INFO] WebApp:190 - Connection lost
2025-04-26 21:46:51,861 [INFO] WebApp:187 - Connection restablished
2025-04-26 21:46:59,343 [INFO] WebApp:190 - Connection lost
2025-04-26 21:46:59,613 [INFO] WebApp:187 - Connection restablished
2025-04-26 21:51:39,318 [ERROR] LogOutputStream:75 - [STDERR_REDIRECT] 
