2025-04-21 21:33:28,636 [INFO] Activator:176 - 


2025-04-21 21:33:28,640 [INFO] Activator:177 - !SESSION log4j initialized
2025-04-21 21:33:33,113 [INFO] LogOutputStream:77 - [STDOUT_REDIRECT] 
2025-04-21 21:33:34,167 [INFO] ApplicationProperties:184 - Using Application install path: D:\stm32cubeIDE\STM32CubeIDE_1.17.0\STM32CubeIDE\plugins\com.st.stm32cube.common.mx_6.13.0.202411220809
2025-04-21 21:33:34,181 [INFO] DbMcusXml:78 - Set database path to: D:\stm32cubeIDE\STM32CubeIDE_1.17.0\STM32CubeIDE\plugins\com.st.stm32cube.common.mx_6.13.0.202411220809\\db\/mcu/
2025-04-21 21:33:34,182 [INFO] ApiDb:274 - Set plugin database path to: D:\stm32cubeIDE\STM32CubeIDE_1.17.0\STM32CubeIDE\plugins\com.st.stm32cube.common.mx_6.13.0.202411220809\\db\/plugins/boardmanager/
2025-04-21 21:33:34,182 [WARN] ApiDb:259 - Overriding images path with different value:  => D:\stm32cubeIDE\STM32CubeIDE_1.17.0\STM32CubeIDE\plugins\com.st.stm32cube.common.mx_6.13.0.202411220809\\db\/plugins/mcufinder/images/
2025-04-21 21:33:34,187 [INFO] ApiDb:250 - Set database path to: C:\Users\LEGION\.stmcufinder\plugins\mcufinder//mcu/
2025-04-21 21:33:34,188 [INFO] DbMcusAds:125 - Set database path to: C:\Users\LEGION\.stmcufinder\plugins\mcufinder//mcu/
2025-04-21 21:33:34,191 [INFO] CrossReferenceDbSqlite:203 - Set database path to: C:\Users\LEGION\.stmcufinder\plugins\mcufinder//mcu/cs/
2025-04-21 21:33:34,341 [INFO] RulesReader:64 - Compatibility file has been processed (297 Rules)
2025-04-21 21:33:34,423 [INFO] DbMcusXml:78 - Set database path to: D:\stm32cubeIDE\STM32CubeIDE_1.17.0\STM32CubeIDE\plugins\com.st.stm32cube.common.mx_6.13.0.202411220809\\db\/mcu/
2025-04-21 21:33:34,423 [INFO] ApiDb:274 - Set plugin database path to: D:\stm32cubeIDE\STM32CubeIDE_1.17.0\STM32CubeIDE\plugins\com.st.stm32cube.common.mx_6.13.0.202411220809\\db\/plugins/boardmanager/
2025-04-21 21:33:34,423 [INFO] ApiDb:261 - Set plugin images path to: D:\stm32cubeIDE\STM32CubeIDE_1.17.0\STM32CubeIDE\plugins\com.st.stm32cube.common.mx_6.13.0.202411220809\\db\/plugins/mcufinder/images/
2025-04-21 21:33:34,423 [WARN] DbFile:41 - Overriding database path with different value: C:\Users\LEGION\.stmcufinder\plugins\mcufinder/ => C:\Users\LEGION\.stmcufinder\plugins\mcufinder
2025-04-21 21:33:34,423 [INFO] ApiDb:250 - Set database path to: C:\Users\LEGION\.stmcufinder\plugins\mcufinder//mcu/
2025-04-21 21:33:34,423 [WARN] DbFile:41 - Overriding database path with different value: C:\Users\LEGION\.stmcufinder\plugins\mcufinder/ => C:\Users\LEGION\.stmcufinder\plugins\mcufinder
2025-04-21 21:33:34,423 [INFO] DbMcusAds:125 - Set database path to: C:\Users\LEGION\.stmcufinder\plugins\mcufinder//mcu/
2025-04-21 21:33:34,423 [WARN] DbFile:41 - Overriding database path with different value: C:\Users\LEGION\.stmcufinder\plugins\mcufinder/ => C:\Users\LEGION\.stmcufinder\plugins\mcufinder
2025-04-21 21:33:34,423 [WARN] DbFile:41 - Overriding database path with different value: C:\Users\LEGION\.stmcufinder\plugins\mcufinder/ => C:\Users\LEGION\.stmcufinder\plugins\mcufinder
2025-04-21 21:33:34,423 [INFO] CrossReferenceDbSqlite:203 - Set database path to: C:\Users\LEGION\.stmcufinder\plugins\mcufinder//mcu/cs/
2025-04-21 21:33:34,486 [INFO] MainPanel:272 - HeapMemory: 268435456
2025-04-21 21:33:34,564 [INFO] DbMcusXml:78 - Set database path to: D:\stm32cubeIDE\STM32CubeIDE_1.17.0\STM32CubeIDE\plugins\com.st.stm32cube.common.mx_6.13.0.202411220809\\db\/mcu/
2025-04-21 21:33:34,564 [INFO] ApiDb:274 - Set plugin database path to: D:\stm32cubeIDE\STM32CubeIDE_1.17.0\STM32CubeIDE\plugins\com.st.stm32cube.common.mx_6.13.0.202411220809\\db\/plugins/boardmanager/
2025-04-21 21:33:34,564 [INFO] ApiDb:261 - Set plugin images path to: D:\stm32cubeIDE\STM32CubeIDE_1.17.0\STM32CubeIDE\plugins\com.st.stm32cube.common.mx_6.13.0.202411220809\\db\/plugins/mcufinder/images/
2025-04-21 21:33:34,565 [WARN] DbFile:41 - Overriding database path with different value: C:\Users\LEGION\.stmcufinder\plugins\mcufinder/ => C:\Users\LEGION\.stmcufinder\plugins\mcufinder
2025-04-21 21:33:34,565 [INFO] ApiDb:250 - Set database path to: C:\Users\LEGION\.stmcufinder\plugins\mcufinder//mcu/
2025-04-21 21:33:34,565 [WARN] DbFile:41 - Overriding database path with different value: C:\Users\LEGION\.stmcufinder\plugins\mcufinder/ => C:\Users\LEGION\.stmcufinder\plugins\mcufinder
2025-04-21 21:33:34,565 [INFO] DbMcusAds:125 - Set database path to: C:\Users\LEGION\.stmcufinder\plugins\mcufinder//mcu/
2025-04-21 21:33:34,565 [WARN] DbFile:41 - Overriding database path with different value: C:\Users\LEGION\.stmcufinder\plugins\mcufinder/ => C:\Users\LEGION\.stmcufinder\plugins\mcufinder
2025-04-21 21:33:34,565 [WARN] DbFile:41 - Overriding database path with different value: C:\Users\LEGION\.stmcufinder\plugins\mcufinder/ => C:\Users\LEGION\.stmcufinder\plugins\mcufinder
2025-04-21 21:33:34,565 [INFO] CrossReferenceDbSqlite:203 - Set database path to: C:\Users\LEGION\.stmcufinder\plugins\mcufinder//mcu/cs/
2025-04-21 21:33:34,587 [INFO] ApplicationProperties:184 - Using Application install path: D:\stm32cubeIDE\STM32CubeIDE_1.17.0\STM32CubeIDE\plugins\com.st.stm32cube.common.mx_6.13.0.202411220809
2025-04-21 21:33:34,588 [INFO] PluginManage:196 - Search for loadable plugins [exclusion list=, ]
2025-04-21 21:33:34,590 [INFO] PluginManage:310 - Check plugin analytics
2025-04-21 21:33:34,750 [INFO] AnalyticsPlugin:253 - Accepted Software Licenses: 
2025-04-21 21:33:34,751 [INFO] AnalyticsPlugin:255 - Accepted CMSIS Pack Licenses: 
2025-04-21 21:33:34,751 [INFO] AnalyticsPlugin:257 - Accepted Firmware Licenses: FW.F4.1.28.0
2025-04-21 21:33:34,754 [INFO] PluginManage:359 - Loaded plugin analytics (category:tool,tabindex:-1)
2025-04-21 21:33:34,754 [INFO] PluginManage:310 - Check plugin cadmodel
2025-04-21 21:33:34,759 [INFO] CADModel:105 - Init CAD model plugin
2025-04-21 21:33:34,759 [INFO] PluginManage:359 - Loaded plugin cadmodel (category:power,tabindex:5)
2025-04-21 21:33:34,759 [INFO] PluginManage:310 - Check plugin clock
2025-04-21 21:33:34,767 [INFO] PluginManage:359 - Loaded plugin clock (category:base,tabindex:2)
2025-04-21 21:33:34,767 [INFO] PluginManage:310 - Check plugin ddr
2025-04-21 21:33:34,770 [INFO] PluginManage:359 - Loaded plugin ddr (category:tool,tabindex:6)
2025-04-21 21:33:34,770 [INFO] PluginManage:310 - Check plugin filemanager
2025-04-21 21:33:34,892 [INFO] PluginManage:359 - Loaded plugin filemanager (category:base,tabindex:10)
2025-04-21 21:33:34,892 [INFO] PluginManage:310 - Check plugin ipmanager
2025-04-21 21:33:34,898 [INFO] PluginManage:359 - Loaded plugin ipmanager (category:base,tabindex:5)
2025-04-21 21:33:34,898 [INFO] PluginManage:310 - Check plugin lpbam
2025-04-21 21:33:34,903 [INFO] PluginManage:359 - Loaded plugin lpbam (category:base,tabindex:0)
2025-04-21 21:33:34,903 [INFO] PluginManage:310 - Check plugin memorymap
2025-04-21 21:33:34,913 [INFO] PluginManage:359 - Loaded plugin memorymap (category:base,tabindex:4)
2025-04-21 21:33:34,913 [INFO] PluginManage:310 - Check plugin pinoutandconfiguration
2025-04-21 21:33:34,920 [INFO] PluginManage:359 - Loaded plugin pinoutandconfiguration (category:base,tabindex:1)
2025-04-21 21:33:34,920 [INFO] PluginManage:310 - Check plugin pinoutconfig
2025-04-21 21:33:34,991 [WARN] SupportedApi:132 - Cannot load RTOS API schema: s4s-elt-must-match.1: The content of 'definitions' must match (annotation?, (simpleType | complexType)?, (unique | key | keyref)*)). A problem was found starting at: attribute.
2025-04-21 21:33:35,106 [INFO] PluginManage:359 - Loaded plugin pinoutconfig (category:base,tabindex:0)
2025-04-21 21:33:35,106 [INFO] PluginManage:310 - Check plugin power
2025-04-21 21:33:35,113 [INFO] PluginManage:359 - Loaded plugin power (category:power,tabindex:4)
2025-04-21 21:33:35,113 [INFO] PluginManage:310 - Check plugin projectmanager
2025-04-21 21:33:35,127 [INFO] PluginManage:359 - Loaded plugin projectmanager (category:projectmanager,tabindex:4)
2025-04-21 21:33:35,127 [INFO] PluginManage:310 - Check plugin rif
2025-04-21 21:33:35,133 [INFO] PluginManage:359 - Loaded plugin rif (category:base,tabindex:3)
2025-04-21 21:33:35,133 [INFO] PluginManage:310 - Check plugin thirdparty
2025-04-21 21:33:35,242 [INFO] PluginManage:359 - Loaded plugin thirdparty (category:base,tabindex:-1)
2025-04-21 21:33:35,242 [WARN] IntegrityCheckThread:84 - waiting for thirdparty lock release [integrity check]
2025-04-21 21:33:35,242 [INFO] PluginManage:310 - Check plugin tools
2025-04-21 21:33:35,242 [INFO] IntegrityCheckThread:86 - entering critical section [integrity check]
2025-04-21 21:33:35,242 [INFO] ThirdPartyUpdaterWithRetryManager:70 - Updater plugin not ready yet. [1/15]
2025-04-21 21:33:35,245 [INFO] PluginManage:359 - Loaded plugin tools (category:base,tabindex:7)
2025-04-21 21:33:35,245 [INFO] PluginManage:310 - Check plugin tutovideos
2025-04-21 21:33:35,368 [INFO] PluginManage:359 - Loaded plugin tutovideos (category:base,tabindex:-1)
2025-04-21 21:33:35,368 [INFO] PluginManage:310 - Check plugin updater
2025-04-21 21:33:35,384 [INFO] PluginManage:359 - Loaded plugin updater (category:base,tabindex:12)
2025-04-21 21:33:35,385 [INFO] PluginManage:310 - Check plugin userauth
2025-04-21 21:33:35,389 [INFO] UserAuth:118 - Init User Auth plugin
2025-04-21 21:33:35,390 [INFO] PluginManage:359 - Loaded plugin userauth (category:base,tabindex:14)
2025-04-21 21:33:35,391 [INFO] PluginManage:283 - PluginManage : Loaded plugins [18]
2025-04-21 21:33:35,575 [INFO] PinOutPanel:1589 - setPackage(No Configuration,No Configuration)
2025-04-21 21:33:35,645 [INFO] CADModel:165 - CPN selected for project level
2025-04-21 21:33:35,645 [INFO] CADModel:114 - Register for checkConnection events
2025-04-21 21:33:35,658 [INFO] IPUIPlugin:80 - create IPUIPlugin
2025-04-21 21:33:35,658 [INFO] PluginManager:220 - loadIPPluginJar : add adc
2025-04-21 21:33:35,661 [INFO] IPUIPlugin:80 - create IPUIPlugin
2025-04-21 21:33:35,661 [INFO] PluginManager:220 - loadIPPluginJar : add aes
2025-04-21 21:33:35,663 [INFO] IPUIPlugin:80 - create IPUIPlugin
2025-04-21 21:33:35,663 [INFO] PluginManager:220 - loadIPPluginJar : add can
2025-04-21 21:33:35,665 [INFO] IPUIPlugin:80 - create IPUIPlugin
2025-04-21 21:33:35,665 [INFO] PluginManager:220 - loadIPPluginJar : add comp
2025-04-21 21:33:35,666 [INFO] IPUIPlugin:80 - create IPUIPlugin
2025-04-21 21:33:35,666 [INFO] PluginManager:220 - loadIPPluginJar : add cryp
2025-04-21 21:33:35,668 [INFO] IPUIPlugin:80 - create IPUIPlugin
2025-04-21 21:33:35,668 [INFO] PluginManager:220 - loadIPPluginJar : add ddr_ctrl_phy
2025-04-21 21:33:35,669 [INFO] IPUIPlugin:80 - create IPUIPlugin
2025-04-21 21:33:35,669 [INFO] PluginManager:220 - loadIPPluginJar : add dfsdm
2025-04-21 21:33:35,673 [INFO] IPUIPlugin:80 - create IPUIPlugin
2025-04-21 21:33:35,673 [INFO] PluginManager:220 - loadIPPluginJar : add dma
2025-04-21 21:33:35,677 [INFO] IPUIPlugin:80 - create IPUIPlugin
2025-04-21 21:33:35,677 [INFO] PluginManager:220 - loadIPPluginJar : add dma3
2025-04-21 21:33:35,679 [INFO] IPUIPlugin:80 - create IPUIPlugin
2025-04-21 21:33:35,679 [INFO] PluginManager:220 - loadIPPluginJar : add extmemmanager
2025-04-21 21:33:35,680 [INFO] IPUIPlugin:80 - create IPUIPlugin
2025-04-21 21:33:35,680 [INFO] PluginManager:220 - loadIPPluginJar : add fatfs
2025-04-21 21:33:35,684 [INFO] IPUIPlugin:80 - create IPUIPlugin
2025-04-21 21:33:35,684 [INFO] PluginManager:220 - loadIPPluginJar : add fmc
2025-04-21 21:33:35,687 [INFO] IPUIPlugin:80 - create IPUIPlugin
2025-04-21 21:33:35,687 [INFO] PluginManager:220 - loadIPPluginJar : add freertos
2025-04-21 21:33:35,688 [INFO] IPUIPlugin:80 - create IPUIPlugin
2025-04-21 21:33:35,688 [INFO] PluginManager:220 - loadIPPluginJar : add genericplugin
2025-04-21 21:33:35,690 [INFO] IPUIPlugin:80 - create IPUIPlugin
2025-04-21 21:33:35,690 [INFO] PluginManager:220 - loadIPPluginJar : add gfxmmu
2025-04-21 21:33:35,693 [INFO] IPUIPlugin:80 - create IPUIPlugin
2025-04-21 21:33:35,693 [INFO] PluginManager:220 - loadIPPluginJar : add gic
2025-04-21 21:33:35,696 [INFO] IPUIPlugin:80 - create IPUIPlugin
2025-04-21 21:33:35,697 [INFO] PluginManager:220 - loadIPPluginJar : add gpio
2025-04-21 21:33:35,699 [INFO] IPUIPlugin:80 - create IPUIPlugin
2025-04-21 21:33:35,699 [INFO] PluginManager:220 - loadIPPluginJar : add gtzc
2025-04-21 21:33:35,700 [INFO] IPUIPlugin:80 - create IPUIPlugin
2025-04-21 21:33:35,700 [INFO] PluginManager:220 - loadIPPluginJar : add hash
2025-04-21 21:33:35,703 [INFO] IPUIPlugin:80 - create IPUIPlugin
2025-04-21 21:33:35,703 [INFO] PluginManager:220 - loadIPPluginJar : add i2c
2025-04-21 21:33:35,705 [INFO] IPUIPlugin:80 - create IPUIPlugin
2025-04-21 21:33:35,705 [INFO] PluginManager:220 - loadIPPluginJar : add i2s
2025-04-21 21:33:35,707 [INFO] IPUIPlugin:80 - create IPUIPlugin
2025-04-21 21:33:35,707 [INFO] PluginManager:220 - loadIPPluginJar : add i3c
2025-04-21 21:33:35,710 [INFO] IPUIPlugin:80 - create IPUIPlugin
2025-04-21 21:33:35,710 [INFO] PluginManager:220 - loadIPPluginJar : add ipddr
2025-04-21 21:33:35,715 [INFO] IPUIPlugin:80 - create IPUIPlugin
2025-04-21 21:33:35,716 [INFO] PluginManager:220 - loadIPPluginJar : add linkedlist
2025-04-21 21:33:35,717 [INFO] IPUIPlugin:80 - create IPUIPlugin
2025-04-21 21:33:35,717 [INFO] PluginManager:220 - loadIPPluginJar : add lorawan
2025-04-21 21:33:35,718 [INFO] IPUIPlugin:80 - create IPUIPlugin
2025-04-21 21:33:35,719 [INFO] PluginManager:220 - loadIPPluginJar : add ltdc
2025-04-21 21:33:35,722 [INFO] IPUIPlugin:80 - create IPUIPlugin
2025-04-21 21:33:35,722 [INFO] PluginManager:220 - loadIPPluginJar : add mdma
2025-04-21 21:33:35,725 [INFO] IPUIPlugin:80 - create IPUIPlugin
2025-04-21 21:33:35,725 [INFO] PluginManager:220 - loadIPPluginJar : add nvic
2025-04-21 21:33:35,727 [INFO] IPUIPlugin:80 - create IPUIPlugin
2025-04-21 21:33:35,727 [INFO] PluginManager:220 - loadIPPluginJar : add opamp
2025-04-21 21:33:35,729 [INFO] IPUIPlugin:80 - create IPUIPlugin
2025-04-21 21:33:35,729 [INFO] PluginManager:220 - loadIPPluginJar : add openamp
2025-04-21 21:33:35,731 [INFO] IPUIPlugin:80 - create IPUIPlugin
2025-04-21 21:33:35,731 [INFO] PluginManager:220 - loadIPPluginJar : add pdm2pcm
2025-04-21 21:33:35,735 [INFO] IPUIPlugin:80 - create IPUIPlugin
2025-04-21 21:33:35,738 [INFO] PluginManager:220 - loadIPPluginJar : add plateformsettings
2025-04-21 21:33:35,740 [INFO] IPUIPlugin:80 - create IPUIPlugin
2025-04-21 21:33:35,740 [INFO] PluginManager:220 - loadIPPluginJar : add quadspi
2025-04-21 21:33:35,741 [INFO] IPUIPlugin:80 - create IPUIPlugin
2025-04-21 21:33:35,741 [INFO] PluginManager:220 - loadIPPluginJar : add radio
2025-04-21 21:33:35,743 [INFO] IPUIPlugin:80 - create IPUIPlugin
2025-04-21 21:33:35,743 [INFO] PluginManager:220 - loadIPPluginJar : add resmgrutility
2025-04-21 21:33:35,746 [INFO] IPUIPlugin:80 - create IPUIPlugin
2025-04-21 21:33:35,746 [INFO] PluginManager:220 - loadIPPluginJar : add sai
2025-04-21 21:33:35,748 [INFO] IPUIPlugin:80 - create IPUIPlugin
2025-04-21 21:33:35,748 [INFO] PluginManager:220 - loadIPPluginJar : add spi
2025-04-21 21:33:35,753 [INFO] IPUIPlugin:80 - create IPUIPlugin
2025-04-21 21:33:35,753 [INFO] PluginManager:220 - loadIPPluginJar : add stm32_wpan
2025-04-21 21:33:35,754 [INFO] IPUIPlugin:80 - create IPUIPlugin
2025-04-21 21:33:35,754 [INFO] PluginManager:220 - loadIPPluginJar : add tim
2025-04-21 21:33:35,756 [INFO] IPUIPlugin:80 - create IPUIPlugin
2025-04-21 21:33:35,756 [INFO] PluginManager:220 - loadIPPluginJar : add touchsensing
2025-04-21 21:33:35,758 [INFO] IPUIPlugin:80 - create IPUIPlugin
2025-04-21 21:33:35,758 [INFO] PluginManager:220 - loadIPPluginJar : add tracer_emb
2025-04-21 21:33:35,759 [INFO] IPUIPlugin:80 - create IPUIPlugin
2025-04-21 21:33:35,759 [INFO] PluginManager:220 - loadIPPluginJar : add ts
2025-04-21 21:33:35,762 [INFO] IPUIPlugin:80 - create IPUIPlugin
2025-04-21 21:33:35,762 [INFO] PluginManager:220 - loadIPPluginJar : add tsc
2025-04-21 21:33:35,763 [INFO] IPUIPlugin:80 - create IPUIPlugin
2025-04-21 21:33:35,763 [INFO] PluginManager:220 - loadIPPluginJar : add ucpd
2025-04-21 21:33:35,765 [INFO] IPUIPlugin:80 - create IPUIPlugin
2025-04-21 21:33:35,765 [INFO] PluginManager:220 - loadIPPluginJar : add usart
2025-04-21 21:33:35,767 [INFO] IPUIPlugin:80 - create IPUIPlugin
2025-04-21 21:33:35,768 [INFO] PluginManager:220 - loadIPPluginJar : add usbx
2025-04-21 21:33:35,881 [FATAL] Updater:351 - Updater called before beeing initialized
2025-04-21 21:33:35,901 [INFO] RulesReader:64 - Compatibility file has been processed (297 Rules)
2025-04-21 21:33:35,913 [INFO] RulesReader:64 - Compatibility file has been processed (297 Rules)
2025-04-21 21:33:35,919 [INFO] CADModel:165 - CPN selected for project level
2025-04-21 21:33:35,919 [INFO] CADModel:114 - Register for checkConnection events
2025-04-21 21:33:35,919 [FATAL] Updater:351 - Updater called before beeing initialized
2025-04-21 21:33:35,920 [ERROR] CADModel:125 - Updater not yet initialized, retry later 
2025-04-21 21:33:36,047 [FATAL] Updater:351 - Updater called before beeing initialized
2025-04-21 21:33:36,049 [INFO] CADModel:165 - CPN selected for project level
2025-04-21 21:33:36,049 [INFO] CADModel:114 - Register for checkConnection events
2025-04-21 21:33:36,049 [FATAL] Updater:351 - Updater called before beeing initialized
2025-04-21 21:33:36,049 [ERROR] CADModel:125 - Updater not yet initialized, retry later 
2025-04-21 21:33:36,052 [FATAL] Updater:351 - Updater called before beeing initialized
2025-04-21 21:33:36,154 [FATAL] Updater:351 - Updater called before beeing initialized
2025-04-21 21:33:36,158 [INFO] DbMcusAds:53 - JSON generation date=Thu Mar 06 21:54:22 ICT 2025 (1741272862078)
2025-04-21 21:33:36,158 [FATAL] Updater:351 - Updater called before beeing initialized
2025-04-21 21:33:36,183 [WARN] DetailPanel:346 - Failed to get advertising image, set to default
2025-04-21 21:33:36,362 [FATAL] Updater:351 - Updater called before beeing initialized
2025-04-21 21:33:36,363 [FATAL] Updater:351 - Updater called before beeing initialized
2025-04-21 21:33:36,365 [FATAL] Updater:351 - Updater called before beeing initialized
2025-04-21 21:33:36,365 [WARN] DetailPanel:346 - Failed to get advertising image, set to default
2025-04-21 21:33:36,365 [FATAL] Updater:351 - Updater called before beeing initialized
2025-04-21 21:33:36,408 [ERROR] Updater:1198 - MainUpdater not yet initialized. External WinMGr cannot be set.
2025-04-21 21:33:36,410 [INFO] Updater:1134 - Updater Version found : 6.13.0
2025-04-21 21:33:36,422 [INFO] ApplicationProperties:184 - Using Application install path: D:\stm32cubeIDE\STM32CubeIDE_1.17.0\STM32CubeIDE\plugins\com.st.stm32cube.common.mx_6.13.0.202411220809
2025-04-21 21:33:37,990 [ERROR] LogOutputStream:75 - [STDERR_REDIRECT] Apr 21, 2025 9:33:37 PM java.util.prefs.WindowsPreferences <init>
2025-04-21 21:33:37,991 [ERROR] LogOutputStream:75 - [STDERR_REDIRECT] WARNING: Could not open/create prefs root node Software\JavaSoft\Prefs at root 0xffffffff80000002. Windows RegCreateKeyEx(...) returned error code 5.
2025-04-21 21:33:37,992 [ERROR] LogOutputStream:75 - [STDERR_REDIRECT] 
2025-04-21 21:33:38,243 [INFO] ThirdPartyUpdaterWithRetryManager:70 - Updater plugin not ready yet. [2/15]
2025-04-21 21:33:38,262 [INFO] MainUpdater:2872 - connection check result : 10
2025-04-21 21:33:38,263 [INFO] MainUpdater:289 - Updater Check For Update Now.
2025-04-21 21:33:38,263 [INFO] MicroXplorer:498 - Change Database Version : DB.6.0.130
2025-04-21 21:33:38,267 [INFO] McuFinderGlobals:63 - Set McuFinder mode to 2 (CubeIDE integrated)
2025-04-21 21:33:38,267 [INFO] UserAuth:171 - activating auth plugin
2025-04-21 21:33:38,270 [INFO] UserAuth:486 - Internet connection configuration mode: 1
2025-04-21 21:33:38,285 [INFO] JxBrowserEngine:152 - Initiate JxBrowser Engine with user profile folder
2025-04-21 21:33:38,429 [INFO] CheckServerUpdateThread:120 - End of CheckServer Thread
2025-04-21 21:33:38,762 [INFO] WebApp:168 - Instantiating new browser for Auth
2025-04-21 21:33:39,314 [INFO] WebApp:449 - Apply proxy settings
2025-04-21 21:33:39,314 [INFO] WebApp:534 - Chromium requires no authentication
2025-04-21 21:33:39,323 [INFO] WebApp:477 - Direct internet connection detected
2025-04-21 21:33:39,347 [INFO] WebApp:880 - Register for checkConnection events
2025-04-21 21:33:39,347 [INFO] WebApp:449 - Apply proxy settings
2025-04-21 21:33:39,347 [INFO] WebApp:534 - Chromium requires no authentication
2025-04-21 21:33:39,348 [INFO] WebApp:477 - Direct internet connection detected
2025-04-21 21:33:39,518 [INFO] WebApp:221 - Starting web application
2025-04-21 21:33:39,518 [INFO] WebApp:579 - Web application path used D:\stm32cubeIDE\STM32CubeIDE_1.17.0\STM32CubeIDE\plugins\com.st.stm32cube.common.mx_6.13.0.202411220809\db\plugins\mcufinder\reactClient1\index.html
2025-04-21 21:33:39,671 [INFO] WebApp:187 - Connection restablished
2025-04-21 21:33:41,374 [WARN] PackLoader:240 - Cannot read IP mode file for STMicroelectronics.FP-SNS-MOTENVWB1.1.4.0
2025-04-21 21:33:41,381 [WARN] PackLoader:240 - Cannot read IP mode file for STMicroelectronics.FP-ATR-ASTRA1.2.0.2
2025-04-21 21:33:41,386 [WARN] PackLoader:240 - Cannot read IP mode file for STMicroelectronics.FP-ATR-ASTRA1.2.0.1
2025-04-21 21:33:41,394 [WARN] PackLoader:240 - Cannot read IP mode file for STMicroelectronics.X-CUBE-SMBUS.2.1.0
2025-04-21 21:33:41,402 [WARN] PackLoader:240 - Cannot read IP mode file for STMicroelectronics.X-CUBE-WB05N.1.1.0
2025-04-21 21:33:41,426 [WARN] PackLoader:240 - Cannot read IP mode file for STMicroelectronics.X-CUBE-AZRTOS-F7.1.1.0
2025-04-21 21:33:41,433 [WARN] PackLoader:240 - Cannot read IP mode file for STMicroelectronics.FP-SNS-FLIGHT1.5.0.2
2025-04-21 21:33:41,463 [WARN] PackLoader:240 - Cannot read IP mode file for Infineon.AIROC-Wi-Fi-Bluetooth-STM32.1.7.0
2025-04-21 21:33:41,473 [WARN] PackLoader:240 - Cannot read IP mode file for STMicroelectronics.X-CUBE-DISPLAY.3.0.0
2025-04-21 21:33:41,481 [WARN] PackLoader:240 - Cannot read IP mode file for STMicroelectronics.X-CUBE-BLE1.7.0.0
2025-04-21 21:33:41,486 [WARN] PackLoader:240 - Cannot read IP mode file for STMicroelectronics.X-CUBE-NFC10.1.0.0
2025-04-21 21:33:41,491 [WARN] PackLoader:240 - Cannot read IP mode file for emotas.I-CUBE-CANOPEN.1.3.0
2025-04-21 21:33:41,495 [WARN] PackLoader:240 - Cannot read IP mode file for STMicroelectronics.FP-SNS-SMARTAG2.1.2.0
2025-04-21 21:33:41,499 [WARN] PackLoader:240 - Cannot read IP mode file for STMicroelectronics.FP-SNS-FLIGHT1.5.1.0
2025-04-21 21:33:41,532 [WARN] PackLoader:240 - Cannot read IP mode file for STMicroelectronics.X-CUBE-MEMS1.11.1.0
2025-04-21 21:33:41,633 [INFO] LogOutputStream:77 - [STDOUT_REDIRECT] 1 : Invalid condition id : UX_CORESTACK_Condition cause : null
2025-04-21 21:33:41,635 [INFO] LogOutputStream:77 - [STDOUT_REDIRECT] 1 : Invalid condition id : UX_CORESTACK_Condition cause : null
2025-04-21 21:33:41,636 [INFO] LogOutputStream:77 - [STDOUT_REDIRECT] 1 : Invalid condition id : UX_CORESTACK_Condition cause : null
2025-04-21 21:33:41,636 [INFO] LogOutputStream:77 - [STDOUT_REDIRECT] 1 : Invalid condition id : UX_CORESTACK_Condition cause : null
2025-04-21 21:33:41,638 [INFO] LogOutputStream:77 - [STDOUT_REDIRECT] 1 : Invalid condition id : UX_CORESTACK_Condition cause : null
2025-04-21 21:33:41,641 [WARN] PackLoader:240 - Cannot read IP mode file for STMicroelectronics.X-CUBE-AZRTOS-WL.2.0.0
2025-04-21 21:33:41,647 [WARN] PackLoader:240 - Cannot read IP mode file for STMicroelectronics.FP-SNS-MOTENV1.5.0.0
2025-04-21 21:33:41,656 [WARN] PackLoader:240 - Cannot read IP mode file for WES.I-CUBE-Cesium.1.3.0
2025-04-21 21:33:41,661 [WARN] PackLoader:240 - Cannot read IP mode file for STMicroelectronics.X-CUBE-BLE2.3.3.0
2025-04-21 21:33:41,685 [WARN] PackLoader:240 - Cannot read IP mode file for STMicroelectronics.X-CUBE-NFC9.1.0.0
2025-04-21 21:33:41,693 [WARN] PackLoader:240 - Cannot read IP mode file for STMicroelectronics.X-CUBE-BLE1.7.1.0
2025-04-21 21:33:41,698 [WARN] PackLoader:240 - Cannot read IP mode file for wolfSSL.I-CUBE-wolfMQTT.1.19.2
2025-04-21 21:33:41,731 [WARN] PackLoader:240 - Cannot read IP mode file for STMicroelectronics.X-CUBE-MEMS1.11.2.0
2025-04-21 21:33:41,811 [WARN] PackLoader:240 - Cannot read IP mode file for STMicroelectronics.X-CUBE-AZRTOS-G0.1.1.0
2025-04-21 21:33:41,817 [WARN] PackLoader:240 - Cannot read IP mode file for STMicroelectronics.X-CUBE-SAFEA1.1.2.2
2025-04-21 21:33:41,821 [WARN] PackLoader:240 - Cannot read IP mode file for STMicroelectronics.X-CUBE-NFC4.3.0.0
2025-04-21 21:33:41,825 [WARN] PackLoader:240 - Cannot read IP mode file for EmbeddedOffice.I-CUBE-FS-RTOS.1.0.1
2025-04-21 21:33:41,829 [WARN] PackLoader:240 - Cannot read IP mode file for STMicroelectronics.X-CUBE-WB05N.2.0.0
2025-04-21 21:33:41,832 [WARN] PackLoader:240 - Cannot read IP mode file for wolfSSL.I-CUBE-wolfTPM.3.8.0
2025-04-21 21:33:41,837 [WARN] PackLoader:240 - Cannot read IP mode file for RealThread.X-CUBE-RT-Thread_Nano.4.1.1
2025-04-21 21:33:41,840 [WARN] PackLoader:240 - Cannot read IP mode file for STMicroelectronics.FP-ATR-SIGFOX1.3.2.0
2025-04-21 21:33:41,843 [WARN] ConditionMgr:438 - getConditionDescription Invalid condition id : Cortex-A Device cause : null
2025-04-21 21:33:41,855 [WARN] ConditionMgr:1044 - genDependencies : Invalid condition id : Cortex-A Device cause : null
2025-04-21 21:33:41,856 [WARN] ConditionMgr:1044 - genDependencies : Invalid condition id : Cortex-A Device cause : null
2025-04-21 21:33:41,856 [WARN] ConditionMgr:1044 - genDependencies : Invalid condition id : Cortex-A Device cause : null
2025-04-21 21:33:41,861 [WARN] PackLoader:240 - Cannot read IP mode file for STMicroelectronics.X-CUBE-EEPRMA1.5.1.0
2025-04-21 21:33:41,866 [WARN] PackLoader:240 - Cannot read IP mode file for ITTIA_DB.I-CUBE-ITTIADB.8.9.0
2025-04-21 21:33:41,882 [WARN] PackLoader:240 - Cannot read IP mode file for SEGGER.I-CUBE-embOS.1.3.1
2025-04-21 21:33:41,911 [WARN] PackLoader:240 - Cannot read IP mode file for STMicroelectronics.X-CUBE-ALGOBUILD.1.4.0
2025-04-21 21:33:41,920 [WARN] PackLoader:240 - Cannot read IP mode file for STMicroelectronics.X-CUBE-AZRTOS-F4.1.1.0
2025-04-21 21:33:41,925 [WARN] PackLoader:240 - Cannot read IP mode file for Avnet-IotConnect.X-CUBE-IoTC-DA16k-PMOD.1.0.0
2025-04-21 21:33:41,928 [WARN] PackLoader:240 - Cannot read IP mode file for STMicroelectronics.X-CUBE-ISPU.2.1.0
2025-04-21 21:33:41,937 [WARN] PackLoader:240 - Cannot read IP mode file for STMicroelectronics.X-CUBE-AZRTOS-L5.2.0.0
2025-04-21 21:33:41,943 [WARN] PackLoader:240 - Cannot read IP mode file for STMicroelectronics.X-CUBE-NFC6.3.1.0
2025-04-21 21:33:41,947 [WARN] PackLoader:240 - Cannot read IP mode file for STMicroelectronics.X-CUBE-DPower.1.2.0
2025-04-21 21:33:41,951 [WARN] PackLoader:240 - Cannot read IP mode file for STMicroelectronics.X-CUBE-NFC7.1.0.1
2025-04-21 21:33:41,953 [WARN] PackLoader:240 - Cannot read IP mode file for STMicroelectronics.X-CUBE-DPower.1.3.0
2025-04-21 21:33:41,963 [WARN] ConditionMgr:438 - getConditionDescription Invalid condition id : LAN8742 Phy interface Condition cause : null
2025-04-21 21:33:41,964 [WARN] PackLoader:240 - Cannot read IP mode file for STMicroelectronics.X-CUBE-AZRTOS-L4.2.0.0
2025-04-21 21:33:41,964 [WARN] ConditionMgr:1044 - genDependencies : Invalid condition id : LAN8742 Phy interface Condition cause : null
2025-04-21 21:33:41,966 [WARN] ConditionMgr:1044 - genDependencies : Invalid condition id : LAN8742 Phy interface Condition cause : null
2025-04-21 21:33:41,966 [WARN] ConditionMgr:1044 - genDependencies : Invalid condition id : LAN8742 Phy interface Condition cause : null
2025-04-21 21:33:41,970 [WARN] PackLoader:240 - Cannot read IP mode file for STMicroelectronics.X-CUBE-SFXS2LP1.4.0.0
2025-04-21 21:33:41,982 [WARN] PackLoader:240 - Cannot read IP mode file for STMicroelectronics.X-CUBE-AZRTOS-H7.3.3.0
2025-04-21 21:33:41,990 [WARN] ConditionMgr:438 - getConditionDescription Invalid condition id : UX DEVICE CLASS RTOS Condition cause : null
2025-04-21 21:33:41,990 [WARN] ConditionMgr:438 - getConditionDescription Invalid condition id : UX DEVICE CLASS RTOS Condition cause : null
2025-04-21 21:33:41,992 [WARN] PackLoader:240 - Cannot read IP mode file for STMicroelectronics.X-CUBE-AZRTOS-WB.2.0.0
2025-04-21 21:33:41,992 [WARN] ConditionMgr:1044 - genDependencies : Invalid condition id : UX DEVICE CLASS RTOS Condition cause : null
2025-04-21 21:33:41,992 [WARN] ConditionMgr:1044 - genDependencies : Invalid condition id : UX DEVICE CLASS RTOS Condition cause : null
2025-04-21 21:33:41,992 [WARN] ConditionMgr:1044 - genDependencies : Invalid condition id : UX DEVICE CLASS RTOS Condition cause : null
2025-04-21 21:33:41,993 [WARN] ConditionMgr:1044 - genDependencies : Invalid condition id : UX DEVICE CLASS RTOS Condition cause : null
2025-04-21 21:33:41,993 [WARN] ConditionMgr:1044 - genDependencies : Invalid condition id : UX DEVICE CLASS RTOS Condition cause : null
2025-04-21 21:33:41,997 [WARN] PackLoader:240 - Cannot read IP mode file for STMicroelectronics.X-CUBE-TOUCHGFX.4.25.0
2025-04-21 21:33:42,001 [WARN] PackLoader:240 - Cannot read IP mode file for STMicroelectronics.FP-SNS-STBOX1.2.0.0
2025-04-21 21:33:42,008 [WARN] PackLoader:240 - Cannot read IP mode file for STMicroelectronics.X-CUBE-SUBG2.5.0.0
2025-04-21 21:33:42,020 [WARN] PackLoader:240 - Cannot read IP mode file for STMicroelectronics.X-CUBE-AZRTOS-H7RS.1.1.0
2025-04-21 21:33:42,025 [WARN] PackLoader:240 - Cannot read IP mode file for Cesanta.I-CUBE-Mongoose.7.13.0
2025-04-21 21:33:42,040 [WARN] PackLoader:240 - Cannot read IP mode file for STMicroelectronics.X-CUBE-AZRTOS-G4.2.0.0
2025-04-21 21:33:42,047 [WARN] PackLoader:240 - Cannot read IP mode file for wolfSSL.I-CUBE-wolfSSH.1.4.20
2025-04-21 21:33:42,052 [WARN] PackLoader:240 - Cannot read IP mode file for STMicroelectronics.X-CUBE-ALS.1.0.2
2025-04-21 21:33:42,055 [WARN] PackLoader:240 - Cannot read IP mode file for STMicroelectronics.X-CUBE-TOUCHGFX.4.24.2
2025-04-21 21:33:42,060 [WARN] PackLoader:240 - Cannot read IP mode file for portGmbH.I-Cube-SoM-uGOAL.1.1.0
2025-04-21 21:33:42,075 [WARN] PackLoader:240 - Cannot read IP mode file for STMicroelectronics.X-CUBE-AZRTOS-H7RS.1.0.0
2025-04-21 21:33:42,097 [WARN] PackLoader:240 - Cannot read IP mode file for STMicroelectronics.X-CUBE-TOF1.3.4.2
2025-04-21 21:33:42,116 [WARN] PackLoader:240 - Cannot read IP mode file for STMicroelectronics.X-CUBE-TOF1.3.4.3
2025-04-21 21:33:42,125 [INFO] ThirdParty:978 - Integrity check success = true
2025-04-21 21:33:42,125 [INFO] IntegrityCheckThread:100 - exiting critical section [integrity check]
2025-04-21 21:33:42,125 [INFO] IntegrityCheckThread:103 - End integrity checks thread
2025-04-21 22:02:48,203 [ERROR] LogOutputStream:75 - [STDERR_REDIRECT] 
2025-04-21 22:02:48,205 [ERROR] LogOutputStream:75 - [STDERR_REDIRECT] 
