2025-05-07 14:40:58,512 [INFO] Activator:176 - 


2025-05-07 14:40:58,518 [INFO] Activator:177 - !SESSION log4j initialized
2025-05-07 14:41:03,232 [INFO] LogOutputStream:77 - [STDOUT_REDIRECT] 
2025-05-07 14:41:04,741 [INFO] ApplicationProperties:184 - Using Application install path: D:\stm32cubeIDE\STM32CubeIDE_1.17.0\STM32CubeIDE\plugins\com.st.stm32cube.common.mx_6.13.0.202411220809
2025-05-07 14:41:04,755 [INFO] DbMcusXml:78 - Set database path to: D:\stm32cubeIDE\STM32CubeIDE_1.17.0\STM32CubeIDE\plugins\com.st.stm32cube.common.mx_6.13.0.202411220809\\db\/mcu/
2025-05-07 14:41:04,755 [INFO] ApiDb:274 - Set plugin database path to: D:\stm32cubeIDE\STM32CubeIDE_1.17.0\STM32CubeIDE\plugins\com.st.stm32cube.common.mx_6.13.0.202411220809\\db\/plugins/boardmanager/
2025-05-07 14:41:04,757 [WARN] ApiDb:259 - Overriding images path with different value:  => D:\stm32cubeIDE\STM32CubeIDE_1.17.0\STM32CubeIDE\plugins\com.st.stm32cube.common.mx_6.13.0.202411220809\\db\/plugins/mcufinder/images/
2025-05-07 14:41:04,761 [INFO] ApiDb:250 - Set database path to: C:\Users\LEGION\.stmcufinder\plugins\mcufinder//mcu/
2025-05-07 14:41:04,763 [INFO] DbMcusAds:125 - Set database path to: C:\Users\LEGION\.stmcufinder\plugins\mcufinder//mcu/
2025-05-07 14:41:04,764 [INFO] CrossReferenceDbSqlite:203 - Set database path to: C:\Users\LEGION\.stmcufinder\plugins\mcufinder//mcu/cs/
2025-05-07 14:41:04,878 [INFO] RulesReader:64 - Compatibility file has been processed (297 Rules)
2025-05-07 14:41:04,951 [INFO] DbMcusXml:78 - Set database path to: D:\stm32cubeIDE\STM32CubeIDE_1.17.0\STM32CubeIDE\plugins\com.st.stm32cube.common.mx_6.13.0.202411220809\\db\/mcu/
2025-05-07 14:41:04,951 [INFO] ApiDb:274 - Set plugin database path to: D:\stm32cubeIDE\STM32CubeIDE_1.17.0\STM32CubeIDE\plugins\com.st.stm32cube.common.mx_6.13.0.202411220809\\db\/plugins/boardmanager/
2025-05-07 14:41:04,952 [INFO] ApiDb:261 - Set plugin images path to: D:\stm32cubeIDE\STM32CubeIDE_1.17.0\STM32CubeIDE\plugins\com.st.stm32cube.common.mx_6.13.0.202411220809\\db\/plugins/mcufinder/images/
2025-05-07 14:41:04,952 [WARN] DbFile:41 - Overriding database path with different value: C:\Users\LEGION\.stmcufinder\plugins\mcufinder/ => C:\Users\LEGION\.stmcufinder\plugins\mcufinder
2025-05-07 14:41:04,952 [INFO] ApiDb:250 - Set database path to: C:\Users\LEGION\.stmcufinder\plugins\mcufinder//mcu/
2025-05-07 14:41:04,952 [WARN] DbFile:41 - Overriding database path with different value: C:\Users\LEGION\.stmcufinder\plugins\mcufinder/ => C:\Users\LEGION\.stmcufinder\plugins\mcufinder
2025-05-07 14:41:04,952 [INFO] DbMcusAds:125 - Set database path to: C:\Users\LEGION\.stmcufinder\plugins\mcufinder//mcu/
2025-05-07 14:41:04,952 [WARN] DbFile:41 - Overriding database path with different value: C:\Users\LEGION\.stmcufinder\plugins\mcufinder/ => C:\Users\LEGION\.stmcufinder\plugins\mcufinder
2025-05-07 14:41:04,952 [WARN] DbFile:41 - Overriding database path with different value: C:\Users\LEGION\.stmcufinder\plugins\mcufinder/ => C:\Users\LEGION\.stmcufinder\plugins\mcufinder
2025-05-07 14:41:04,952 [INFO] CrossReferenceDbSqlite:203 - Set database path to: C:\Users\LEGION\.stmcufinder\plugins\mcufinder//mcu/cs/
2025-05-07 14:41:05,020 [INFO] MainPanel:272 - HeapMemory: 268435456
2025-05-07 14:41:05,104 [INFO] DbMcusXml:78 - Set database path to: D:\stm32cubeIDE\STM32CubeIDE_1.17.0\STM32CubeIDE\plugins\com.st.stm32cube.common.mx_6.13.0.202411220809\\db\/mcu/
2025-05-07 14:41:05,104 [INFO] ApiDb:274 - Set plugin database path to: D:\stm32cubeIDE\STM32CubeIDE_1.17.0\STM32CubeIDE\plugins\com.st.stm32cube.common.mx_6.13.0.202411220809\\db\/plugins/boardmanager/
2025-05-07 14:41:05,104 [INFO] ApiDb:261 - Set plugin images path to: D:\stm32cubeIDE\STM32CubeIDE_1.17.0\STM32CubeIDE\plugins\com.st.stm32cube.common.mx_6.13.0.202411220809\\db\/plugins/mcufinder/images/
2025-05-07 14:41:05,104 [WARN] DbFile:41 - Overriding database path with different value: C:\Users\LEGION\.stmcufinder\plugins\mcufinder/ => C:\Users\LEGION\.stmcufinder\plugins\mcufinder
2025-05-07 14:41:05,104 [INFO] ApiDb:250 - Set database path to: C:\Users\LEGION\.stmcufinder\plugins\mcufinder//mcu/
2025-05-07 14:41:05,104 [WARN] DbFile:41 - Overriding database path with different value: C:\Users\LEGION\.stmcufinder\plugins\mcufinder/ => C:\Users\LEGION\.stmcufinder\plugins\mcufinder
2025-05-07 14:41:05,105 [INFO] DbMcusAds:125 - Set database path to: C:\Users\LEGION\.stmcufinder\plugins\mcufinder//mcu/
2025-05-07 14:41:05,105 [WARN] DbFile:41 - Overriding database path with different value: C:\Users\LEGION\.stmcufinder\plugins\mcufinder/ => C:\Users\LEGION\.stmcufinder\plugins\mcufinder
2025-05-07 14:41:05,105 [WARN] DbFile:41 - Overriding database path with different value: C:\Users\LEGION\.stmcufinder\plugins\mcufinder/ => C:\Users\LEGION\.stmcufinder\plugins\mcufinder
2025-05-07 14:41:05,105 [INFO] CrossReferenceDbSqlite:203 - Set database path to: C:\Users\LEGION\.stmcufinder\plugins\mcufinder//mcu/cs/
2025-05-07 14:41:05,127 [INFO] ApplicationProperties:184 - Using Application install path: D:\stm32cubeIDE\STM32CubeIDE_1.17.0\STM32CubeIDE\plugins\com.st.stm32cube.common.mx_6.13.0.202411220809
2025-05-07 14:41:05,128 [INFO] PluginManage:196 - Search for loadable plugins [exclusion list=, ]
2025-05-07 14:41:05,130 [INFO] PluginManage:310 - Check plugin analytics
2025-05-07 14:41:05,291 [INFO] AnalyticsPlugin:253 - Accepted Software Licenses: 
2025-05-07 14:41:05,292 [INFO] AnalyticsPlugin:255 - Accepted CMSIS Pack Licenses: 
2025-05-07 14:41:05,292 [INFO] AnalyticsPlugin:257 - Accepted Firmware Licenses: FW.F4.1.28.0
2025-05-07 14:41:05,294 [INFO] PluginManage:359 - Loaded plugin analytics (category:tool,tabindex:-1)
2025-05-07 14:41:05,294 [INFO] PluginManage:310 - Check plugin cadmodel
2025-05-07 14:41:05,299 [INFO] CADModel:105 - Init CAD model plugin
2025-05-07 14:41:05,299 [INFO] PluginManage:359 - Loaded plugin cadmodel (category:power,tabindex:5)
2025-05-07 14:41:05,299 [INFO] PluginManage:310 - Check plugin clock
2025-05-07 14:41:05,307 [INFO] PluginManage:359 - Loaded plugin clock (category:base,tabindex:2)
2025-05-07 14:41:05,307 [INFO] PluginManage:310 - Check plugin ddr
2025-05-07 14:41:05,309 [INFO] PluginManage:359 - Loaded plugin ddr (category:tool,tabindex:6)
2025-05-07 14:41:05,310 [INFO] PluginManage:310 - Check plugin filemanager
2025-05-07 14:41:05,426 [INFO] PluginManage:359 - Loaded plugin filemanager (category:base,tabindex:10)
2025-05-07 14:41:05,427 [INFO] PluginManage:310 - Check plugin ipmanager
2025-05-07 14:41:05,433 [INFO] PluginManage:359 - Loaded plugin ipmanager (category:base,tabindex:5)
2025-05-07 14:41:05,433 [INFO] PluginManage:310 - Check plugin lpbam
2025-05-07 14:41:05,441 [INFO] PluginManage:359 - Loaded plugin lpbam (category:base,tabindex:0)
2025-05-07 14:41:05,441 [INFO] PluginManage:310 - Check plugin memorymap
2025-05-07 14:41:05,450 [INFO] PluginManage:359 - Loaded plugin memorymap (category:base,tabindex:4)
2025-05-07 14:41:05,450 [INFO] PluginManage:310 - Check plugin pinoutandconfiguration
2025-05-07 14:41:05,459 [INFO] PluginManage:359 - Loaded plugin pinoutandconfiguration (category:base,tabindex:1)
2025-05-07 14:41:05,459 [INFO] PluginManage:310 - Check plugin pinoutconfig
2025-05-07 14:41:05,539 [WARN] SupportedApi:132 - Cannot load RTOS API schema: s4s-elt-must-match.1: The content of 'definitions' must match (annotation?, (simpleType | complexType)?, (unique | key | keyref)*)). A problem was found starting at: attribute.
2025-05-07 14:41:05,660 [INFO] PluginManage:359 - Loaded plugin pinoutconfig (category:base,tabindex:0)
2025-05-07 14:41:05,660 [INFO] PluginManage:310 - Check plugin power
2025-05-07 14:41:05,667 [INFO] PluginManage:359 - Loaded plugin power (category:power,tabindex:4)
2025-05-07 14:41:05,667 [INFO] PluginManage:310 - Check plugin projectmanager
2025-05-07 14:41:05,681 [INFO] PluginManage:359 - Loaded plugin projectmanager (category:projectmanager,tabindex:4)
2025-05-07 14:41:05,681 [INFO] PluginManage:310 - Check plugin rif
2025-05-07 14:41:05,686 [INFO] PluginManage:359 - Loaded plugin rif (category:base,tabindex:3)
2025-05-07 14:41:05,686 [INFO] PluginManage:310 - Check plugin thirdparty
2025-05-07 14:41:05,794 [INFO] PluginManage:359 - Loaded plugin thirdparty (category:base,tabindex:-1)
2025-05-07 14:41:05,794 [INFO] PluginManage:310 - Check plugin tools
2025-05-07 14:41:05,794 [WARN] IntegrityCheckThread:84 - waiting for thirdparty lock release [integrity check]
2025-05-07 14:41:05,794 [INFO] IntegrityCheckThread:86 - entering critical section [integrity check]
2025-05-07 14:41:05,794 [INFO] ThirdPartyUpdaterWithRetryManager:70 - Updater plugin not ready yet. [1/15]
2025-05-07 14:41:05,796 [INFO] PluginManage:359 - Loaded plugin tools (category:base,tabindex:7)
2025-05-07 14:41:05,796 [INFO] PluginManage:310 - Check plugin tutovideos
2025-05-07 14:41:05,925 [INFO] PluginManage:359 - Loaded plugin tutovideos (category:base,tabindex:-1)
2025-05-07 14:41:05,925 [INFO] PluginManage:310 - Check plugin updater
2025-05-07 14:41:05,942 [INFO] PluginManage:359 - Loaded plugin updater (category:base,tabindex:12)
2025-05-07 14:41:05,942 [INFO] PluginManage:310 - Check plugin userauth
2025-05-07 14:41:05,945 [INFO] UserAuth:118 - Init User Auth plugin
2025-05-07 14:41:05,947 [INFO] PluginManage:359 - Loaded plugin userauth (category:base,tabindex:14)
2025-05-07 14:41:05,948 [INFO] PluginManage:283 - PluginManage : Loaded plugins [18]
2025-05-07 14:41:06,109 [INFO] PinOutPanel:1589 - setPackage(No Configuration,No Configuration)
2025-05-07 14:41:06,171 [INFO] CADModel:165 - CPN selected for project level
2025-05-07 14:41:06,171 [INFO] CADModel:114 - Register for checkConnection events
2025-05-07 14:41:06,182 [INFO] IPUIPlugin:80 - create IPUIPlugin
2025-05-07 14:41:06,182 [INFO] PluginManager:220 - loadIPPluginJar : add adc
2025-05-07 14:41:06,183 [INFO] IPUIPlugin:80 - create IPUIPlugin
2025-05-07 14:41:06,183 [INFO] PluginManager:220 - loadIPPluginJar : add aes
2025-05-07 14:41:06,186 [INFO] IPUIPlugin:80 - create IPUIPlugin
2025-05-07 14:41:06,186 [INFO] PluginManager:220 - loadIPPluginJar : add can
2025-05-07 14:41:06,188 [INFO] IPUIPlugin:80 - create IPUIPlugin
2025-05-07 14:41:06,188 [INFO] PluginManager:220 - loadIPPluginJar : add comp
2025-05-07 14:41:06,189 [INFO] IPUIPlugin:80 - create IPUIPlugin
2025-05-07 14:41:06,189 [INFO] PluginManager:220 - loadIPPluginJar : add cryp
2025-05-07 14:41:06,191 [INFO] IPUIPlugin:80 - create IPUIPlugin
2025-05-07 14:41:06,191 [INFO] PluginManager:220 - loadIPPluginJar : add ddr_ctrl_phy
2025-05-07 14:41:06,192 [INFO] IPUIPlugin:80 - create IPUIPlugin
2025-05-07 14:41:06,192 [INFO] PluginManager:220 - loadIPPluginJar : add dfsdm
2025-05-07 14:41:06,195 [INFO] IPUIPlugin:80 - create IPUIPlugin
2025-05-07 14:41:06,196 [INFO] PluginManager:220 - loadIPPluginJar : add dma
2025-05-07 14:41:06,198 [INFO] IPUIPlugin:80 - create IPUIPlugin
2025-05-07 14:41:06,198 [INFO] PluginManager:220 - loadIPPluginJar : add dma3
2025-05-07 14:41:06,200 [INFO] IPUIPlugin:80 - create IPUIPlugin
2025-05-07 14:41:06,200 [INFO] PluginManager:220 - loadIPPluginJar : add extmemmanager
2025-05-07 14:41:06,202 [INFO] IPUIPlugin:80 - create IPUIPlugin
2025-05-07 14:41:06,202 [INFO] PluginManager:220 - loadIPPluginJar : add fatfs
2025-05-07 14:41:06,205 [INFO] IPUIPlugin:80 - create IPUIPlugin
2025-05-07 14:41:06,205 [INFO] PluginManager:220 - loadIPPluginJar : add fmc
2025-05-07 14:41:06,209 [INFO] IPUIPlugin:80 - create IPUIPlugin
2025-05-07 14:41:06,209 [INFO] PluginManager:220 - loadIPPluginJar : add freertos
2025-05-07 14:41:06,211 [INFO] IPUIPlugin:80 - create IPUIPlugin
2025-05-07 14:41:06,211 [INFO] PluginManager:220 - loadIPPluginJar : add genericplugin
2025-05-07 14:41:06,212 [INFO] IPUIPlugin:80 - create IPUIPlugin
2025-05-07 14:41:06,213 [INFO] PluginManager:220 - loadIPPluginJar : add gfxmmu
2025-05-07 14:41:06,215 [INFO] IPUIPlugin:80 - create IPUIPlugin
2025-05-07 14:41:06,215 [INFO] PluginManager:220 - loadIPPluginJar : add gic
2025-05-07 14:41:06,218 [INFO] IPUIPlugin:80 - create IPUIPlugin
2025-05-07 14:41:06,218 [INFO] PluginManager:220 - loadIPPluginJar : add gpio
2025-05-07 14:41:06,220 [INFO] IPUIPlugin:80 - create IPUIPlugin
2025-05-07 14:41:06,220 [INFO] PluginManager:220 - loadIPPluginJar : add gtzc
2025-05-07 14:41:06,222 [INFO] IPUIPlugin:80 - create IPUIPlugin
2025-05-07 14:41:06,222 [INFO] PluginManager:220 - loadIPPluginJar : add hash
2025-05-07 14:41:06,224 [INFO] IPUIPlugin:80 - create IPUIPlugin
2025-05-07 14:41:06,224 [INFO] PluginManager:220 - loadIPPluginJar : add i2c
2025-05-07 14:41:06,225 [INFO] IPUIPlugin:80 - create IPUIPlugin
2025-05-07 14:41:06,225 [INFO] PluginManager:220 - loadIPPluginJar : add i2s
2025-05-07 14:41:06,228 [INFO] IPUIPlugin:80 - create IPUIPlugin
2025-05-07 14:41:06,228 [INFO] PluginManager:220 - loadIPPluginJar : add i3c
2025-05-07 14:41:06,230 [INFO] IPUIPlugin:80 - create IPUIPlugin
2025-05-07 14:41:06,230 [INFO] PluginManager:220 - loadIPPluginJar : add ipddr
2025-05-07 14:41:06,234 [INFO] IPUIPlugin:80 - create IPUIPlugin
2025-05-07 14:41:06,234 [INFO] PluginManager:220 - loadIPPluginJar : add linkedlist
2025-05-07 14:41:06,236 [INFO] IPUIPlugin:80 - create IPUIPlugin
2025-05-07 14:41:06,236 [INFO] PluginManager:220 - loadIPPluginJar : add lorawan
2025-05-07 14:41:06,237 [INFO] IPUIPlugin:80 - create IPUIPlugin
2025-05-07 14:41:06,237 [INFO] PluginManager:220 - loadIPPluginJar : add ltdc
2025-05-07 14:41:06,240 [INFO] IPUIPlugin:80 - create IPUIPlugin
2025-05-07 14:41:06,240 [INFO] PluginManager:220 - loadIPPluginJar : add mdma
2025-05-07 14:41:06,242 [INFO] IPUIPlugin:80 - create IPUIPlugin
2025-05-07 14:41:06,242 [INFO] PluginManager:220 - loadIPPluginJar : add nvic
2025-05-07 14:41:06,244 [INFO] IPUIPlugin:80 - create IPUIPlugin
2025-05-07 14:41:06,244 [INFO] PluginManager:220 - loadIPPluginJar : add opamp
2025-05-07 14:41:06,245 [INFO] IPUIPlugin:80 - create IPUIPlugin
2025-05-07 14:41:06,246 [INFO] PluginManager:220 - loadIPPluginJar : add openamp
2025-05-07 14:41:06,249 [INFO] IPUIPlugin:80 - create IPUIPlugin
2025-05-07 14:41:06,249 [INFO] PluginManager:220 - loadIPPluginJar : add pdm2pcm
2025-05-07 14:41:06,253 [INFO] IPUIPlugin:80 - create IPUIPlugin
2025-05-07 14:41:06,255 [INFO] PluginManager:220 - loadIPPluginJar : add plateformsettings
2025-05-07 14:41:06,256 [INFO] IPUIPlugin:80 - create IPUIPlugin
2025-05-07 14:41:06,256 [INFO] PluginManager:220 - loadIPPluginJar : add quadspi
2025-05-07 14:41:06,257 [INFO] IPUIPlugin:80 - create IPUIPlugin
2025-05-07 14:41:06,258 [INFO] PluginManager:220 - loadIPPluginJar : add radio
2025-05-07 14:41:06,260 [INFO] IPUIPlugin:80 - create IPUIPlugin
2025-05-07 14:41:06,260 [INFO] PluginManager:220 - loadIPPluginJar : add resmgrutility
2025-05-07 14:41:06,262 [INFO] IPUIPlugin:80 - create IPUIPlugin
2025-05-07 14:41:06,262 [INFO] PluginManager:220 - loadIPPluginJar : add sai
2025-05-07 14:41:06,268 [INFO] IPUIPlugin:80 - create IPUIPlugin
2025-05-07 14:41:06,269 [INFO] PluginManager:220 - loadIPPluginJar : add spi
2025-05-07 14:41:06,273 [INFO] IPUIPlugin:80 - create IPUIPlugin
2025-05-07 14:41:06,273 [INFO] PluginManager:220 - loadIPPluginJar : add stm32_wpan
2025-05-07 14:41:06,274 [INFO] IPUIPlugin:80 - create IPUIPlugin
2025-05-07 14:41:06,274 [INFO] PluginManager:220 - loadIPPluginJar : add tim
2025-05-07 14:41:06,275 [INFO] IPUIPlugin:80 - create IPUIPlugin
2025-05-07 14:41:06,275 [INFO] PluginManager:220 - loadIPPluginJar : add touchsensing
2025-05-07 14:41:06,277 [INFO] IPUIPlugin:80 - create IPUIPlugin
2025-05-07 14:41:06,277 [INFO] PluginManager:220 - loadIPPluginJar : add tracer_emb
2025-05-07 14:41:06,278 [INFO] IPUIPlugin:80 - create IPUIPlugin
2025-05-07 14:41:06,278 [INFO] PluginManager:220 - loadIPPluginJar : add ts
2025-05-07 14:41:06,279 [INFO] IPUIPlugin:80 - create IPUIPlugin
2025-05-07 14:41:06,279 [INFO] PluginManager:220 - loadIPPluginJar : add tsc
2025-05-07 14:41:06,280 [INFO] IPUIPlugin:80 - create IPUIPlugin
2025-05-07 14:41:06,280 [INFO] PluginManager:220 - loadIPPluginJar : add ucpd
2025-05-07 14:41:06,281 [INFO] IPUIPlugin:80 - create IPUIPlugin
2025-05-07 14:41:06,281 [INFO] PluginManager:220 - loadIPPluginJar : add usart
2025-05-07 14:41:06,284 [INFO] IPUIPlugin:80 - create IPUIPlugin
2025-05-07 14:41:06,284 [INFO] PluginManager:220 - loadIPPluginJar : add usbx
2025-05-07 14:41:06,397 [FATAL] Updater:351 - Updater called before beeing initialized
2025-05-07 14:41:06,417 [INFO] RulesReader:64 - Compatibility file has been processed (297 Rules)
2025-05-07 14:41:06,428 [INFO] RulesReader:64 - Compatibility file has been processed (297 Rules)
2025-05-07 14:41:06,433 [INFO] CADModel:165 - CPN selected for project level
2025-05-07 14:41:06,433 [INFO] CADModel:114 - Register for checkConnection events
2025-05-07 14:41:06,433 [FATAL] Updater:351 - Updater called before beeing initialized
2025-05-07 14:41:06,434 [ERROR] CADModel:125 - Updater not yet initialized, retry later 
2025-05-07 14:41:06,557 [FATAL] Updater:351 - Updater called before beeing initialized
2025-05-07 14:41:06,558 [INFO] CADModel:165 - CPN selected for project level
2025-05-07 14:41:06,558 [INFO] CADModel:114 - Register for checkConnection events
2025-05-07 14:41:06,558 [FATAL] Updater:351 - Updater called before beeing initialized
2025-05-07 14:41:06,559 [ERROR] CADModel:125 - Updater not yet initialized, retry later 
2025-05-07 14:41:06,561 [FATAL] Updater:351 - Updater called before beeing initialized
2025-05-07 14:41:06,638 [FATAL] Updater:351 - Updater called before beeing initialized
2025-05-07 14:41:06,641 [INFO] DbMcusAds:53 - JSON generation date=Thu Mar 06 21:54:22 ICT 2025 (1741272862078)
2025-05-07 14:41:06,642 [FATAL] Updater:351 - Updater called before beeing initialized
2025-05-07 14:41:06,666 [WARN] DetailPanel:346 - Failed to get advertising image, set to default
2025-05-07 14:41:06,842 [FATAL] Updater:351 - Updater called before beeing initialized
2025-05-07 14:41:06,844 [FATAL] Updater:351 - Updater called before beeing initialized
2025-05-07 14:41:06,844 [FATAL] Updater:351 - Updater called before beeing initialized
2025-05-07 14:41:06,844 [WARN] DetailPanel:346 - Failed to get advertising image, set to default
2025-05-07 14:41:06,844 [FATAL] Updater:351 - Updater called before beeing initialized
2025-05-07 14:41:06,880 [ERROR] Updater:1198 - MainUpdater not yet initialized. External WinMGr cannot be set.
2025-05-07 14:41:06,882 [INFO] Updater:1134 - Updater Version found : 6.13.0
2025-05-07 14:41:06,895 [INFO] ApplicationProperties:184 - Using Application install path: D:\stm32cubeIDE\STM32CubeIDE_1.17.0\STM32CubeIDE\plugins\com.st.stm32cube.common.mx_6.13.0.202411220809
2025-05-07 14:41:08,461 [ERROR] LogOutputStream:75 - [STDERR_REDIRECT] May 07, 2025 2:41:08 PM java.util.prefs.WindowsPreferences <init>
2025-05-07 14:41:08,462 [ERROR] LogOutputStream:75 - [STDERR_REDIRECT] WARNING: Could not open/create prefs root node Software\JavaSoft\Prefs at root 0xffffffff80000002. Windows RegCreateKeyEx(...) returned error code 5.
2025-05-07 14:41:08,462 [ERROR] LogOutputStream:75 - [STDERR_REDIRECT] 
2025-05-07 14:41:08,659 [INFO] MainUpdater:2872 - connection check result : 10
2025-05-07 14:41:08,660 [INFO] MainUpdater:289 - Updater Check For Update Now.
2025-05-07 14:41:08,660 [INFO] MicroXplorer:498 - Change Database Version : DB.6.0.130
2025-05-07 14:41:08,666 [INFO] McuFinderGlobals:63 - Set McuFinder mode to 2 (CubeIDE integrated)
2025-05-07 14:41:08,666 [INFO] UserAuth:171 - activating auth plugin
2025-05-07 14:41:08,669 [INFO] UserAuth:486 - Internet connection configuration mode: 1
2025-05-07 14:41:08,684 [INFO] JxBrowserEngine:152 - Initiate JxBrowser Engine with user profile folder
2025-05-07 14:41:08,795 [WARN] MainUpdater:1193 - Updater busy. Cannot search thirdparties
2025-05-07 14:41:08,795 [INFO] ThirdPartyUpdaterWithRetryManager:96 - Updater plugin is busy. [1/15]
2025-05-07 14:41:08,829 [INFO] CheckServerUpdateThread:120 - End of CheckServer Thread
2025-05-07 14:41:09,144 [INFO] WebApp:168 - Instantiating new browser for Auth
2025-05-07 14:41:09,672 [INFO] WebApp:449 - Apply proxy settings
2025-05-07 14:41:09,672 [INFO] WebApp:534 - Chromium requires no authentication
2025-05-07 14:41:09,681 [INFO] WebApp:477 - Direct internet connection detected
2025-05-07 14:41:09,698 [INFO] WebApp:880 - Register for checkConnection events
2025-05-07 14:41:09,699 [INFO] WebApp:449 - Apply proxy settings
2025-05-07 14:41:09,699 [INFO] WebApp:534 - Chromium requires no authentication
2025-05-07 14:41:09,699 [INFO] WebApp:477 - Direct internet connection detected
2025-05-07 14:41:09,828 [INFO] WebApp:221 - Starting web application
2025-05-07 14:41:09,828 [INFO] WebApp:579 - Web application path used D:\stm32cubeIDE\STM32CubeIDE_1.17.0\STM32CubeIDE\plugins\com.st.stm32cube.common.mx_6.13.0.202411220809\db\plugins\mcufinder\reactClient1\index.html
2025-05-07 14:41:10,718 [INFO] WebApp:187 - Connection restablished
2025-05-07 14:41:11,922 [WARN] PackLoader:240 - Cannot read IP mode file for STMicroelectronics.FP-SNS-MOTENVWB1.1.4.0
2025-05-07 14:41:11,930 [WARN] PackLoader:240 - Cannot read IP mode file for STMicroelectronics.FP-ATR-ASTRA1.2.0.2
2025-05-07 14:41:11,933 [WARN] PackLoader:240 - Cannot read IP mode file for STMicroelectronics.FP-ATR-ASTRA1.2.0.1
2025-05-07 14:41:11,940 [WARN] PackLoader:240 - Cannot read IP mode file for STMicroelectronics.X-CUBE-SMBUS.2.1.0
2025-05-07 14:41:11,946 [WARN] PackLoader:240 - Cannot read IP mode file for STMicroelectronics.X-CUBE-WB05N.1.1.0
2025-05-07 14:41:11,968 [WARN] PackLoader:240 - Cannot read IP mode file for STMicroelectronics.X-CUBE-AZRTOS-F7.1.1.0
2025-05-07 14:41:11,976 [WARN] PackLoader:240 - Cannot read IP mode file for STMicroelectronics.FP-SNS-FLIGHT1.5.0.2
2025-05-07 14:41:11,997 [WARN] PackLoader:240 - Cannot read IP mode file for Infineon.AIROC-Wi-Fi-Bluetooth-STM32.1.7.0
2025-05-07 14:41:12,007 [WARN] PackLoader:240 - Cannot read IP mode file for STMicroelectronics.X-CUBE-DISPLAY.3.0.0
2025-05-07 14:41:12,023 [WARN] PackLoader:240 - Cannot read IP mode file for STMicroelectronics.X-CUBE-BLE1.7.0.0
2025-05-07 14:41:12,028 [WARN] PackLoader:240 - Cannot read IP mode file for STMicroelectronics.X-CUBE-NFC10.1.0.0
2025-05-07 14:41:12,033 [WARN] PackLoader:240 - Cannot read IP mode file for emotas.I-CUBE-CANOPEN.1.3.0
2025-05-07 14:41:12,036 [WARN] PackLoader:240 - Cannot read IP mode file for STMicroelectronics.FP-SNS-SMARTAG2.1.2.0
2025-05-07 14:41:12,040 [WARN] PackLoader:240 - Cannot read IP mode file for STMicroelectronics.FP-SNS-FLIGHT1.5.1.0
2025-05-07 14:41:12,071 [WARN] PackLoader:240 - Cannot read IP mode file for STMicroelectronics.X-CUBE-MEMS1.11.1.0
2025-05-07 14:41:12,160 [INFO] LogOutputStream:77 - [STDOUT_REDIRECT] 1 : Invalid condition id : UX_CORESTACK_Condition cause : null
2025-05-07 14:41:12,161 [INFO] LogOutputStream:77 - [STDOUT_REDIRECT] 1 : Invalid condition id : UX_CORESTACK_Condition cause : null
2025-05-07 14:41:12,162 [INFO] LogOutputStream:77 - [STDOUT_REDIRECT] 1 : Invalid condition id : UX_CORESTACK_Condition cause : null
2025-05-07 14:41:12,162 [INFO] LogOutputStream:77 - [STDOUT_REDIRECT] 1 : Invalid condition id : UX_CORESTACK_Condition cause : null
2025-05-07 14:41:12,163 [INFO] LogOutputStream:77 - [STDOUT_REDIRECT] 1 : Invalid condition id : UX_CORESTACK_Condition cause : null
2025-05-07 14:41:12,167 [WARN] PackLoader:240 - Cannot read IP mode file for STMicroelectronics.X-CUBE-AZRTOS-WL.2.0.0
2025-05-07 14:41:12,172 [WARN] PackLoader:240 - Cannot read IP mode file for STMicroelectronics.FP-SNS-MOTENV1.5.0.0
2025-05-07 14:41:12,181 [WARN] PackLoader:240 - Cannot read IP mode file for WES.I-CUBE-Cesium.1.3.0
2025-05-07 14:41:12,185 [WARN] PackLoader:240 - Cannot read IP mode file for STMicroelectronics.X-CUBE-BLE2.3.3.0
2025-05-07 14:41:12,192 [WARN] PackLoader:240 - Cannot read IP mode file for STMicroelectronics.X-CUBE-NFC9.1.0.0
2025-05-07 14:41:12,214 [WARN] PackLoader:240 - Cannot read IP mode file for STMicroelectronics.X-CUBE-BLE1.7.1.0
2025-05-07 14:41:12,219 [WARN] PackLoader:240 - Cannot read IP mode file for wolfSSL.I-CUBE-wolfMQTT.1.19.2
2025-05-07 14:41:12,250 [WARN] PackLoader:240 - Cannot read IP mode file for STMicroelectronics.X-CUBE-MEMS1.11.2.0
2025-05-07 14:41:12,333 [WARN] PackLoader:240 - Cannot read IP mode file for STMicroelectronics.X-CUBE-AZRTOS-G0.1.1.0
2025-05-07 14:41:12,338 [WARN] PackLoader:240 - Cannot read IP mode file for STMicroelectronics.X-CUBE-SAFEA1.1.2.2
2025-05-07 14:41:12,342 [WARN] PackLoader:240 - Cannot read IP mode file for STMicroelectronics.X-CUBE-NFC4.3.0.0
2025-05-07 14:41:12,347 [WARN] PackLoader:240 - Cannot read IP mode file for EmbeddedOffice.I-CUBE-FS-RTOS.1.0.1
2025-05-07 14:41:12,350 [WARN] PackLoader:240 - Cannot read IP mode file for STMicroelectronics.X-CUBE-WB05N.2.0.0
2025-05-07 14:41:12,353 [WARN] PackLoader:240 - Cannot read IP mode file for wolfSSL.I-CUBE-wolfTPM.3.8.0
2025-05-07 14:41:12,355 [WARN] PackLoader:240 - Cannot read IP mode file for RealThread.X-CUBE-RT-Thread_Nano.4.1.1
2025-05-07 14:41:12,360 [WARN] PackLoader:240 - Cannot read IP mode file for STMicroelectronics.FP-ATR-SIGFOX1.3.2.0
2025-05-07 14:41:12,362 [WARN] ConditionMgr:438 - getConditionDescription Invalid condition id : Cortex-A Device cause : null
2025-05-07 14:41:12,372 [WARN] ConditionMgr:1044 - genDependencies : Invalid condition id : Cortex-A Device cause : null
2025-05-07 14:41:12,373 [WARN] ConditionMgr:1044 - genDependencies : Invalid condition id : Cortex-A Device cause : null
2025-05-07 14:41:12,373 [WARN] ConditionMgr:1044 - genDependencies : Invalid condition id : Cortex-A Device cause : null
2025-05-07 14:41:12,377 [WARN] PackLoader:240 - Cannot read IP mode file for STMicroelectronics.X-CUBE-EEPRMA1.5.1.0
2025-05-07 14:41:12,381 [WARN] PackLoader:240 - Cannot read IP mode file for ITTIA_DB.I-CUBE-ITTIADB.8.9.0
2025-05-07 14:41:12,395 [WARN] PackLoader:240 - Cannot read IP mode file for SEGGER.I-CUBE-embOS.1.3.1
2025-05-07 14:41:12,420 [WARN] PackLoader:240 - Cannot read IP mode file for STMicroelectronics.X-CUBE-ALGOBUILD.1.4.0
2025-05-07 14:41:12,436 [WARN] PackLoader:240 - Cannot read IP mode file for STMicroelectronics.X-CUBE-AZRTOS-F4.1.1.0
2025-05-07 14:41:12,441 [WARN] PackLoader:240 - Cannot read IP mode file for Avnet-IotConnect.X-CUBE-IoTC-DA16k-PMOD.1.0.0
2025-05-07 14:41:12,444 [WARN] PackLoader:240 - Cannot read IP mode file for STMicroelectronics.X-CUBE-ISPU.2.1.0
2025-05-07 14:41:12,452 [WARN] PackLoader:240 - Cannot read IP mode file for STMicroelectronics.X-CUBE-AZRTOS-L5.2.0.0
2025-05-07 14:41:12,458 [WARN] PackLoader:240 - Cannot read IP mode file for STMicroelectronics.X-CUBE-NFC6.3.1.0
2025-05-07 14:41:12,463 [WARN] PackLoader:240 - Cannot read IP mode file for STMicroelectronics.X-CUBE-DPower.1.2.0
2025-05-07 14:41:12,466 [WARN] PackLoader:240 - Cannot read IP mode file for STMicroelectronics.X-CUBE-NFC7.1.0.1
2025-05-07 14:41:12,468 [WARN] PackLoader:240 - Cannot read IP mode file for STMicroelectronics.X-CUBE-DPower.1.3.0
2025-05-07 14:41:12,477 [WARN] ConditionMgr:438 - getConditionDescription Invalid condition id : LAN8742 Phy interface Condition cause : null
2025-05-07 14:41:12,478 [WARN] PackLoader:240 - Cannot read IP mode file for STMicroelectronics.X-CUBE-AZRTOS-L4.2.0.0
2025-05-07 14:41:12,478 [WARN] ConditionMgr:1044 - genDependencies : Invalid condition id : LAN8742 Phy interface Condition cause : null
2025-05-07 14:41:12,478 [WARN] ConditionMgr:1044 - genDependencies : Invalid condition id : LAN8742 Phy interface Condition cause : null
2025-05-07 14:41:12,479 [WARN] ConditionMgr:1044 - genDependencies : Invalid condition id : LAN8742 Phy interface Condition cause : null
2025-05-07 14:41:12,484 [WARN] PackLoader:240 - Cannot read IP mode file for STMicroelectronics.X-CUBE-SFXS2LP1.4.0.0
2025-05-07 14:41:12,494 [WARN] PackLoader:240 - Cannot read IP mode file for STMicroelectronics.X-CUBE-AZRTOS-H7.3.3.0
2025-05-07 14:41:12,503 [WARN] ConditionMgr:438 - getConditionDescription Invalid condition id : UX DEVICE CLASS RTOS Condition cause : null
2025-05-07 14:41:12,503 [WARN] ConditionMgr:438 - getConditionDescription Invalid condition id : UX DEVICE CLASS RTOS Condition cause : null
2025-05-07 14:41:12,504 [WARN] PackLoader:240 - Cannot read IP mode file for STMicroelectronics.X-CUBE-AZRTOS-WB.2.0.0
2025-05-07 14:41:12,504 [WARN] ConditionMgr:1044 - genDependencies : Invalid condition id : UX DEVICE CLASS RTOS Condition cause : null
2025-05-07 14:41:12,504 [WARN] ConditionMgr:1044 - genDependencies : Invalid condition id : UX DEVICE CLASS RTOS Condition cause : null
2025-05-07 14:41:12,505 [WARN] ConditionMgr:1044 - genDependencies : Invalid condition id : UX DEVICE CLASS RTOS Condition cause : null
2025-05-07 14:41:12,505 [WARN] ConditionMgr:1044 - genDependencies : Invalid condition id : UX DEVICE CLASS RTOS Condition cause : null
2025-05-07 14:41:12,505 [WARN] ConditionMgr:1044 - genDependencies : Invalid condition id : UX DEVICE CLASS RTOS Condition cause : null
2025-05-07 14:41:12,509 [WARN] PackLoader:240 - Cannot read IP mode file for STMicroelectronics.X-CUBE-TOUCHGFX.4.25.0
2025-05-07 14:41:12,512 [WARN] PackLoader:240 - Cannot read IP mode file for STMicroelectronics.FP-SNS-STBOX1.2.0.0
2025-05-07 14:41:12,519 [WARN] PackLoader:240 - Cannot read IP mode file for STMicroelectronics.X-CUBE-SUBG2.5.0.0
2025-05-07 14:41:12,530 [WARN] PackLoader:240 - Cannot read IP mode file for STMicroelectronics.X-CUBE-AZRTOS-H7RS.1.1.0
2025-05-07 14:41:12,535 [WARN] PackLoader:240 - Cannot read IP mode file for Cesanta.I-CUBE-Mongoose.7.13.0
2025-05-07 14:41:12,542 [WARN] PackLoader:240 - Cannot read IP mode file for STMicroelectronics.X-CUBE-AZRTOS-G4.2.0.0
2025-05-07 14:41:12,545 [WARN] PackLoader:240 - Cannot read IP mode file for wolfSSL.I-CUBE-wolfSSH.1.4.20
2025-05-07 14:41:12,548 [WARN] PackLoader:240 - Cannot read IP mode file for STMicroelectronics.X-CUBE-NFC7.2.0.0
2025-05-07 14:41:12,551 [WARN] PackLoader:240 - Cannot read IP mode file for STMicroelectronics.X-CUBE-ALS.1.0.2
2025-05-07 14:41:12,553 [WARN] PackLoader:240 - Cannot read IP mode file for STMicroelectronics.X-CUBE-TOUCHGFX.4.24.2
2025-05-07 14:41:12,556 [WARN] PackLoader:240 - Cannot read IP mode file for portGmbH.I-Cube-SoM-uGOAL.1.1.0
2025-05-07 14:41:12,564 [WARN] PackLoader:240 - Cannot read IP mode file for STMicroelectronics.X-CUBE-AZRTOS-H7RS.1.0.0
2025-05-07 14:41:12,578 [WARN] PackLoader:240 - Cannot read IP mode file for STMicroelectronics.X-CUBE-TOF1.3.4.2
2025-05-07 14:41:12,590 [WARN] PackLoader:240 - Cannot read IP mode file for STMicroelectronics.X-CUBE-TOF1.3.4.3
2025-05-07 14:41:12,599 [INFO] ThirdParty:978 - Integrity check success = true
2025-05-07 14:41:12,599 [INFO] IntegrityCheckThread:100 - exiting critical section [integrity check]
2025-05-07 14:41:12,599 [INFO] IntegrityCheckThread:103 - End integrity checks thread
2025-05-07 17:01:09,074 [ERROR] LogOutputStream:75 - [STDERR_REDIRECT] 
2025-05-07 17:01:09,076 [ERROR] LogOutputStream:75 - [STDERR_REDIRECT] 
