2025-06-13 11:40:13,245 [INFO] Activator:176 - 


2025-06-13 11:40:13,250 [INFO] Activator:177 - !SESSION log4j initialized
2025-06-13 11:40:19,089 [INFO] LogOutputStream:77 - [STDOUT_REDIRECT] 
2025-06-13 11:40:21,794 [INFO] ApplicationProperties:184 - Using Application install path: D:\stm32cubeIDE\STM32CubeIDE_1.17.0\STM32CubeIDE\plugins\com.st.stm32cube.common.mx_6.13.0.202411220809
2025-06-13 11:40:21,811 [INFO] DbMcusXml:78 - Set database path to: D:\stm32cubeIDE\STM32CubeIDE_1.17.0\STM32CubeIDE\plugins\com.st.stm32cube.common.mx_6.13.0.202411220809\\db\/mcu/
2025-06-13 11:40:21,811 [INFO] ApiDb:274 - Set plugin database path to: D:\stm32cubeIDE\STM32CubeIDE_1.17.0\STM32CubeIDE\plugins\com.st.stm32cube.common.mx_6.13.0.202411220809\\db\/plugins/boardmanager/
2025-06-13 11:40:21,813 [WARN] ApiDb:259 - Overriding images path with different value:  => D:\stm32cubeIDE\STM32CubeIDE_1.17.0\STM32CubeIDE\plugins\com.st.stm32cube.common.mx_6.13.0.202411220809\\db\/plugins/mcufinder/images/
2025-06-13 11:40:21,823 [INFO] ApiDb:250 - Set database path to: C:\Users\LEGION\.stmcufinder\plugins\mcufinder//mcu/
2025-06-13 11:40:21,824 [INFO] DbMcusAds:125 - Set database path to: C:\Users\LEGION\.stmcufinder\plugins\mcufinder//mcu/
2025-06-13 11:40:21,827 [INFO] CrossReferenceDbSqlite:203 - Set database path to: C:\Users\LEGION\.stmcufinder\plugins\mcufinder//mcu/cs/
2025-06-13 11:40:21,926 [INFO] RulesReader:64 - Compatibility file has been processed (297 Rules)
2025-06-13 11:40:22,006 [INFO] DbMcusXml:78 - Set database path to: D:\stm32cubeIDE\STM32CubeIDE_1.17.0\STM32CubeIDE\plugins\com.st.stm32cube.common.mx_6.13.0.202411220809\\db\/mcu/
2025-06-13 11:40:22,006 [INFO] ApiDb:274 - Set plugin database path to: D:\stm32cubeIDE\STM32CubeIDE_1.17.0\STM32CubeIDE\plugins\com.st.stm32cube.common.mx_6.13.0.202411220809\\db\/plugins/boardmanager/
2025-06-13 11:40:22,006 [INFO] ApiDb:261 - Set plugin images path to: D:\stm32cubeIDE\STM32CubeIDE_1.17.0\STM32CubeIDE\plugins\com.st.stm32cube.common.mx_6.13.0.202411220809\\db\/plugins/mcufinder/images/
2025-06-13 11:40:22,006 [WARN] DbFile:41 - Overriding database path with different value: C:\Users\LEGION\.stmcufinder\plugins\mcufinder/ => C:\Users\LEGION\.stmcufinder\plugins\mcufinder
2025-06-13 11:40:22,006 [INFO] ApiDb:250 - Set database path to: C:\Users\LEGION\.stmcufinder\plugins\mcufinder//mcu/
2025-06-13 11:40:22,006 [WARN] DbFile:41 - Overriding database path with different value: C:\Users\LEGION\.stmcufinder\plugins\mcufinder/ => C:\Users\LEGION\.stmcufinder\plugins\mcufinder
2025-06-13 11:40:22,006 [INFO] DbMcusAds:125 - Set database path to: C:\Users\LEGION\.stmcufinder\plugins\mcufinder//mcu/
2025-06-13 11:40:22,006 [WARN] DbFile:41 - Overriding database path with different value: C:\Users\LEGION\.stmcufinder\plugins\mcufinder/ => C:\Users\LEGION\.stmcufinder\plugins\mcufinder
2025-06-13 11:40:22,006 [WARN] DbFile:41 - Overriding database path with different value: C:\Users\LEGION\.stmcufinder\plugins\mcufinder/ => C:\Users\LEGION\.stmcufinder\plugins\mcufinder
2025-06-13 11:40:22,006 [INFO] CrossReferenceDbSqlite:203 - Set database path to: C:\Users\LEGION\.stmcufinder\plugins\mcufinder//mcu/cs/
2025-06-13 11:40:22,078 [INFO] MainPanel:272 - HeapMemory: 268435456
2025-06-13 11:40:22,186 [INFO] DbMcusXml:78 - Set database path to: D:\stm32cubeIDE\STM32CubeIDE_1.17.0\STM32CubeIDE\plugins\com.st.stm32cube.common.mx_6.13.0.202411220809\\db\/mcu/
2025-06-13 11:40:22,186 [INFO] ApiDb:274 - Set plugin database path to: D:\stm32cubeIDE\STM32CubeIDE_1.17.0\STM32CubeIDE\plugins\com.st.stm32cube.common.mx_6.13.0.202411220809\\db\/plugins/boardmanager/
2025-06-13 11:40:22,186 [INFO] ApiDb:261 - Set plugin images path to: D:\stm32cubeIDE\STM32CubeIDE_1.17.0\STM32CubeIDE\plugins\com.st.stm32cube.common.mx_6.13.0.202411220809\\db\/plugins/mcufinder/images/
2025-06-13 11:40:22,187 [WARN] DbFile:41 - Overriding database path with different value: C:\Users\LEGION\.stmcufinder\plugins\mcufinder/ => C:\Users\LEGION\.stmcufinder\plugins\mcufinder
2025-06-13 11:40:22,187 [INFO] ApiDb:250 - Set database path to: C:\Users\LEGION\.stmcufinder\plugins\mcufinder//mcu/
2025-06-13 11:40:22,187 [WARN] DbFile:41 - Overriding database path with different value: C:\Users\LEGION\.stmcufinder\plugins\mcufinder/ => C:\Users\LEGION\.stmcufinder\plugins\mcufinder
2025-06-13 11:40:22,187 [INFO] DbMcusAds:125 - Set database path to: C:\Users\LEGION\.stmcufinder\plugins\mcufinder//mcu/
2025-06-13 11:40:22,187 [WARN] DbFile:41 - Overriding database path with different value: C:\Users\LEGION\.stmcufinder\plugins\mcufinder/ => C:\Users\LEGION\.stmcufinder\plugins\mcufinder
2025-06-13 11:40:22,187 [WARN] DbFile:41 - Overriding database path with different value: C:\Users\LEGION\.stmcufinder\plugins\mcufinder/ => C:\Users\LEGION\.stmcufinder\plugins\mcufinder
2025-06-13 11:40:22,187 [INFO] CrossReferenceDbSqlite:203 - Set database path to: C:\Users\LEGION\.stmcufinder\plugins\mcufinder//mcu/cs/
2025-06-13 11:40:22,205 [INFO] ApplicationProperties:184 - Using Application install path: D:\stm32cubeIDE\STM32CubeIDE_1.17.0\STM32CubeIDE\plugins\com.st.stm32cube.common.mx_6.13.0.202411220809
2025-06-13 11:40:22,207 [INFO] PluginManage:196 - Search for loadable plugins [exclusion list=, ]
2025-06-13 11:40:22,208 [INFO] PluginManage:310 - Check plugin analytics
2025-06-13 11:40:22,359 [INFO] AnalyticsPlugin:253 - Accepted Software Licenses: 
2025-06-13 11:40:22,360 [INFO] AnalyticsPlugin:255 - Accepted CMSIS Pack Licenses: 
2025-06-13 11:40:22,360 [INFO] AnalyticsPlugin:257 - Accepted Firmware Licenses: FW.F4.1.28.0
2025-06-13 11:40:22,363 [INFO] PluginManage:359 - Loaded plugin analytics (category:tool,tabindex:-1)
2025-06-13 11:40:22,363 [INFO] PluginManage:310 - Check plugin cadmodel
2025-06-13 11:40:22,384 [INFO] CADModel:105 - Init CAD model plugin
2025-06-13 11:40:22,384 [INFO] PluginManage:359 - Loaded plugin cadmodel (category:power,tabindex:5)
2025-06-13 11:40:22,384 [INFO] PluginManage:310 - Check plugin clock
2025-06-13 11:40:22,408 [INFO] PluginManage:359 - Loaded plugin clock (category:base,tabindex:2)
2025-06-13 11:40:22,409 [INFO] PluginManage:310 - Check plugin ddr
2025-06-13 11:40:22,412 [INFO] PluginManage:359 - Loaded plugin ddr (category:tool,tabindex:6)
2025-06-13 11:40:22,412 [INFO] PluginManage:310 - Check plugin filemanager
2025-06-13 11:40:22,562 [INFO] PluginManage:359 - Loaded plugin filemanager (category:base,tabindex:10)
2025-06-13 11:40:22,562 [INFO] PluginManage:310 - Check plugin ipmanager
2025-06-13 11:40:22,570 [INFO] PluginManage:359 - Loaded plugin ipmanager (category:base,tabindex:5)
2025-06-13 11:40:22,570 [INFO] PluginManage:310 - Check plugin lpbam
2025-06-13 11:40:22,591 [INFO] PluginManage:359 - Loaded plugin lpbam (category:base,tabindex:0)
2025-06-13 11:40:22,591 [INFO] PluginManage:310 - Check plugin memorymap
2025-06-13 11:40:22,621 [INFO] PluginManage:359 - Loaded plugin memorymap (category:base,tabindex:4)
2025-06-13 11:40:22,621 [INFO] PluginManage:310 - Check plugin pinoutandconfiguration
2025-06-13 11:40:22,647 [INFO] PluginManage:359 - Loaded plugin pinoutandconfiguration (category:base,tabindex:1)
2025-06-13 11:40:22,647 [INFO] PluginManage:310 - Check plugin pinoutconfig
2025-06-13 11:40:22,748 [WARN] SupportedApi:132 - Cannot load RTOS API schema: s4s-elt-must-match.1: The content of 'definitions' must match (annotation?, (simpleType | complexType)?, (unique | key | keyref)*)). A problem was found starting at: attribute.
2025-06-13 11:40:22,886 [INFO] PluginManage:359 - Loaded plugin pinoutconfig (category:base,tabindex:0)
2025-06-13 11:40:22,886 [INFO] PluginManage:310 - Check plugin power
2025-06-13 11:40:22,908 [INFO] PluginManage:359 - Loaded plugin power (category:power,tabindex:4)
2025-06-13 11:40:22,908 [INFO] PluginManage:310 - Check plugin projectmanager
2025-06-13 11:40:22,922 [INFO] PluginManage:359 - Loaded plugin projectmanager (category:projectmanager,tabindex:4)
2025-06-13 11:40:22,923 [INFO] PluginManage:310 - Check plugin rif
2025-06-13 11:40:22,942 [INFO] PluginManage:359 - Loaded plugin rif (category:base,tabindex:3)
2025-06-13 11:40:22,942 [INFO] PluginManage:310 - Check plugin thirdparty
2025-06-13 11:40:23,231 [INFO] PluginManage:359 - Loaded plugin thirdparty (category:base,tabindex:-1)
2025-06-13 11:40:23,231 [WARN] IntegrityCheckThread:84 - waiting for thirdparty lock release [integrity check]
2025-06-13 11:40:23,232 [INFO] PluginManage:310 - Check plugin tools
2025-06-13 11:40:23,232 [INFO] IntegrityCheckThread:86 - entering critical section [integrity check]
2025-06-13 11:40:23,232 [INFO] ThirdPartyUpdaterWithRetryManager:70 - Updater plugin not ready yet. [1/15]
2025-06-13 11:40:23,270 [INFO] PluginManage:359 - Loaded plugin tools (category:base,tabindex:7)
2025-06-13 11:40:23,270 [INFO] PluginManage:310 - Check plugin tutovideos
2025-06-13 11:40:23,456 [INFO] PluginManage:359 - Loaded plugin tutovideos (category:base,tabindex:-1)
2025-06-13 11:40:23,457 [INFO] PluginManage:310 - Check plugin updater
2025-06-13 11:40:23,477 [INFO] PluginManage:359 - Loaded plugin updater (category:base,tabindex:12)
2025-06-13 11:40:23,478 [INFO] PluginManage:310 - Check plugin userauth
2025-06-13 11:40:23,482 [INFO] UserAuth:118 - Init User Auth plugin
2025-06-13 11:40:23,483 [INFO] PluginManage:359 - Loaded plugin userauth (category:base,tabindex:14)
2025-06-13 11:40:23,484 [INFO] PluginManage:283 - PluginManage : Loaded plugins [18]
2025-06-13 11:40:23,738 [INFO] PinOutPanel:1589 - setPackage(No Configuration,No Configuration)
2025-06-13 11:40:23,860 [INFO] CADModel:165 - CPN selected for project level
2025-06-13 11:40:23,861 [INFO] CADModel:114 - Register for checkConnection events
2025-06-13 11:40:23,894 [INFO] IPUIPlugin:80 - create IPUIPlugin
2025-06-13 11:40:23,894 [INFO] PluginManager:220 - loadIPPluginJar : add adc
2025-06-13 11:40:23,961 [INFO] IPUIPlugin:80 - create IPUIPlugin
2025-06-13 11:40:23,962 [INFO] PluginManager:220 - loadIPPluginJar : add aes
2025-06-13 11:40:24,031 [INFO] IPUIPlugin:80 - create IPUIPlugin
2025-06-13 11:40:24,031 [INFO] PluginManager:220 - loadIPPluginJar : add can
2025-06-13 11:40:24,073 [INFO] IPUIPlugin:80 - create IPUIPlugin
2025-06-13 11:40:24,074 [INFO] PluginManager:220 - loadIPPluginJar : add comp
2025-06-13 11:40:24,116 [INFO] IPUIPlugin:80 - create IPUIPlugin
2025-06-13 11:40:24,117 [INFO] PluginManager:220 - loadIPPluginJar : add cryp
2025-06-13 11:40:24,136 [INFO] IPUIPlugin:80 - create IPUIPlugin
2025-06-13 11:40:24,136 [INFO] PluginManager:220 - loadIPPluginJar : add ddr_ctrl_phy
2025-06-13 11:40:24,183 [INFO] IPUIPlugin:80 - create IPUIPlugin
2025-06-13 11:40:24,183 [INFO] PluginManager:220 - loadIPPluginJar : add dfsdm
2025-06-13 11:40:24,203 [INFO] IPUIPlugin:80 - create IPUIPlugin
2025-06-13 11:40:24,204 [INFO] PluginManager:220 - loadIPPluginJar : add dma
2025-06-13 11:40:24,288 [INFO] IPUIPlugin:80 - create IPUIPlugin
2025-06-13 11:40:24,288 [INFO] PluginManager:220 - loadIPPluginJar : add dma3
2025-06-13 11:40:24,368 [INFO] IPUIPlugin:80 - create IPUIPlugin
2025-06-13 11:40:24,368 [INFO] PluginManager:220 - loadIPPluginJar : add extmemmanager
2025-06-13 11:40:24,410 [INFO] IPUIPlugin:80 - create IPUIPlugin
2025-06-13 11:40:24,410 [INFO] PluginManager:220 - loadIPPluginJar : add fatfs
2025-06-13 11:40:24,501 [INFO] IPUIPlugin:80 - create IPUIPlugin
2025-06-13 11:40:24,502 [INFO] PluginManager:220 - loadIPPluginJar : add fmc
2025-06-13 11:40:24,529 [INFO] IPUIPlugin:80 - create IPUIPlugin
2025-06-13 11:40:24,530 [INFO] PluginManager:220 - loadIPPluginJar : add freertos
2025-06-13 11:40:24,586 [INFO] IPUIPlugin:80 - create IPUIPlugin
2025-06-13 11:40:24,586 [INFO] PluginManager:220 - loadIPPluginJar : add genericplugin
2025-06-13 11:40:24,773 [INFO] IPUIPlugin:80 - create IPUIPlugin
2025-06-13 11:40:24,774 [INFO] PluginManager:220 - loadIPPluginJar : add gfxmmu
2025-06-13 11:40:25,007 [INFO] IPUIPlugin:80 - create IPUIPlugin
2025-06-13 11:40:25,007 [INFO] PluginManager:220 - loadIPPluginJar : add gic
2025-06-13 11:40:25,039 [INFO] IPUIPlugin:80 - create IPUIPlugin
2025-06-13 11:40:25,040 [INFO] PluginManager:220 - loadIPPluginJar : add gpio
2025-06-13 11:40:25,279 [INFO] IPUIPlugin:80 - create IPUIPlugin
2025-06-13 11:40:25,280 [INFO] PluginManager:220 - loadIPPluginJar : add gtzc
2025-06-13 11:40:25,355 [INFO] IPUIPlugin:80 - create IPUIPlugin
2025-06-13 11:40:25,355 [INFO] PluginManager:220 - loadIPPluginJar : add hash
2025-06-13 11:40:25,486 [INFO] IPUIPlugin:80 - create IPUIPlugin
2025-06-13 11:40:25,486 [INFO] PluginManager:220 - loadIPPluginJar : add i2c
2025-06-13 11:40:25,554 [INFO] IPUIPlugin:80 - create IPUIPlugin
2025-06-13 11:40:25,554 [INFO] PluginManager:220 - loadIPPluginJar : add i2s
2025-06-13 11:40:25,663 [INFO] IPUIPlugin:80 - create IPUIPlugin
2025-06-13 11:40:25,664 [INFO] PluginManager:220 - loadIPPluginJar : add i3c
2025-06-13 11:40:25,908 [INFO] IPUIPlugin:80 - create IPUIPlugin
2025-06-13 11:40:25,908 [INFO] PluginManager:220 - loadIPPluginJar : add ipddr
2025-06-13 11:40:26,156 [INFO] IPUIPlugin:80 - create IPUIPlugin
2025-06-13 11:40:26,157 [INFO] PluginManager:220 - loadIPPluginJar : add linkedlist
2025-06-13 11:40:26,227 [INFO] IPUIPlugin:80 - create IPUIPlugin
2025-06-13 11:40:26,227 [INFO] PluginManager:220 - loadIPPluginJar : add lorawan
2025-06-13 11:40:26,233 [INFO] ThirdPartyUpdaterWithRetryManager:70 - Updater plugin not ready yet. [2/15]
2025-06-13 11:40:26,307 [INFO] IPUIPlugin:80 - create IPUIPlugin
2025-06-13 11:40:26,307 [INFO] PluginManager:220 - loadIPPluginJar : add ltdc
2025-06-13 11:40:26,332 [INFO] IPUIPlugin:80 - create IPUIPlugin
2025-06-13 11:40:26,332 [INFO] PluginManager:220 - loadIPPluginJar : add mdma
2025-06-13 11:40:26,358 [INFO] IPUIPlugin:80 - create IPUIPlugin
2025-06-13 11:40:26,358 [INFO] PluginManager:220 - loadIPPluginJar : add nvic
2025-06-13 11:40:26,439 [INFO] IPUIPlugin:80 - create IPUIPlugin
2025-06-13 11:40:26,439 [INFO] PluginManager:220 - loadIPPluginJar : add opamp
2025-06-13 11:40:26,596 [INFO] IPUIPlugin:80 - create IPUIPlugin
2025-06-13 11:40:26,596 [INFO] PluginManager:220 - loadIPPluginJar : add openamp
2025-06-13 11:40:26,691 [INFO] IPUIPlugin:80 - create IPUIPlugin
2025-06-13 11:40:26,691 [INFO] PluginManager:220 - loadIPPluginJar : add pdm2pcm
2025-06-13 11:40:26,718 [INFO] IPUIPlugin:80 - create IPUIPlugin
2025-06-13 11:40:26,721 [INFO] PluginManager:220 - loadIPPluginJar : add plateformsettings
2025-06-13 11:40:26,761 [INFO] IPUIPlugin:80 - create IPUIPlugin
2025-06-13 11:40:26,761 [INFO] PluginManager:220 - loadIPPluginJar : add quadspi
2025-06-13 11:40:26,817 [INFO] IPUIPlugin:80 - create IPUIPlugin
2025-06-13 11:40:26,817 [INFO] PluginManager:220 - loadIPPluginJar : add radio
2025-06-13 11:40:26,843 [INFO] IPUIPlugin:80 - create IPUIPlugin
2025-06-13 11:40:26,843 [INFO] PluginManager:220 - loadIPPluginJar : add resmgrutility
2025-06-13 11:40:26,930 [INFO] IPUIPlugin:80 - create IPUIPlugin
2025-06-13 11:40:26,930 [INFO] PluginManager:220 - loadIPPluginJar : add sai
2025-06-13 11:40:26,983 [INFO] IPUIPlugin:80 - create IPUIPlugin
2025-06-13 11:40:26,983 [INFO] PluginManager:220 - loadIPPluginJar : add spi
2025-06-13 11:40:27,098 [INFO] IPUIPlugin:80 - create IPUIPlugin
2025-06-13 11:40:27,098 [INFO] PluginManager:220 - loadIPPluginJar : add stm32_wpan
2025-06-13 11:40:27,144 [INFO] IPUIPlugin:80 - create IPUIPlugin
2025-06-13 11:40:27,144 [INFO] PluginManager:220 - loadIPPluginJar : add tim
2025-06-13 11:40:27,243 [INFO] IPUIPlugin:80 - create IPUIPlugin
2025-06-13 11:40:27,243 [INFO] PluginManager:220 - loadIPPluginJar : add touchsensing
2025-06-13 11:40:27,274 [INFO] IPUIPlugin:80 - create IPUIPlugin
2025-06-13 11:40:27,274 [INFO] PluginManager:220 - loadIPPluginJar : add tracer_emb
2025-06-13 11:40:27,317 [INFO] IPUIPlugin:80 - create IPUIPlugin
2025-06-13 11:40:27,318 [INFO] PluginManager:220 - loadIPPluginJar : add ts
2025-06-13 11:40:27,349 [INFO] IPUIPlugin:80 - create IPUIPlugin
2025-06-13 11:40:27,349 [INFO] PluginManager:220 - loadIPPluginJar : add tsc
2025-06-13 11:40:27,390 [INFO] IPUIPlugin:80 - create IPUIPlugin
2025-06-13 11:40:27,390 [INFO] PluginManager:220 - loadIPPluginJar : add ucpd
2025-06-13 11:40:27,457 [INFO] IPUIPlugin:80 - create IPUIPlugin
2025-06-13 11:40:27,457 [INFO] PluginManager:220 - loadIPPluginJar : add usart
2025-06-13 11:40:27,530 [INFO] IPUIPlugin:80 - create IPUIPlugin
2025-06-13 11:40:27,530 [INFO] PluginManager:220 - loadIPPluginJar : add usbx
2025-06-13 11:40:27,693 [FATAL] Updater:351 - Updater called before beeing initialized
2025-06-13 11:40:27,729 [INFO] RulesReader:64 - Compatibility file has been processed (297 Rules)
2025-06-13 11:40:27,748 [INFO] RulesReader:64 - Compatibility file has been processed (297 Rules)
2025-06-13 11:40:27,754 [INFO] CADModel:165 - CPN selected for project level
2025-06-13 11:40:27,758 [INFO] CADModel:114 - Register for checkConnection events
2025-06-13 11:40:27,758 [FATAL] Updater:351 - Updater called before beeing initialized
2025-06-13 11:40:27,758 [ERROR] CADModel:125 - Updater not yet initialized, retry later 
2025-06-13 11:40:27,999 [FATAL] Updater:351 - Updater called before beeing initialized
2025-06-13 11:40:28,002 [INFO] CADModel:165 - CPN selected for project level
2025-06-13 11:40:28,002 [INFO] CADModel:114 - Register for checkConnection events
2025-06-13 11:40:28,003 [FATAL] Updater:351 - Updater called before beeing initialized
2025-06-13 11:40:28,003 [ERROR] CADModel:125 - Updater not yet initialized, retry later 
2025-06-13 11:40:28,007 [FATAL] Updater:351 - Updater called before beeing initialized
2025-06-13 11:40:28,153 [FATAL] Updater:351 - Updater called before beeing initialized
2025-06-13 11:40:28,170 [INFO] DbMcusAds:53 - JSON generation date=Wed May 07 16:07:55 ICT 2025 (1746608875484)
2025-06-13 11:40:28,170 [FATAL] Updater:351 - Updater called before beeing initialized
2025-06-13 11:40:28,278 [WARN] DetailPanel:346 - Failed to get advertising image, set to default
2025-06-13 11:40:28,577 [FATAL] Updater:351 - Updater called before beeing initialized
2025-06-13 11:40:28,580 [FATAL] Updater:351 - Updater called before beeing initialized
2025-06-13 11:40:28,580 [FATAL] Updater:351 - Updater called before beeing initialized
2025-06-13 11:40:28,580 [WARN] DetailPanel:346 - Failed to get advertising image, set to default
2025-06-13 11:40:28,581 [FATAL] Updater:351 - Updater called before beeing initialized
2025-06-13 11:40:28,661 [ERROR] Updater:1198 - MainUpdater not yet initialized. External WinMGr cannot be set.
2025-06-13 11:40:28,676 [INFO] Updater:1134 - Updater Version found : 6.13.0
2025-06-13 11:40:28,700 [INFO] ApplicationProperties:184 - Using Application install path: D:\stm32cubeIDE\STM32CubeIDE_1.17.0\STM32CubeIDE\plugins\com.st.stm32cube.common.mx_6.13.0.202411220809
2025-06-13 11:40:29,243 [INFO] ThirdPartyUpdaterWithRetryManager:70 - Updater plugin not ready yet. [3/15]
2025-06-13 11:40:30,328 [ERROR] LogOutputStream:75 - [STDERR_REDIRECT] Jun 13, 2025 11:40:30 AM java.util.prefs.WindowsPreferences <init>
2025-06-13 11:40:30,329 [ERROR] LogOutputStream:75 - [STDERR_REDIRECT] WARNING: Could not open/create prefs root node Software\JavaSoft\Prefs at root 0xffffffff80000002. Windows RegCreateKeyEx(...) returned error code 5.
2025-06-13 11:40:30,330 [ERROR] LogOutputStream:75 - [STDERR_REDIRECT] 
2025-06-13 11:40:30,823 [INFO] MainUpdater:2872 - connection check result : 10
2025-06-13 11:40:30,824 [INFO] MainUpdater:289 - Updater Check For Update Now.
2025-06-13 11:40:30,824 [INFO] MicroXplorer:498 - Change Database Version : DB.6.0.130
2025-06-13 11:40:30,847 [INFO] McuFinderGlobals:63 - Set McuFinder mode to 2 (CubeIDE integrated)
2025-06-13 11:40:30,848 [INFO] UserAuth:171 - activating auth plugin
2025-06-13 11:40:30,853 [INFO] UserAuth:486 - Internet connection configuration mode: 1
2025-06-13 11:40:30,894 [INFO] JxBrowserEngine:152 - Initiate JxBrowser Engine with user profile folder
2025-06-13 11:40:31,108 [INFO] CheckServerUpdateThread:120 - End of CheckServer Thread
2025-06-13 11:40:31,942 [INFO] WebApp:168 - Instantiating new browser for Auth
2025-06-13 11:40:32,681 [WARN] PackLoader:240 - Cannot read IP mode file for STMicroelectronics.FP-SNS-MOTENVWB1.1.4.0
2025-06-13 11:40:32,705 [WARN] PackLoader:240 - Cannot read IP mode file for STMicroelectronics.FP-ATR-ASTRA1.2.0.2
2025-06-13 11:40:32,721 [WARN] PackLoader:240 - Cannot read IP mode file for STMicroelectronics.FP-ATR-ASTRA1.2.0.1
2025-06-13 11:40:32,745 [WARN] PackLoader:240 - Cannot read IP mode file for STMicroelectronics.X-CUBE-SMBUS.2.1.0
2025-06-13 11:40:32,793 [WARN] PackLoader:240 - Cannot read IP mode file for STMicroelectronics.X-CUBE-WB05N.1.1.0
2025-06-13 11:40:32,822 [WARN] PackLoader:240 - Cannot read IP mode file for STMicroelectronics.X-CUBE-ST60.1.0.0
2025-06-13 11:40:32,890 [WARN] PackLoader:240 - Cannot read IP mode file for STMicroelectronics.X-CUBE-AZRTOS-F7.1.1.0
2025-06-13 11:40:32,916 [INFO] WebApp:449 - Apply proxy settings
2025-06-13 11:40:32,916 [INFO] WebApp:534 - Chromium requires no authentication
2025-06-13 11:40:32,919 [WARN] PackLoader:240 - Cannot read IP mode file for STMicroelectronics.FP-SNS-FLIGHT1.5.0.2
2025-06-13 11:40:32,936 [INFO] WebApp:477 - Direct internet connection detected
2025-06-13 11:40:32,973 [WARN] PackLoader:240 - Cannot read IP mode file for Infineon.AIROC-Wi-Fi-Bluetooth-STM32.1.7.0
2025-06-13 11:40:32,992 [INFO] WebApp:880 - Register for checkConnection events
2025-06-13 11:40:32,992 [INFO] WebApp:449 - Apply proxy settings
2025-06-13 11:40:32,993 [INFO] WebApp:534 - Chromium requires no authentication
2025-06-13 11:40:32,993 [INFO] WebApp:477 - Direct internet connection detected
2025-06-13 11:40:33,009 [WARN] PackLoader:240 - Cannot read IP mode file for STMicroelectronics.X-CUBE-DISPLAY.3.0.0
2025-06-13 11:40:33,039 [WARN] PackLoader:240 - Cannot read IP mode file for STMicroelectronics.X-CUBE-BLE1.7.0.0
2025-06-13 11:40:33,066 [WARN] PackLoader:240 - Cannot read IP mode file for STMicroelectronics.X-CUBE-NFC10.1.0.0
2025-06-13 11:40:33,093 [WARN] PackLoader:240 - Cannot read IP mode file for emotas.I-CUBE-CANOPEN.1.3.0
2025-06-13 11:40:33,118 [WARN] PackLoader:240 - Cannot read IP mode file for STMicroelectronics.X-CUBE-AI.10.0.0
2025-06-13 11:40:33,141 [WARN] PackLoader:240 - Cannot read IP mode file for STMicroelectronics.FP-SNS-SMARTAG2.1.2.0
2025-06-13 11:40:33,156 [INFO] WebApp:187 - Connection restablished
2025-06-13 11:40:33,162 [WARN] PackLoader:240 - Cannot read IP mode file for STMicroelectronics.FP-SNS-FLIGHT1.5.1.0
2025-06-13 11:40:33,269 [WARN] PackLoader:240 - Cannot read IP mode file for STMicroelectronics.X-CUBE-MEMS1.11.1.0
2025-06-13 11:40:33,454 [INFO] WebApp:221 - Starting web application
2025-06-13 11:40:33,454 [INFO] WebApp:579 - Web application path used D:\stm32cubeIDE\STM32CubeIDE_1.17.0\STM32CubeIDE\plugins\com.st.stm32cube.common.mx_6.13.0.202411220809\db\plugins\mcufinder\reactClient1\index.html
2025-06-13 11:40:33,530 [INFO] LogOutputStream:77 - [STDOUT_REDIRECT] 1 : Invalid condition id : UX_CORESTACK_Condition cause : null
2025-06-13 11:40:33,533 [INFO] LogOutputStream:77 - [STDOUT_REDIRECT] 1 : Invalid condition id : UX_CORESTACK_Condition cause : null
2025-06-13 11:40:33,534 [INFO] LogOutputStream:77 - [STDOUT_REDIRECT] 1 : Invalid condition id : UX_CORESTACK_Condition cause : null
2025-06-13 11:40:33,535 [INFO] LogOutputStream:77 - [STDOUT_REDIRECT] 1 : Invalid condition id : UX_CORESTACK_Condition cause : null
2025-06-13 11:40:33,537 [INFO] LogOutputStream:77 - [STDOUT_REDIRECT] 1 : Invalid condition id : UX_CORESTACK_Condition cause : null
2025-06-13 11:40:33,540 [WARN] PackLoader:240 - Cannot read IP mode file for STMicroelectronics.X-CUBE-AZRTOS-WL.2.0.0
2025-06-13 11:40:33,566 [WARN] PackLoader:240 - Cannot read IP mode file for STMicroelectronics.FP-SNS-MOTENV1.5.0.0
2025-06-13 11:40:33,593 [WARN] PackLoader:240 - Cannot read IP mode file for WES.I-CUBE-Cesium.1.3.0
2025-06-13 11:40:33,615 [WARN] PackLoader:240 - Cannot read IP mode file for STMicroelectronics.X-CUBE-BLE2.3.3.0
2025-06-13 11:40:33,637 [WARN] PackLoader:240 - Cannot read IP mode file for STMicroelectronics.X-CUBE-NFC9.1.0.0
2025-06-13 11:40:33,662 [WARN] PackLoader:240 - Cannot read IP mode file for STMicroelectronics.X-CUBE-BLE1.7.1.0
2025-06-13 11:40:33,681 [WARN] PackLoader:240 - Cannot read IP mode file for wolfSSL.I-CUBE-wolfMQTT.1.19.2
2025-06-13 11:40:33,700 [WARN] PackLoader:240 - Cannot read IP mode file for STMicroelectronics.X-CUBE-AI.10.1.0
2025-06-13 11:40:33,775 [WARN] PackLoader:240 - Cannot read IP mode file for STMicroelectronics.X-CUBE-MEMS1.11.2.0
2025-06-13 11:40:33,919 [WARN] PackLoader:240 - Cannot read IP mode file for STMicroelectronics.X-CUBE-AZRTOS-G0.1.1.0
2025-06-13 11:40:33,946 [WARN] PackLoader:240 - Cannot read IP mode file for STMicroelectronics.X-CUBE-SAFEA1.1.2.2
2025-06-13 11:40:33,970 [WARN] PackLoader:240 - Cannot read IP mode file for STMicroelectronics.X-CUBE-NFC4.3.0.0
2025-06-13 11:40:33,998 [WARN] PackLoader:240 - Cannot read IP mode file for EmbeddedOffice.I-CUBE-FS-RTOS.1.0.1
2025-06-13 11:40:34,019 [WARN] PackLoader:240 - Cannot read IP mode file for STMicroelectronics.X-CUBE-WB05N.2.0.0
2025-06-13 11:40:34,043 [WARN] PackLoader:240 - Cannot read IP mode file for wolfSSL.I-CUBE-wolfTPM.3.8.0
2025-06-13 11:40:34,064 [WARN] PackLoader:240 - Cannot read IP mode file for RealThread.X-CUBE-RT-Thread_Nano.4.1.1
2025-06-13 11:40:34,084 [WARN] PackLoader:240 - Cannot read IP mode file for STMicroelectronics.FP-ATR-SIGFOX1.3.2.0
2025-06-13 11:40:34,106 [WARN] ConditionMgr:438 - getConditionDescription Invalid condition id : Cortex-A Device cause : null
2025-06-13 11:40:34,138 [WARN] ConditionMgr:1044 - genDependencies : Invalid condition id : Cortex-A Device cause : null
2025-06-13 11:40:34,138 [WARN] ConditionMgr:1044 - genDependencies : Invalid condition id : Cortex-A Device cause : null
2025-06-13 11:40:34,138 [WARN] ConditionMgr:1044 - genDependencies : Invalid condition id : Cortex-A Device cause : null
2025-06-13 11:40:34,163 [WARN] PackLoader:240 - Cannot read IP mode file for STMicroelectronics.X-CUBE-EEPRMA1.5.1.0
2025-06-13 11:40:34,186 [WARN] PackLoader:240 - Cannot read IP mode file for ITTIA_DB.I-CUBE-ITTIADB.8.9.0
2025-06-13 11:40:34,209 [WARN] PackLoader:240 - Cannot read IP mode file for STMicroelectronics.X-CUBE-ST67W61.1.0.0
2025-06-13 11:40:34,266 [WARN] PackLoader:240 - Cannot read IP mode file for SEGGER.I-CUBE-embOS.1.3.1
2025-06-13 11:40:34,316 [WARN] PackLoader:240 - Cannot read IP mode file for STMicroelectronics.X-CUBE-ALGOBUILD.1.4.0
2025-06-13 11:40:34,384 [WARN] PackLoader:240 - Cannot read IP mode file for STMicroelectronics.X-CUBE-MEMS1.11.3.0
2025-06-13 11:40:34,558 [WARN] PackLoader:240 - Cannot read IP mode file for STMicroelectronics.X-CUBE-AZRTOS-F4.1.1.0
2025-06-13 11:40:34,597 [WARN] PackLoader:240 - Cannot read IP mode file for Avnet-IotConnect.X-CUBE-IoTC-DA16k-PMOD.1.0.0
2025-06-13 11:40:34,619 [WARN] PackLoader:240 - Cannot read IP mode file for STMicroelectronics.X-CUBE-ISPU.2.1.0
2025-06-13 11:40:34,662 [WARN] PackLoader:240 - Cannot read IP mode file for STMicroelectronics.X-CUBE-AZRTOS-L5.2.0.0
2025-06-13 11:40:34,691 [WARN] PackLoader:240 - Cannot read IP mode file for STMicroelectronics.X-CUBE-NFC6.3.1.0
2025-06-13 11:40:34,714 [WARN] PackLoader:240 - Cannot read IP mode file for STMicroelectronics.X-CUBE-DPower.1.2.0
2025-06-13 11:40:34,743 [WARN] PackLoader:240 - Cannot read IP mode file for STMicroelectronics.X-CUBE-FREERTOS.1.3.1
2025-06-13 11:40:34,765 [WARN] PackLoader:240 - Cannot read IP mode file for STMicroelectronics.X-CUBE-FREERTOS.1.3.0
2025-06-13 11:40:34,789 [WARN] PackLoader:240 - Cannot read IP mode file for STMicroelectronics.X-CUBE-NFC7.1.0.1
2025-06-13 11:40:34,813 [WARN] PackLoader:240 - Cannot read IP mode file for STMicroelectronics.X-CUBE-DPower.1.3.0
2025-06-13 11:40:34,856 [WARN] ConditionMgr:438 - getConditionDescription Invalid condition id : LAN8742 Phy interface Condition cause : null
2025-06-13 11:40:34,858 [WARN] PackLoader:240 - Cannot read IP mode file for STMicroelectronics.X-CUBE-AZRTOS-L4.2.0.0
2025-06-13 11:40:34,860 [WARN] ConditionMgr:1044 - genDependencies : Invalid condition id : LAN8742 Phy interface Condition cause : null
2025-06-13 11:40:34,860 [WARN] ConditionMgr:1044 - genDependencies : Invalid condition id : LAN8742 Phy interface Condition cause : null
2025-06-13 11:40:34,861 [WARN] ConditionMgr:1044 - genDependencies : Invalid condition id : LAN8742 Phy interface Condition cause : null
2025-06-13 11:40:34,885 [WARN] PackLoader:240 - Cannot read IP mode file for STMicroelectronics.X-CUBE-SFXS2LP1.4.0.0
2025-06-13 11:40:34,933 [WARN] PackLoader:240 - Cannot read IP mode file for STMicroelectronics.X-CUBE-AZRTOS-H7.3.3.0
2025-06-13 11:40:34,973 [WARN] ConditionMgr:438 - getConditionDescription Invalid condition id : UX DEVICE CLASS RTOS Condition cause : null
2025-06-13 11:40:34,974 [WARN] ConditionMgr:438 - getConditionDescription Invalid condition id : UX DEVICE CLASS RTOS Condition cause : null
2025-06-13 11:40:34,975 [WARN] PackLoader:240 - Cannot read IP mode file for STMicroelectronics.X-CUBE-AZRTOS-WB.2.0.0
2025-06-13 11:40:34,976 [WARN] ConditionMgr:1044 - genDependencies : Invalid condition id : UX DEVICE CLASS RTOS Condition cause : null
2025-06-13 11:40:34,976 [WARN] ConditionMgr:1044 - genDependencies : Invalid condition id : UX DEVICE CLASS RTOS Condition cause : null
2025-06-13 11:40:34,977 [WARN] ConditionMgr:1044 - genDependencies : Invalid condition id : UX DEVICE CLASS RTOS Condition cause : null
2025-06-13 11:40:34,977 [WARN] ConditionMgr:1044 - genDependencies : Invalid condition id : UX DEVICE CLASS RTOS Condition cause : null
2025-06-13 11:40:34,977 [WARN] ConditionMgr:1044 - genDependencies : Invalid condition id : UX DEVICE CLASS RTOS Condition cause : null
2025-06-13 11:40:35,002 [WARN] PackLoader:240 - Cannot read IP mode file for STMicroelectronics.X-CUBE-TOUCHGFX.4.25.0
2025-06-13 11:40:35,025 [WARN] PackLoader:240 - Cannot read IP mode file for STMicroelectronics.FP-SNS-STBOX1.2.0.0
2025-06-13 11:40:35,056 [WARN] PackLoader:240 - Cannot read IP mode file for STMicroelectronics.X-CUBE-SUBG2.5.0.0
2025-06-13 11:40:35,101 [WARN] PackLoader:240 - Cannot read IP mode file for STMicroelectronics.X-CUBE-AZRTOS-H7RS.1.1.0
2025-06-13 11:40:35,127 [WARN] PackLoader:240 - Cannot read IP mode file for Cesanta.I-CUBE-Mongoose.7.13.0
2025-06-13 11:40:35,163 [WARN] PackLoader:240 - Cannot read IP mode file for STMicroelectronics.X-CUBE-AZRTOS-G4.2.0.0
2025-06-13 11:40:35,183 [WARN] PackLoader:240 - Cannot read IP mode file for wolfSSL.I-CUBE-wolfSSH.1.4.20
2025-06-13 11:40:35,202 [WARN] PackLoader:240 - Cannot read IP mode file for STMicroelectronics.X-CUBE-NFC7.2.0.0
2025-06-13 11:40:35,221 [WARN] PackLoader:240 - Cannot read IP mode file for STMicroelectronics.X-CUBE-ALS.1.0.2
2025-06-13 11:40:35,240 [WARN] PackLoader:240 - Cannot read IP mode file for STMicroelectronics.X-CUBE-TOUCHGFX.4.24.2
2025-06-13 11:40:35,262 [WARN] PackLoader:240 - Cannot read IP mode file for portGmbH.I-Cube-SoM-uGOAL.1.1.0
2025-06-13 11:40:35,302 [WARN] PackLoader:240 - Cannot read IP mode file for STMicroelectronics.X-CUBE-AZRTOS-H7RS.1.0.0
2025-06-13 11:40:35,335 [WARN] PackLoader:240 - Cannot read IP mode file for STMicroelectronics.X-CUBE-TOF1.3.4.2
2025-06-13 11:40:35,370 [WARN] PackLoader:240 - Cannot read IP mode file for STMicroelectronics.X-CUBE-TOF1.3.4.3
2025-06-13 11:40:35,381 [INFO] ThirdParty:978 - Integrity check success = true
2025-06-13 11:40:35,381 [INFO] IntegrityCheckThread:100 - exiting critical section [integrity check]
2025-06-13 11:40:35,381 [INFO] IntegrityCheckThread:103 - End integrity checks thread
2025-06-13 12:02:53,267 [INFO] WebApp:190 - Connection lost
2025-06-13 12:02:53,440 [INFO] WebApp:187 - Connection restablished
2025-06-13 12:44:02,804 [ERROR] LogOutputStream:75 - [STDERR_REDIRECT] 
2025-06-13 16:30:44,402 [INFO] Activator:176 - 


2025-06-13 16:30:44,404 [INFO] Activator:177 - !SESSION log4j initialized
2025-06-13 16:30:49,926 [INFO] LogOutputStream:77 - [STDOUT_REDIRECT] 
2025-06-13 16:30:51,997 [INFO] ApplicationProperties:184 - Using Application install path: D:\stm32cubeIDE\STM32CubeIDE_1.17.0\STM32CubeIDE\plugins\com.st.stm32cube.common.mx_6.13.0.202411220809
2025-06-13 16:30:52,010 [INFO] DbMcusXml:78 - Set database path to: D:\stm32cubeIDE\STM32CubeIDE_1.17.0\STM32CubeIDE\plugins\com.st.stm32cube.common.mx_6.13.0.202411220809\\db\/mcu/
2025-06-13 16:30:52,010 [INFO] ApiDb:274 - Set plugin database path to: D:\stm32cubeIDE\STM32CubeIDE_1.17.0\STM32CubeIDE\plugins\com.st.stm32cube.common.mx_6.13.0.202411220809\\db\/plugins/boardmanager/
2025-06-13 16:30:52,011 [WARN] ApiDb:259 - Overriding images path with different value:  => D:\stm32cubeIDE\STM32CubeIDE_1.17.0\STM32CubeIDE\plugins\com.st.stm32cube.common.mx_6.13.0.202411220809\\db\/plugins/mcufinder/images/
2025-06-13 16:30:52,015 [INFO] ApiDb:250 - Set database path to: C:\Users\LEGION\.stmcufinder\plugins\mcufinder//mcu/
2025-06-13 16:30:52,016 [INFO] DbMcusAds:125 - Set database path to: C:\Users\LEGION\.stmcufinder\plugins\mcufinder//mcu/
2025-06-13 16:30:52,018 [INFO] CrossReferenceDbSqlite:203 - Set database path to: C:\Users\LEGION\.stmcufinder\plugins\mcufinder//mcu/cs/
2025-06-13 16:30:52,115 [INFO] RulesReader:64 - Compatibility file has been processed (297 Rules)
2025-06-13 16:30:52,182 [INFO] DbMcusXml:78 - Set database path to: D:\stm32cubeIDE\STM32CubeIDE_1.17.0\STM32CubeIDE\plugins\com.st.stm32cube.common.mx_6.13.0.202411220809\\db\/mcu/
2025-06-13 16:30:52,182 [INFO] ApiDb:274 - Set plugin database path to: D:\stm32cubeIDE\STM32CubeIDE_1.17.0\STM32CubeIDE\plugins\com.st.stm32cube.common.mx_6.13.0.202411220809\\db\/plugins/boardmanager/
2025-06-13 16:30:52,182 [INFO] ApiDb:261 - Set plugin images path to: D:\stm32cubeIDE\STM32CubeIDE_1.17.0\STM32CubeIDE\plugins\com.st.stm32cube.common.mx_6.13.0.202411220809\\db\/plugins/mcufinder/images/
2025-06-13 16:30:52,182 [WARN] DbFile:41 - Overriding database path with different value: C:\Users\LEGION\.stmcufinder\plugins\mcufinder/ => C:\Users\LEGION\.stmcufinder\plugins\mcufinder
2025-06-13 16:30:52,183 [INFO] ApiDb:250 - Set database path to: C:\Users\LEGION\.stmcufinder\plugins\mcufinder//mcu/
2025-06-13 16:30:52,183 [WARN] DbFile:41 - Overriding database path with different value: C:\Users\LEGION\.stmcufinder\plugins\mcufinder/ => C:\Users\LEGION\.stmcufinder\plugins\mcufinder
2025-06-13 16:30:52,183 [INFO] DbMcusAds:125 - Set database path to: C:\Users\LEGION\.stmcufinder\plugins\mcufinder//mcu/
2025-06-13 16:30:52,183 [WARN] DbFile:41 - Overriding database path with different value: C:\Users\LEGION\.stmcufinder\plugins\mcufinder/ => C:\Users\LEGION\.stmcufinder\plugins\mcufinder
2025-06-13 16:30:52,183 [WARN] DbFile:41 - Overriding database path with different value: C:\Users\LEGION\.stmcufinder\plugins\mcufinder/ => C:\Users\LEGION\.stmcufinder\plugins\mcufinder
2025-06-13 16:30:52,183 [INFO] CrossReferenceDbSqlite:203 - Set database path to: C:\Users\LEGION\.stmcufinder\plugins\mcufinder//mcu/cs/
2025-06-13 16:30:52,244 [INFO] MainPanel:272 - HeapMemory: 268435456
2025-06-13 16:30:52,323 [INFO] DbMcusXml:78 - Set database path to: D:\stm32cubeIDE\STM32CubeIDE_1.17.0\STM32CubeIDE\plugins\com.st.stm32cube.common.mx_6.13.0.202411220809\\db\/mcu/
2025-06-13 16:30:52,323 [INFO] ApiDb:274 - Set plugin database path to: D:\stm32cubeIDE\STM32CubeIDE_1.17.0\STM32CubeIDE\plugins\com.st.stm32cube.common.mx_6.13.0.202411220809\\db\/plugins/boardmanager/
2025-06-13 16:30:52,323 [INFO] ApiDb:261 - Set plugin images path to: D:\stm32cubeIDE\STM32CubeIDE_1.17.0\STM32CubeIDE\plugins\com.st.stm32cube.common.mx_6.13.0.202411220809\\db\/plugins/mcufinder/images/
2025-06-13 16:30:52,323 [WARN] DbFile:41 - Overriding database path with different value: C:\Users\LEGION\.stmcufinder\plugins\mcufinder/ => C:\Users\LEGION\.stmcufinder\plugins\mcufinder
2025-06-13 16:30:52,323 [INFO] ApiDb:250 - Set database path to: C:\Users\LEGION\.stmcufinder\plugins\mcufinder//mcu/
2025-06-13 16:30:52,324 [WARN] DbFile:41 - Overriding database path with different value: C:\Users\LEGION\.stmcufinder\plugins\mcufinder/ => C:\Users\LEGION\.stmcufinder\plugins\mcufinder
2025-06-13 16:30:52,324 [INFO] DbMcusAds:125 - Set database path to: C:\Users\LEGION\.stmcufinder\plugins\mcufinder//mcu/
2025-06-13 16:30:52,324 [WARN] DbFile:41 - Overriding database path with different value: C:\Users\LEGION\.stmcufinder\plugins\mcufinder/ => C:\Users\LEGION\.stmcufinder\plugins\mcufinder
2025-06-13 16:30:52,324 [WARN] DbFile:41 - Overriding database path with different value: C:\Users\LEGION\.stmcufinder\plugins\mcufinder/ => C:\Users\LEGION\.stmcufinder\plugins\mcufinder
2025-06-13 16:30:52,324 [INFO] CrossReferenceDbSqlite:203 - Set database path to: C:\Users\LEGION\.stmcufinder\plugins\mcufinder//mcu/cs/
2025-06-13 16:30:52,340 [INFO] ApplicationProperties:184 - Using Application install path: D:\stm32cubeIDE\STM32CubeIDE_1.17.0\STM32CubeIDE\plugins\com.st.stm32cube.common.mx_6.13.0.202411220809
2025-06-13 16:30:52,341 [INFO] PluginManage:196 - Search for loadable plugins [exclusion list=, ]
2025-06-13 16:30:52,343 [INFO] PluginManage:310 - Check plugin analytics
2025-06-13 16:30:52,469 [INFO] AnalyticsPlugin:253 - Accepted Software Licenses: 
2025-06-13 16:30:52,469 [INFO] AnalyticsPlugin:255 - Accepted CMSIS Pack Licenses: 
2025-06-13 16:30:52,469 [INFO] AnalyticsPlugin:257 - Accepted Firmware Licenses: FW.F4.1.28.0
2025-06-13 16:30:52,473 [INFO] PluginManage:359 - Loaded plugin analytics (category:tool,tabindex:-1)
2025-06-13 16:30:52,473 [INFO] PluginManage:310 - Check plugin cadmodel
2025-06-13 16:30:52,489 [INFO] CADModel:105 - Init CAD model plugin
2025-06-13 16:30:52,489 [INFO] PluginManage:359 - Loaded plugin cadmodel (category:power,tabindex:5)
2025-06-13 16:30:52,490 [INFO] PluginManage:310 - Check plugin clock
2025-06-13 16:30:52,508 [INFO] PluginManage:359 - Loaded plugin clock (category:base,tabindex:2)
2025-06-13 16:30:52,508 [INFO] PluginManage:310 - Check plugin ddr
2025-06-13 16:30:52,510 [INFO] PluginManage:359 - Loaded plugin ddr (category:tool,tabindex:6)
2025-06-13 16:30:52,510 [INFO] PluginManage:310 - Check plugin filemanager
2025-06-13 16:30:52,623 [INFO] PluginManage:359 - Loaded plugin filemanager (category:base,tabindex:10)
2025-06-13 16:30:52,623 [INFO] PluginManage:310 - Check plugin ipmanager
2025-06-13 16:30:52,628 [INFO] PluginManage:359 - Loaded plugin ipmanager (category:base,tabindex:5)
2025-06-13 16:30:52,630 [INFO] PluginManage:310 - Check plugin lpbam
2025-06-13 16:30:52,650 [INFO] PluginManage:359 - Loaded plugin lpbam (category:base,tabindex:0)
2025-06-13 16:30:52,650 [INFO] PluginManage:310 - Check plugin memorymap
2025-06-13 16:30:52,673 [INFO] PluginManage:359 - Loaded plugin memorymap (category:base,tabindex:4)
2025-06-13 16:30:52,673 [INFO] PluginManage:310 - Check plugin pinoutandconfiguration
2025-06-13 16:30:52,692 [INFO] PluginManage:359 - Loaded plugin pinoutandconfiguration (category:base,tabindex:1)
2025-06-13 16:30:52,693 [INFO] PluginManage:310 - Check plugin pinoutconfig
2025-06-13 16:30:52,779 [WARN] SupportedApi:132 - Cannot load RTOS API schema: s4s-elt-must-match.1: The content of 'definitions' must match (annotation?, (simpleType | complexType)?, (unique | key | keyref)*)). A problem was found starting at: attribute.
2025-06-13 16:30:52,891 [INFO] PluginManage:359 - Loaded plugin pinoutconfig (category:base,tabindex:0)
2025-06-13 16:30:52,891 [INFO] PluginManage:310 - Check plugin power
2025-06-13 16:30:52,913 [INFO] PluginManage:359 - Loaded plugin power (category:power,tabindex:4)
2025-06-13 16:30:52,913 [INFO] PluginManage:310 - Check plugin projectmanager
2025-06-13 16:30:52,928 [INFO] PluginManage:359 - Loaded plugin projectmanager (category:projectmanager,tabindex:4)
2025-06-13 16:30:52,929 [INFO] PluginManage:310 - Check plugin rif
2025-06-13 16:30:52,955 [INFO] PluginManage:359 - Loaded plugin rif (category:base,tabindex:3)
2025-06-13 16:30:52,955 [INFO] PluginManage:310 - Check plugin thirdparty
2025-06-13 16:30:53,200 [INFO] PluginManage:359 - Loaded plugin thirdparty (category:base,tabindex:-1)
2025-06-13 16:30:53,200 [WARN] IntegrityCheckThread:84 - waiting for thirdparty lock release [integrity check]
2025-06-13 16:30:53,200 [INFO] IntegrityCheckThread:86 - entering critical section [integrity check]
2025-06-13 16:30:53,200 [INFO] PluginManage:310 - Check plugin tools
2025-06-13 16:30:53,200 [INFO] ThirdPartyUpdaterWithRetryManager:70 - Updater plugin not ready yet. [1/15]
2025-06-13 16:30:53,203 [INFO] PluginManage:359 - Loaded plugin tools (category:base,tabindex:7)
2025-06-13 16:30:53,203 [INFO] PluginManage:310 - Check plugin tutovideos
2025-06-13 16:30:53,360 [INFO] PluginManage:359 - Loaded plugin tutovideos (category:base,tabindex:-1)
2025-06-13 16:30:53,360 [INFO] PluginManage:310 - Check plugin updater
2025-06-13 16:30:53,379 [INFO] PluginManage:359 - Loaded plugin updater (category:base,tabindex:12)
2025-06-13 16:30:53,379 [INFO] PluginManage:310 - Check plugin userauth
2025-06-13 16:30:53,383 [INFO] UserAuth:118 - Init User Auth plugin
2025-06-13 16:30:53,384 [INFO] PluginManage:359 - Loaded plugin userauth (category:base,tabindex:14)
2025-06-13 16:30:53,385 [INFO] PluginManage:283 - PluginManage : Loaded plugins [18]
2025-06-13 16:30:53,607 [INFO] PinOutPanel:1589 - setPackage(No Configuration,No Configuration)
2025-06-13 16:30:53,686 [INFO] CADModel:165 - CPN selected for project level
2025-06-13 16:30:53,686 [INFO] CADModel:114 - Register for checkConnection events
2025-06-13 16:30:53,713 [INFO] IPUIPlugin:80 - create IPUIPlugin
2025-06-13 16:30:53,714 [INFO] PluginManager:220 - loadIPPluginJar : add adc
2025-06-13 16:30:53,765 [INFO] IPUIPlugin:80 - create IPUIPlugin
2025-06-13 16:30:53,765 [INFO] PluginManager:220 - loadIPPluginJar : add aes
2025-06-13 16:30:53,818 [INFO] IPUIPlugin:80 - create IPUIPlugin
2025-06-13 16:30:53,819 [INFO] PluginManager:220 - loadIPPluginJar : add can
2025-06-13 16:30:53,850 [INFO] IPUIPlugin:80 - create IPUIPlugin
2025-06-13 16:30:53,850 [INFO] PluginManager:220 - loadIPPluginJar : add comp
2025-06-13 16:30:53,897 [INFO] IPUIPlugin:80 - create IPUIPlugin
2025-06-13 16:30:53,897 [INFO] PluginManager:220 - loadIPPluginJar : add cryp
2025-06-13 16:30:53,914 [INFO] IPUIPlugin:80 - create IPUIPlugin
2025-06-13 16:30:53,914 [INFO] PluginManager:220 - loadIPPluginJar : add ddr_ctrl_phy
2025-06-13 16:30:53,918 [INFO] IPUIPlugin:80 - create IPUIPlugin
2025-06-13 16:30:53,918 [INFO] PluginManager:220 - loadIPPluginJar : add dfsdm
2025-06-13 16:30:53,936 [INFO] IPUIPlugin:80 - create IPUIPlugin
2025-06-13 16:30:53,937 [INFO] PluginManager:220 - loadIPPluginJar : add dma
2025-06-13 16:30:53,992 [INFO] IPUIPlugin:80 - create IPUIPlugin
2025-06-13 16:30:53,992 [INFO] PluginManager:220 - loadIPPluginJar : add dma3
2025-06-13 16:30:54,044 [INFO] IPUIPlugin:80 - create IPUIPlugin
2025-06-13 16:30:54,044 [INFO] PluginManager:220 - loadIPPluginJar : add extmemmanager
2025-06-13 16:30:54,047 [INFO] IPUIPlugin:80 - create IPUIPlugin
2025-06-13 16:30:54,047 [INFO] PluginManager:220 - loadIPPluginJar : add fatfs
2025-06-13 16:30:54,097 [INFO] IPUIPlugin:80 - create IPUIPlugin
2025-06-13 16:30:54,097 [INFO] PluginManager:220 - loadIPPluginJar : add fmc
2025-06-13 16:30:54,113 [INFO] IPUIPlugin:80 - create IPUIPlugin
2025-06-13 16:30:54,114 [INFO] PluginManager:220 - loadIPPluginJar : add freertos
2025-06-13 16:30:54,117 [INFO] IPUIPlugin:80 - create IPUIPlugin
2025-06-13 16:30:54,117 [INFO] PluginManager:220 - loadIPPluginJar : add genericplugin
2025-06-13 16:30:54,227 [INFO] IPUIPlugin:80 - create IPUIPlugin
2025-06-13 16:30:54,227 [INFO] PluginManager:220 - loadIPPluginJar : add gfxmmu
2025-06-13 16:30:54,364 [INFO] IPUIPlugin:80 - create IPUIPlugin
2025-06-13 16:30:54,365 [INFO] PluginManager:220 - loadIPPluginJar : add gic
2025-06-13 16:30:54,379 [INFO] IPUIPlugin:80 - create IPUIPlugin
2025-06-13 16:30:54,379 [INFO] PluginManager:220 - loadIPPluginJar : add gpio
2025-06-13 16:30:54,478 [INFO] IPUIPlugin:80 - create IPUIPlugin
2025-06-13 16:30:54,478 [INFO] PluginManager:220 - loadIPPluginJar : add gtzc
2025-06-13 16:30:54,515 [INFO] IPUIPlugin:80 - create IPUIPlugin
2025-06-13 16:30:54,515 [INFO] PluginManager:220 - loadIPPluginJar : add hash
2025-06-13 16:30:54,575 [INFO] IPUIPlugin:80 - create IPUIPlugin
2025-06-13 16:30:54,575 [INFO] PluginManager:220 - loadIPPluginJar : add i2c
2025-06-13 16:30:54,623 [INFO] IPUIPlugin:80 - create IPUIPlugin
2025-06-13 16:30:54,623 [INFO] PluginManager:220 - loadIPPluginJar : add i2s
2025-06-13 16:30:54,673 [INFO] IPUIPlugin:80 - create IPUIPlugin
2025-06-13 16:30:54,673 [INFO] PluginManager:220 - loadIPPluginJar : add i3c
2025-06-13 16:30:54,786 [INFO] IPUIPlugin:80 - create IPUIPlugin
2025-06-13 16:30:54,786 [INFO] PluginManager:220 - loadIPPluginJar : add ipddr
2025-06-13 16:30:54,893 [INFO] IPUIPlugin:80 - create IPUIPlugin
2025-06-13 16:30:54,893 [INFO] PluginManager:220 - loadIPPluginJar : add linkedlist
2025-06-13 16:30:54,938 [INFO] IPUIPlugin:80 - create IPUIPlugin
2025-06-13 16:30:54,939 [INFO] PluginManager:220 - loadIPPluginJar : add lorawan
2025-06-13 16:30:54,989 [INFO] IPUIPlugin:80 - create IPUIPlugin
2025-06-13 16:30:54,989 [INFO] PluginManager:220 - loadIPPluginJar : add ltdc
2025-06-13 16:30:55,006 [INFO] IPUIPlugin:80 - create IPUIPlugin
2025-06-13 16:30:55,007 [INFO] PluginManager:220 - loadIPPluginJar : add mdma
2025-06-13 16:30:55,022 [INFO] IPUIPlugin:80 - create IPUIPlugin
2025-06-13 16:30:55,022 [INFO] PluginManager:220 - loadIPPluginJar : add nvic
2025-06-13 16:30:55,074 [INFO] IPUIPlugin:80 - create IPUIPlugin
2025-06-13 16:30:55,074 [INFO] PluginManager:220 - loadIPPluginJar : add opamp
2025-06-13 16:30:55,154 [INFO] IPUIPlugin:80 - create IPUIPlugin
2025-06-13 16:30:55,155 [INFO] PluginManager:220 - loadIPPluginJar : add openamp
2025-06-13 16:30:55,209 [INFO] IPUIPlugin:80 - create IPUIPlugin
2025-06-13 16:30:55,210 [INFO] PluginManager:220 - loadIPPluginJar : add pdm2pcm
2025-06-13 16:30:55,226 [INFO] IPUIPlugin:80 - create IPUIPlugin
2025-06-13 16:30:55,228 [INFO] PluginManager:220 - loadIPPluginJar : add plateformsettings
2025-06-13 16:30:55,257 [INFO] IPUIPlugin:80 - create IPUIPlugin
2025-06-13 16:30:55,258 [INFO] PluginManager:220 - loadIPPluginJar : add quadspi
2025-06-13 16:30:55,292 [INFO] IPUIPlugin:80 - create IPUIPlugin
2025-06-13 16:30:55,292 [INFO] PluginManager:220 - loadIPPluginJar : add radio
2025-06-13 16:30:55,317 [INFO] IPUIPlugin:80 - create IPUIPlugin
2025-06-13 16:30:55,317 [INFO] PluginManager:220 - loadIPPluginJar : add resmgrutility
2025-06-13 16:30:55,370 [INFO] IPUIPlugin:80 - create IPUIPlugin
2025-06-13 16:30:55,370 [INFO] PluginManager:220 - loadIPPluginJar : add sai
2025-06-13 16:30:55,412 [INFO] IPUIPlugin:80 - create IPUIPlugin
2025-06-13 16:30:55,412 [INFO] PluginManager:220 - loadIPPluginJar : add spi
2025-06-13 16:30:55,487 [INFO] IPUIPlugin:80 - create IPUIPlugin
2025-06-13 16:30:55,487 [INFO] PluginManager:220 - loadIPPluginJar : add stm32_wpan
2025-06-13 16:30:55,515 [INFO] IPUIPlugin:80 - create IPUIPlugin
2025-06-13 16:30:55,515 [INFO] PluginManager:220 - loadIPPluginJar : add tim
2025-06-13 16:30:55,583 [INFO] IPUIPlugin:80 - create IPUIPlugin
2025-06-13 16:30:55,583 [INFO] PluginManager:220 - loadIPPluginJar : add touchsensing
2025-06-13 16:30:55,610 [INFO] IPUIPlugin:80 - create IPUIPlugin
2025-06-13 16:30:55,610 [INFO] PluginManager:220 - loadIPPluginJar : add tracer_emb
2025-06-13 16:30:55,613 [INFO] IPUIPlugin:80 - create IPUIPlugin
2025-06-13 16:30:55,613 [INFO] PluginManager:220 - loadIPPluginJar : add ts
2025-06-13 16:30:55,641 [INFO] IPUIPlugin:80 - create IPUIPlugin
2025-06-13 16:30:55,641 [INFO] PluginManager:220 - loadIPPluginJar : add tsc
2025-06-13 16:30:55,669 [INFO] IPUIPlugin:80 - create IPUIPlugin
2025-06-13 16:30:55,669 [INFO] PluginManager:220 - loadIPPluginJar : add ucpd
2025-06-13 16:30:55,721 [INFO] IPUIPlugin:80 - create IPUIPlugin
2025-06-13 16:30:55,721 [INFO] PluginManager:220 - loadIPPluginJar : add usart
2025-06-13 16:30:55,773 [INFO] IPUIPlugin:80 - create IPUIPlugin
2025-06-13 16:30:55,773 [INFO] PluginManager:220 - loadIPPluginJar : add usbx
2025-06-13 16:30:55,890 [FATAL] Updater:351 - Updater called before beeing initialized
2025-06-13 16:30:55,915 [INFO] RulesReader:64 - Compatibility file has been processed (297 Rules)
2025-06-13 16:30:55,927 [INFO] RulesReader:64 - Compatibility file has been processed (297 Rules)
2025-06-13 16:30:55,936 [INFO] CADModel:165 - CPN selected for project level
2025-06-13 16:30:55,936 [INFO] CADModel:114 - Register for checkConnection events
2025-06-13 16:30:55,936 [FATAL] Updater:351 - Updater called before beeing initialized
2025-06-13 16:30:55,936 [ERROR] CADModel:125 - Updater not yet initialized, retry later 
2025-06-13 16:30:56,083 [FATAL] Updater:351 - Updater called before beeing initialized
2025-06-13 16:30:56,084 [INFO] CADModel:165 - CPN selected for project level
2025-06-13 16:30:56,084 [INFO] CADModel:114 - Register for checkConnection events
2025-06-13 16:30:56,084 [FATAL] Updater:351 - Updater called before beeing initialized
2025-06-13 16:30:56,084 [ERROR] CADModel:125 - Updater not yet initialized, retry later 
2025-06-13 16:30:56,087 [FATAL] Updater:351 - Updater called before beeing initialized
2025-06-13 16:30:56,169 [FATAL] Updater:351 - Updater called before beeing initialized
2025-06-13 16:30:56,180 [INFO] DbMcusAds:53 - JSON generation date=Wed May 07 16:07:55 ICT 2025 (1746608875484)
2025-06-13 16:30:56,181 [FATAL] Updater:351 - Updater called before beeing initialized
2025-06-13 16:30:56,201 [INFO] ThirdPartyUpdaterWithRetryManager:70 - Updater plugin not ready yet. [2/15]
2025-06-13 16:30:56,258 [WARN] DetailPanel:346 - Failed to get advertising image, set to default
2025-06-13 16:30:56,442 [FATAL] Updater:351 - Updater called before beeing initialized
2025-06-13 16:30:56,444 [FATAL] Updater:351 - Updater called before beeing initialized
2025-06-13 16:30:56,444 [FATAL] Updater:351 - Updater called before beeing initialized
2025-06-13 16:30:56,444 [WARN] DetailPanel:346 - Failed to get advertising image, set to default
2025-06-13 16:30:56,445 [FATAL] Updater:351 - Updater called before beeing initialized
2025-06-13 16:30:56,491 [ERROR] Updater:1198 - MainUpdater not yet initialized. External WinMGr cannot be set.
2025-06-13 16:30:56,494 [INFO] Updater:1134 - Updater Version found : 6.13.0
2025-06-13 16:30:56,507 [INFO] ApplicationProperties:184 - Using Application install path: D:\stm32cubeIDE\STM32CubeIDE_1.17.0\STM32CubeIDE\plugins\com.st.stm32cube.common.mx_6.13.0.202411220809
2025-06-13 16:30:58,081 [ERROR] LogOutputStream:75 - [STDERR_REDIRECT] Jun 13, 2025 4:30:58 PM java.util.prefs.WindowsPreferences <init>
2025-06-13 16:30:58,083 [ERROR] LogOutputStream:75 - [STDERR_REDIRECT] WARNING: Could not open/create prefs root node Software\JavaSoft\Prefs at root 0xffffffff80000002. Windows RegCreateKeyEx(...) returned error code 5.
2025-06-13 16:30:58,083 [ERROR] LogOutputStream:75 - [STDERR_REDIRECT] 
2025-06-13 16:30:58,348 [INFO] MainUpdater:2872 - connection check result : 10
2025-06-13 16:30:58,349 [INFO] MainUpdater:289 - Updater Check For Update Now.
2025-06-13 16:30:58,349 [INFO] MicroXplorer:498 - Change Database Version : DB.6.0.130
2025-06-13 16:30:58,357 [INFO] McuFinderGlobals:63 - Set McuFinder mode to 2 (CubeIDE integrated)
2025-06-13 16:30:58,358 [INFO] UserAuth:171 - activating auth plugin
2025-06-13 16:30:58,361 [INFO] UserAuth:486 - Internet connection configuration mode: 1
2025-06-13 16:30:58,377 [INFO] JxBrowserEngine:152 - Initiate JxBrowser Engine with user profile folder
2025-06-13 16:30:58,555 [INFO] CheckServerUpdateThread:120 - End of CheckServer Thread
2025-06-13 16:30:58,984 [INFO] WebApp:168 - Instantiating new browser for Auth
2025-06-13 16:30:59,427 [WARN] PackLoader:240 - Cannot read IP mode file for STMicroelectronics.FP-SNS-MOTENVWB1.1.4.0
2025-06-13 16:30:59,447 [WARN] PackLoader:240 - Cannot read IP mode file for STMicroelectronics.FP-ATR-ASTRA1.2.0.2
2025-06-13 16:30:59,463 [WARN] PackLoader:240 - Cannot read IP mode file for STMicroelectronics.FP-ATR-ASTRA1.2.0.1
2025-06-13 16:30:59,493 [WARN] PackLoader:240 - Cannot read IP mode file for STMicroelectronics.X-CUBE-SMBUS.2.1.0
2025-06-13 16:30:59,517 [WARN] PackLoader:240 - Cannot read IP mode file for STMicroelectronics.X-CUBE-WB05N.1.1.0
2025-06-13 16:30:59,539 [WARN] PackLoader:240 - Cannot read IP mode file for STMicroelectronics.X-CUBE-ST60.1.0.0
2025-06-13 16:30:59,586 [WARN] PackLoader:240 - Cannot read IP mode file for STMicroelectronics.X-CUBE-AZRTOS-F7.1.1.0
2025-06-13 16:30:59,612 [WARN] PackLoader:240 - Cannot read IP mode file for STMicroelectronics.FP-SNS-FLIGHT1.5.0.2
2025-06-13 16:30:59,617 [INFO] WebApp:449 - Apply proxy settings
2025-06-13 16:30:59,618 [INFO] WebApp:534 - Chromium requires no authentication
2025-06-13 16:30:59,626 [INFO] WebApp:477 - Direct internet connection detected
2025-06-13 16:30:59,649 [INFO] WebApp:880 - Register for checkConnection events
2025-06-13 16:30:59,649 [INFO] WebApp:449 - Apply proxy settings
2025-06-13 16:30:59,649 [INFO] WebApp:534 - Chromium requires no authentication
2025-06-13 16:30:59,650 [INFO] WebApp:477 - Direct internet connection detected
2025-06-13 16:30:59,670 [WARN] PackLoader:240 - Cannot read IP mode file for Infineon.AIROC-Wi-Fi-Bluetooth-STM32.1.7.0
2025-06-13 16:30:59,696 [WARN] PackLoader:240 - Cannot read IP mode file for STMicroelectronics.X-CUBE-DISPLAY.3.0.0
2025-06-13 16:30:59,717 [WARN] PackLoader:240 - Cannot read IP mode file for STMicroelectronics.X-CUBE-BLE1.7.0.0
2025-06-13 16:30:59,734 [WARN] PackLoader:240 - Cannot read IP mode file for STMicroelectronics.X-CUBE-NFC10.1.0.0
2025-06-13 16:30:59,752 [WARN] PackLoader:240 - Cannot read IP mode file for emotas.I-CUBE-CANOPEN.1.3.0
2025-06-13 16:30:59,768 [WARN] PackLoader:240 - Cannot read IP mode file for STMicroelectronics.X-CUBE-AI.10.0.0
2025-06-13 16:30:59,783 [WARN] PackLoader:240 - Cannot read IP mode file for STMicroelectronics.FP-SNS-SMARTAG2.1.2.0
2025-06-13 16:30:59,797 [WARN] PackLoader:240 - Cannot read IP mode file for STMicroelectronics.FP-SNS-FLIGHT1.5.1.0
2025-06-13 16:30:59,860 [WARN] PackLoader:240 - Cannot read IP mode file for STMicroelectronics.X-CUBE-MEMS1.11.1.0
2025-06-13 16:30:59,907 [INFO] WebApp:221 - Starting web application
2025-06-13 16:30:59,908 [INFO] WebApp:579 - Web application path used D:\stm32cubeIDE\STM32CubeIDE_1.17.0\STM32CubeIDE\plugins\com.st.stm32cube.common.mx_6.13.0.202411220809\db\plugins\mcufinder\reactClient1\index.html
2025-06-13 16:30:59,949 [INFO] WebApp:187 - Connection restablished
2025-06-13 16:31:00,093 [INFO] LogOutputStream:77 - [STDOUT_REDIRECT] 1 : Invalid condition id : UX_CORESTACK_Condition cause : null
2025-06-13 16:31:00,094 [INFO] LogOutputStream:77 - [STDOUT_REDIRECT] 1 : Invalid condition id : UX_CORESTACK_Condition cause : null
2025-06-13 16:31:00,096 [INFO] LogOutputStream:77 - [STDOUT_REDIRECT] 1 : Invalid condition id : UX_CORESTACK_Condition cause : null
2025-06-13 16:31:00,097 [INFO] LogOutputStream:77 - [STDOUT_REDIRECT] 1 : Invalid condition id : UX_CORESTACK_Condition cause : null
2025-06-13 16:31:00,098 [INFO] LogOutputStream:77 - [STDOUT_REDIRECT] 1 : Invalid condition id : UX_CORESTACK_Condition cause : null
2025-06-13 16:31:00,101 [WARN] PackLoader:240 - Cannot read IP mode file for STMicroelectronics.X-CUBE-AZRTOS-WL.2.0.0
2025-06-13 16:31:00,127 [WARN] PackLoader:240 - Cannot read IP mode file for STMicroelectronics.FP-SNS-MOTENV1.5.0.0
2025-06-13 16:31:00,156 [WARN] PackLoader:240 - Cannot read IP mode file for WES.I-CUBE-Cesium.1.3.0
2025-06-13 16:31:00,183 [WARN] PackLoader:240 - Cannot read IP mode file for STMicroelectronics.X-CUBE-BLE2.3.3.0
2025-06-13 16:31:00,204 [WARN] PackLoader:240 - Cannot read IP mode file for STMicroelectronics.X-CUBE-NFC9.1.0.0
2025-06-13 16:31:00,229 [WARN] PackLoader:240 - Cannot read IP mode file for STMicroelectronics.X-CUBE-BLE1.7.1.0
2025-06-13 16:31:00,236 [WARN] PackLoader:240 - Cannot read IP mode file for wolfSSL.I-CUBE-wolfMQTT.1.19.2
2025-06-13 16:31:00,255 [WARN] PackLoader:240 - Cannot read IP mode file for STMicroelectronics.X-CUBE-AI.10.1.0
2025-06-13 16:31:00,313 [WARN] PackLoader:240 - Cannot read IP mode file for STMicroelectronics.X-CUBE-MEMS1.11.2.0
2025-06-13 16:31:00,417 [WARN] PackLoader:240 - Cannot read IP mode file for STMicroelectronics.X-CUBE-AZRTOS-G0.1.1.0
2025-06-13 16:31:00,438 [WARN] PackLoader:240 - Cannot read IP mode file for STMicroelectronics.X-CUBE-SAFEA1.1.2.2
2025-06-13 16:31:00,453 [WARN] PackLoader:240 - Cannot read IP mode file for STMicroelectronics.X-CUBE-NFC4.3.0.0
2025-06-13 16:31:00,477 [WARN] PackLoader:240 - Cannot read IP mode file for EmbeddedOffice.I-CUBE-FS-RTOS.1.0.1
2025-06-13 16:31:00,496 [WARN] PackLoader:240 - Cannot read IP mode file for STMicroelectronics.X-CUBE-WB05N.2.0.0
2025-06-13 16:31:00,503 [WARN] PackLoader:240 - Cannot read IP mode file for wolfSSL.I-CUBE-wolfTPM.3.8.0
2025-06-13 16:31:00,527 [WARN] PackLoader:240 - Cannot read IP mode file for RealThread.X-CUBE-RT-Thread_Nano.4.1.1
2025-06-13 16:31:00,544 [WARN] PackLoader:240 - Cannot read IP mode file for STMicroelectronics.FP-ATR-SIGFOX1.3.2.0
2025-06-13 16:31:00,561 [WARN] ConditionMgr:438 - getConditionDescription Invalid condition id : Cortex-A Device cause : null
2025-06-13 16:31:00,573 [WARN] ConditionMgr:1044 - genDependencies : Invalid condition id : Cortex-A Device cause : null
2025-06-13 16:31:00,574 [WARN] ConditionMgr:1044 - genDependencies : Invalid condition id : Cortex-A Device cause : null
2025-06-13 16:31:00,574 [WARN] ConditionMgr:1044 - genDependencies : Invalid condition id : Cortex-A Device cause : null
2025-06-13 16:31:00,590 [WARN] PackLoader:240 - Cannot read IP mode file for STMicroelectronics.X-CUBE-EEPRMA1.5.1.0
2025-06-13 16:31:00,608 [WARN] PackLoader:240 - Cannot read IP mode file for ITTIA_DB.I-CUBE-ITTIADB.8.9.0
2025-06-13 16:31:00,625 [WARN] PackLoader:240 - Cannot read IP mode file for STMicroelectronics.X-CUBE-ST67W61.1.0.0
2025-06-13 16:31:00,660 [WARN] PackLoader:240 - Cannot read IP mode file for SEGGER.I-CUBE-embOS.1.3.1
2025-06-13 16:31:00,692 [WARN] PackLoader:240 - Cannot read IP mode file for STMicroelectronics.X-CUBE-ALGOBUILD.1.4.0
2025-06-13 16:31:00,730 [WARN] PackLoader:240 - Cannot read IP mode file for STMicroelectronics.X-CUBE-MEMS1.11.3.0
2025-06-13 16:31:00,848 [WARN] PackLoader:240 - Cannot read IP mode file for STMicroelectronics.X-CUBE-AZRTOS-F4.1.1.0
2025-06-13 16:31:00,855 [WARN] PackLoader:240 - Cannot read IP mode file for Avnet-IotConnect.X-CUBE-IoTC-DA16k-PMOD.1.0.0
2025-06-13 16:31:00,885 [WARN] PackLoader:240 - Cannot read IP mode file for STMicroelectronics.X-CUBE-ISPU.2.1.0
2025-06-13 16:31:00,918 [WARN] PackLoader:240 - Cannot read IP mode file for STMicroelectronics.X-CUBE-AZRTOS-L5.2.0.0
2025-06-13 16:31:00,938 [WARN] PackLoader:240 - Cannot read IP mode file for STMicroelectronics.X-CUBE-NFC6.3.1.0
2025-06-13 16:31:00,955 [WARN] PackLoader:240 - Cannot read IP mode file for STMicroelectronics.X-CUBE-DPower.1.2.0
2025-06-13 16:31:00,967 [WARN] PackLoader:240 - Cannot read IP mode file for STMicroelectronics.X-CUBE-FREERTOS.1.3.1
2025-06-13 16:31:00,981 [WARN] PackLoader:240 - Cannot read IP mode file for STMicroelectronics.X-CUBE-FREERTOS.1.3.0
2025-06-13 16:31:00,997 [WARN] PackLoader:240 - Cannot read IP mode file for STMicroelectronics.X-CUBE-NFC7.1.0.1
2025-06-13 16:31:01,011 [WARN] PackLoader:240 - Cannot read IP mode file for STMicroelectronics.X-CUBE-DPower.1.3.0
2025-06-13 16:31:01,034 [WARN] ConditionMgr:438 - getConditionDescription Invalid condition id : LAN8742 Phy interface Condition cause : null
2025-06-13 16:31:01,035 [WARN] PackLoader:240 - Cannot read IP mode file for STMicroelectronics.X-CUBE-AZRTOS-L4.2.0.0
2025-06-13 16:31:01,035 [WARN] ConditionMgr:1044 - genDependencies : Invalid condition id : LAN8742 Phy interface Condition cause : null
2025-06-13 16:31:01,035 [WARN] ConditionMgr:1044 - genDependencies : Invalid condition id : LAN8742 Phy interface Condition cause : null
2025-06-13 16:31:01,035 [WARN] ConditionMgr:1044 - genDependencies : Invalid condition id : LAN8742 Phy interface Condition cause : null
2025-06-13 16:31:01,053 [WARN] PackLoader:240 - Cannot read IP mode file for STMicroelectronics.X-CUBE-SFXS2LP1.4.0.0
2025-06-13 16:31:01,076 [WARN] PackLoader:240 - Cannot read IP mode file for STMicroelectronics.X-CUBE-AZRTOS-H7.3.3.0
2025-06-13 16:31:01,100 [WARN] ConditionMgr:438 - getConditionDescription Invalid condition id : UX DEVICE CLASS RTOS Condition cause : null
2025-06-13 16:31:01,100 [WARN] ConditionMgr:438 - getConditionDescription Invalid condition id : UX DEVICE CLASS RTOS Condition cause : null
2025-06-13 16:31:01,101 [WARN] PackLoader:240 - Cannot read IP mode file for STMicroelectronics.X-CUBE-AZRTOS-WB.2.0.0
2025-06-13 16:31:01,101 [WARN] ConditionMgr:1044 - genDependencies : Invalid condition id : UX DEVICE CLASS RTOS Condition cause : null
2025-06-13 16:31:01,102 [WARN] ConditionMgr:1044 - genDependencies : Invalid condition id : UX DEVICE CLASS RTOS Condition cause : null
2025-06-13 16:31:01,102 [WARN] ConditionMgr:1044 - genDependencies : Invalid condition id : UX DEVICE CLASS RTOS Condition cause : null
2025-06-13 16:31:01,102 [WARN] ConditionMgr:1044 - genDependencies : Invalid condition id : UX DEVICE CLASS RTOS Condition cause : null
2025-06-13 16:31:01,102 [WARN] ConditionMgr:1044 - genDependencies : Invalid condition id : UX DEVICE CLASS RTOS Condition cause : null
2025-06-13 16:31:01,118 [WARN] PackLoader:240 - Cannot read IP mode file for STMicroelectronics.X-CUBE-TOUCHGFX.4.25.0
2025-06-13 16:31:01,133 [WARN] PackLoader:240 - Cannot read IP mode file for STMicroelectronics.FP-SNS-STBOX1.2.0.0
2025-06-13 16:31:01,153 [WARN] PackLoader:240 - Cannot read IP mode file for STMicroelectronics.X-CUBE-SUBG2.5.0.0
2025-06-13 16:31:01,180 [WARN] PackLoader:240 - Cannot read IP mode file for STMicroelectronics.X-CUBE-AZRTOS-H7RS.1.1.0
2025-06-13 16:31:01,196 [WARN] PackLoader:240 - Cannot read IP mode file for Cesanta.I-CUBE-Mongoose.7.13.0
2025-06-13 16:31:01,223 [WARN] PackLoader:240 - Cannot read IP mode file for STMicroelectronics.X-CUBE-AZRTOS-G4.2.0.0
2025-06-13 16:31:01,230 [WARN] PackLoader:240 - Cannot read IP mode file for wolfSSL.I-CUBE-wolfSSH.1.4.20
2025-06-13 16:31:01,244 [WARN] PackLoader:240 - Cannot read IP mode file for STMicroelectronics.X-CUBE-NFC7.2.0.0
2025-06-13 16:31:01,258 [WARN] PackLoader:240 - Cannot read IP mode file for STMicroelectronics.X-CUBE-ALS.1.0.2
2025-06-13 16:31:01,272 [WARN] PackLoader:240 - Cannot read IP mode file for STMicroelectronics.X-CUBE-TOUCHGFX.4.24.2
2025-06-13 16:31:01,287 [WARN] PackLoader:240 - Cannot read IP mode file for portGmbH.I-Cube-SoM-uGOAL.1.1.0
2025-06-13 16:31:01,309 [WARN] PackLoader:240 - Cannot read IP mode file for STMicroelectronics.X-CUBE-AZRTOS-H7RS.1.0.0
2025-06-13 16:31:01,326 [WARN] PackLoader:240 - Cannot read IP mode file for STMicroelectronics.X-CUBE-TOF1.3.4.2
2025-06-13 16:31:01,346 [WARN] PackLoader:240 - Cannot read IP mode file for STMicroelectronics.X-CUBE-TOF1.3.4.3
2025-06-13 16:31:01,350 [INFO] ThirdParty:978 - Integrity check success = true
2025-06-13 16:31:01,350 [INFO] IntegrityCheckThread:100 - exiting critical section [integrity check]
2025-06-13 16:31:01,351 [INFO] IntegrityCheckThread:103 - End integrity checks thread
2025-06-13 17:27:37,646 [ERROR] LogOutputStream:75 - [STDERR_REDIRECT] 
2025-06-13 21:20:19,364 [INFO] Activator:176 - 


2025-06-13 21:20:19,364 [INFO] Activator:177 - !SESSION log4j initialized
2025-06-13 21:20:29,679 [INFO] LogOutputStream:77 - [STDOUT_REDIRECT] 
2025-06-13 21:20:38,165 [INFO] ApplicationProperties:184 - Using Application install path: D:\stm32cubeIDE\STM32CubeIDE_1.17.0\STM32CubeIDE\plugins\com.st.stm32cube.common.mx_6.13.0.202411220809
2025-06-13 21:20:38,195 [INFO] DbMcusXml:78 - Set database path to: D:\stm32cubeIDE\STM32CubeIDE_1.17.0\STM32CubeIDE\plugins\com.st.stm32cube.common.mx_6.13.0.202411220809\\db\/mcu/
2025-06-13 21:20:38,195 [INFO] ApiDb:274 - Set plugin database path to: D:\stm32cubeIDE\STM32CubeIDE_1.17.0\STM32CubeIDE\plugins\com.st.stm32cube.common.mx_6.13.0.202411220809\\db\/plugins/boardmanager/
2025-06-13 21:20:38,195 [WARN] ApiDb:259 - Overriding images path with different value:  => D:\stm32cubeIDE\STM32CubeIDE_1.17.0\STM32CubeIDE\plugins\com.st.stm32cube.common.mx_6.13.0.202411220809\\db\/plugins/mcufinder/images/
2025-06-13 21:20:38,210 [INFO] ApiDb:250 - Set database path to: C:\Users\LEGION\.stmcufinder\plugins\mcufinder//mcu/
2025-06-13 21:20:38,213 [INFO] DbMcusAds:125 - Set database path to: C:\Users\LEGION\.stmcufinder\plugins\mcufinder//mcu/
2025-06-13 21:20:38,217 [INFO] CrossReferenceDbSqlite:203 - Set database path to: C:\Users\LEGION\.stmcufinder\plugins\mcufinder//mcu/cs/
2025-06-13 21:20:38,403 [INFO] RulesReader:64 - Compatibility file has been processed (297 Rules)
2025-06-13 21:20:38,520 [INFO] DbMcusXml:78 - Set database path to: D:\stm32cubeIDE\STM32CubeIDE_1.17.0\STM32CubeIDE\plugins\com.st.stm32cube.common.mx_6.13.0.202411220809\\db\/mcu/
2025-06-13 21:20:38,520 [INFO] ApiDb:274 - Set plugin database path to: D:\stm32cubeIDE\STM32CubeIDE_1.17.0\STM32CubeIDE\plugins\com.st.stm32cube.common.mx_6.13.0.202411220809\\db\/plugins/boardmanager/
2025-06-13 21:20:38,520 [INFO] ApiDb:261 - Set plugin images path to: D:\stm32cubeIDE\STM32CubeIDE_1.17.0\STM32CubeIDE\plugins\com.st.stm32cube.common.mx_6.13.0.202411220809\\db\/plugins/mcufinder/images/
2025-06-13 21:20:38,521 [WARN] DbFile:41 - Overriding database path with different value: C:\Users\LEGION\.stmcufinder\plugins\mcufinder/ => C:\Users\LEGION\.stmcufinder\plugins\mcufinder
2025-06-13 21:20:38,521 [INFO] ApiDb:250 - Set database path to: C:\Users\LEGION\.stmcufinder\plugins\mcufinder//mcu/
2025-06-13 21:20:38,521 [WARN] DbFile:41 - Overriding database path with different value: C:\Users\LEGION\.stmcufinder\plugins\mcufinder/ => C:\Users\LEGION\.stmcufinder\plugins\mcufinder
2025-06-13 21:20:38,521 [INFO] DbMcusAds:125 - Set database path to: C:\Users\LEGION\.stmcufinder\plugins\mcufinder//mcu/
2025-06-13 21:20:38,521 [WARN] DbFile:41 - Overriding database path with different value: C:\Users\LEGION\.stmcufinder\plugins\mcufinder/ => C:\Users\LEGION\.stmcufinder\plugins\mcufinder
2025-06-13 21:20:38,521 [WARN] DbFile:41 - Overriding database path with different value: C:\Users\LEGION\.stmcufinder\plugins\mcufinder/ => C:\Users\LEGION\.stmcufinder\plugins\mcufinder
2025-06-13 21:20:38,521 [INFO] CrossReferenceDbSqlite:203 - Set database path to: C:\Users\LEGION\.stmcufinder\plugins\mcufinder//mcu/cs/
2025-06-13 21:20:38,637 [INFO] MainPanel:272 - HeapMemory: 268435456
2025-06-13 21:20:38,775 [INFO] DbMcusXml:78 - Set database path to: D:\stm32cubeIDE\STM32CubeIDE_1.17.0\STM32CubeIDE\plugins\com.st.stm32cube.common.mx_6.13.0.202411220809\\db\/mcu/
2025-06-13 21:20:38,776 [INFO] ApiDb:274 - Set plugin database path to: D:\stm32cubeIDE\STM32CubeIDE_1.17.0\STM32CubeIDE\plugins\com.st.stm32cube.common.mx_6.13.0.202411220809\\db\/plugins/boardmanager/
2025-06-13 21:20:38,776 [INFO] ApiDb:261 - Set plugin images path to: D:\stm32cubeIDE\STM32CubeIDE_1.17.0\STM32CubeIDE\plugins\com.st.stm32cube.common.mx_6.13.0.202411220809\\db\/plugins/mcufinder/images/
2025-06-13 21:20:38,776 [WARN] DbFile:41 - Overriding database path with different value: C:\Users\LEGION\.stmcufinder\plugins\mcufinder/ => C:\Users\LEGION\.stmcufinder\plugins\mcufinder
2025-06-13 21:20:38,776 [INFO] ApiDb:250 - Set database path to: C:\Users\LEGION\.stmcufinder\plugins\mcufinder//mcu/
2025-06-13 21:20:38,777 [WARN] DbFile:41 - Overriding database path with different value: C:\Users\LEGION\.stmcufinder\plugins\mcufinder/ => C:\Users\LEGION\.stmcufinder\plugins\mcufinder
2025-06-13 21:20:38,777 [INFO] DbMcusAds:125 - Set database path to: C:\Users\LEGION\.stmcufinder\plugins\mcufinder//mcu/
2025-06-13 21:20:38,777 [WARN] DbFile:41 - Overriding database path with different value: C:\Users\LEGION\.stmcufinder\plugins\mcufinder/ => C:\Users\LEGION\.stmcufinder\plugins\mcufinder
2025-06-13 21:20:38,777 [WARN] DbFile:41 - Overriding database path with different value: C:\Users\LEGION\.stmcufinder\plugins\mcufinder/ => C:\Users\LEGION\.stmcufinder\plugins\mcufinder
2025-06-13 21:20:38,777 [INFO] CrossReferenceDbSqlite:203 - Set database path to: C:\Users\LEGION\.stmcufinder\plugins\mcufinder//mcu/cs/
2025-06-13 21:20:38,807 [INFO] ApplicationProperties:184 - Using Application install path: D:\stm32cubeIDE\STM32CubeIDE_1.17.0\STM32CubeIDE\plugins\com.st.stm32cube.common.mx_6.13.0.202411220809
2025-06-13 21:20:38,809 [INFO] PluginManage:196 - Search for loadable plugins [exclusion list=, ]
2025-06-13 21:20:38,811 [INFO] PluginManage:310 - Check plugin analytics
2025-06-13 21:20:43,988 [INFO] AnalyticsPlugin:253 - Accepted Software Licenses: 
2025-06-13 21:20:43,989 [INFO] AnalyticsPlugin:255 - Accepted CMSIS Pack Licenses: 
2025-06-13 21:20:43,989 [INFO] AnalyticsPlugin:257 - Accepted Firmware Licenses: FW.F4.1.28.0
2025-06-13 21:20:43,993 [INFO] PluginManage:359 - Loaded plugin analytics (category:tool,tabindex:-1)
2025-06-13 21:20:43,993 [INFO] PluginManage:310 - Check plugin cadmodel
2025-06-13 21:20:44,022 [INFO] CADModel:105 - Init CAD model plugin
2025-06-13 21:20:44,022 [INFO] PluginManage:359 - Loaded plugin cadmodel (category:power,tabindex:5)
2025-06-13 21:20:44,023 [INFO] PluginManage:310 - Check plugin clock
2025-06-13 21:20:44,055 [INFO] PluginManage:359 - Loaded plugin clock (category:base,tabindex:2)
2025-06-13 21:20:44,056 [INFO] PluginManage:310 - Check plugin ddr
2025-06-13 21:20:44,059 [INFO] PluginManage:359 - Loaded plugin ddr (category:tool,tabindex:6)
2025-06-13 21:20:44,059 [INFO] PluginManage:310 - Check plugin filemanager
2025-06-13 21:20:44,267 [INFO] PluginManage:359 - Loaded plugin filemanager (category:base,tabindex:10)
2025-06-13 21:20:44,267 [INFO] PluginManage:310 - Check plugin ipmanager
2025-06-13 21:20:44,277 [INFO] PluginManage:359 - Loaded plugin ipmanager (category:base,tabindex:5)
2025-06-13 21:20:44,277 [INFO] PluginManage:310 - Check plugin lpbam
2025-06-13 21:20:44,310 [INFO] PluginManage:359 - Loaded plugin lpbam (category:base,tabindex:0)
2025-06-13 21:20:44,310 [INFO] PluginManage:310 - Check plugin memorymap
2025-06-13 21:20:44,340 [INFO] PluginManage:359 - Loaded plugin memorymap (category:base,tabindex:4)
2025-06-13 21:20:44,341 [INFO] PluginManage:310 - Check plugin pinoutandconfiguration
2025-06-13 21:20:44,365 [INFO] PluginManage:359 - Loaded plugin pinoutandconfiguration (category:base,tabindex:1)
2025-06-13 21:20:44,365 [INFO] PluginManage:310 - Check plugin pinoutconfig
2025-06-13 21:20:44,498 [WARN] SupportedApi:132 - Cannot load RTOS API schema: s4s-elt-must-match.1: The content of 'definitions' must match (annotation?, (simpleType | complexType)?, (unique | key | keyref)*)). A problem was found starting at: attribute.
2025-06-13 21:20:44,685 [INFO] PluginManage:359 - Loaded plugin pinoutconfig (category:base,tabindex:0)
2025-06-13 21:20:44,685 [INFO] PluginManage:310 - Check plugin power
2025-06-13 21:20:44,728 [INFO] PluginManage:359 - Loaded plugin power (category:power,tabindex:4)
2025-06-13 21:20:44,729 [INFO] PluginManage:310 - Check plugin projectmanager
2025-06-13 21:20:44,755 [INFO] PluginManage:359 - Loaded plugin projectmanager (category:projectmanager,tabindex:4)
2025-06-13 21:20:44,755 [INFO] PluginManage:310 - Check plugin rif
2025-06-13 21:20:44,788 [INFO] PluginManage:359 - Loaded plugin rif (category:base,tabindex:3)
2025-06-13 21:20:44,788 [INFO] PluginManage:310 - Check plugin thirdparty
2025-06-13 21:20:45,201 [INFO] PluginManage:359 - Loaded plugin thirdparty (category:base,tabindex:-1)
2025-06-13 21:20:45,201 [WARN] IntegrityCheckThread:84 - waiting for thirdparty lock release [integrity check]
2025-06-13 21:20:45,201 [INFO] PluginManage:310 - Check plugin tools
2025-06-13 21:20:45,201 [INFO] IntegrityCheckThread:86 - entering critical section [integrity check]
2025-06-13 21:20:45,201 [INFO] ThirdPartyUpdaterWithRetryManager:70 - Updater plugin not ready yet. [1/15]
2025-06-13 21:20:45,238 [INFO] PluginManage:359 - Loaded plugin tools (category:base,tabindex:7)
2025-06-13 21:20:45,238 [INFO] PluginManage:310 - Check plugin tutovideos
2025-06-13 21:20:45,486 [INFO] PluginManage:359 - Loaded plugin tutovideos (category:base,tabindex:-1)
2025-06-13 21:20:45,487 [INFO] PluginManage:310 - Check plugin updater
2025-06-13 21:20:45,520 [INFO] PluginManage:359 - Loaded plugin updater (category:base,tabindex:12)
2025-06-13 21:20:45,521 [INFO] PluginManage:310 - Check plugin userauth
2025-06-13 21:20:45,527 [INFO] UserAuth:118 - Init User Auth plugin
2025-06-13 21:20:45,528 [INFO] PluginManage:359 - Loaded plugin userauth (category:base,tabindex:14)
2025-06-13 21:20:45,529 [INFO] PluginManage:283 - PluginManage : Loaded plugins [18]
2025-06-13 21:20:45,837 [INFO] PinOutPanel:1589 - setPackage(No Configuration,No Configuration)
2025-06-13 21:20:45,950 [INFO] CADModel:165 - CPN selected for project level
2025-06-13 21:20:45,951 [INFO] CADModel:114 - Register for checkConnection events
2025-06-13 21:20:45,983 [INFO] IPUIPlugin:80 - create IPUIPlugin
2025-06-13 21:20:45,983 [INFO] PluginManager:220 - loadIPPluginJar : add adc
2025-06-13 21:20:46,039 [INFO] IPUIPlugin:80 - create IPUIPlugin
2025-06-13 21:20:46,039 [INFO] PluginManager:220 - loadIPPluginJar : add aes
2025-06-13 21:20:46,098 [INFO] IPUIPlugin:80 - create IPUIPlugin
2025-06-13 21:20:46,098 [INFO] PluginManager:220 - loadIPPluginJar : add can
2025-06-13 21:20:46,133 [INFO] IPUIPlugin:80 - create IPUIPlugin
2025-06-13 21:20:46,134 [INFO] PluginManager:220 - loadIPPluginJar : add comp
2025-06-13 21:20:46,166 [INFO] IPUIPlugin:80 - create IPUIPlugin
2025-06-13 21:20:46,167 [INFO] PluginManager:220 - loadIPPluginJar : add cryp
2025-06-13 21:20:46,185 [INFO] IPUIPlugin:80 - create IPUIPlugin
2025-06-13 21:20:46,185 [INFO] PluginManager:220 - loadIPPluginJar : add ddr_ctrl_phy
2025-06-13 21:20:46,227 [INFO] IPUIPlugin:80 - create IPUIPlugin
2025-06-13 21:20:46,228 [INFO] PluginManager:220 - loadIPPluginJar : add dfsdm
2025-06-13 21:20:46,248 [INFO] IPUIPlugin:80 - create IPUIPlugin
2025-06-13 21:20:46,248 [INFO] PluginManager:220 - loadIPPluginJar : add dma
2025-06-13 21:20:46,285 [INFO] IPUIPlugin:80 - create IPUIPlugin
2025-06-13 21:20:46,285 [INFO] PluginManager:220 - loadIPPluginJar : add dma3
2025-06-13 21:20:46,349 [INFO] IPUIPlugin:80 - create IPUIPlugin
2025-06-13 21:20:46,349 [INFO] PluginManager:220 - loadIPPluginJar : add extmemmanager
2025-06-13 21:20:46,380 [INFO] IPUIPlugin:80 - create IPUIPlugin
2025-06-13 21:20:46,381 [INFO] PluginManager:220 - loadIPPluginJar : add fatfs
2025-06-13 21:20:46,447 [INFO] IPUIPlugin:80 - create IPUIPlugin
2025-06-13 21:20:46,447 [INFO] PluginManager:220 - loadIPPluginJar : add fmc
2025-06-13 21:20:46,469 [INFO] IPUIPlugin:80 - create IPUIPlugin
2025-06-13 21:20:46,469 [INFO] PluginManager:220 - loadIPPluginJar : add freertos
2025-06-13 21:20:46,514 [INFO] IPUIPlugin:80 - create IPUIPlugin
2025-06-13 21:20:46,515 [INFO] PluginManager:220 - loadIPPluginJar : add genericplugin
2025-06-13 21:20:46,669 [INFO] IPUIPlugin:80 - create IPUIPlugin
2025-06-13 21:20:46,670 [INFO] PluginManager:220 - loadIPPluginJar : add gfxmmu
2025-06-13 21:20:46,852 [INFO] IPUIPlugin:80 - create IPUIPlugin
2025-06-13 21:20:46,852 [INFO] PluginManager:220 - loadIPPluginJar : add gic
2025-06-13 21:20:46,868 [INFO] IPUIPlugin:80 - create IPUIPlugin
2025-06-13 21:20:46,868 [INFO] PluginManager:220 - loadIPPluginJar : add gpio
2025-06-13 21:20:46,993 [INFO] IPUIPlugin:80 - create IPUIPlugin
2025-06-13 21:20:46,993 [INFO] PluginManager:220 - loadIPPluginJar : add gtzc
2025-06-13 21:20:47,042 [INFO] IPUIPlugin:80 - create IPUIPlugin
2025-06-13 21:20:47,042 [INFO] PluginManager:220 - loadIPPluginJar : add hash
2025-06-13 21:20:47,110 [INFO] IPUIPlugin:80 - create IPUIPlugin
2025-06-13 21:20:47,110 [INFO] PluginManager:220 - loadIPPluginJar : add i2c
2025-06-13 21:20:47,158 [INFO] IPUIPlugin:80 - create IPUIPlugin
2025-06-13 21:20:47,159 [INFO] PluginManager:220 - loadIPPluginJar : add i2s
2025-06-13 21:20:47,222 [INFO] IPUIPlugin:80 - create IPUIPlugin
2025-06-13 21:20:47,222 [INFO] PluginManager:220 - loadIPPluginJar : add i3c
2025-06-13 21:20:47,364 [INFO] IPUIPlugin:80 - create IPUIPlugin
2025-06-13 21:20:47,364 [INFO] PluginManager:220 - loadIPPluginJar : add ipddr
2025-06-13 21:20:47,467 [INFO] IPUIPlugin:80 - create IPUIPlugin
2025-06-13 21:20:47,467 [INFO] PluginManager:220 - loadIPPluginJar : add linkedlist
2025-06-13 21:20:47,498 [INFO] IPUIPlugin:80 - create IPUIPlugin
2025-06-13 21:20:47,498 [INFO] PluginManager:220 - loadIPPluginJar : add lorawan
2025-06-13 21:20:47,575 [INFO] IPUIPlugin:80 - create IPUIPlugin
2025-06-13 21:20:47,575 [INFO] PluginManager:220 - loadIPPluginJar : add ltdc
2025-06-13 21:20:47,601 [INFO] IPUIPlugin:80 - create IPUIPlugin
2025-06-13 21:20:47,601 [INFO] PluginManager:220 - loadIPPluginJar : add mdma
2025-06-13 21:20:47,621 [INFO] IPUIPlugin:80 - create IPUIPlugin
2025-06-13 21:20:47,621 [INFO] PluginManager:220 - loadIPPluginJar : add nvic
2025-06-13 21:20:47,662 [INFO] IPUIPlugin:80 - create IPUIPlugin
2025-06-13 21:20:47,662 [INFO] PluginManager:220 - loadIPPluginJar : add opamp
2025-06-13 21:20:47,726 [INFO] IPUIPlugin:80 - create IPUIPlugin
2025-06-13 21:20:47,726 [INFO] PluginManager:220 - loadIPPluginJar : add openamp
2025-06-13 21:20:47,796 [INFO] IPUIPlugin:80 - create IPUIPlugin
2025-06-13 21:20:47,796 [INFO] PluginManager:220 - loadIPPluginJar : add pdm2pcm
2025-06-13 21:20:47,816 [INFO] IPUIPlugin:80 - create IPUIPlugin
2025-06-13 21:20:47,816 [INFO] PluginManager:220 - loadIPPluginJar : add plateformsettings
2025-06-13 21:20:47,846 [INFO] IPUIPlugin:80 - create IPUIPlugin
2025-06-13 21:20:47,846 [INFO] PluginManager:220 - loadIPPluginJar : add quadspi
2025-06-13 21:20:47,887 [INFO] IPUIPlugin:80 - create IPUIPlugin
2025-06-13 21:20:47,887 [INFO] PluginManager:220 - loadIPPluginJar : add radio
2025-06-13 21:20:47,907 [INFO] IPUIPlugin:80 - create IPUIPlugin
2025-06-13 21:20:47,907 [INFO] PluginManager:220 - loadIPPluginJar : add resmgrutility
2025-06-13 21:20:47,969 [INFO] IPUIPlugin:80 - create IPUIPlugin
2025-06-13 21:20:47,969 [INFO] PluginManager:220 - loadIPPluginJar : add sai
2025-06-13 21:20:48,009 [INFO] IPUIPlugin:80 - create IPUIPlugin
2025-06-13 21:20:48,009 [INFO] PluginManager:220 - loadIPPluginJar : add spi
2025-06-13 21:20:48,116 [INFO] IPUIPlugin:80 - create IPUIPlugin
2025-06-13 21:20:48,116 [INFO] PluginManager:220 - loadIPPluginJar : add stm32_wpan
2025-06-13 21:20:48,152 [INFO] IPUIPlugin:80 - create IPUIPlugin
2025-06-13 21:20:48,152 [INFO] PluginManager:220 - loadIPPluginJar : add tim
2025-06-13 21:20:48,203 [INFO] ThirdPartyUpdaterWithRetryManager:70 - Updater plugin not ready yet. [2/15]
2025-06-13 21:20:48,234 [INFO] IPUIPlugin:80 - create IPUIPlugin
2025-06-13 21:20:48,234 [INFO] PluginManager:220 - loadIPPluginJar : add touchsensing
2025-06-13 21:20:48,264 [INFO] IPUIPlugin:80 - create IPUIPlugin
2025-06-13 21:20:48,264 [INFO] PluginManager:220 - loadIPPluginJar : add tracer_emb
2025-06-13 21:20:48,300 [INFO] IPUIPlugin:80 - create IPUIPlugin
2025-06-13 21:20:48,300 [INFO] PluginManager:220 - loadIPPluginJar : add ts
2025-06-13 21:20:48,347 [INFO] IPUIPlugin:80 - create IPUIPlugin
2025-06-13 21:20:48,347 [INFO] PluginManager:220 - loadIPPluginJar : add tsc
2025-06-13 21:20:48,365 [INFO] IPUIPlugin:80 - create IPUIPlugin
2025-06-13 21:20:48,365 [INFO] PluginManager:220 - loadIPPluginJar : add ucpd
2025-06-13 21:20:48,416 [INFO] IPUIPlugin:80 - create IPUIPlugin
2025-06-13 21:20:48,416 [INFO] PluginManager:220 - loadIPPluginJar : add usart
2025-06-13 21:20:48,477 [INFO] IPUIPlugin:80 - create IPUIPlugin
2025-06-13 21:20:48,477 [INFO] PluginManager:220 - loadIPPluginJar : add usbx
2025-06-13 21:20:48,633 [FATAL] Updater:351 - Updater called before beeing initialized
2025-06-13 21:20:48,664 [INFO] RulesReader:64 - Compatibility file has been processed (297 Rules)
2025-06-13 21:20:48,698 [INFO] RulesReader:64 - Compatibility file has been processed (297 Rules)
2025-06-13 21:20:48,704 [INFO] CADModel:165 - CPN selected for project level
2025-06-13 21:20:48,704 [INFO] CADModel:114 - Register for checkConnection events
2025-06-13 21:20:48,704 [FATAL] Updater:351 - Updater called before beeing initialized
2025-06-13 21:20:48,704 [ERROR] CADModel:125 - Updater not yet initialized, retry later 
2025-06-13 21:20:48,947 [FATAL] Updater:351 - Updater called before beeing initialized
2025-06-13 21:20:48,949 [INFO] CADModel:165 - CPN selected for project level
2025-06-13 21:20:48,951 [INFO] CADModel:114 - Register for checkConnection events
2025-06-13 21:20:48,951 [FATAL] Updater:351 - Updater called before beeing initialized
2025-06-13 21:20:48,951 [ERROR] CADModel:125 - Updater not yet initialized, retry later 
2025-06-13 21:20:48,953 [FATAL] Updater:351 - Updater called before beeing initialized
2025-06-13 21:20:49,110 [FATAL] Updater:351 - Updater called before beeing initialized
2025-06-13 21:20:49,131 [INFO] DbMcusAds:53 - JSON generation date=Wed May 07 16:07:55 ICT 2025 (1746608875484)
2025-06-13 21:20:49,131 [FATAL] Updater:351 - Updater called before beeing initialized
2025-06-13 21:20:49,235 [WARN] DetailPanel:346 - Failed to get advertising image, set to default
2025-06-13 21:20:49,517 [FATAL] Updater:351 - Updater called before beeing initialized
2025-06-13 21:20:49,520 [FATAL] Updater:351 - Updater called before beeing initialized
2025-06-13 21:20:49,520 [FATAL] Updater:351 - Updater called before beeing initialized
2025-06-13 21:20:49,520 [WARN] DetailPanel:346 - Failed to get advertising image, set to default
2025-06-13 21:20:49,522 [FATAL] Updater:351 - Updater called before beeing initialized
2025-06-13 21:20:49,612 [ERROR] Updater:1198 - MainUpdater not yet initialized. External WinMGr cannot be set.
2025-06-13 21:20:49,633 [INFO] Updater:1134 - Updater Version found : 6.13.0
2025-06-13 21:20:49,656 [INFO] ApplicationProperties:184 - Using Application install path: D:\stm32cubeIDE\STM32CubeIDE_1.17.0\STM32CubeIDE\plugins\com.st.stm32cube.common.mx_6.13.0.202411220809
2025-06-13 21:20:51,222 [INFO] ThirdPartyUpdaterWithRetryManager:70 - Updater plugin not ready yet. [3/15]
2025-06-13 21:20:51,303 [ERROR] LogOutputStream:75 - [STDERR_REDIRECT] Jun 13, 2025 9:20:51 PM java.util.prefs.WindowsPreferences <init>
2025-06-13 21:20:51,303 [ERROR] LogOutputStream:75 - [STDERR_REDIRECT] WARNING: Could not open/create prefs root node Software\JavaSoft\Prefs at root 0xffffffff80000002. Windows RegCreateKeyEx(...) returned error code 5.
2025-06-13 21:20:51,303 [ERROR] LogOutputStream:75 - [STDERR_REDIRECT] 
2025-06-13 21:20:51,923 [INFO] MainUpdater:2872 - connection check result : 10
2025-06-13 21:20:51,923 [INFO] MainUpdater:289 - Updater Check For Update Now.
2025-06-13 21:20:51,925 [INFO] MicroXplorer:498 - Change Database Version : DB.6.0.130
2025-06-13 21:20:51,941 [INFO] McuFinderGlobals:63 - Set McuFinder mode to 2 (CubeIDE integrated)
2025-06-13 21:20:51,941 [INFO] UserAuth:171 - activating auth plugin
2025-06-13 21:20:51,941 [INFO] UserAuth:486 - Internet connection configuration mode: 1
2025-06-13 21:20:51,981 [INFO] JxBrowserEngine:152 - Initiate JxBrowser Engine with user profile folder
2025-06-13 21:20:52,204 [INFO] CheckServerUpdateThread:120 - End of CheckServer Thread
2025-06-13 21:20:52,910 [INFO] WebApp:168 - Instantiating new browser for Auth
2025-06-13 21:20:53,658 [INFO] WebApp:449 - Apply proxy settings
2025-06-13 21:20:53,658 [INFO] WebApp:534 - Chromium requires no authentication
2025-06-13 21:20:53,670 [INFO] WebApp:477 - Direct internet connection detected
2025-06-13 21:20:53,700 [INFO] WebApp:880 - Register for checkConnection events
2025-06-13 21:20:53,701 [INFO] WebApp:449 - Apply proxy settings
2025-06-13 21:20:53,701 [INFO] WebApp:534 - Chromium requires no authentication
2025-06-13 21:20:53,702 [INFO] WebApp:477 - Direct internet connection detected
2025-06-13 21:20:53,911 [INFO] WebApp:221 - Starting web application
2025-06-13 21:20:53,911 [INFO] WebApp:579 - Web application path used D:\stm32cubeIDE\STM32CubeIDE_1.17.0\STM32CubeIDE\plugins\com.st.stm32cube.common.mx_6.13.0.202411220809\db\plugins\mcufinder\reactClient1\index.html
2025-06-13 21:20:54,550 [WARN] PackLoader:240 - Cannot read IP mode file for STMicroelectronics.FP-SNS-MOTENVWB1.1.4.0
2025-06-13 21:20:54,578 [WARN] PackLoader:240 - Cannot read IP mode file for STMicroelectronics.FP-ATR-ASTRA1.2.0.2
2025-06-13 21:20:54,598 [WARN] PackLoader:240 - Cannot read IP mode file for STMicroelectronics.FP-ATR-ASTRA1.2.0.1
2025-06-13 21:20:54,623 [WARN] PackLoader:240 - Cannot read IP mode file for STMicroelectronics.X-CUBE-SMBUS.2.1.0
2025-06-13 21:20:54,644 [WARN] PackLoader:240 - Cannot read IP mode file for STMicroelectronics.X-CUBE-WB05N.1.1.0
2025-06-13 21:20:54,666 [WARN] PackLoader:240 - Cannot read IP mode file for STMicroelectronics.X-CUBE-ST60.1.0.0
2025-06-13 21:20:54,734 [WARN] PackLoader:240 - Cannot read IP mode file for STMicroelectronics.X-CUBE-AZRTOS-F7.1.1.0
2025-06-13 21:20:54,754 [WARN] PackLoader:240 - Cannot read IP mode file for STMicroelectronics.FP-SNS-FLIGHT1.5.0.2
2025-06-13 21:20:54,809 [WARN] PackLoader:240 - Cannot read IP mode file for Infineon.AIROC-Wi-Fi-Bluetooth-STM32.1.7.0
2025-06-13 21:20:54,838 [WARN] PackLoader:240 - Cannot read IP mode file for STMicroelectronics.X-CUBE-DISPLAY.3.0.0
2025-06-13 21:20:54,867 [WARN] PackLoader:240 - Cannot read IP mode file for STMicroelectronics.X-CUBE-BLE1.7.0.0
2025-06-13 21:20:54,885 [WARN] PackLoader:240 - Cannot read IP mode file for STMicroelectronics.X-CUBE-NFC10.1.0.0
2025-06-13 21:20:54,909 [WARN] PackLoader:240 - Cannot read IP mode file for emotas.I-CUBE-CANOPEN.1.3.0
2025-06-13 21:20:54,927 [WARN] PackLoader:240 - Cannot read IP mode file for STMicroelectronics.X-CUBE-AI.10.0.0
2025-06-13 21:20:54,943 [WARN] PackLoader:240 - Cannot read IP mode file for STMicroelectronics.FP-SNS-SMARTAG2.1.2.0
2025-06-13 21:20:54,957 [WARN] PackLoader:240 - Cannot read IP mode file for STMicroelectronics.FP-SNS-FLIGHT1.5.1.0
2025-06-13 21:20:55,049 [WARN] PackLoader:240 - Cannot read IP mode file for STMicroelectronics.X-CUBE-MEMS1.11.1.0
2025-06-13 21:20:55,242 [INFO] LogOutputStream:77 - [STDOUT_REDIRECT] 1 : Invalid condition id : UX_CORESTACK_Condition cause : null
2025-06-13 21:20:55,242 [INFO] LogOutputStream:77 - [STDOUT_REDIRECT] 1 : Invalid condition id : UX_CORESTACK_Condition cause : null
2025-06-13 21:20:55,245 [INFO] LogOutputStream:77 - [STDOUT_REDIRECT] 1 : Invalid condition id : UX_CORESTACK_Condition cause : null
2025-06-13 21:20:55,245 [INFO] LogOutputStream:77 - [STDOUT_REDIRECT] 1 : Invalid condition id : UX_CORESTACK_Condition cause : null
2025-06-13 21:20:55,247 [INFO] LogOutputStream:77 - [STDOUT_REDIRECT] 1 : Invalid condition id : UX_CORESTACK_Condition cause : null
2025-06-13 21:20:55,254 [WARN] PackLoader:240 - Cannot read IP mode file for STMicroelectronics.X-CUBE-AZRTOS-WL.2.0.0
2025-06-13 21:20:55,286 [WARN] PackLoader:240 - Cannot read IP mode file for STMicroelectronics.FP-SNS-MOTENV1.5.0.0
2025-06-13 21:20:55,311 [INFO] WebApp:187 - Connection restablished
2025-06-13 21:20:55,324 [WARN] PackLoader:240 - Cannot read IP mode file for WES.I-CUBE-Cesium.1.3.0
2025-06-13 21:20:55,366 [WARN] PackLoader:240 - Cannot read IP mode file for STMicroelectronics.X-CUBE-BLE2.3.3.0
2025-06-13 21:20:55,393 [WARN] PackLoader:240 - Cannot read IP mode file for STMicroelectronics.X-CUBE-NFC9.1.0.0
2025-06-13 21:20:55,414 [WARN] PackLoader:240 - Cannot read IP mode file for STMicroelectronics.X-CUBE-BLE1.7.1.0
2025-06-13 21:20:55,430 [WARN] PackLoader:240 - Cannot read IP mode file for wolfSSL.I-CUBE-wolfMQTT.1.19.2
2025-06-13 21:20:55,450 [WARN] PackLoader:240 - Cannot read IP mode file for STMicroelectronics.X-CUBE-AI.10.1.0
2025-06-13 21:20:55,530 [WARN] PackLoader:240 - Cannot read IP mode file for STMicroelectronics.X-CUBE-MEMS1.11.2.0
2025-06-13 21:20:55,673 [WARN] PackLoader:240 - Cannot read IP mode file for STMicroelectronics.X-CUBE-AZRTOS-G0.1.1.0
2025-06-13 21:20:55,692 [WARN] PackLoader:240 - Cannot read IP mode file for STMicroelectronics.X-CUBE-SAFEA1.1.2.2
2025-06-13 21:20:55,709 [WARN] PackLoader:240 - Cannot read IP mode file for STMicroelectronics.X-CUBE-NFC4.3.0.0
2025-06-13 21:20:55,735 [WARN] PackLoader:240 - Cannot read IP mode file for EmbeddedOffice.I-CUBE-FS-RTOS.1.0.1
2025-06-13 21:20:55,751 [WARN] PackLoader:240 - Cannot read IP mode file for STMicroelectronics.X-CUBE-WB05N.2.0.0
2025-06-13 21:20:55,767 [WARN] PackLoader:240 - Cannot read IP mode file for wolfSSL.I-CUBE-wolfTPM.3.8.0
2025-06-13 21:20:55,789 [WARN] PackLoader:240 - Cannot read IP mode file for RealThread.X-CUBE-RT-Thread_Nano.4.1.1
2025-06-13 21:20:55,809 [WARN] PackLoader:240 - Cannot read IP mode file for STMicroelectronics.FP-ATR-SIGFOX1.3.2.0
2025-06-13 21:20:55,828 [WARN] ConditionMgr:438 - getConditionDescription Invalid condition id : Cortex-A Device cause : null
2025-06-13 21:20:55,857 [WARN] ConditionMgr:1044 - genDependencies : Invalid condition id : Cortex-A Device cause : null
2025-06-13 21:20:55,857 [WARN] ConditionMgr:1044 - genDependencies : Invalid condition id : Cortex-A Device cause : null
2025-06-13 21:20:55,857 [WARN] ConditionMgr:1044 - genDependencies : Invalid condition id : Cortex-A Device cause : null
2025-06-13 21:20:55,874 [WARN] PackLoader:240 - Cannot read IP mode file for STMicroelectronics.X-CUBE-EEPRMA1.5.1.0
2025-06-13 21:20:55,888 [WARN] PackLoader:240 - Cannot read IP mode file for ITTIA_DB.I-CUBE-ITTIADB.8.9.0
2025-06-13 21:20:55,915 [WARN] PackLoader:240 - Cannot read IP mode file for STMicroelectronics.X-CUBE-ST67W61.1.0.0
2025-06-13 21:20:55,966 [WARN] PackLoader:240 - Cannot read IP mode file for SEGGER.I-CUBE-embOS.1.3.1
2025-06-13 21:20:56,023 [WARN] PackLoader:240 - Cannot read IP mode file for STMicroelectronics.X-CUBE-ALGOBUILD.1.4.0
2025-06-13 21:20:56,092 [WARN] PackLoader:240 - Cannot read IP mode file for STMicroelectronics.X-CUBE-MEMS1.11.3.0
2025-06-13 21:20:56,268 [WARN] PackLoader:240 - Cannot read IP mode file for STMicroelectronics.X-CUBE-AZRTOS-F4.1.1.0
2025-06-13 21:20:56,288 [WARN] PackLoader:240 - Cannot read IP mode file for Avnet-IotConnect.X-CUBE-IoTC-DA16k-PMOD.1.0.0
2025-06-13 21:20:56,307 [WARN] PackLoader:240 - Cannot read IP mode file for STMicroelectronics.X-CUBE-ISPU.2.1.0
2025-06-13 21:20:56,348 [WARN] PackLoader:240 - Cannot read IP mode file for STMicroelectronics.X-CUBE-AZRTOS-L5.2.0.0
2025-06-13 21:20:56,378 [WARN] PackLoader:240 - Cannot read IP mode file for STMicroelectronics.X-CUBE-NFC6.3.1.0
2025-06-13 21:20:56,395 [WARN] PackLoader:240 - Cannot read IP mode file for STMicroelectronics.X-CUBE-DPower.1.2.0
2025-06-13 21:20:56,426 [WARN] PackLoader:240 - Cannot read IP mode file for STMicroelectronics.X-CUBE-FREERTOS.1.3.1
2025-06-13 21:20:56,448 [WARN] PackLoader:240 - Cannot read IP mode file for STMicroelectronics.X-CUBE-FREERTOS.1.3.0
2025-06-13 21:20:56,464 [WARN] PackLoader:240 - Cannot read IP mode file for STMicroelectronics.X-CUBE-NFC7.1.0.1
2025-06-13 21:20:56,487 [WARN] PackLoader:240 - Cannot read IP mode file for STMicroelectronics.X-CUBE-DPower.1.3.0
2025-06-13 21:20:56,517 [WARN] ConditionMgr:438 - getConditionDescription Invalid condition id : LAN8742 Phy interface Condition cause : null
2025-06-13 21:20:56,523 [WARN] PackLoader:240 - Cannot read IP mode file for STMicroelectronics.X-CUBE-AZRTOS-L4.2.0.0
2025-06-13 21:20:56,523 [WARN] ConditionMgr:1044 - genDependencies : Invalid condition id : LAN8742 Phy interface Condition cause : null
2025-06-13 21:20:56,525 [WARN] ConditionMgr:1044 - genDependencies : Invalid condition id : LAN8742 Phy interface Condition cause : null
2025-06-13 21:20:56,525 [WARN] ConditionMgr:1044 - genDependencies : Invalid condition id : LAN8742 Phy interface Condition cause : null
2025-06-13 21:20:56,550 [WARN] PackLoader:240 - Cannot read IP mode file for STMicroelectronics.X-CUBE-SFXS2LP1.4.0.0
2025-06-13 21:20:56,589 [WARN] PackLoader:240 - Cannot read IP mode file for STMicroelectronics.X-CUBE-AZRTOS-H7.3.3.0
2025-06-13 21:20:56,622 [WARN] ConditionMgr:438 - getConditionDescription Invalid condition id : UX DEVICE CLASS RTOS Condition cause : null
2025-06-13 21:20:56,622 [WARN] ConditionMgr:438 - getConditionDescription Invalid condition id : UX DEVICE CLASS RTOS Condition cause : null
2025-06-13 21:20:56,622 [WARN] PackLoader:240 - Cannot read IP mode file for STMicroelectronics.X-CUBE-AZRTOS-WB.2.0.0
2025-06-13 21:20:56,622 [WARN] ConditionMgr:1044 - genDependencies : Invalid condition id : UX DEVICE CLASS RTOS Condition cause : null
2025-06-13 21:20:56,622 [WARN] ConditionMgr:1044 - genDependencies : Invalid condition id : UX DEVICE CLASS RTOS Condition cause : null
2025-06-13 21:20:56,622 [WARN] ConditionMgr:1044 - genDependencies : Invalid condition id : UX DEVICE CLASS RTOS Condition cause : null
2025-06-13 21:20:56,622 [WARN] ConditionMgr:1044 - genDependencies : Invalid condition id : UX DEVICE CLASS RTOS Condition cause : null
2025-06-13 21:20:56,622 [WARN] ConditionMgr:1044 - genDependencies : Invalid condition id : UX DEVICE CLASS RTOS Condition cause : null
2025-06-13 21:20:56,653 [WARN] PackLoader:240 - Cannot read IP mode file for STMicroelectronics.X-CUBE-TOUCHGFX.4.25.0
2025-06-13 21:20:56,675 [WARN] PackLoader:240 - Cannot read IP mode file for STMicroelectronics.FP-SNS-STBOX1.2.0.0
2025-06-13 21:20:56,703 [WARN] PackLoader:240 - Cannot read IP mode file for STMicroelectronics.X-CUBE-SUBG2.5.0.0
2025-06-13 21:20:56,742 [WARN] PackLoader:240 - Cannot read IP mode file for STMicroelectronics.X-CUBE-AZRTOS-H7RS.1.1.0
2025-06-13 21:20:56,762 [WARN] PackLoader:240 - Cannot read IP mode file for Cesanta.I-CUBE-Mongoose.7.13.0
2025-06-13 21:20:56,793 [WARN] PackLoader:240 - Cannot read IP mode file for STMicroelectronics.X-CUBE-AZRTOS-G4.2.0.0
2025-06-13 21:20:56,811 [WARN] PackLoader:240 - Cannot read IP mode file for wolfSSL.I-CUBE-wolfSSH.1.4.20
2025-06-13 21:20:56,834 [WARN] PackLoader:240 - Cannot read IP mode file for STMicroelectronics.X-CUBE-NFC7.2.0.0
2025-06-13 21:20:56,855 [WARN] PackLoader:240 - Cannot read IP mode file for STMicroelectronics.X-CUBE-ALS.1.0.2
2025-06-13 21:20:56,870 [WARN] PackLoader:240 - Cannot read IP mode file for STMicroelectronics.X-CUBE-TOUCHGFX.4.24.2
2025-06-13 21:20:56,893 [WARN] PackLoader:240 - Cannot read IP mode file for portGmbH.I-Cube-SoM-uGOAL.1.1.0
2025-06-13 21:20:56,925 [WARN] PackLoader:240 - Cannot read IP mode file for STMicroelectronics.X-CUBE-AZRTOS-H7RS.1.0.0
2025-06-13 21:20:56,956 [WARN] PackLoader:240 - Cannot read IP mode file for STMicroelectronics.X-CUBE-TOF1.3.4.2
2025-06-13 21:20:56,989 [WARN] PackLoader:240 - Cannot read IP mode file for STMicroelectronics.X-CUBE-TOF1.3.4.3
2025-06-13 21:20:57,001 [INFO] ThirdParty:978 - Integrity check success = true
2025-06-13 21:20:57,001 [INFO] IntegrityCheckThread:100 - exiting critical section [integrity check]
2025-06-13 21:20:57,001 [INFO] IntegrityCheckThread:103 - End integrity checks thread
2025-06-13 21:30:17,011 [ERROR] ConfigurationRetriever:142 - IOException on connection: Read timed out
2025-06-13 21:30:21,369 [ERROR] AdobePublisher:162 - Exception while opening the connection: java.net.SocketTimeoutException: Read timed out
2025-06-13 21:34:43,380 [ERROR] LogOutputStream:75 - [STDERR_REDIRECT] 
