2025-04-29 09:41:44,845 [INFO] Activator:176 - 


2025-04-29 09:41:44,852 [INFO] Activator:177 - !SESSION log4j initialized
2025-04-29 09:41:54,405 [INFO] LogOutputStream:77 - [STDOUT_REDIRECT] 
2025-04-29 09:41:57,378 [INFO] ApplicationProperties:184 - Using Application install path: D:\stm32cubeIDE\STM32CubeIDE_1.17.0\STM32CubeIDE\plugins\com.st.stm32cube.common.mx_6.13.0.202411220809
2025-04-29 09:41:57,400 [INFO] DbMcusXml:78 - Set database path to: D:\stm32cubeIDE\STM32CubeIDE_1.17.0\STM32CubeIDE\plugins\com.st.stm32cube.common.mx_6.13.0.202411220809\\db\/mcu/
2025-04-29 09:41:57,400 [INFO] ApiDb:274 - Set plugin database path to: D:\stm32cubeIDE\STM32CubeIDE_1.17.0\STM32CubeIDE\plugins\com.st.stm32cube.common.mx_6.13.0.202411220809\\db\/plugins/boardmanager/
2025-04-29 09:41:57,401 [WARN] ApiDb:259 - Overriding images path with different value:  => D:\stm32cubeIDE\STM32CubeIDE_1.17.0\STM32CubeIDE\plugins\com.st.stm32cube.common.mx_6.13.0.202411220809\\db\/plugins/mcufinder/images/
2025-04-29 09:41:57,411 [INFO] ApiDb:250 - Set database path to: C:\Users\LEGION\.stmcufinder\plugins\mcufinder//mcu/
2025-04-29 09:41:57,412 [INFO] DbMcusAds:125 - Set database path to: C:\Users\LEGION\.stmcufinder\plugins\mcufinder//mcu/
2025-04-29 09:41:57,416 [INFO] CrossReferenceDbSqlite:203 - Set database path to: C:\Users\LEGION\.stmcufinder\plugins\mcufinder//mcu/cs/
2025-04-29 09:41:57,597 [INFO] RulesReader:64 - Compatibility file has been processed (297 Rules)
2025-04-29 09:41:57,710 [INFO] DbMcusXml:78 - Set database path to: D:\stm32cubeIDE\STM32CubeIDE_1.17.0\STM32CubeIDE\plugins\com.st.stm32cube.common.mx_6.13.0.202411220809\\db\/mcu/
2025-04-29 09:41:57,710 [INFO] ApiDb:274 - Set plugin database path to: D:\stm32cubeIDE\STM32CubeIDE_1.17.0\STM32CubeIDE\plugins\com.st.stm32cube.common.mx_6.13.0.202411220809\\db\/plugins/boardmanager/
2025-04-29 09:41:57,710 [INFO] ApiDb:261 - Set plugin images path to: D:\stm32cubeIDE\STM32CubeIDE_1.17.0\STM32CubeIDE\plugins\com.st.stm32cube.common.mx_6.13.0.202411220809\\db\/plugins/mcufinder/images/
2025-04-29 09:41:57,710 [WARN] DbFile:41 - Overriding database path with different value: C:\Users\LEGION\.stmcufinder\plugins\mcufinder/ => C:\Users\LEGION\.stmcufinder\plugins\mcufinder
2025-04-29 09:41:57,710 [INFO] ApiDb:250 - Set database path to: C:\Users\LEGION\.stmcufinder\plugins\mcufinder//mcu/
2025-04-29 09:41:57,710 [WARN] DbFile:41 - Overriding database path with different value: C:\Users\LEGION\.stmcufinder\plugins\mcufinder/ => C:\Users\LEGION\.stmcufinder\plugins\mcufinder
2025-04-29 09:41:57,711 [INFO] DbMcusAds:125 - Set database path to: C:\Users\LEGION\.stmcufinder\plugins\mcufinder//mcu/
2025-04-29 09:41:57,711 [WARN] DbFile:41 - Overriding database path with different value: C:\Users\LEGION\.stmcufinder\plugins\mcufinder/ => C:\Users\LEGION\.stmcufinder\plugins\mcufinder
2025-04-29 09:41:57,711 [WARN] DbFile:41 - Overriding database path with different value: C:\Users\LEGION\.stmcufinder\plugins\mcufinder/ => C:\Users\LEGION\.stmcufinder\plugins\mcufinder
2025-04-29 09:41:57,711 [INFO] CrossReferenceDbSqlite:203 - Set database path to: C:\Users\LEGION\.stmcufinder\plugins\mcufinder//mcu/cs/
2025-04-29 09:41:57,822 [INFO] MainPanel:272 - HeapMemory: 268435456
2025-04-29 09:41:57,966 [INFO] DbMcusXml:78 - Set database path to: D:\stm32cubeIDE\STM32CubeIDE_1.17.0\STM32CubeIDE\plugins\com.st.stm32cube.common.mx_6.13.0.202411220809\\db\/mcu/
2025-04-29 09:41:57,966 [INFO] ApiDb:274 - Set plugin database path to: D:\stm32cubeIDE\STM32CubeIDE_1.17.0\STM32CubeIDE\plugins\com.st.stm32cube.common.mx_6.13.0.202411220809\\db\/plugins/boardmanager/
2025-04-29 09:41:57,967 [INFO] ApiDb:261 - Set plugin images path to: D:\stm32cubeIDE\STM32CubeIDE_1.17.0\STM32CubeIDE\plugins\com.st.stm32cube.common.mx_6.13.0.202411220809\\db\/plugins/mcufinder/images/
2025-04-29 09:41:57,967 [WARN] DbFile:41 - Overriding database path with different value: C:\Users\LEGION\.stmcufinder\plugins\mcufinder/ => C:\Users\LEGION\.stmcufinder\plugins\mcufinder
2025-04-29 09:41:57,967 [INFO] ApiDb:250 - Set database path to: C:\Users\LEGION\.stmcufinder\plugins\mcufinder//mcu/
2025-04-29 09:41:57,967 [WARN] DbFile:41 - Overriding database path with different value: C:\Users\LEGION\.stmcufinder\plugins\mcufinder/ => C:\Users\LEGION\.stmcufinder\plugins\mcufinder
2025-04-29 09:41:57,968 [INFO] DbMcusAds:125 - Set database path to: C:\Users\LEGION\.stmcufinder\plugins\mcufinder//mcu/
2025-04-29 09:41:57,968 [WARN] DbFile:41 - Overriding database path with different value: C:\Users\LEGION\.stmcufinder\plugins\mcufinder/ => C:\Users\LEGION\.stmcufinder\plugins\mcufinder
2025-04-29 09:41:57,968 [WARN] DbFile:41 - Overriding database path with different value: C:\Users\LEGION\.stmcufinder\plugins\mcufinder/ => C:\Users\LEGION\.stmcufinder\plugins\mcufinder
2025-04-29 09:41:57,968 [INFO] CrossReferenceDbSqlite:203 - Set database path to: C:\Users\LEGION\.stmcufinder\plugins\mcufinder//mcu/cs/
2025-04-29 09:41:57,995 [INFO] ApplicationProperties:184 - Using Application install path: D:\stm32cubeIDE\STM32CubeIDE_1.17.0\STM32CubeIDE\plugins\com.st.stm32cube.common.mx_6.13.0.202411220809
2025-04-29 09:41:57,997 [INFO] PluginManage:196 - Search for loadable plugins [exclusion list=, ]
2025-04-29 09:41:57,998 [INFO] PluginManage:310 - Check plugin analytics
2025-04-29 09:41:58,239 [INFO] AnalyticsPlugin:253 - Accepted Software Licenses: 
2025-04-29 09:41:58,239 [INFO] AnalyticsPlugin:255 - Accepted CMSIS Pack Licenses: 
2025-04-29 09:41:58,240 [INFO] AnalyticsPlugin:257 - Accepted Firmware Licenses: FW.F4.1.28.0
2025-04-29 09:41:58,245 [INFO] PluginManage:359 - Loaded plugin analytics (category:tool,tabindex:-1)
2025-04-29 09:41:58,246 [INFO] PluginManage:310 - Check plugin cadmodel
2025-04-29 09:41:58,275 [INFO] CADModel:105 - Init CAD model plugin
2025-04-29 09:41:58,276 [INFO] PluginManage:359 - Loaded plugin cadmodel (category:power,tabindex:5)
2025-04-29 09:41:58,276 [INFO] PluginManage:310 - Check plugin clock
2025-04-29 09:41:58,310 [INFO] PluginManage:359 - Loaded plugin clock (category:base,tabindex:2)
2025-04-29 09:41:58,310 [INFO] PluginManage:310 - Check plugin ddr
2025-04-29 09:41:58,314 [INFO] PluginManage:359 - Loaded plugin ddr (category:tool,tabindex:6)
2025-04-29 09:41:58,314 [INFO] PluginManage:310 - Check plugin filemanager
2025-04-29 09:41:58,524 [INFO] PluginManage:359 - Loaded plugin filemanager (category:base,tabindex:10)
2025-04-29 09:41:58,524 [INFO] PluginManage:310 - Check plugin ipmanager
2025-04-29 09:41:58,533 [INFO] PluginManage:359 - Loaded plugin ipmanager (category:base,tabindex:5)
2025-04-29 09:41:58,533 [INFO] PluginManage:310 - Check plugin lpbam
2025-04-29 09:41:58,563 [INFO] PluginManage:359 - Loaded plugin lpbam (category:base,tabindex:0)
2025-04-29 09:41:58,563 [INFO] PluginManage:310 - Check plugin memorymap
2025-04-29 09:41:58,599 [INFO] PluginManage:359 - Loaded plugin memorymap (category:base,tabindex:4)
2025-04-29 09:41:58,600 [INFO] PluginManage:310 - Check plugin pinoutandconfiguration
2025-04-29 09:41:58,628 [INFO] PluginManage:359 - Loaded plugin pinoutandconfiguration (category:base,tabindex:1)
2025-04-29 09:41:58,628 [INFO] PluginManage:310 - Check plugin pinoutconfig
2025-04-29 09:41:58,765 [WARN] SupportedApi:132 - Cannot load RTOS API schema: s4s-elt-must-match.1: The content of 'definitions' must match (annotation?, (simpleType | complexType)?, (unique | key | keyref)*)). A problem was found starting at: attribute.
2025-04-29 09:41:58,933 [INFO] PluginManage:359 - Loaded plugin pinoutconfig (category:base,tabindex:0)
2025-04-29 09:41:58,933 [INFO] PluginManage:310 - Check plugin power
2025-04-29 09:41:58,963 [INFO] PluginManage:359 - Loaded plugin power (category:power,tabindex:4)
2025-04-29 09:41:58,964 [INFO] PluginManage:310 - Check plugin projectmanager
2025-04-29 09:41:58,993 [INFO] PluginManage:359 - Loaded plugin projectmanager (category:projectmanager,tabindex:4)
2025-04-29 09:41:58,993 [INFO] PluginManage:310 - Check plugin rif
2025-04-29 09:41:59,020 [INFO] PluginManage:359 - Loaded plugin rif (category:base,tabindex:3)
2025-04-29 09:41:59,021 [INFO] PluginManage:310 - Check plugin thirdparty
2025-04-29 09:41:59,478 [WARN] IntegrityCheckThread:84 - waiting for thirdparty lock release [integrity check]
2025-04-29 09:41:59,479 [INFO] PluginManage:359 - Loaded plugin thirdparty (category:base,tabindex:-1)
2025-04-29 09:41:59,479 [INFO] IntegrityCheckThread:86 - entering critical section [integrity check]
2025-04-29 09:41:59,479 [INFO] PluginManage:310 - Check plugin tools
2025-04-29 09:41:59,479 [INFO] ThirdPartyUpdaterWithRetryManager:70 - Updater plugin not ready yet. [1/15]
2025-04-29 09:41:59,534 [INFO] PluginManage:359 - Loaded plugin tools (category:base,tabindex:7)
2025-04-29 09:41:59,534 [INFO] PluginManage:310 - Check plugin tutovideos
2025-04-29 09:41:59,791 [INFO] PluginManage:359 - Loaded plugin tutovideos (category:base,tabindex:-1)
2025-04-29 09:41:59,792 [INFO] PluginManage:310 - Check plugin updater
2025-04-29 09:41:59,823 [INFO] PluginManage:359 - Loaded plugin updater (category:base,tabindex:12)
2025-04-29 09:41:59,823 [INFO] PluginManage:310 - Check plugin userauth
2025-04-29 09:41:59,829 [INFO] UserAuth:118 - Init User Auth plugin
2025-04-29 09:41:59,830 [INFO] PluginManage:359 - Loaded plugin userauth (category:base,tabindex:14)
2025-04-29 09:41:59,831 [INFO] PluginManage:283 - PluginManage : Loaded plugins [18]
2025-04-29 09:42:00,143 [INFO] PinOutPanel:1589 - setPackage(No Configuration,No Configuration)
2025-04-29 09:42:00,269 [INFO] CADModel:165 - CPN selected for project level
2025-04-29 09:42:00,269 [INFO] CADModel:114 - Register for checkConnection events
2025-04-29 09:42:00,310 [INFO] IPUIPlugin:80 - create IPUIPlugin
2025-04-29 09:42:00,311 [INFO] PluginManager:220 - loadIPPluginJar : add adc
2025-04-29 09:42:00,386 [INFO] IPUIPlugin:80 - create IPUIPlugin
2025-04-29 09:42:00,386 [INFO] PluginManager:220 - loadIPPluginJar : add aes
2025-04-29 09:42:00,453 [INFO] IPUIPlugin:80 - create IPUIPlugin
2025-04-29 09:42:00,453 [INFO] PluginManager:220 - loadIPPluginJar : add can
2025-04-29 09:42:00,493 [INFO] IPUIPlugin:80 - create IPUIPlugin
2025-04-29 09:42:00,493 [INFO] PluginManager:220 - loadIPPluginJar : add comp
2025-04-29 09:42:00,554 [INFO] IPUIPlugin:80 - create IPUIPlugin
2025-04-29 09:42:00,554 [INFO] PluginManager:220 - loadIPPluginJar : add cryp
2025-04-29 09:42:00,578 [INFO] IPUIPlugin:80 - create IPUIPlugin
2025-04-29 09:42:00,578 [INFO] PluginManager:220 - loadIPPluginJar : add ddr_ctrl_phy
2025-04-29 09:42:00,629 [INFO] IPUIPlugin:80 - create IPUIPlugin
2025-04-29 09:42:00,629 [INFO] PluginManager:220 - loadIPPluginJar : add dfsdm
2025-04-29 09:42:00,653 [INFO] IPUIPlugin:80 - create IPUIPlugin
2025-04-29 09:42:00,654 [INFO] PluginManager:220 - loadIPPluginJar : add dma
2025-04-29 09:42:00,720 [INFO] IPUIPlugin:80 - create IPUIPlugin
2025-04-29 09:42:00,721 [INFO] PluginManager:220 - loadIPPluginJar : add dma3
2025-04-29 09:42:00,801 [INFO] IPUIPlugin:80 - create IPUIPlugin
2025-04-29 09:42:00,801 [INFO] PluginManager:220 - loadIPPluginJar : add extmemmanager
2025-04-29 09:42:00,837 [INFO] IPUIPlugin:80 - create IPUIPlugin
2025-04-29 09:42:00,837 [INFO] PluginManager:220 - loadIPPluginJar : add fatfs
2025-04-29 09:42:00,916 [INFO] IPUIPlugin:80 - create IPUIPlugin
2025-04-29 09:42:00,916 [INFO] PluginManager:220 - loadIPPluginJar : add fmc
2025-04-29 09:42:00,942 [INFO] IPUIPlugin:80 - create IPUIPlugin
2025-04-29 09:42:00,942 [INFO] PluginManager:220 - loadIPPluginJar : add freertos
2025-04-29 09:42:00,977 [INFO] IPUIPlugin:80 - create IPUIPlugin
2025-04-29 09:42:00,977 [INFO] PluginManager:220 - loadIPPluginJar : add genericplugin
2025-04-29 09:42:01,139 [INFO] IPUIPlugin:80 - create IPUIPlugin
2025-04-29 09:42:01,140 [INFO] PluginManager:220 - loadIPPluginJar : add gfxmmu
2025-04-29 09:42:01,378 [INFO] IPUIPlugin:80 - create IPUIPlugin
2025-04-29 09:42:01,379 [INFO] PluginManager:220 - loadIPPluginJar : add gic
2025-04-29 09:42:01,400 [INFO] IPUIPlugin:80 - create IPUIPlugin
2025-04-29 09:42:01,400 [INFO] PluginManager:220 - loadIPPluginJar : add gpio
2025-04-29 09:42:01,570 [INFO] IPUIPlugin:80 - create IPUIPlugin
2025-04-29 09:42:01,571 [INFO] PluginManager:220 - loadIPPluginJar : add gtzc
2025-04-29 09:42:01,633 [INFO] IPUIPlugin:80 - create IPUIPlugin
2025-04-29 09:42:01,633 [INFO] PluginManager:220 - loadIPPluginJar : add hash
2025-04-29 09:42:01,715 [INFO] IPUIPlugin:80 - create IPUIPlugin
2025-04-29 09:42:01,715 [INFO] PluginManager:220 - loadIPPluginJar : add i2c
2025-04-29 09:42:01,776 [INFO] IPUIPlugin:80 - create IPUIPlugin
2025-04-29 09:42:01,776 [INFO] PluginManager:220 - loadIPPluginJar : add i2s
2025-04-29 09:42:01,842 [INFO] IPUIPlugin:80 - create IPUIPlugin
2025-04-29 09:42:01,843 [INFO] PluginManager:220 - loadIPPluginJar : add i3c
2025-04-29 09:42:02,002 [INFO] IPUIPlugin:80 - create IPUIPlugin
2025-04-29 09:42:02,002 [INFO] PluginManager:220 - loadIPPluginJar : add ipddr
2025-04-29 09:42:02,136 [INFO] IPUIPlugin:80 - create IPUIPlugin
2025-04-29 09:42:02,136 [INFO] PluginManager:220 - loadIPPluginJar : add linkedlist
2025-04-29 09:42:02,192 [INFO] IPUIPlugin:80 - create IPUIPlugin
2025-04-29 09:42:02,192 [INFO] PluginManager:220 - loadIPPluginJar : add lorawan
2025-04-29 09:42:02,249 [INFO] IPUIPlugin:80 - create IPUIPlugin
2025-04-29 09:42:02,249 [INFO] PluginManager:220 - loadIPPluginJar : add ltdc
2025-04-29 09:42:02,271 [INFO] IPUIPlugin:80 - create IPUIPlugin
2025-04-29 09:42:02,272 [INFO] PluginManager:220 - loadIPPluginJar : add mdma
2025-04-29 09:42:02,292 [INFO] IPUIPlugin:80 - create IPUIPlugin
2025-04-29 09:42:02,292 [INFO] PluginManager:220 - loadIPPluginJar : add nvic
2025-04-29 09:42:02,354 [INFO] IPUIPlugin:80 - create IPUIPlugin
2025-04-29 09:42:02,354 [INFO] PluginManager:220 - loadIPPluginJar : add opamp
2025-04-29 09:42:02,446 [INFO] IPUIPlugin:80 - create IPUIPlugin
2025-04-29 09:42:02,446 [INFO] PluginManager:220 - loadIPPluginJar : add openamp
2025-04-29 09:42:02,481 [INFO] ThirdPartyUpdaterWithRetryManager:70 - Updater plugin not ready yet. [2/15]
2025-04-29 09:42:02,512 [INFO] IPUIPlugin:80 - create IPUIPlugin
2025-04-29 09:42:02,512 [INFO] PluginManager:220 - loadIPPluginJar : add pdm2pcm
2025-04-29 09:42:02,535 [INFO] IPUIPlugin:80 - create IPUIPlugin
2025-04-29 09:42:02,538 [INFO] PluginManager:220 - loadIPPluginJar : add plateformsettings
2025-04-29 09:42:02,575 [INFO] IPUIPlugin:80 - create IPUIPlugin
2025-04-29 09:42:02,575 [INFO] PluginManager:220 - loadIPPluginJar : add quadspi
2025-04-29 09:42:02,617 [INFO] IPUIPlugin:80 - create IPUIPlugin
2025-04-29 09:42:02,618 [INFO] PluginManager:220 - loadIPPluginJar : add radio
2025-04-29 09:42:02,639 [INFO] IPUIPlugin:80 - create IPUIPlugin
2025-04-29 09:42:02,639 [INFO] PluginManager:220 - loadIPPluginJar : add resmgrutility
2025-04-29 09:42:02,713 [INFO] IPUIPlugin:80 - create IPUIPlugin
2025-04-29 09:42:02,714 [INFO] PluginManager:220 - loadIPPluginJar : add sai
2025-04-29 09:42:02,774 [INFO] IPUIPlugin:80 - create IPUIPlugin
2025-04-29 09:42:02,774 [INFO] PluginManager:220 - loadIPPluginJar : add spi
2025-04-29 09:42:02,884 [INFO] IPUIPlugin:80 - create IPUIPlugin
2025-04-29 09:42:02,885 [INFO] PluginManager:220 - loadIPPluginJar : add stm32_wpan
2025-04-29 09:42:02,924 [INFO] IPUIPlugin:80 - create IPUIPlugin
2025-04-29 09:42:02,924 [INFO] PluginManager:220 - loadIPPluginJar : add tim
2025-04-29 09:42:03,017 [INFO] IPUIPlugin:80 - create IPUIPlugin
2025-04-29 09:42:03,017 [INFO] PluginManager:220 - loadIPPluginJar : add touchsensing
2025-04-29 09:42:03,054 [INFO] IPUIPlugin:80 - create IPUIPlugin
2025-04-29 09:42:03,055 [INFO] PluginManager:220 - loadIPPluginJar : add tracer_emb
2025-04-29 09:42:03,094 [INFO] IPUIPlugin:80 - create IPUIPlugin
2025-04-29 09:42:03,094 [INFO] PluginManager:220 - loadIPPluginJar : add ts
2025-04-29 09:42:03,130 [INFO] IPUIPlugin:80 - create IPUIPlugin
2025-04-29 09:42:03,131 [INFO] PluginManager:220 - loadIPPluginJar : add tsc
2025-04-29 09:42:03,164 [INFO] IPUIPlugin:80 - create IPUIPlugin
2025-04-29 09:42:03,164 [INFO] PluginManager:220 - loadIPPluginJar : add ucpd
2025-04-29 09:42:03,233 [INFO] IPUIPlugin:80 - create IPUIPlugin
2025-04-29 09:42:03,233 [INFO] PluginManager:220 - loadIPPluginJar : add usart
2025-04-29 09:42:03,305 [INFO] IPUIPlugin:80 - create IPUIPlugin
2025-04-29 09:42:03,305 [INFO] PluginManager:220 - loadIPPluginJar : add usbx
2025-04-29 09:42:03,452 [FATAL] Updater:351 - Updater called before beeing initialized
2025-04-29 09:42:03,489 [INFO] RulesReader:64 - Compatibility file has been processed (297 Rules)
2025-04-29 09:42:03,504 [INFO] RulesReader:64 - Compatibility file has been processed (297 Rules)
2025-04-29 09:42:03,513 [INFO] CADModel:165 - CPN selected for project level
2025-04-29 09:42:03,513 [INFO] CADModel:114 - Register for checkConnection events
2025-04-29 09:42:03,513 [FATAL] Updater:351 - Updater called before beeing initialized
2025-04-29 09:42:03,513 [ERROR] CADModel:125 - Updater not yet initialized, retry later 
2025-04-29 09:42:03,728 [FATAL] Updater:351 - Updater called before beeing initialized
2025-04-29 09:42:03,731 [INFO] CADModel:165 - CPN selected for project level
2025-04-29 09:42:03,731 [INFO] CADModel:114 - Register for checkConnection events
2025-04-29 09:42:03,731 [FATAL] Updater:351 - Updater called before beeing initialized
2025-04-29 09:42:03,731 [ERROR] CADModel:125 - Updater not yet initialized, retry later 
2025-04-29 09:42:03,736 [FATAL] Updater:351 - Updater called before beeing initialized
2025-04-29 09:42:03,873 [FATAL] Updater:351 - Updater called before beeing initialized
2025-04-29 09:42:03,889 [INFO] DbMcusAds:53 - JSON generation date=Thu Mar 06 21:54:22 ICT 2025 (1741272862078)
2025-04-29 09:42:03,889 [FATAL] Updater:351 - Updater called before beeing initialized
2025-04-29 09:42:04,010 [WARN] DetailPanel:346 - Failed to get advertising image, set to default
2025-04-29 09:42:04,316 [FATAL] Updater:351 - Updater called before beeing initialized
2025-04-29 09:42:04,318 [FATAL] Updater:351 - Updater called before beeing initialized
2025-04-29 09:42:04,319 [FATAL] Updater:351 - Updater called before beeing initialized
2025-04-29 09:42:04,319 [WARN] DetailPanel:346 - Failed to get advertising image, set to default
2025-04-29 09:42:04,320 [FATAL] Updater:351 - Updater called before beeing initialized
2025-04-29 09:42:04,409 [ERROR] Updater:1198 - MainUpdater not yet initialized. External WinMGr cannot be set.
2025-04-29 09:42:04,422 [INFO] Updater:1134 - Updater Version found : 6.13.0
2025-04-29 09:42:04,447 [INFO] ApplicationProperties:184 - Using Application install path: D:\stm32cubeIDE\STM32CubeIDE_1.17.0\STM32CubeIDE\plugins\com.st.stm32cube.common.mx_6.13.0.202411220809
2025-04-29 09:42:05,483 [INFO] ThirdPartyUpdaterWithRetryManager:70 - Updater plugin not ready yet. [3/15]
2025-04-29 09:42:06,034 [ERROR] LogOutputStream:75 - [STDERR_REDIRECT] Apr 29, 2025 9:42:06 AM java.util.prefs.WindowsPreferences <init>
2025-04-29 09:42:06,035 [ERROR] LogOutputStream:75 - [STDERR_REDIRECT] WARNING: Could not open/create prefs root node Software\JavaSoft\Prefs at root 0xffffffff80000002. Windows RegCreateKeyEx(...) returned error code 5.
2025-04-29 09:42:06,035 [ERROR] LogOutputStream:75 - [STDERR_REDIRECT] 
2025-04-29 09:42:06,463 [INFO] MainUpdater:2872 - connection check result : 10
2025-04-29 09:42:06,464 [INFO] MainUpdater:289 - Updater Check For Update Now.
2025-04-29 09:42:06,464 [INFO] MicroXplorer:498 - Change Database Version : DB.6.0.130
2025-04-29 09:42:06,491 [INFO] McuFinderGlobals:63 - Set McuFinder mode to 2 (CubeIDE integrated)
2025-04-29 09:42:06,491 [INFO] UserAuth:171 - activating auth plugin
2025-04-29 09:42:06,495 [INFO] UserAuth:486 - Internet connection configuration mode: 1
2025-04-29 09:42:06,538 [INFO] JxBrowserEngine:152 - Initiate JxBrowser Engine with user profile folder
2025-04-29 09:42:06,711 [INFO] CheckServerUpdateThread:120 - End of CheckServer Thread
2025-04-29 09:42:07,680 [INFO] WebApp:168 - Instantiating new browser for Auth
2025-04-29 09:42:08,890 [WARN] PackLoader:240 - Cannot read IP mode file for STMicroelectronics.FP-SNS-MOTENVWB1.1.4.0
2025-04-29 09:42:08,925 [WARN] PackLoader:240 - Cannot read IP mode file for STMicroelectronics.FP-ATR-ASTRA1.2.0.2
2025-04-29 09:42:08,949 [WARN] PackLoader:240 - Cannot read IP mode file for STMicroelectronics.FP-ATR-ASTRA1.2.0.1
2025-04-29 09:42:08,985 [WARN] PackLoader:240 - Cannot read IP mode file for STMicroelectronics.X-CUBE-SMBUS.2.1.0
2025-04-29 09:42:08,993 [INFO] WebApp:449 - Apply proxy settings
2025-04-29 09:42:08,994 [INFO] WebApp:534 - Chromium requires no authentication
2025-04-29 09:42:09,010 [INFO] WebApp:477 - Direct internet connection detected
2025-04-29 09:42:09,014 [WARN] PackLoader:240 - Cannot read IP mode file for STMicroelectronics.X-CUBE-WB05N.1.1.0
2025-04-29 09:42:09,060 [INFO] WebApp:880 - Register for checkConnection events
2025-04-29 09:42:09,060 [INFO] WebApp:449 - Apply proxy settings
2025-04-29 09:42:09,060 [INFO] WebApp:534 - Chromium requires no authentication
2025-04-29 09:42:09,061 [INFO] WebApp:477 - Direct internet connection detected
2025-04-29 09:42:09,082 [WARN] PackLoader:240 - Cannot read IP mode file for STMicroelectronics.X-CUBE-AZRTOS-F7.1.1.0
2025-04-29 09:42:09,108 [WARN] PackLoader:240 - Cannot read IP mode file for STMicroelectronics.FP-SNS-FLIGHT1.5.0.2
2025-04-29 09:42:09,162 [WARN] PackLoader:240 - Cannot read IP mode file for Infineon.AIROC-Wi-Fi-Bluetooth-STM32.1.7.0
2025-04-29 09:42:09,196 [WARN] PackLoader:240 - Cannot read IP mode file for STMicroelectronics.X-CUBE-DISPLAY.3.0.0
2025-04-29 09:42:09,242 [WARN] PackLoader:240 - Cannot read IP mode file for STMicroelectronics.X-CUBE-BLE1.7.0.0
2025-04-29 09:42:09,274 [WARN] PackLoader:240 - Cannot read IP mode file for STMicroelectronics.X-CUBE-NFC10.1.0.0
2025-04-29 09:42:09,307 [WARN] PackLoader:240 - Cannot read IP mode file for emotas.I-CUBE-CANOPEN.1.3.0
2025-04-29 09:42:09,312 [INFO] WebApp:187 - Connection restablished
2025-04-29 09:42:09,330 [WARN] PackLoader:240 - Cannot read IP mode file for STMicroelectronics.FP-SNS-SMARTAG2.1.2.0
2025-04-29 09:42:09,355 [WARN] PackLoader:240 - Cannot read IP mode file for STMicroelectronics.FP-SNS-FLIGHT1.5.1.0
2025-04-29 09:42:09,447 [WARN] PackLoader:240 - Cannot read IP mode file for STMicroelectronics.X-CUBE-MEMS1.11.1.0
2025-04-29 09:42:09,525 [INFO] WebApp:221 - Starting web application
2025-04-29 09:42:09,526 [INFO] WebApp:579 - Web application path used D:\stm32cubeIDE\STM32CubeIDE_1.17.0\STM32CubeIDE\plugins\com.st.stm32cube.common.mx_6.13.0.202411220809\db\plugins\mcufinder\reactClient1\index.html
2025-04-29 09:42:09,701 [INFO] LogOutputStream:77 - [STDOUT_REDIRECT] 1 : Invalid condition id : UX_CORESTACK_Condition cause : null
2025-04-29 09:42:09,702 [INFO] LogOutputStream:77 - [STDOUT_REDIRECT] 1 : Invalid condition id : UX_CORESTACK_Condition cause : null
2025-04-29 09:42:09,703 [INFO] LogOutputStream:77 - [STDOUT_REDIRECT] 1 : Invalid condition id : UX_CORESTACK_Condition cause : null
2025-04-29 09:42:09,704 [INFO] LogOutputStream:77 - [STDOUT_REDIRECT] 1 : Invalid condition id : UX_CORESTACK_Condition cause : null
2025-04-29 09:42:09,706 [INFO] LogOutputStream:77 - [STDOUT_REDIRECT] 1 : Invalid condition id : UX_CORESTACK_Condition cause : null
2025-04-29 09:42:09,710 [WARN] PackLoader:240 - Cannot read IP mode file for STMicroelectronics.X-CUBE-AZRTOS-WL.2.0.0
2025-04-29 09:42:09,739 [WARN] PackLoader:240 - Cannot read IP mode file for STMicroelectronics.FP-SNS-MOTENV1.5.0.0
2025-04-29 09:42:09,768 [WARN] PackLoader:240 - Cannot read IP mode file for WES.I-CUBE-Cesium.1.3.0
2025-04-29 09:42:09,795 [WARN] PackLoader:240 - Cannot read IP mode file for STMicroelectronics.X-CUBE-BLE2.3.3.0
2025-04-29 09:42:09,823 [WARN] PackLoader:240 - Cannot read IP mode file for STMicroelectronics.X-CUBE-NFC9.1.0.0
2025-04-29 09:42:09,850 [WARN] PackLoader:240 - Cannot read IP mode file for STMicroelectronics.X-CUBE-BLE1.7.1.0
2025-04-29 09:42:09,873 [WARN] PackLoader:240 - Cannot read IP mode file for wolfSSL.I-CUBE-wolfMQTT.1.19.2
2025-04-29 09:42:09,968 [WARN] PackLoader:240 - Cannot read IP mode file for STMicroelectronics.X-CUBE-MEMS1.11.2.0
2025-04-29 09:42:10,230 [WARN] PackLoader:240 - Cannot read IP mode file for STMicroelectronics.X-CUBE-AZRTOS-G0.1.1.0
2025-04-29 09:42:10,263 [WARN] PackLoader:240 - Cannot read IP mode file for STMicroelectronics.X-CUBE-SAFEA1.1.2.2
2025-04-29 09:42:10,290 [WARN] PackLoader:240 - Cannot read IP mode file for STMicroelectronics.X-CUBE-NFC4.3.0.0
2025-04-29 09:42:10,319 [WARN] PackLoader:240 - Cannot read IP mode file for EmbeddedOffice.I-CUBE-FS-RTOS.1.0.1
2025-04-29 09:42:10,341 [WARN] PackLoader:240 - Cannot read IP mode file for STMicroelectronics.X-CUBE-WB05N.2.0.0
2025-04-29 09:42:10,364 [WARN] PackLoader:240 - Cannot read IP mode file for wolfSSL.I-CUBE-wolfTPM.3.8.0
2025-04-29 09:42:10,385 [WARN] PackLoader:240 - Cannot read IP mode file for RealThread.X-CUBE-RT-Thread_Nano.4.1.1
2025-04-29 09:42:10,406 [WARN] PackLoader:240 - Cannot read IP mode file for STMicroelectronics.FP-ATR-SIGFOX1.3.2.0
2025-04-29 09:42:10,426 [WARN] ConditionMgr:438 - getConditionDescription Invalid condition id : Cortex-A Device cause : null
2025-04-29 09:42:10,458 [WARN] ConditionMgr:1044 - genDependencies : Invalid condition id : Cortex-A Device cause : null
2025-04-29 09:42:10,458 [WARN] ConditionMgr:1044 - genDependencies : Invalid condition id : Cortex-A Device cause : null
2025-04-29 09:42:10,458 [WARN] ConditionMgr:1044 - genDependencies : Invalid condition id : Cortex-A Device cause : null
2025-04-29 09:42:10,478 [WARN] PackLoader:240 - Cannot read IP mode file for STMicroelectronics.X-CUBE-EEPRMA1.5.1.0
2025-04-29 09:42:10,500 [WARN] PackLoader:240 - Cannot read IP mode file for ITTIA_DB.I-CUBE-ITTIADB.8.9.0
2025-04-29 09:42:10,538 [WARN] PackLoader:240 - Cannot read IP mode file for SEGGER.I-CUBE-embOS.1.3.1
2025-04-29 09:42:10,580 [WARN] PackLoader:240 - Cannot read IP mode file for STMicroelectronics.X-CUBE-ALGOBUILD.1.4.0
2025-04-29 09:42:10,617 [WARN] PackLoader:240 - Cannot read IP mode file for STMicroelectronics.X-CUBE-AZRTOS-F4.1.1.0
2025-04-29 09:42:10,638 [WARN] PackLoader:240 - Cannot read IP mode file for Avnet-IotConnect.X-CUBE-IoTC-DA16k-PMOD.1.0.0
2025-04-29 09:42:10,661 [WARN] PackLoader:240 - Cannot read IP mode file for STMicroelectronics.X-CUBE-ISPU.2.1.0
2025-04-29 09:42:10,701 [WARN] PackLoader:240 - Cannot read IP mode file for STMicroelectronics.X-CUBE-AZRTOS-L5.2.0.0
2025-04-29 09:42:10,727 [WARN] PackLoader:240 - Cannot read IP mode file for STMicroelectronics.X-CUBE-NFC6.3.1.0
2025-04-29 09:42:10,755 [WARN] PackLoader:240 - Cannot read IP mode file for STMicroelectronics.X-CUBE-DPower.1.2.0
2025-04-29 09:42:10,776 [WARN] PackLoader:240 - Cannot read IP mode file for STMicroelectronics.X-CUBE-NFC7.1.0.1
2025-04-29 09:42:10,799 [WARN] PackLoader:240 - Cannot read IP mode file for STMicroelectronics.X-CUBE-DPower.1.3.0
2025-04-29 09:42:10,846 [WARN] ConditionMgr:438 - getConditionDescription Invalid condition id : LAN8742 Phy interface Condition cause : null
2025-04-29 09:42:10,847 [WARN] PackLoader:240 - Cannot read IP mode file for STMicroelectronics.X-CUBE-AZRTOS-L4.2.0.0
2025-04-29 09:42:10,848 [WARN] ConditionMgr:1044 - genDependencies : Invalid condition id : LAN8742 Phy interface Condition cause : null
2025-04-29 09:42:10,849 [WARN] ConditionMgr:1044 - genDependencies : Invalid condition id : LAN8742 Phy interface Condition cause : null
2025-04-29 09:42:10,849 [WARN] ConditionMgr:1044 - genDependencies : Invalid condition id : LAN8742 Phy interface Condition cause : null
2025-04-29 09:42:10,875 [WARN] PackLoader:240 - Cannot read IP mode file for STMicroelectronics.X-CUBE-SFXS2LP1.4.0.0
2025-04-29 09:42:10,931 [WARN] PackLoader:240 - Cannot read IP mode file for STMicroelectronics.X-CUBE-AZRTOS-H7.3.3.0
2025-04-29 09:42:10,969 [WARN] ConditionMgr:438 - getConditionDescription Invalid condition id : UX DEVICE CLASS RTOS Condition cause : null
2025-04-29 09:42:10,969 [WARN] ConditionMgr:438 - getConditionDescription Invalid condition id : UX DEVICE CLASS RTOS Condition cause : null
2025-04-29 09:42:10,972 [WARN] PackLoader:240 - Cannot read IP mode file for STMicroelectronics.X-CUBE-AZRTOS-WB.2.0.0
2025-04-29 09:42:10,972 [WARN] ConditionMgr:1044 - genDependencies : Invalid condition id : UX DEVICE CLASS RTOS Condition cause : null
2025-04-29 09:42:10,973 [WARN] ConditionMgr:1044 - genDependencies : Invalid condition id : UX DEVICE CLASS RTOS Condition cause : null
2025-04-29 09:42:10,973 [WARN] ConditionMgr:1044 - genDependencies : Invalid condition id : UX DEVICE CLASS RTOS Condition cause : null
2025-04-29 09:42:10,973 [WARN] ConditionMgr:1044 - genDependencies : Invalid condition id : UX DEVICE CLASS RTOS Condition cause : null
2025-04-29 09:42:10,973 [WARN] ConditionMgr:1044 - genDependencies : Invalid condition id : UX DEVICE CLASS RTOS Condition cause : null
2025-04-29 09:42:10,994 [WARN] PackLoader:240 - Cannot read IP mode file for STMicroelectronics.X-CUBE-TOUCHGFX.4.25.0
2025-04-29 09:42:11,016 [WARN] PackLoader:240 - Cannot read IP mode file for STMicroelectronics.FP-SNS-STBOX1.2.0.0
2025-04-29 09:42:11,046 [WARN] PackLoader:240 - Cannot read IP mode file for STMicroelectronics.X-CUBE-SUBG2.5.0.0
2025-04-29 09:42:11,086 [WARN] PackLoader:240 - Cannot read IP mode file for STMicroelectronics.X-CUBE-AZRTOS-H7RS.1.1.0
2025-04-29 09:42:11,109 [WARN] PackLoader:240 - Cannot read IP mode file for Cesanta.I-CUBE-Mongoose.7.13.0
2025-04-29 09:42:11,153 [WARN] PackLoader:240 - Cannot read IP mode file for STMicroelectronics.X-CUBE-AZRTOS-G4.2.0.0
2025-04-29 09:42:11,176 [WARN] PackLoader:240 - Cannot read IP mode file for wolfSSL.I-CUBE-wolfSSH.1.4.20
2025-04-29 09:42:11,197 [WARN] PackLoader:240 - Cannot read IP mode file for STMicroelectronics.X-CUBE-ALS.1.0.2
2025-04-29 09:42:11,217 [WARN] PackLoader:240 - Cannot read IP mode file for STMicroelectronics.X-CUBE-TOUCHGFX.4.24.2
2025-04-29 09:42:11,239 [WARN] PackLoader:240 - Cannot read IP mode file for portGmbH.I-Cube-SoM-uGOAL.1.1.0
2025-04-29 09:42:11,278 [WARN] PackLoader:240 - Cannot read IP mode file for STMicroelectronics.X-CUBE-AZRTOS-H7RS.1.0.0
2025-04-29 09:42:11,308 [WARN] PackLoader:240 - Cannot read IP mode file for STMicroelectronics.X-CUBE-TOF1.3.4.2
2025-04-29 09:42:11,340 [WARN] PackLoader:240 - Cannot read IP mode file for STMicroelectronics.X-CUBE-TOF1.3.4.3
2025-04-29 09:42:11,347 [INFO] ThirdParty:978 - Integrity check success = true
2025-04-29 09:42:11,348 [INFO] IntegrityCheckThread:100 - exiting critical section [integrity check]
2025-04-29 09:42:11,348 [INFO] IntegrityCheckThread:103 - End integrity checks thread
2025-04-29 09:45:16,797 [INFO] WebApp:190 - Connection lost
2025-04-29 09:45:16,964 [INFO] WebApp:187 - Connection restablished
2025-04-29 09:45:18,770 [INFO] WebApp:190 - Connection lost
2025-04-29 09:45:18,903 [INFO] WebApp:187 - Connection restablished
2025-04-29 09:52:33,345 [ERROR] LogOutputStream:75 - [STDERR_REDIRECT] 
2025-04-29 13:49:45,448 [INFO] Activator:176 - 


2025-04-29 13:49:45,451 [INFO] Activator:177 - !SESSION log4j initialized
2025-04-29 13:49:54,754 [INFO] LogOutputStream:77 - [STDOUT_REDIRECT] 
2025-04-29 13:49:57,826 [INFO] ApplicationProperties:184 - Using Application install path: D:\stm32cubeIDE\STM32CubeIDE_1.17.0\STM32CubeIDE\plugins\com.st.stm32cube.common.mx_6.13.0.202411220809
2025-04-29 13:49:57,851 [INFO] DbMcusXml:78 - Set database path to: D:\stm32cubeIDE\STM32CubeIDE_1.17.0\STM32CubeIDE\plugins\com.st.stm32cube.common.mx_6.13.0.202411220809\\db\/mcu/
2025-04-29 13:49:57,852 [INFO] ApiDb:274 - Set plugin database path to: D:\stm32cubeIDE\STM32CubeIDE_1.17.0\STM32CubeIDE\plugins\com.st.stm32cube.common.mx_6.13.0.202411220809\\db\/plugins/boardmanager/
2025-04-29 13:49:57,852 [WARN] ApiDb:259 - Overriding images path with different value:  => D:\stm32cubeIDE\STM32CubeIDE_1.17.0\STM32CubeIDE\plugins\com.st.stm32cube.common.mx_6.13.0.202411220809\\db\/plugins/mcufinder/images/
2025-04-29 13:49:57,868 [INFO] ApiDb:250 - Set database path to: C:\Users\LEGION\.stmcufinder\plugins\mcufinder//mcu/
2025-04-29 13:49:57,870 [INFO] DbMcusAds:125 - Set database path to: C:\Users\LEGION\.stmcufinder\plugins\mcufinder//mcu/
2025-04-29 13:49:57,873 [INFO] CrossReferenceDbSqlite:203 - Set database path to: C:\Users\LEGION\.stmcufinder\plugins\mcufinder//mcu/cs/
2025-04-29 13:49:58,057 [INFO] RulesReader:64 - Compatibility file has been processed (297 Rules)
2025-04-29 13:49:58,173 [INFO] DbMcusXml:78 - Set database path to: D:\stm32cubeIDE\STM32CubeIDE_1.17.0\STM32CubeIDE\plugins\com.st.stm32cube.common.mx_6.13.0.202411220809\\db\/mcu/
2025-04-29 13:49:58,174 [INFO] ApiDb:274 - Set plugin database path to: D:\stm32cubeIDE\STM32CubeIDE_1.17.0\STM32CubeIDE\plugins\com.st.stm32cube.common.mx_6.13.0.202411220809\\db\/plugins/boardmanager/
2025-04-29 13:49:58,174 [INFO] ApiDb:261 - Set plugin images path to: D:\stm32cubeIDE\STM32CubeIDE_1.17.0\STM32CubeIDE\plugins\com.st.stm32cube.common.mx_6.13.0.202411220809\\db\/plugins/mcufinder/images/
2025-04-29 13:49:58,174 [WARN] DbFile:41 - Overriding database path with different value: C:\Users\LEGION\.stmcufinder\plugins\mcufinder/ => C:\Users\LEGION\.stmcufinder\plugins\mcufinder
2025-04-29 13:49:58,174 [INFO] ApiDb:250 - Set database path to: C:\Users\LEGION\.stmcufinder\plugins\mcufinder//mcu/
2025-04-29 13:49:58,174 [WARN] DbFile:41 - Overriding database path with different value: C:\Users\LEGION\.stmcufinder\plugins\mcufinder/ => C:\Users\LEGION\.stmcufinder\plugins\mcufinder
2025-04-29 13:49:58,174 [INFO] DbMcusAds:125 - Set database path to: C:\Users\LEGION\.stmcufinder\plugins\mcufinder//mcu/
2025-04-29 13:49:58,174 [WARN] DbFile:41 - Overriding database path with different value: C:\Users\LEGION\.stmcufinder\plugins\mcufinder/ => C:\Users\LEGION\.stmcufinder\plugins\mcufinder
2025-04-29 13:49:58,175 [WARN] DbFile:41 - Overriding database path with different value: C:\Users\LEGION\.stmcufinder\plugins\mcufinder/ => C:\Users\LEGION\.stmcufinder\plugins\mcufinder
2025-04-29 13:49:58,175 [INFO] CrossReferenceDbSqlite:203 - Set database path to: C:\Users\LEGION\.stmcufinder\plugins\mcufinder//mcu/cs/
2025-04-29 13:49:58,294 [INFO] MainPanel:272 - HeapMemory: 268435456
2025-04-29 13:49:58,447 [INFO] DbMcusXml:78 - Set database path to: D:\stm32cubeIDE\STM32CubeIDE_1.17.0\STM32CubeIDE\plugins\com.st.stm32cube.common.mx_6.13.0.202411220809\\db\/mcu/
2025-04-29 13:49:58,447 [INFO] ApiDb:274 - Set plugin database path to: D:\stm32cubeIDE\STM32CubeIDE_1.17.0\STM32CubeIDE\plugins\com.st.stm32cube.common.mx_6.13.0.202411220809\\db\/plugins/boardmanager/
2025-04-29 13:49:58,447 [INFO] ApiDb:261 - Set plugin images path to: D:\stm32cubeIDE\STM32CubeIDE_1.17.0\STM32CubeIDE\plugins\com.st.stm32cube.common.mx_6.13.0.202411220809\\db\/plugins/mcufinder/images/
2025-04-29 13:49:58,448 [WARN] DbFile:41 - Overriding database path with different value: C:\Users\LEGION\.stmcufinder\plugins\mcufinder/ => C:\Users\LEGION\.stmcufinder\plugins\mcufinder
2025-04-29 13:49:58,448 [INFO] ApiDb:250 - Set database path to: C:\Users\LEGION\.stmcufinder\plugins\mcufinder//mcu/
2025-04-29 13:49:58,448 [WARN] DbFile:41 - Overriding database path with different value: C:\Users\LEGION\.stmcufinder\plugins\mcufinder/ => C:\Users\LEGION\.stmcufinder\plugins\mcufinder
2025-04-29 13:49:58,448 [INFO] DbMcusAds:125 - Set database path to: C:\Users\LEGION\.stmcufinder\plugins\mcufinder//mcu/
2025-04-29 13:49:58,448 [WARN] DbFile:41 - Overriding database path with different value: C:\Users\LEGION\.stmcufinder\plugins\mcufinder/ => C:\Users\LEGION\.stmcufinder\plugins\mcufinder
2025-04-29 13:49:58,448 [WARN] DbFile:41 - Overriding database path with different value: C:\Users\LEGION\.stmcufinder\plugins\mcufinder/ => C:\Users\LEGION\.stmcufinder\plugins\mcufinder
2025-04-29 13:49:58,448 [INFO] CrossReferenceDbSqlite:203 - Set database path to: C:\Users\LEGION\.stmcufinder\plugins\mcufinder//mcu/cs/
2025-04-29 13:49:58,474 [INFO] ApplicationProperties:184 - Using Application install path: D:\stm32cubeIDE\STM32CubeIDE_1.17.0\STM32CubeIDE\plugins\com.st.stm32cube.common.mx_6.13.0.202411220809
2025-04-29 13:49:58,476 [INFO] PluginManage:196 - Search for loadable plugins [exclusion list=, ]
2025-04-29 13:49:58,477 [INFO] PluginManage:310 - Check plugin analytics
2025-04-29 13:49:58,717 [INFO] AnalyticsPlugin:253 - Accepted Software Licenses: 
2025-04-29 13:49:58,717 [INFO] AnalyticsPlugin:255 - Accepted CMSIS Pack Licenses: 
2025-04-29 13:49:58,718 [INFO] AnalyticsPlugin:257 - Accepted Firmware Licenses: FW.F4.1.28.0
2025-04-29 13:49:58,723 [INFO] PluginManage:359 - Loaded plugin analytics (category:tool,tabindex:-1)
2025-04-29 13:49:58,723 [INFO] PluginManage:310 - Check plugin cadmodel
2025-04-29 13:49:58,750 [INFO] CADModel:105 - Init CAD model plugin
2025-04-29 13:49:58,750 [INFO] PluginManage:359 - Loaded plugin cadmodel (category:power,tabindex:5)
2025-04-29 13:49:58,750 [INFO] PluginManage:310 - Check plugin clock
2025-04-29 13:49:58,779 [INFO] PluginManage:359 - Loaded plugin clock (category:base,tabindex:2)
2025-04-29 13:49:58,779 [INFO] PluginManage:310 - Check plugin ddr
2025-04-29 13:49:58,783 [INFO] PluginManage:359 - Loaded plugin ddr (category:tool,tabindex:6)
2025-04-29 13:49:58,784 [INFO] PluginManage:310 - Check plugin filemanager
2025-04-29 13:49:58,979 [INFO] PluginManage:359 - Loaded plugin filemanager (category:base,tabindex:10)
2025-04-29 13:49:58,980 [INFO] PluginManage:310 - Check plugin ipmanager
2025-04-29 13:49:58,988 [INFO] PluginManage:359 - Loaded plugin ipmanager (category:base,tabindex:5)
2025-04-29 13:49:58,989 [INFO] PluginManage:310 - Check plugin lpbam
2025-04-29 13:49:59,016 [INFO] PluginManage:359 - Loaded plugin lpbam (category:base,tabindex:0)
2025-04-29 13:49:59,016 [INFO] PluginManage:310 - Check plugin memorymap
2025-04-29 13:49:59,056 [INFO] PluginManage:359 - Loaded plugin memorymap (category:base,tabindex:4)
2025-04-29 13:49:59,056 [INFO] PluginManage:310 - Check plugin pinoutandconfiguration
2025-04-29 13:49:59,086 [INFO] PluginManage:359 - Loaded plugin pinoutandconfiguration (category:base,tabindex:1)
2025-04-29 13:49:59,086 [INFO] PluginManage:310 - Check plugin pinoutconfig
2025-04-29 13:49:59,236 [WARN] SupportedApi:132 - Cannot load RTOS API schema: s4s-elt-must-match.1: The content of 'definitions' must match (annotation?, (simpleType | complexType)?, (unique | key | keyref)*)). A problem was found starting at: attribute.
2025-04-29 13:49:59,435 [INFO] PluginManage:359 - Loaded plugin pinoutconfig (category:base,tabindex:0)
2025-04-29 13:49:59,435 [INFO] PluginManage:310 - Check plugin power
2025-04-29 13:49:59,471 [INFO] PluginManage:359 - Loaded plugin power (category:power,tabindex:4)
2025-04-29 13:49:59,471 [INFO] PluginManage:310 - Check plugin projectmanager
2025-04-29 13:49:59,493 [INFO] PluginManage:359 - Loaded plugin projectmanager (category:projectmanager,tabindex:4)
2025-04-29 13:49:59,493 [INFO] PluginManage:310 - Check plugin rif
2025-04-29 13:49:59,520 [INFO] PluginManage:359 - Loaded plugin rif (category:base,tabindex:3)
2025-04-29 13:49:59,521 [INFO] PluginManage:310 - Check plugin thirdparty
2025-04-29 13:49:59,989 [INFO] PluginManage:359 - Loaded plugin thirdparty (category:base,tabindex:-1)
2025-04-29 13:49:59,989 [WARN] IntegrityCheckThread:84 - waiting for thirdparty lock release [integrity check]
2025-04-29 13:49:59,989 [INFO] PluginManage:310 - Check plugin tools
2025-04-29 13:49:59,989 [INFO] IntegrityCheckThread:86 - entering critical section [integrity check]
2025-04-29 13:49:59,989 [INFO] ThirdPartyUpdaterWithRetryManager:70 - Updater plugin not ready yet. [1/15]
2025-04-29 13:50:00,065 [INFO] PluginManage:359 - Loaded plugin tools (category:base,tabindex:7)
2025-04-29 13:50:00,065 [INFO] PluginManage:310 - Check plugin tutovideos
2025-04-29 13:50:00,373 [INFO] PluginManage:359 - Loaded plugin tutovideos (category:base,tabindex:-1)
2025-04-29 13:50:00,374 [INFO] PluginManage:310 - Check plugin updater
2025-04-29 13:50:00,412 [INFO] PluginManage:359 - Loaded plugin updater (category:base,tabindex:12)
2025-04-29 13:50:00,412 [INFO] PluginManage:310 - Check plugin userauth
2025-04-29 13:50:00,419 [INFO] UserAuth:118 - Init User Auth plugin
2025-04-29 13:50:00,420 [INFO] PluginManage:359 - Loaded plugin userauth (category:base,tabindex:14)
2025-04-29 13:50:00,421 [INFO] PluginManage:283 - PluginManage : Loaded plugins [18]
2025-04-29 13:50:00,723 [INFO] PinOutPanel:1589 - setPackage(No Configuration,No Configuration)
2025-04-29 13:50:00,839 [INFO] CADModel:165 - CPN selected for project level
2025-04-29 13:50:00,839 [INFO] CADModel:114 - Register for checkConnection events
2025-04-29 13:50:00,882 [INFO] IPUIPlugin:80 - create IPUIPlugin
2025-04-29 13:50:00,883 [INFO] PluginManager:220 - loadIPPluginJar : add adc
2025-04-29 13:50:00,959 [INFO] IPUIPlugin:80 - create IPUIPlugin
2025-04-29 13:50:00,959 [INFO] PluginManager:220 - loadIPPluginJar : add aes
2025-04-29 13:50:01,040 [INFO] IPUIPlugin:80 - create IPUIPlugin
2025-04-29 13:50:01,040 [INFO] PluginManager:220 - loadIPPluginJar : add can
2025-04-29 13:50:01,087 [INFO] IPUIPlugin:80 - create IPUIPlugin
2025-04-29 13:50:01,087 [INFO] PluginManager:220 - loadIPPluginJar : add comp
2025-04-29 13:50:01,149 [INFO] IPUIPlugin:80 - create IPUIPlugin
2025-04-29 13:50:01,150 [INFO] PluginManager:220 - loadIPPluginJar : add cryp
2025-04-29 13:50:01,174 [INFO] IPUIPlugin:80 - create IPUIPlugin
2025-04-29 13:50:01,174 [INFO] PluginManager:220 - loadIPPluginJar : add ddr_ctrl_phy
2025-04-29 13:50:01,228 [INFO] IPUIPlugin:80 - create IPUIPlugin
2025-04-29 13:50:01,228 [INFO] PluginManager:220 - loadIPPluginJar : add dfsdm
2025-04-29 13:50:01,252 [INFO] IPUIPlugin:80 - create IPUIPlugin
2025-04-29 13:50:01,253 [INFO] PluginManager:220 - loadIPPluginJar : add dma
2025-04-29 13:50:01,329 [INFO] IPUIPlugin:80 - create IPUIPlugin
2025-04-29 13:50:01,330 [INFO] PluginManager:220 - loadIPPluginJar : add dma3
2025-04-29 13:50:01,437 [INFO] IPUIPlugin:80 - create IPUIPlugin
2025-04-29 13:50:01,437 [INFO] PluginManager:220 - loadIPPluginJar : add extmemmanager
2025-04-29 13:50:01,485 [INFO] IPUIPlugin:80 - create IPUIPlugin
2025-04-29 13:50:01,486 [INFO] PluginManager:220 - loadIPPluginJar : add fatfs
2025-04-29 13:50:01,602 [INFO] IPUIPlugin:80 - create IPUIPlugin
2025-04-29 13:50:01,602 [INFO] PluginManager:220 - loadIPPluginJar : add fmc
2025-04-29 13:50:01,635 [INFO] IPUIPlugin:80 - create IPUIPlugin
2025-04-29 13:50:01,636 [INFO] PluginManager:220 - loadIPPluginJar : add freertos
2025-04-29 13:50:01,684 [INFO] IPUIPlugin:80 - create IPUIPlugin
2025-04-29 13:50:01,684 [INFO] PluginManager:220 - loadIPPluginJar : add genericplugin
2025-04-29 13:50:01,893 [INFO] IPUIPlugin:80 - create IPUIPlugin
2025-04-29 13:50:01,894 [INFO] PluginManager:220 - loadIPPluginJar : add gfxmmu
2025-04-29 13:50:02,164 [INFO] IPUIPlugin:80 - create IPUIPlugin
2025-04-29 13:50:02,164 [INFO] PluginManager:220 - loadIPPluginJar : add gic
2025-04-29 13:50:02,199 [INFO] IPUIPlugin:80 - create IPUIPlugin
2025-04-29 13:50:02,199 [INFO] PluginManager:220 - loadIPPluginJar : add gpio
2025-04-29 13:50:02,392 [INFO] IPUIPlugin:80 - create IPUIPlugin
2025-04-29 13:50:02,392 [INFO] PluginManager:220 - loadIPPluginJar : add gtzc
2025-04-29 13:50:02,458 [INFO] IPUIPlugin:80 - create IPUIPlugin
2025-04-29 13:50:02,458 [INFO] PluginManager:220 - loadIPPluginJar : add hash
2025-04-29 13:50:02,549 [INFO] IPUIPlugin:80 - create IPUIPlugin
2025-04-29 13:50:02,549 [INFO] PluginManager:220 - loadIPPluginJar : add i2c
2025-04-29 13:50:02,623 [INFO] IPUIPlugin:80 - create IPUIPlugin
2025-04-29 13:50:02,624 [INFO] PluginManager:220 - loadIPPluginJar : add i2s
2025-04-29 13:50:02,706 [INFO] IPUIPlugin:80 - create IPUIPlugin
2025-04-29 13:50:02,706 [INFO] PluginManager:220 - loadIPPluginJar : add i3c
2025-04-29 13:50:02,914 [INFO] IPUIPlugin:80 - create IPUIPlugin
2025-04-29 13:50:02,914 [INFO] PluginManager:220 - loadIPPluginJar : add ipddr
2025-04-29 13:50:02,990 [INFO] ThirdPartyUpdaterWithRetryManager:70 - Updater plugin not ready yet. [2/15]
2025-04-29 13:50:03,086 [INFO] IPUIPlugin:80 - create IPUIPlugin
2025-04-29 13:50:03,086 [INFO] PluginManager:220 - loadIPPluginJar : add linkedlist
2025-04-29 13:50:03,150 [INFO] IPUIPlugin:80 - create IPUIPlugin
2025-04-29 13:50:03,150 [INFO] PluginManager:220 - loadIPPluginJar : add lorawan
2025-04-29 13:50:03,210 [INFO] IPUIPlugin:80 - create IPUIPlugin
2025-04-29 13:50:03,211 [INFO] PluginManager:220 - loadIPPluginJar : add ltdc
2025-04-29 13:50:03,233 [INFO] IPUIPlugin:80 - create IPUIPlugin
2025-04-29 13:50:03,234 [INFO] PluginManager:220 - loadIPPluginJar : add mdma
2025-04-29 13:50:03,254 [INFO] IPUIPlugin:80 - create IPUIPlugin
2025-04-29 13:50:03,255 [INFO] PluginManager:220 - loadIPPluginJar : add nvic
2025-04-29 13:50:03,315 [INFO] IPUIPlugin:80 - create IPUIPlugin
2025-04-29 13:50:03,315 [INFO] PluginManager:220 - loadIPPluginJar : add opamp
2025-04-29 13:50:03,413 [INFO] IPUIPlugin:80 - create IPUIPlugin
2025-04-29 13:50:03,413 [INFO] PluginManager:220 - loadIPPluginJar : add openamp
2025-04-29 13:50:03,493 [INFO] IPUIPlugin:80 - create IPUIPlugin
2025-04-29 13:50:03,493 [INFO] PluginManager:220 - loadIPPluginJar : add pdm2pcm
2025-04-29 13:50:03,523 [INFO] IPUIPlugin:80 - create IPUIPlugin
2025-04-29 13:50:03,527 [INFO] PluginManager:220 - loadIPPluginJar : add plateformsettings
2025-04-29 13:50:03,577 [INFO] IPUIPlugin:80 - create IPUIPlugin
2025-04-29 13:50:03,577 [INFO] PluginManager:220 - loadIPPluginJar : add quadspi
2025-04-29 13:50:03,641 [INFO] IPUIPlugin:80 - create IPUIPlugin
2025-04-29 13:50:03,643 [INFO] PluginManager:220 - loadIPPluginJar : add radio
2025-04-29 13:50:03,670 [INFO] IPUIPlugin:80 - create IPUIPlugin
2025-04-29 13:50:03,671 [INFO] PluginManager:220 - loadIPPluginJar : add resmgrutility
2025-04-29 13:50:03,758 [INFO] IPUIPlugin:80 - create IPUIPlugin
2025-04-29 13:50:03,758 [INFO] PluginManager:220 - loadIPPluginJar : add sai
2025-04-29 13:50:03,832 [INFO] IPUIPlugin:80 - create IPUIPlugin
2025-04-29 13:50:03,832 [INFO] PluginManager:220 - loadIPPluginJar : add spi
2025-04-29 13:50:03,965 [INFO] IPUIPlugin:80 - create IPUIPlugin
2025-04-29 13:50:03,965 [INFO] PluginManager:220 - loadIPPluginJar : add stm32_wpan
2025-04-29 13:50:04,017 [INFO] IPUIPlugin:80 - create IPUIPlugin
2025-04-29 13:50:04,017 [INFO] PluginManager:220 - loadIPPluginJar : add tim
2025-04-29 13:50:04,124 [INFO] IPUIPlugin:80 - create IPUIPlugin
2025-04-29 13:50:04,124 [INFO] PluginManager:220 - loadIPPluginJar : add touchsensing
2025-04-29 13:50:04,164 [INFO] IPUIPlugin:80 - create IPUIPlugin
2025-04-29 13:50:04,164 [INFO] PluginManager:220 - loadIPPluginJar : add tracer_emb
2025-04-29 13:50:04,209 [INFO] IPUIPlugin:80 - create IPUIPlugin
2025-04-29 13:50:04,209 [INFO] PluginManager:220 - loadIPPluginJar : add ts
2025-04-29 13:50:04,252 [INFO] IPUIPlugin:80 - create IPUIPlugin
2025-04-29 13:50:04,252 [INFO] PluginManager:220 - loadIPPluginJar : add tsc
2025-04-29 13:50:04,291 [INFO] IPUIPlugin:80 - create IPUIPlugin
2025-04-29 13:50:04,291 [INFO] PluginManager:220 - loadIPPluginJar : add ucpd
2025-04-29 13:50:04,370 [INFO] IPUIPlugin:80 - create IPUIPlugin
2025-04-29 13:50:04,370 [INFO] PluginManager:220 - loadIPPluginJar : add usart
2025-04-29 13:50:04,449 [INFO] IPUIPlugin:80 - create IPUIPlugin
2025-04-29 13:50:04,449 [INFO] PluginManager:220 - loadIPPluginJar : add usbx
2025-04-29 13:50:04,602 [FATAL] Updater:351 - Updater called before beeing initialized
2025-04-29 13:50:04,639 [INFO] RulesReader:64 - Compatibility file has been processed (297 Rules)
2025-04-29 13:50:04,658 [INFO] RulesReader:64 - Compatibility file has been processed (297 Rules)
2025-04-29 13:50:04,669 [INFO] CADModel:165 - CPN selected for project level
2025-04-29 13:50:04,669 [INFO] CADModel:114 - Register for checkConnection events
2025-04-29 13:50:04,669 [FATAL] Updater:351 - Updater called before beeing initialized
2025-04-29 13:50:04,669 [ERROR] CADModel:125 - Updater not yet initialized, retry later 
2025-04-29 13:50:04,892 [FATAL] Updater:351 - Updater called before beeing initialized
2025-04-29 13:50:04,895 [INFO] CADModel:165 - CPN selected for project level
2025-04-29 13:50:04,895 [INFO] CADModel:114 - Register for checkConnection events
2025-04-29 13:50:04,895 [FATAL] Updater:351 - Updater called before beeing initialized
2025-04-29 13:50:04,895 [ERROR] CADModel:125 - Updater not yet initialized, retry later 
2025-04-29 13:50:04,900 [FATAL] Updater:351 - Updater called before beeing initialized
2025-04-29 13:50:05,044 [FATAL] Updater:351 - Updater called before beeing initialized
2025-04-29 13:50:05,061 [INFO] DbMcusAds:53 - JSON generation date=Thu Mar 06 21:54:22 ICT 2025 (1741272862078)
2025-04-29 13:50:05,061 [FATAL] Updater:351 - Updater called before beeing initialized
2025-04-29 13:50:05,184 [WARN] DetailPanel:346 - Failed to get advertising image, set to default
2025-04-29 13:50:05,540 [FATAL] Updater:351 - Updater called before beeing initialized
2025-04-29 13:50:05,544 [FATAL] Updater:351 - Updater called before beeing initialized
2025-04-29 13:50:05,544 [FATAL] Updater:351 - Updater called before beeing initialized
2025-04-29 13:50:05,544 [WARN] DetailPanel:346 - Failed to get advertising image, set to default
2025-04-29 13:50:05,545 [FATAL] Updater:351 - Updater called before beeing initialized
2025-04-29 13:50:05,629 [ERROR] Updater:1198 - MainUpdater not yet initialized. External WinMGr cannot be set.
2025-04-29 13:50:05,646 [INFO] Updater:1134 - Updater Version found : 6.13.0
2025-04-29 13:50:05,668 [INFO] ApplicationProperties:184 - Using Application install path: D:\stm32cubeIDE\STM32CubeIDE_1.17.0\STM32CubeIDE\plugins\com.st.stm32cube.common.mx_6.13.0.202411220809
2025-04-29 13:50:05,991 [INFO] ThirdPartyUpdaterWithRetryManager:70 - Updater plugin not ready yet. [3/15]
2025-04-29 13:50:07,263 [ERROR] LogOutputStream:75 - [STDERR_REDIRECT] Apr 29, 2025 1:50:07 PM java.util.prefs.WindowsPreferences <init>
2025-04-29 13:50:07,265 [ERROR] LogOutputStream:75 - [STDERR_REDIRECT] WARNING: Could not open/create prefs root node Software\JavaSoft\Prefs at root 0xffffffff80000002. Windows RegCreateKeyEx(...) returned error code 5.
2025-04-29 13:50:07,265 [ERROR] LogOutputStream:75 - [STDERR_REDIRECT] 
2025-04-29 13:50:07,659 [INFO] MainUpdater:2872 - connection check result : 10
2025-04-29 13:50:07,660 [INFO] MainUpdater:289 - Updater Check For Update Now.
2025-04-29 13:50:07,660 [INFO] MicroXplorer:498 - Change Database Version : DB.6.0.130
2025-04-29 13:50:07,689 [INFO] McuFinderGlobals:63 - Set McuFinder mode to 2 (CubeIDE integrated)
2025-04-29 13:50:07,690 [INFO] UserAuth:171 - activating auth plugin
2025-04-29 13:50:07,694 [INFO] UserAuth:486 - Internet connection configuration mode: 1
2025-04-29 13:50:07,740 [INFO] JxBrowserEngine:152 - Initiate JxBrowser Engine with user profile folder
2025-04-29 13:50:07,931 [INFO] CheckServerUpdateThread:120 - End of CheckServer Thread
2025-04-29 13:50:08,922 [INFO] WebApp:168 - Instantiating new browser for Auth
2025-04-29 13:50:09,452 [WARN] PackLoader:240 - Cannot read IP mode file for STMicroelectronics.FP-SNS-MOTENVWB1.1.4.0
2025-04-29 13:50:09,482 [WARN] PackLoader:240 - Cannot read IP mode file for STMicroelectronics.FP-ATR-ASTRA1.2.0.2
2025-04-29 13:50:09,503 [WARN] PackLoader:240 - Cannot read IP mode file for STMicroelectronics.FP-ATR-ASTRA1.2.0.1
2025-04-29 13:50:09,535 [WARN] PackLoader:240 - Cannot read IP mode file for STMicroelectronics.X-CUBE-SMBUS.2.1.0
2025-04-29 13:50:09,568 [WARN] PackLoader:240 - Cannot read IP mode file for STMicroelectronics.X-CUBE-WB05N.1.1.0
2025-04-29 13:50:09,647 [WARN] PackLoader:240 - Cannot read IP mode file for STMicroelectronics.X-CUBE-AZRTOS-F7.1.1.0
2025-04-29 13:50:09,678 [WARN] PackLoader:240 - Cannot read IP mode file for STMicroelectronics.FP-SNS-FLIGHT1.5.0.2
2025-04-29 13:50:09,741 [WARN] PackLoader:240 - Cannot read IP mode file for Infineon.AIROC-Wi-Fi-Bluetooth-STM32.1.7.0
2025-04-29 13:50:09,778 [WARN] PackLoader:240 - Cannot read IP mode file for STMicroelectronics.X-CUBE-DISPLAY.3.0.0
2025-04-29 13:50:09,809 [WARN] PackLoader:240 - Cannot read IP mode file for STMicroelectronics.X-CUBE-BLE1.7.0.0
2025-04-29 13:50:09,835 [WARN] PackLoader:240 - Cannot read IP mode file for STMicroelectronics.X-CUBE-NFC10.1.0.0
2025-04-29 13:50:09,861 [WARN] PackLoader:240 - Cannot read IP mode file for emotas.I-CUBE-CANOPEN.1.3.0
2025-04-29 13:50:09,886 [WARN] PackLoader:240 - Cannot read IP mode file for STMicroelectronics.FP-SNS-SMARTAG2.1.2.0
2025-04-29 13:50:09,909 [WARN] PackLoader:240 - Cannot read IP mode file for STMicroelectronics.FP-SNS-FLIGHT1.5.1.0
2025-04-29 13:50:10,035 [WARN] PackLoader:240 - Cannot read IP mode file for STMicroelectronics.X-CUBE-MEMS1.11.1.0
2025-04-29 13:50:10,169 [INFO] WebApp:449 - Apply proxy settings
2025-04-29 13:50:10,169 [INFO] WebApp:534 - Chromium requires no authentication
2025-04-29 13:50:10,189 [INFO] WebApp:477 - Direct internet connection detected
2025-04-29 13:50:10,251 [INFO] WebApp:880 - Register for checkConnection events
2025-04-29 13:50:10,252 [INFO] WebApp:449 - Apply proxy settings
2025-04-29 13:50:10,252 [INFO] WebApp:534 - Chromium requires no authentication
2025-04-29 13:50:10,253 [INFO] WebApp:477 - Direct internet connection detected
2025-04-29 13:50:10,310 [INFO] LogOutputStream:77 - [STDOUT_REDIRECT] 1 : Invalid condition id : UX_CORESTACK_Condition cause : null
2025-04-29 13:50:10,311 [INFO] LogOutputStream:77 - [STDOUT_REDIRECT] 1 : Invalid condition id : UX_CORESTACK_Condition cause : null
2025-04-29 13:50:10,312 [INFO] LogOutputStream:77 - [STDOUT_REDIRECT] 1 : Invalid condition id : UX_CORESTACK_Condition cause : null
2025-04-29 13:50:10,313 [INFO] LogOutputStream:77 - [STDOUT_REDIRECT] 1 : Invalid condition id : UX_CORESTACK_Condition cause : null
2025-04-29 13:50:10,314 [INFO] LogOutputStream:77 - [STDOUT_REDIRECT] 1 : Invalid condition id : UX_CORESTACK_Condition cause : null
2025-04-29 13:50:10,318 [WARN] PackLoader:240 - Cannot read IP mode file for STMicroelectronics.X-CUBE-AZRTOS-WL.2.0.0
2025-04-29 13:50:10,340 [WARN] PackLoader:240 - Cannot read IP mode file for STMicroelectronics.FP-SNS-MOTENV1.5.0.0
2025-04-29 13:50:10,365 [WARN] PackLoader:240 - Cannot read IP mode file for WES.I-CUBE-Cesium.1.3.0
2025-04-29 13:50:10,384 [WARN] PackLoader:240 - Cannot read IP mode file for STMicroelectronics.X-CUBE-BLE2.3.3.0
2025-04-29 13:50:10,407 [WARN] PackLoader:240 - Cannot read IP mode file for STMicroelectronics.X-CUBE-NFC9.1.0.0
2025-04-29 13:50:10,436 [WARN] PackLoader:240 - Cannot read IP mode file for STMicroelectronics.X-CUBE-BLE1.7.1.0
2025-04-29 13:50:10,452 [INFO] WebApp:187 - Connection restablished
2025-04-29 13:50:10,464 [WARN] PackLoader:240 - Cannot read IP mode file for wolfSSL.I-CUBE-wolfMQTT.1.19.2
2025-04-29 13:50:10,548 [WARN] PackLoader:240 - Cannot read IP mode file for STMicroelectronics.X-CUBE-MEMS1.11.2.0
2025-04-29 13:50:10,747 [INFO] WebApp:221 - Starting web application
2025-04-29 13:50:10,748 [INFO] WebApp:579 - Web application path used D:\stm32cubeIDE\STM32CubeIDE_1.17.0\STM32CubeIDE\plugins\com.st.stm32cube.common.mx_6.13.0.202411220809\db\plugins\mcufinder\reactClient1\index.html
2025-04-29 13:50:10,803 [WARN] PackLoader:240 - Cannot read IP mode file for STMicroelectronics.X-CUBE-AZRTOS-G0.1.1.0
2025-04-29 13:50:10,838 [WARN] PackLoader:240 - Cannot read IP mode file for STMicroelectronics.X-CUBE-SAFEA1.1.2.2
2025-04-29 13:50:10,868 [WARN] PackLoader:240 - Cannot read IP mode file for STMicroelectronics.X-CUBE-NFC4.3.0.0
2025-04-29 13:50:10,906 [WARN] PackLoader:240 - Cannot read IP mode file for EmbeddedOffice.I-CUBE-FS-RTOS.1.0.1
2025-04-29 13:50:10,936 [WARN] PackLoader:240 - Cannot read IP mode file for STMicroelectronics.X-CUBE-WB05N.2.0.0
2025-04-29 13:50:10,963 [WARN] PackLoader:240 - Cannot read IP mode file for wolfSSL.I-CUBE-wolfTPM.3.8.0
2025-04-29 13:50:10,990 [WARN] PackLoader:240 - Cannot read IP mode file for RealThread.X-CUBE-RT-Thread_Nano.4.1.1
2025-04-29 13:50:11,018 [WARN] PackLoader:240 - Cannot read IP mode file for STMicroelectronics.FP-ATR-SIGFOX1.3.2.0
2025-04-29 13:50:11,048 [WARN] ConditionMgr:438 - getConditionDescription Invalid condition id : Cortex-A Device cause : null
2025-04-29 13:50:11,095 [WARN] ConditionMgr:1044 - genDependencies : Invalid condition id : Cortex-A Device cause : null
2025-04-29 13:50:11,095 [WARN] ConditionMgr:1044 - genDependencies : Invalid condition id : Cortex-A Device cause : null
2025-04-29 13:50:11,097 [WARN] ConditionMgr:1044 - genDependencies : Invalid condition id : Cortex-A Device cause : null
2025-04-29 13:50:11,125 [WARN] PackLoader:240 - Cannot read IP mode file for STMicroelectronics.X-CUBE-EEPRMA1.5.1.0
2025-04-29 13:50:11,161 [WARN] PackLoader:240 - Cannot read IP mode file for ITTIA_DB.I-CUBE-ITTIADB.8.9.0
2025-04-29 13:50:11,221 [WARN] PackLoader:240 - Cannot read IP mode file for SEGGER.I-CUBE-embOS.1.3.1
2025-04-29 13:50:11,299 [WARN] PackLoader:240 - Cannot read IP mode file for STMicroelectronics.X-CUBE-ALGOBUILD.1.4.0
2025-04-29 13:50:11,351 [WARN] PackLoader:240 - Cannot read IP mode file for STMicroelectronics.X-CUBE-AZRTOS-F4.1.1.0
2025-04-29 13:50:11,379 [WARN] PackLoader:240 - Cannot read IP mode file for Avnet-IotConnect.X-CUBE-IoTC-DA16k-PMOD.1.0.0
2025-04-29 13:50:11,406 [WARN] PackLoader:240 - Cannot read IP mode file for STMicroelectronics.X-CUBE-ISPU.2.1.0
2025-04-29 13:50:11,462 [WARN] PackLoader:240 - Cannot read IP mode file for STMicroelectronics.X-CUBE-AZRTOS-L5.2.0.0
2025-04-29 13:50:11,498 [WARN] PackLoader:240 - Cannot read IP mode file for STMicroelectronics.X-CUBE-NFC6.3.1.0
2025-04-29 13:50:11,534 [WARN] PackLoader:240 - Cannot read IP mode file for STMicroelectronics.X-CUBE-DPower.1.2.0
2025-04-29 13:50:11,565 [WARN] PackLoader:240 - Cannot read IP mode file for STMicroelectronics.X-CUBE-NFC7.1.0.1
2025-04-29 13:50:11,595 [WARN] PackLoader:240 - Cannot read IP mode file for STMicroelectronics.X-CUBE-DPower.1.3.0
2025-04-29 13:50:11,651 [WARN] ConditionMgr:438 - getConditionDescription Invalid condition id : LAN8742 Phy interface Condition cause : null
2025-04-29 13:50:11,652 [WARN] PackLoader:240 - Cannot read IP mode file for STMicroelectronics.X-CUBE-AZRTOS-L4.2.0.0
2025-04-29 13:50:11,653 [WARN] ConditionMgr:1044 - genDependencies : Invalid condition id : LAN8742 Phy interface Condition cause : null
2025-04-29 13:50:11,653 [WARN] ConditionMgr:1044 - genDependencies : Invalid condition id : LAN8742 Phy interface Condition cause : null
2025-04-29 13:50:11,654 [WARN] ConditionMgr:1044 - genDependencies : Invalid condition id : LAN8742 Phy interface Condition cause : null
2025-04-29 13:50:11,679 [WARN] PackLoader:240 - Cannot read IP mode file for STMicroelectronics.X-CUBE-SFXS2LP1.4.0.0
2025-04-29 13:50:11,725 [WARN] PackLoader:240 - Cannot read IP mode file for STMicroelectronics.X-CUBE-AZRTOS-H7.3.3.0
2025-04-29 13:50:11,771 [WARN] ConditionMgr:438 - getConditionDescription Invalid condition id : UX DEVICE CLASS RTOS Condition cause : null
2025-04-29 13:50:11,771 [WARN] ConditionMgr:438 - getConditionDescription Invalid condition id : UX DEVICE CLASS RTOS Condition cause : null
2025-04-29 13:50:11,773 [WARN] PackLoader:240 - Cannot read IP mode file for STMicroelectronics.X-CUBE-AZRTOS-WB.2.0.0
2025-04-29 13:50:11,774 [WARN] ConditionMgr:1044 - genDependencies : Invalid condition id : UX DEVICE CLASS RTOS Condition cause : null
2025-04-29 13:50:11,774 [WARN] ConditionMgr:1044 - genDependencies : Invalid condition id : UX DEVICE CLASS RTOS Condition cause : null
2025-04-29 13:50:11,774 [WARN] ConditionMgr:1044 - genDependencies : Invalid condition id : UX DEVICE CLASS RTOS Condition cause : null
2025-04-29 13:50:11,775 [WARN] ConditionMgr:1044 - genDependencies : Invalid condition id : UX DEVICE CLASS RTOS Condition cause : null
2025-04-29 13:50:11,775 [WARN] ConditionMgr:1044 - genDependencies : Invalid condition id : UX DEVICE CLASS RTOS Condition cause : null
2025-04-29 13:50:11,800 [WARN] PackLoader:240 - Cannot read IP mode file for STMicroelectronics.X-CUBE-TOUCHGFX.4.25.0
2025-04-29 13:50:11,823 [WARN] PackLoader:240 - Cannot read IP mode file for STMicroelectronics.FP-SNS-STBOX1.2.0.0
2025-04-29 13:50:11,858 [WARN] PackLoader:240 - Cannot read IP mode file for STMicroelectronics.X-CUBE-SUBG2.5.0.0
2025-04-29 13:50:11,909 [WARN] PackLoader:240 - Cannot read IP mode file for STMicroelectronics.X-CUBE-AZRTOS-H7RS.1.1.0
2025-04-29 13:50:11,935 [WARN] PackLoader:240 - Cannot read IP mode file for Cesanta.I-CUBE-Mongoose.7.13.0
2025-04-29 13:50:11,983 [WARN] PackLoader:240 - Cannot read IP mode file for STMicroelectronics.X-CUBE-AZRTOS-G4.2.0.0
2025-04-29 13:50:12,005 [WARN] PackLoader:240 - Cannot read IP mode file for wolfSSL.I-CUBE-wolfSSH.1.4.20
2025-04-29 13:50:12,030 [WARN] PackLoader:240 - Cannot read IP mode file for STMicroelectronics.X-CUBE-ALS.1.0.2
2025-04-29 13:50:12,051 [WARN] PackLoader:240 - Cannot read IP mode file for STMicroelectronics.X-CUBE-TOUCHGFX.4.24.2
2025-04-29 13:50:12,074 [WARN] PackLoader:240 - Cannot read IP mode file for portGmbH.I-Cube-SoM-uGOAL.1.1.0
2025-04-29 13:50:12,112 [WARN] PackLoader:240 - Cannot read IP mode file for STMicroelectronics.X-CUBE-AZRTOS-H7RS.1.0.0
2025-04-29 13:50:12,148 [WARN] PackLoader:240 - Cannot read IP mode file for STMicroelectronics.X-CUBE-TOF1.3.4.2
2025-04-29 13:50:12,186 [WARN] PackLoader:240 - Cannot read IP mode file for STMicroelectronics.X-CUBE-TOF1.3.4.3
2025-04-29 13:50:12,197 [INFO] ThirdParty:978 - Integrity check success = true
2025-04-29 13:50:12,197 [INFO] IntegrityCheckThread:100 - exiting critical section [integrity check]
2025-04-29 13:50:12,197 [INFO] IntegrityCheckThread:103 - End integrity checks thread
2025-04-29 15:40:17,723 [ERROR] LogOutputStream:75 - [STDERR_REDIRECT] 
