2025-06-11 09:54:25,127 [INFO] Activator:176 - 


2025-06-11 09:54:25,131 [INFO] Activator:177 - !SESSION log4j initialized
2025-06-11 09:54:31,274 [INFO] LogOutputStream:77 - [STDOUT_REDIRECT] 
2025-06-11 09:54:34,194 [INFO] ApplicationProperties:184 - Using Application install path: D:\stm32cubeIDE\STM32CubeIDE_1.17.0\STM32CubeIDE\plugins\com.st.stm32cube.common.mx_6.13.0.202411220809
2025-06-11 09:54:34,210 [INFO] DbMcusXml:78 - Set database path to: D:\stm32cubeIDE\STM32CubeIDE_1.17.0\STM32CubeIDE\plugins\com.st.stm32cube.common.mx_6.13.0.202411220809\\db\/mcu/
2025-06-11 09:54:34,211 [INFO] ApiDb:274 - Set plugin database path to: D:\stm32cubeIDE\STM32CubeIDE_1.17.0\STM32CubeIDE\plugins\com.st.stm32cube.common.mx_6.13.0.202411220809\\db\/plugins/boardmanager/
2025-06-11 09:54:34,211 [WARN] ApiDb:259 - Overriding images path with different value:  => D:\stm32cubeIDE\STM32CubeIDE_1.17.0\STM32CubeIDE\plugins\com.st.stm32cube.common.mx_6.13.0.202411220809\\db\/plugins/mcufinder/images/
2025-06-11 09:54:34,219 [INFO] ApiDb:250 - Set database path to: C:\Users\LEGION\.stmcufinder\plugins\mcufinder//mcu/
2025-06-11 09:54:34,220 [INFO] DbMcusAds:125 - Set database path to: C:\Users\LEGION\.stmcufinder\plugins\mcufinder//mcu/
2025-06-11 09:54:34,222 [INFO] CrossReferenceDbSqlite:203 - Set database path to: C:\Users\LEGION\.stmcufinder\plugins\mcufinder//mcu/cs/
2025-06-11 09:54:34,327 [INFO] RulesReader:64 - Compatibility file has been processed (297 Rules)
2025-06-11 09:54:34,406 [INFO] DbMcusXml:78 - Set database path to: D:\stm32cubeIDE\STM32CubeIDE_1.17.0\STM32CubeIDE\plugins\com.st.stm32cube.common.mx_6.13.0.202411220809\\db\/mcu/
2025-06-11 09:54:34,406 [INFO] ApiDb:274 - Set plugin database path to: D:\stm32cubeIDE\STM32CubeIDE_1.17.0\STM32CubeIDE\plugins\com.st.stm32cube.common.mx_6.13.0.202411220809\\db\/plugins/boardmanager/
2025-06-11 09:54:34,406 [INFO] ApiDb:261 - Set plugin images path to: D:\stm32cubeIDE\STM32CubeIDE_1.17.0\STM32CubeIDE\plugins\com.st.stm32cube.common.mx_6.13.0.202411220809\\db\/plugins/mcufinder/images/
2025-06-11 09:54:34,408 [WARN] DbFile:41 - Overriding database path with different value: C:\Users\LEGION\.stmcufinder\plugins\mcufinder/ => C:\Users\LEGION\.stmcufinder\plugins\mcufinder
2025-06-11 09:54:34,408 [INFO] ApiDb:250 - Set database path to: C:\Users\LEGION\.stmcufinder\plugins\mcufinder//mcu/
2025-06-11 09:54:34,408 [WARN] DbFile:41 - Overriding database path with different value: C:\Users\LEGION\.stmcufinder\plugins\mcufinder/ => C:\Users\LEGION\.stmcufinder\plugins\mcufinder
2025-06-11 09:54:34,408 [INFO] DbMcusAds:125 - Set database path to: C:\Users\LEGION\.stmcufinder\plugins\mcufinder//mcu/
2025-06-11 09:54:34,408 [WARN] DbFile:41 - Overriding database path with different value: C:\Users\LEGION\.stmcufinder\plugins\mcufinder/ => C:\Users\LEGION\.stmcufinder\plugins\mcufinder
2025-06-11 09:54:34,408 [WARN] DbFile:41 - Overriding database path with different value: C:\Users\LEGION\.stmcufinder\plugins\mcufinder/ => C:\Users\LEGION\.stmcufinder\plugins\mcufinder
2025-06-11 09:54:34,408 [INFO] CrossReferenceDbSqlite:203 - Set database path to: C:\Users\LEGION\.stmcufinder\plugins\mcufinder//mcu/cs/
2025-06-11 09:54:34,481 [INFO] MainPanel:272 - HeapMemory: 268435456
2025-06-11 09:54:34,593 [INFO] DbMcusXml:78 - Set database path to: D:\stm32cubeIDE\STM32CubeIDE_1.17.0\STM32CubeIDE\plugins\com.st.stm32cube.common.mx_6.13.0.202411220809\\db\/mcu/
2025-06-11 09:54:34,593 [INFO] ApiDb:274 - Set plugin database path to: D:\stm32cubeIDE\STM32CubeIDE_1.17.0\STM32CubeIDE\plugins\com.st.stm32cube.common.mx_6.13.0.202411220809\\db\/plugins/boardmanager/
2025-06-11 09:54:34,594 [INFO] ApiDb:261 - Set plugin images path to: D:\stm32cubeIDE\STM32CubeIDE_1.17.0\STM32CubeIDE\plugins\com.st.stm32cube.common.mx_6.13.0.202411220809\\db\/plugins/mcufinder/images/
2025-06-11 09:54:34,594 [WARN] DbFile:41 - Overriding database path with different value: C:\Users\LEGION\.stmcufinder\plugins\mcufinder/ => C:\Users\LEGION\.stmcufinder\plugins\mcufinder
2025-06-11 09:54:34,594 [INFO] ApiDb:250 - Set database path to: C:\Users\LEGION\.stmcufinder\plugins\mcufinder//mcu/
2025-06-11 09:54:34,594 [WARN] DbFile:41 - Overriding database path with different value: C:\Users\LEGION\.stmcufinder\plugins\mcufinder/ => C:\Users\LEGION\.stmcufinder\plugins\mcufinder
2025-06-11 09:54:34,594 [INFO] DbMcusAds:125 - Set database path to: C:\Users\LEGION\.stmcufinder\plugins\mcufinder//mcu/
2025-06-11 09:54:34,594 [WARN] DbFile:41 - Overriding database path with different value: C:\Users\LEGION\.stmcufinder\plugins\mcufinder/ => C:\Users\LEGION\.stmcufinder\plugins\mcufinder
2025-06-11 09:54:34,594 [WARN] DbFile:41 - Overriding database path with different value: C:\Users\LEGION\.stmcufinder\plugins\mcufinder/ => C:\Users\LEGION\.stmcufinder\plugins\mcufinder
2025-06-11 09:54:34,594 [INFO] CrossReferenceDbSqlite:203 - Set database path to: C:\Users\LEGION\.stmcufinder\plugins\mcufinder//mcu/cs/
2025-06-11 09:54:34,612 [INFO] ApplicationProperties:184 - Using Application install path: D:\stm32cubeIDE\STM32CubeIDE_1.17.0\STM32CubeIDE\plugins\com.st.stm32cube.common.mx_6.13.0.202411220809
2025-06-11 09:54:34,614 [INFO] PluginManage:196 - Search for loadable plugins [exclusion list=, ]
2025-06-11 09:54:34,615 [INFO] PluginManage:310 - Check plugin analytics
2025-06-11 09:54:34,761 [INFO] AnalyticsPlugin:253 - Accepted Software Licenses: 
2025-06-11 09:54:34,761 [INFO] AnalyticsPlugin:255 - Accepted CMSIS Pack Licenses: 
2025-06-11 09:54:34,761 [INFO] AnalyticsPlugin:257 - Accepted Firmware Licenses: FW.F4.1.28.0
2025-06-11 09:54:34,763 [INFO] PluginManage:359 - Loaded plugin analytics (category:tool,tabindex:-1)
2025-06-11 09:54:34,763 [INFO] PluginManage:310 - Check plugin cadmodel
2025-06-11 09:54:34,782 [INFO] CADModel:105 - Init CAD model plugin
2025-06-11 09:54:34,782 [INFO] PluginManage:359 - Loaded plugin cadmodel (category:power,tabindex:5)
2025-06-11 09:54:34,782 [INFO] PluginManage:310 - Check plugin clock
2025-06-11 09:54:34,804 [INFO] PluginManage:359 - Loaded plugin clock (category:base,tabindex:2)
2025-06-11 09:54:34,805 [INFO] PluginManage:310 - Check plugin ddr
2025-06-11 09:54:34,807 [INFO] PluginManage:359 - Loaded plugin ddr (category:tool,tabindex:6)
2025-06-11 09:54:34,807 [INFO] PluginManage:310 - Check plugin filemanager
2025-06-11 09:54:34,948 [INFO] PluginManage:359 - Loaded plugin filemanager (category:base,tabindex:10)
2025-06-11 09:54:34,948 [INFO] PluginManage:310 - Check plugin ipmanager
2025-06-11 09:54:34,956 [INFO] PluginManage:359 - Loaded plugin ipmanager (category:base,tabindex:5)
2025-06-11 09:54:34,956 [INFO] PluginManage:310 - Check plugin lpbam
2025-06-11 09:54:34,977 [INFO] PluginManage:359 - Loaded plugin lpbam (category:base,tabindex:0)
2025-06-11 09:54:34,977 [INFO] PluginManage:310 - Check plugin memorymap
2025-06-11 09:54:35,003 [INFO] PluginManage:359 - Loaded plugin memorymap (category:base,tabindex:4)
2025-06-11 09:54:35,004 [INFO] PluginManage:310 - Check plugin pinoutandconfiguration
2025-06-11 09:54:35,023 [INFO] PluginManage:359 - Loaded plugin pinoutandconfiguration (category:base,tabindex:1)
2025-06-11 09:54:35,023 [INFO] PluginManage:310 - Check plugin pinoutconfig
2025-06-11 09:54:35,122 [WARN] SupportedApi:132 - Cannot load RTOS API schema: s4s-elt-must-match.1: The content of 'definitions' must match (annotation?, (simpleType | complexType)?, (unique | key | keyref)*)). A problem was found starting at: attribute.
2025-06-11 09:54:35,269 [INFO] PluginManage:359 - Loaded plugin pinoutconfig (category:base,tabindex:0)
2025-06-11 09:54:35,269 [INFO] PluginManage:310 - Check plugin power
2025-06-11 09:54:35,294 [INFO] PluginManage:359 - Loaded plugin power (category:power,tabindex:4)
2025-06-11 09:54:35,294 [INFO] PluginManage:310 - Check plugin projectmanager
2025-06-11 09:54:35,309 [INFO] PluginManage:359 - Loaded plugin projectmanager (category:projectmanager,tabindex:4)
2025-06-11 09:54:35,309 [INFO] PluginManage:310 - Check plugin rif
2025-06-11 09:54:35,329 [INFO] PluginManage:359 - Loaded plugin rif (category:base,tabindex:3)
2025-06-11 09:54:35,329 [INFO] PluginManage:310 - Check plugin thirdparty
2025-06-11 09:54:35,643 [INFO] PluginManage:359 - Loaded plugin thirdparty (category:base,tabindex:-1)
2025-06-11 09:54:35,642 [WARN] IntegrityCheckThread:84 - waiting for thirdparty lock release [integrity check]
2025-06-11 09:54:35,643 [INFO] PluginManage:310 - Check plugin tools
2025-06-11 09:54:35,643 [INFO] IntegrityCheckThread:86 - entering critical section [integrity check]
2025-06-11 09:54:35,643 [INFO] ThirdPartyUpdaterWithRetryManager:70 - Updater plugin not ready yet. [1/15]
2025-06-11 09:54:35,690 [INFO] PluginManage:359 - Loaded plugin tools (category:base,tabindex:7)
2025-06-11 09:54:35,690 [INFO] PluginManage:310 - Check plugin tutovideos
2025-06-11 09:54:35,909 [INFO] PluginManage:359 - Loaded plugin tutovideos (category:base,tabindex:-1)
2025-06-11 09:54:35,909 [INFO] PluginManage:310 - Check plugin updater
2025-06-11 09:54:35,934 [INFO] PluginManage:359 - Loaded plugin updater (category:base,tabindex:12)
2025-06-11 09:54:35,934 [INFO] PluginManage:310 - Check plugin userauth
2025-06-11 09:54:35,939 [INFO] UserAuth:118 - Init User Auth plugin
2025-06-11 09:54:35,940 [INFO] PluginManage:359 - Loaded plugin userauth (category:base,tabindex:14)
2025-06-11 09:54:35,940 [INFO] PluginManage:283 - PluginManage : Loaded plugins [18]
2025-06-11 09:54:36,169 [INFO] PinOutPanel:1589 - setPackage(No Configuration,No Configuration)
2025-06-11 09:54:36,247 [INFO] CADModel:165 - CPN selected for project level
2025-06-11 09:54:36,247 [INFO] CADModel:114 - Register for checkConnection events
2025-06-11 09:54:36,281 [INFO] IPUIPlugin:80 - create IPUIPlugin
2025-06-11 09:54:36,281 [INFO] PluginManager:220 - loadIPPluginJar : add adc
2025-06-11 09:54:36,329 [INFO] IPUIPlugin:80 - create IPUIPlugin
2025-06-11 09:54:36,329 [INFO] PluginManager:220 - loadIPPluginJar : add aes
2025-06-11 09:54:36,378 [INFO] IPUIPlugin:80 - create IPUIPlugin
2025-06-11 09:54:36,379 [INFO] PluginManager:220 - loadIPPluginJar : add can
2025-06-11 09:54:36,408 [INFO] IPUIPlugin:80 - create IPUIPlugin
2025-06-11 09:54:36,408 [INFO] PluginManager:220 - loadIPPluginJar : add comp
2025-06-11 09:54:36,444 [INFO] IPUIPlugin:80 - create IPUIPlugin
2025-06-11 09:54:36,445 [INFO] PluginManager:220 - loadIPPluginJar : add cryp
2025-06-11 09:54:36,459 [INFO] IPUIPlugin:80 - create IPUIPlugin
2025-06-11 09:54:36,459 [INFO] PluginManager:220 - loadIPPluginJar : add ddr_ctrl_phy
2025-06-11 09:54:36,495 [INFO] IPUIPlugin:80 - create IPUIPlugin
2025-06-11 09:54:36,495 [INFO] PluginManager:220 - loadIPPluginJar : add dfsdm
2025-06-11 09:54:36,512 [INFO] IPUIPlugin:80 - create IPUIPlugin
2025-06-11 09:54:36,512 [INFO] PluginManager:220 - loadIPPluginJar : add dma
2025-06-11 09:54:36,559 [INFO] IPUIPlugin:80 - create IPUIPlugin
2025-06-11 09:54:36,559 [INFO] PluginManager:220 - loadIPPluginJar : add dma3
2025-06-11 09:54:36,612 [INFO] IPUIPlugin:80 - create IPUIPlugin
2025-06-11 09:54:36,612 [INFO] PluginManager:220 - loadIPPluginJar : add extmemmanager
2025-06-11 09:54:36,639 [INFO] IPUIPlugin:80 - create IPUIPlugin
2025-06-11 09:54:36,639 [INFO] PluginManager:220 - loadIPPluginJar : add fatfs
2025-06-11 09:54:36,696 [INFO] IPUIPlugin:80 - create IPUIPlugin
2025-06-11 09:54:36,696 [INFO] PluginManager:220 - loadIPPluginJar : add fmc
2025-06-11 09:54:36,716 [INFO] IPUIPlugin:80 - create IPUIPlugin
2025-06-11 09:54:36,717 [INFO] PluginManager:220 - loadIPPluginJar : add freertos
2025-06-11 09:54:36,745 [INFO] IPUIPlugin:80 - create IPUIPlugin
2025-06-11 09:54:36,745 [INFO] PluginManager:220 - loadIPPluginJar : add genericplugin
2025-06-11 09:54:36,850 [INFO] IPUIPlugin:80 - create IPUIPlugin
2025-06-11 09:54:36,850 [INFO] PluginManager:220 - loadIPPluginJar : add gfxmmu
2025-06-11 09:54:36,994 [INFO] IPUIPlugin:80 - create IPUIPlugin
2025-06-11 09:54:36,995 [INFO] PluginManager:220 - loadIPPluginJar : add gic
2025-06-11 09:54:37,009 [INFO] IPUIPlugin:80 - create IPUIPlugin
2025-06-11 09:54:37,009 [INFO] PluginManager:220 - loadIPPluginJar : add gpio
2025-06-11 09:54:37,106 [INFO] IPUIPlugin:80 - create IPUIPlugin
2025-06-11 09:54:37,106 [INFO] PluginManager:220 - loadIPPluginJar : add gtzc
2025-06-11 09:54:37,146 [INFO] IPUIPlugin:80 - create IPUIPlugin
2025-06-11 09:54:37,146 [INFO] PluginManager:220 - loadIPPluginJar : add hash
2025-06-11 09:54:37,204 [INFO] IPUIPlugin:80 - create IPUIPlugin
2025-06-11 09:54:37,204 [INFO] PluginManager:220 - loadIPPluginJar : add i2c
2025-06-11 09:54:37,251 [INFO] IPUIPlugin:80 - create IPUIPlugin
2025-06-11 09:54:37,252 [INFO] PluginManager:220 - loadIPPluginJar : add i2s
2025-06-11 09:54:37,297 [INFO] IPUIPlugin:80 - create IPUIPlugin
2025-06-11 09:54:37,297 [INFO] PluginManager:220 - loadIPPluginJar : add i3c
2025-06-11 09:54:37,402 [INFO] IPUIPlugin:80 - create IPUIPlugin
2025-06-11 09:54:37,402 [INFO] PluginManager:220 - loadIPPluginJar : add ipddr
2025-06-11 09:54:37,503 [INFO] IPUIPlugin:80 - create IPUIPlugin
2025-06-11 09:54:37,503 [INFO] PluginManager:220 - loadIPPluginJar : add linkedlist
2025-06-11 09:54:37,544 [INFO] IPUIPlugin:80 - create IPUIPlugin
2025-06-11 09:54:37,545 [INFO] PluginManager:220 - loadIPPluginJar : add lorawan
2025-06-11 09:54:37,587 [INFO] IPUIPlugin:80 - create IPUIPlugin
2025-06-11 09:54:37,587 [INFO] PluginManager:220 - loadIPPluginJar : add ltdc
2025-06-11 09:54:37,603 [INFO] IPUIPlugin:80 - create IPUIPlugin
2025-06-11 09:54:37,604 [INFO] PluginManager:220 - loadIPPluginJar : add mdma
2025-06-11 09:54:37,617 [INFO] IPUIPlugin:80 - create IPUIPlugin
2025-06-11 09:54:37,618 [INFO] PluginManager:220 - loadIPPluginJar : add nvic
2025-06-11 09:54:37,660 [INFO] IPUIPlugin:80 - create IPUIPlugin
2025-06-11 09:54:37,660 [INFO] PluginManager:220 - loadIPPluginJar : add opamp
2025-06-11 09:54:37,727 [INFO] IPUIPlugin:80 - create IPUIPlugin
2025-06-11 09:54:37,727 [INFO] PluginManager:220 - loadIPPluginJar : add openamp
2025-06-11 09:54:37,776 [INFO] IPUIPlugin:80 - create IPUIPlugin
2025-06-11 09:54:37,776 [INFO] PluginManager:220 - loadIPPluginJar : add pdm2pcm
2025-06-11 09:54:37,793 [INFO] IPUIPlugin:80 - create IPUIPlugin
2025-06-11 09:54:37,794 [INFO] PluginManager:220 - loadIPPluginJar : add plateformsettings
2025-06-11 09:54:37,824 [INFO] IPUIPlugin:80 - create IPUIPlugin
2025-06-11 09:54:37,824 [INFO] PluginManager:220 - loadIPPluginJar : add quadspi
2025-06-11 09:54:37,856 [INFO] IPUIPlugin:80 - create IPUIPlugin
2025-06-11 09:54:37,856 [INFO] PluginManager:220 - loadIPPluginJar : add radio
2025-06-11 09:54:37,873 [INFO] IPUIPlugin:80 - create IPUIPlugin
2025-06-11 09:54:37,873 [INFO] PluginManager:220 - loadIPPluginJar : add resmgrutility
2025-06-11 09:54:37,927 [INFO] IPUIPlugin:80 - create IPUIPlugin
2025-06-11 09:54:37,927 [INFO] PluginManager:220 - loadIPPluginJar : add sai
2025-06-11 09:54:37,971 [INFO] IPUIPlugin:80 - create IPUIPlugin
2025-06-11 09:54:37,971 [INFO] PluginManager:220 - loadIPPluginJar : add spi
2025-06-11 09:54:38,044 [INFO] IPUIPlugin:80 - create IPUIPlugin
2025-06-11 09:54:38,044 [INFO] PluginManager:220 - loadIPPluginJar : add stm32_wpan
2025-06-11 09:54:38,073 [INFO] IPUIPlugin:80 - create IPUIPlugin
2025-06-11 09:54:38,073 [INFO] PluginManager:220 - loadIPPluginJar : add tim
2025-06-11 09:54:38,136 [INFO] IPUIPlugin:80 - create IPUIPlugin
2025-06-11 09:54:38,136 [INFO] PluginManager:220 - loadIPPluginJar : add touchsensing
2025-06-11 09:54:38,165 [INFO] IPUIPlugin:80 - create IPUIPlugin
2025-06-11 09:54:38,165 [INFO] PluginManager:220 - loadIPPluginJar : add tracer_emb
2025-06-11 09:54:38,193 [INFO] IPUIPlugin:80 - create IPUIPlugin
2025-06-11 09:54:38,193 [INFO] PluginManager:220 - loadIPPluginJar : add ts
2025-06-11 09:54:38,224 [INFO] IPUIPlugin:80 - create IPUIPlugin
2025-06-11 09:54:38,224 [INFO] PluginManager:220 - loadIPPluginJar : add tsc
2025-06-11 09:54:38,253 [INFO] IPUIPlugin:80 - create IPUIPlugin
2025-06-11 09:54:38,253 [INFO] PluginManager:220 - loadIPPluginJar : add ucpd
2025-06-11 09:54:38,303 [INFO] IPUIPlugin:80 - create IPUIPlugin
2025-06-11 09:54:38,303 [INFO] PluginManager:220 - loadIPPluginJar : add usart
2025-06-11 09:54:38,351 [INFO] IPUIPlugin:80 - create IPUIPlugin
2025-06-11 09:54:38,351 [INFO] PluginManager:220 - loadIPPluginJar : add usbx
2025-06-11 09:54:38,469 [FATAL] Updater:351 - Updater called before beeing initialized
2025-06-11 09:54:38,490 [INFO] RulesReader:64 - Compatibility file has been processed (297 Rules)
2025-06-11 09:54:38,499 [INFO] RulesReader:64 - Compatibility file has been processed (297 Rules)
2025-06-11 09:54:38,506 [INFO] CADModel:165 - CPN selected for project level
2025-06-11 09:54:38,506 [INFO] CADModel:114 - Register for checkConnection events
2025-06-11 09:54:38,506 [FATAL] Updater:351 - Updater called before beeing initialized
2025-06-11 09:54:38,506 [ERROR] CADModel:125 - Updater not yet initialized, retry later 
2025-06-11 09:54:38,645 [INFO] ThirdPartyUpdaterWithRetryManager:70 - Updater plugin not ready yet. [2/15]
2025-06-11 09:54:38,651 [FATAL] Updater:351 - Updater called before beeing initialized
2025-06-11 09:54:38,653 [INFO] CADModel:165 - CPN selected for project level
2025-06-11 09:54:38,653 [INFO] CADModel:114 - Register for checkConnection events
2025-06-11 09:54:38,653 [FATAL] Updater:351 - Updater called before beeing initialized
2025-06-11 09:54:38,653 [ERROR] CADModel:125 - Updater not yet initialized, retry later 
2025-06-11 09:54:38,655 [FATAL] Updater:351 - Updater called before beeing initialized
2025-06-11 09:54:38,743 [FATAL] Updater:351 - Updater called before beeing initialized
2025-06-11 09:54:38,756 [INFO] DbMcusAds:53 - JSON generation date=Wed May 07 16:07:55 ICT 2025 (1746608875484)
2025-06-11 09:54:38,756 [FATAL] Updater:351 - Updater called before beeing initialized
2025-06-11 09:54:38,838 [WARN] DetailPanel:346 - Failed to get advertising image, set to default
2025-06-11 09:54:39,026 [FATAL] Updater:351 - Updater called before beeing initialized
2025-06-11 09:54:39,029 [FATAL] Updater:351 - Updater called before beeing initialized
2025-06-11 09:54:39,029 [FATAL] Updater:351 - Updater called before beeing initialized
2025-06-11 09:54:39,029 [WARN] DetailPanel:346 - Failed to get advertising image, set to default
2025-06-11 09:54:39,029 [FATAL] Updater:351 - Updater called before beeing initialized
2025-06-11 09:54:39,091 [ERROR] Updater:1198 - MainUpdater not yet initialized. External WinMGr cannot be set.
2025-06-11 09:54:39,102 [INFO] Updater:1134 - Updater Version found : 6.13.0
2025-06-11 09:54:39,120 [INFO] ApplicationProperties:184 - Using Application install path: D:\stm32cubeIDE\STM32CubeIDE_1.17.0\STM32CubeIDE\plugins\com.st.stm32cube.common.mx_6.13.0.202411220809
2025-06-11 09:54:40,700 [ERROR] LogOutputStream:75 - [STDERR_REDIRECT] Jun 11, 2025 9:54:40 AM java.util.prefs.WindowsPreferences <init>
2025-06-11 09:54:40,701 [ERROR] LogOutputStream:75 - [STDERR_REDIRECT] WARNING: Could not open/create prefs root node Software\JavaSoft\Prefs at root 0xffffffff80000002. Windows RegCreateKeyEx(...) returned error code 5.
2025-06-11 09:54:40,701 [ERROR] LogOutputStream:75 - [STDERR_REDIRECT] 
2025-06-11 09:54:41,029 [INFO] MainUpdater:2872 - connection check result : 10
2025-06-11 09:54:41,029 [INFO] MainUpdater:289 - Updater Check For Update Now.
2025-06-11 09:54:41,029 [INFO] MicroXplorer:498 - Change Database Version : DB.6.0.130
2025-06-11 09:54:41,049 [INFO] McuFinderGlobals:63 - Set McuFinder mode to 2 (CubeIDE integrated)
2025-06-11 09:54:41,049 [INFO] UserAuth:171 - activating auth plugin
2025-06-11 09:54:41,052 [INFO] UserAuth:486 - Internet connection configuration mode: 1
2025-06-11 09:54:41,093 [INFO] JxBrowserEngine:152 - Initiate JxBrowser Engine with user profile folder
2025-06-11 09:54:41,248 [INFO] CheckServerUpdateThread:120 - End of CheckServer Thread
2025-06-11 09:54:41,894 [WARN] PackLoader:240 - Cannot read IP mode file for STMicroelectronics.FP-SNS-MOTENVWB1.1.4.0
2025-06-11 09:54:41,924 [WARN] PackLoader:240 - Cannot read IP mode file for STMicroelectronics.FP-ATR-ASTRA1.2.0.2
2025-06-11 09:54:41,946 [WARN] PackLoader:240 - Cannot read IP mode file for STMicroelectronics.FP-ATR-ASTRA1.2.0.1
2025-06-11 09:54:41,971 [WARN] PackLoader:240 - Cannot read IP mode file for STMicroelectronics.X-CUBE-SMBUS.2.1.0
2025-06-11 09:54:41,988 [INFO] WebApp:168 - Instantiating new browser for Auth
2025-06-11 09:54:41,997 [WARN] PackLoader:240 - Cannot read IP mode file for STMicroelectronics.X-CUBE-WB05N.1.1.0
2025-06-11 09:54:42,023 [WARN] PackLoader:240 - Cannot read IP mode file for STMicroelectronics.X-CUBE-ST60.1.0.0
2025-06-11 09:54:42,080 [WARN] PackLoader:240 - Cannot read IP mode file for STMicroelectronics.X-CUBE-AZRTOS-F7.1.1.0
2025-06-11 09:54:42,103 [WARN] PackLoader:240 - Cannot read IP mode file for STMicroelectronics.FP-SNS-FLIGHT1.5.0.2
2025-06-11 09:54:42,137 [WARN] PackLoader:240 - Cannot read IP mode file for Infineon.AIROC-Wi-Fi-Bluetooth-STM32.1.7.0
2025-06-11 09:54:42,160 [WARN] PackLoader:240 - Cannot read IP mode file for STMicroelectronics.X-CUBE-DISPLAY.3.0.0
2025-06-11 09:54:42,180 [WARN] PackLoader:240 - Cannot read IP mode file for STMicroelectronics.X-CUBE-BLE1.7.0.0
2025-06-11 09:54:42,200 [WARN] PackLoader:240 - Cannot read IP mode file for STMicroelectronics.X-CUBE-NFC10.1.0.0
2025-06-11 09:54:42,237 [WARN] PackLoader:240 - Cannot read IP mode file for emotas.I-CUBE-CANOPEN.1.3.0
2025-06-11 09:54:42,258 [WARN] PackLoader:240 - Cannot read IP mode file for STMicroelectronics.X-CUBE-AI.10.0.0
2025-06-11 09:54:42,288 [WARN] PackLoader:240 - Cannot read IP mode file for STMicroelectronics.FP-SNS-SMARTAG2.1.2.0
2025-06-11 09:54:42,310 [WARN] PackLoader:240 - Cannot read IP mode file for STMicroelectronics.FP-SNS-FLIGHT1.5.1.0
2025-06-11 09:54:42,386 [WARN] PackLoader:240 - Cannot read IP mode file for STMicroelectronics.X-CUBE-MEMS1.11.1.0
2025-06-11 09:54:42,549 [INFO] LogOutputStream:77 - [STDOUT_REDIRECT] 1 : Invalid condition id : UX_CORESTACK_Condition cause : null
2025-06-11 09:54:42,550 [INFO] LogOutputStream:77 - [STDOUT_REDIRECT] 1 : Invalid condition id : UX_CORESTACK_Condition cause : null
2025-06-11 09:54:42,551 [INFO] LogOutputStream:77 - [STDOUT_REDIRECT] 1 : Invalid condition id : UX_CORESTACK_Condition cause : null
2025-06-11 09:54:42,553 [INFO] LogOutputStream:77 - [STDOUT_REDIRECT] 1 : Invalid condition id : UX_CORESTACK_Condition cause : null
2025-06-11 09:54:42,554 [INFO] LogOutputStream:77 - [STDOUT_REDIRECT] 1 : Invalid condition id : UX_CORESTACK_Condition cause : null
2025-06-11 09:54:42,556 [WARN] PackLoader:240 - Cannot read IP mode file for STMicroelectronics.X-CUBE-AZRTOS-WL.2.0.0
2025-06-11 09:54:42,575 [WARN] PackLoader:240 - Cannot read IP mode file for STMicroelectronics.FP-SNS-MOTENV1.5.0.0
2025-06-11 09:54:42,597 [WARN] PackLoader:240 - Cannot read IP mode file for WES.I-CUBE-Cesium.1.3.0
2025-06-11 09:54:42,615 [WARN] PackLoader:240 - Cannot read IP mode file for STMicroelectronics.X-CUBE-BLE2.3.3.0
2025-06-11 09:54:42,635 [WARN] PackLoader:240 - Cannot read IP mode file for STMicroelectronics.X-CUBE-NFC9.1.0.0
2025-06-11 09:54:42,656 [WARN] PackLoader:240 - Cannot read IP mode file for STMicroelectronics.X-CUBE-BLE1.7.1.0
2025-06-11 09:54:42,671 [WARN] PackLoader:240 - Cannot read IP mode file for wolfSSL.I-CUBE-wolfMQTT.1.19.2
2025-06-11 09:54:42,689 [WARN] PackLoader:240 - Cannot read IP mode file for STMicroelectronics.X-CUBE-AI.10.1.0
2025-06-11 09:54:42,740 [WARN] PackLoader:240 - Cannot read IP mode file for STMicroelectronics.X-CUBE-MEMS1.11.2.0
2025-06-11 09:54:42,841 [WARN] PackLoader:240 - Cannot read IP mode file for STMicroelectronics.X-CUBE-AZRTOS-G0.1.1.0
2025-06-11 09:54:42,866 [WARN] PackLoader:240 - Cannot read IP mode file for STMicroelectronics.X-CUBE-SAFEA1.1.2.2
2025-06-11 09:54:42,889 [WARN] PackLoader:240 - Cannot read IP mode file for STMicroelectronics.X-CUBE-NFC4.3.0.0
2025-06-11 09:54:42,916 [WARN] PackLoader:240 - Cannot read IP mode file for EmbeddedOffice.I-CUBE-FS-RTOS.1.0.1
2025-06-11 09:54:42,937 [WARN] PackLoader:240 - Cannot read IP mode file for STMicroelectronics.X-CUBE-WB05N.2.0.0
2025-06-11 09:54:42,959 [WARN] PackLoader:240 - Cannot read IP mode file for wolfSSL.I-CUBE-wolfTPM.3.8.0
2025-06-11 09:54:43,032 [WARN] PackLoader:240 - Cannot read IP mode file for RealThread.X-CUBE-RT-Thread_Nano.4.1.1
2025-06-11 09:54:43,055 [WARN] PackLoader:240 - Cannot read IP mode file for STMicroelectronics.FP-ATR-SIGFOX1.3.2.0
2025-06-11 09:54:43,078 [WARN] ConditionMgr:438 - getConditionDescription Invalid condition id : Cortex-A Device cause : null
2025-06-11 09:54:43,078 [INFO] WebApp:449 - Apply proxy settings
2025-06-11 09:54:43,078 [INFO] WebApp:534 - Chromium requires no authentication
2025-06-11 09:54:43,121 [INFO] WebApp:477 - Direct internet connection detected
2025-06-11 09:54:43,134 [WARN] ConditionMgr:1044 - genDependencies : Invalid condition id : Cortex-A Device cause : null
2025-06-11 09:54:43,134 [WARN] ConditionMgr:1044 - genDependencies : Invalid condition id : Cortex-A Device cause : null
2025-06-11 09:54:43,134 [WARN] ConditionMgr:1044 - genDependencies : Invalid condition id : Cortex-A Device cause : null
2025-06-11 09:54:43,156 [WARN] PackLoader:240 - Cannot read IP mode file for STMicroelectronics.X-CUBE-EEPRMA1.5.1.0
2025-06-11 09:54:43,193 [INFO] WebApp:880 - Register for checkConnection events
2025-06-11 09:54:43,193 [INFO] WebApp:449 - Apply proxy settings
2025-06-11 09:54:43,193 [INFO] WebApp:534 - Chromium requires no authentication
2025-06-11 09:54:43,195 [INFO] WebApp:477 - Direct internet connection detected
2025-06-11 09:54:43,203 [WARN] PackLoader:240 - Cannot read IP mode file for ITTIA_DB.I-CUBE-ITTIADB.8.9.0
2025-06-11 09:54:43,248 [WARN] PackLoader:240 - Cannot read IP mode file for STMicroelectronics.X-CUBE-ST67W61.1.0.0
2025-06-11 09:54:43,290 [WARN] PackLoader:240 - Cannot read IP mode file for SEGGER.I-CUBE-embOS.1.3.1
2025-06-11 09:54:43,337 [WARN] PackLoader:240 - Cannot read IP mode file for STMicroelectronics.X-CUBE-ALGOBUILD.1.4.0
2025-06-11 09:54:43,388 [WARN] PackLoader:240 - Cannot read IP mode file for STMicroelectronics.X-CUBE-MEMS1.11.3.0
2025-06-11 09:54:43,452 [INFO] WebApp:187 - Connection restablished
2025-06-11 09:54:43,512 [WARN] PackLoader:240 - Cannot read IP mode file for STMicroelectronics.X-CUBE-AZRTOS-F4.1.1.0
2025-06-11 09:54:43,533 [WARN] PackLoader:240 - Cannot read IP mode file for Avnet-IotConnect.X-CUBE-IoTC-DA16k-PMOD.1.0.0
2025-06-11 09:54:43,553 [WARN] PackLoader:240 - Cannot read IP mode file for STMicroelectronics.X-CUBE-ISPU.2.1.0
2025-06-11 09:54:43,582 [INFO] WebApp:221 - Starting web application
2025-06-11 09:54:43,582 [INFO] WebApp:579 - Web application path used D:\stm32cubeIDE\STM32CubeIDE_1.17.0\STM32CubeIDE\plugins\com.st.stm32cube.common.mx_6.13.0.202411220809\db\plugins\mcufinder\reactClient1\index.html
2025-06-11 09:54:43,597 [WARN] PackLoader:240 - Cannot read IP mode file for STMicroelectronics.X-CUBE-AZRTOS-L5.2.0.0
2025-06-11 09:54:43,620 [WARN] PackLoader:240 - Cannot read IP mode file for STMicroelectronics.X-CUBE-NFC6.3.1.0
2025-06-11 09:54:43,638 [WARN] PackLoader:240 - Cannot read IP mode file for STMicroelectronics.X-CUBE-DPower.1.2.0
2025-06-11 09:54:43,660 [WARN] PackLoader:240 - Cannot read IP mode file for STMicroelectronics.X-CUBE-FREERTOS.1.3.1
2025-06-11 09:54:43,679 [WARN] PackLoader:240 - Cannot read IP mode file for STMicroelectronics.X-CUBE-FREERTOS.1.3.0
2025-06-11 09:54:43,697 [WARN] PackLoader:240 - Cannot read IP mode file for STMicroelectronics.X-CUBE-NFC7.1.0.1
2025-06-11 09:54:43,716 [WARN] PackLoader:240 - Cannot read IP mode file for STMicroelectronics.X-CUBE-DPower.1.3.0
2025-06-11 09:54:43,753 [WARN] ConditionMgr:438 - getConditionDescription Invalid condition id : LAN8742 Phy interface Condition cause : null
2025-06-11 09:54:43,754 [WARN] PackLoader:240 - Cannot read IP mode file for STMicroelectronics.X-CUBE-AZRTOS-L4.2.0.0
2025-06-11 09:54:43,755 [WARN] ConditionMgr:1044 - genDependencies : Invalid condition id : LAN8742 Phy interface Condition cause : null
2025-06-11 09:54:43,755 [WARN] ConditionMgr:1044 - genDependencies : Invalid condition id : LAN8742 Phy interface Condition cause : null
2025-06-11 09:54:43,756 [WARN] ConditionMgr:1044 - genDependencies : Invalid condition id : LAN8742 Phy interface Condition cause : null
2025-06-11 09:54:43,781 [WARN] PackLoader:240 - Cannot read IP mode file for STMicroelectronics.X-CUBE-SFXS2LP1.4.0.0
2025-06-11 09:54:43,824 [WARN] PackLoader:240 - Cannot read IP mode file for STMicroelectronics.X-CUBE-AZRTOS-H7.3.3.0
2025-06-11 09:54:43,856 [WARN] ConditionMgr:438 - getConditionDescription Invalid condition id : UX DEVICE CLASS RTOS Condition cause : null
2025-06-11 09:54:43,856 [WARN] ConditionMgr:438 - getConditionDescription Invalid condition id : UX DEVICE CLASS RTOS Condition cause : null
2025-06-11 09:54:43,858 [WARN] PackLoader:240 - Cannot read IP mode file for STMicroelectronics.X-CUBE-AZRTOS-WB.2.0.0
2025-06-11 09:54:43,858 [WARN] ConditionMgr:1044 - genDependencies : Invalid condition id : UX DEVICE CLASS RTOS Condition cause : null
2025-06-11 09:54:43,859 [WARN] ConditionMgr:1044 - genDependencies : Invalid condition id : UX DEVICE CLASS RTOS Condition cause : null
2025-06-11 09:54:43,859 [WARN] ConditionMgr:1044 - genDependencies : Invalid condition id : UX DEVICE CLASS RTOS Condition cause : null
2025-06-11 09:54:43,859 [WARN] ConditionMgr:1044 - genDependencies : Invalid condition id : UX DEVICE CLASS RTOS Condition cause : null
2025-06-11 09:54:43,859 [WARN] ConditionMgr:1044 - genDependencies : Invalid condition id : UX DEVICE CLASS RTOS Condition cause : null
2025-06-11 09:54:43,880 [WARN] PackLoader:240 - Cannot read IP mode file for STMicroelectronics.X-CUBE-TOUCHGFX.4.25.0
2025-06-11 09:54:43,902 [WARN] PackLoader:240 - Cannot read IP mode file for STMicroelectronics.FP-SNS-STBOX1.2.0.0
2025-06-11 09:54:43,927 [WARN] PackLoader:240 - Cannot read IP mode file for STMicroelectronics.X-CUBE-SUBG2.5.0.0
2025-06-11 09:54:43,980 [WARN] PackLoader:240 - Cannot read IP mode file for STMicroelectronics.X-CUBE-AZRTOS-H7RS.1.1.0
2025-06-11 09:54:44,005 [WARN] PackLoader:240 - Cannot read IP mode file for Cesanta.I-CUBE-Mongoose.7.13.0
2025-06-11 09:54:44,051 [WARN] PackLoader:240 - Cannot read IP mode file for STMicroelectronics.X-CUBE-AZRTOS-G4.2.0.0
2025-06-11 09:54:44,076 [WARN] PackLoader:240 - Cannot read IP mode file for wolfSSL.I-CUBE-wolfSSH.1.4.20
2025-06-11 09:54:44,095 [WARN] PackLoader:240 - Cannot read IP mode file for STMicroelectronics.X-CUBE-NFC7.2.0.0
2025-06-11 09:54:44,114 [WARN] PackLoader:240 - Cannot read IP mode file for STMicroelectronics.X-CUBE-ALS.1.0.2
2025-06-11 09:54:44,133 [WARN] PackLoader:240 - Cannot read IP mode file for STMicroelectronics.X-CUBE-TOUCHGFX.4.24.2
2025-06-11 09:54:44,156 [WARN] PackLoader:240 - Cannot read IP mode file for portGmbH.I-Cube-SoM-uGOAL.1.1.0
2025-06-11 09:54:44,194 [WARN] PackLoader:240 - Cannot read IP mode file for STMicroelectronics.X-CUBE-AZRTOS-H7RS.1.0.0
2025-06-11 09:54:44,224 [WARN] PackLoader:240 - Cannot read IP mode file for STMicroelectronics.X-CUBE-TOF1.3.4.2
2025-06-11 09:54:44,259 [WARN] PackLoader:240 - Cannot read IP mode file for STMicroelectronics.X-CUBE-TOF1.3.4.3
2025-06-11 09:54:44,267 [INFO] ThirdParty:978 - Integrity check success = true
2025-06-11 09:54:44,268 [INFO] IntegrityCheckThread:100 - exiting critical section [integrity check]
2025-06-11 09:54:44,268 [INFO] IntegrityCheckThread:103 - End integrity checks thread
2025-06-11 11:43:08,323 [ERROR] LogOutputStream:75 - [STDERR_REDIRECT] 
2025-06-11 11:43:08,324 [ERROR] LogOutputStream:75 - [STDERR_REDIRECT] 
2025-06-11 15:52:36,749 [INFO] Activator:176 - 


2025-06-11 15:52:36,750 [INFO] Activator:177 - !SESSION log4j initialized
2025-06-11 15:52:43,050 [INFO] LogOutputStream:77 - [STDOUT_REDIRECT] 
2025-06-11 15:52:45,568 [ERROR] ConfigurationRetriever:142 - IOException on connection: Connect timed out
2025-06-11 15:52:45,707 [INFO] ApplicationProperties:184 - Using Application install path: D:\stm32cubeIDE\STM32CubeIDE_1.17.0\STM32CubeIDE\plugins\com.st.stm32cube.common.mx_6.13.0.202411220809
2025-06-11 15:52:45,722 [INFO] DbMcusXml:78 - Set database path to: D:\stm32cubeIDE\STM32CubeIDE_1.17.0\STM32CubeIDE\plugins\com.st.stm32cube.common.mx_6.13.0.202411220809\\db\/mcu/
2025-06-11 15:52:45,723 [INFO] ApiDb:274 - Set plugin database path to: D:\stm32cubeIDE\STM32CubeIDE_1.17.0\STM32CubeIDE\plugins\com.st.stm32cube.common.mx_6.13.0.202411220809\\db\/plugins/boardmanager/
2025-06-11 15:52:45,723 [WARN] ApiDb:259 - Overriding images path with different value:  => D:\stm32cubeIDE\STM32CubeIDE_1.17.0\STM32CubeIDE\plugins\com.st.stm32cube.common.mx_6.13.0.202411220809\\db\/plugins/mcufinder/images/
2025-06-11 15:52:45,731 [INFO] ApiDb:250 - Set database path to: C:\Users\LEGION\.stmcufinder\plugins\mcufinder//mcu/
2025-06-11 15:52:45,732 [INFO] DbMcusAds:125 - Set database path to: C:\Users\LEGION\.stmcufinder\plugins\mcufinder//mcu/
2025-06-11 15:52:45,734 [INFO] CrossReferenceDbSqlite:203 - Set database path to: C:\Users\LEGION\.stmcufinder\plugins\mcufinder//mcu/cs/
2025-06-11 15:52:45,839 [INFO] RulesReader:64 - Compatibility file has been processed (297 Rules)
2025-06-11 15:52:45,913 [INFO] DbMcusXml:78 - Set database path to: D:\stm32cubeIDE\STM32CubeIDE_1.17.0\STM32CubeIDE\plugins\com.st.stm32cube.common.mx_6.13.0.202411220809\\db\/mcu/
2025-06-11 15:52:45,913 [INFO] ApiDb:274 - Set plugin database path to: D:\stm32cubeIDE\STM32CubeIDE_1.17.0\STM32CubeIDE\plugins\com.st.stm32cube.common.mx_6.13.0.202411220809\\db\/plugins/boardmanager/
2025-06-11 15:52:45,913 [INFO] ApiDb:261 - Set plugin images path to: D:\stm32cubeIDE\STM32CubeIDE_1.17.0\STM32CubeIDE\plugins\com.st.stm32cube.common.mx_6.13.0.202411220809\\db\/plugins/mcufinder/images/
2025-06-11 15:52:45,914 [WARN] DbFile:41 - Overriding database path with different value: C:\Users\LEGION\.stmcufinder\plugins\mcufinder/ => C:\Users\LEGION\.stmcufinder\plugins\mcufinder
2025-06-11 15:52:45,914 [INFO] ApiDb:250 - Set database path to: C:\Users\LEGION\.stmcufinder\plugins\mcufinder//mcu/
2025-06-11 15:52:45,914 [WARN] DbFile:41 - Overriding database path with different value: C:\Users\LEGION\.stmcufinder\plugins\mcufinder/ => C:\Users\LEGION\.stmcufinder\plugins\mcufinder
2025-06-11 15:52:45,914 [INFO] DbMcusAds:125 - Set database path to: C:\Users\LEGION\.stmcufinder\plugins\mcufinder//mcu/
2025-06-11 15:52:45,914 [WARN] DbFile:41 - Overriding database path with different value: C:\Users\LEGION\.stmcufinder\plugins\mcufinder/ => C:\Users\LEGION\.stmcufinder\plugins\mcufinder
2025-06-11 15:52:45,914 [WARN] DbFile:41 - Overriding database path with different value: C:\Users\LEGION\.stmcufinder\plugins\mcufinder/ => C:\Users\LEGION\.stmcufinder\plugins\mcufinder
2025-06-11 15:52:45,914 [INFO] CrossReferenceDbSqlite:203 - Set database path to: C:\Users\LEGION\.stmcufinder\plugins\mcufinder//mcu/cs/
2025-06-11 15:52:45,987 [INFO] MainPanel:272 - HeapMemory: 268435456
2025-06-11 15:52:46,091 [INFO] DbMcusXml:78 - Set database path to: D:\stm32cubeIDE\STM32CubeIDE_1.17.0\STM32CubeIDE\plugins\com.st.stm32cube.common.mx_6.13.0.202411220809\\db\/mcu/
2025-06-11 15:52:46,091 [INFO] ApiDb:274 - Set plugin database path to: D:\stm32cubeIDE\STM32CubeIDE_1.17.0\STM32CubeIDE\plugins\com.st.stm32cube.common.mx_6.13.0.202411220809\\db\/plugins/boardmanager/
2025-06-11 15:52:46,091 [INFO] ApiDb:261 - Set plugin images path to: D:\stm32cubeIDE\STM32CubeIDE_1.17.0\STM32CubeIDE\plugins\com.st.stm32cube.common.mx_6.13.0.202411220809\\db\/plugins/mcufinder/images/
2025-06-11 15:52:46,091 [WARN] DbFile:41 - Overriding database path with different value: C:\Users\LEGION\.stmcufinder\plugins\mcufinder/ => C:\Users\LEGION\.stmcufinder\plugins\mcufinder
2025-06-11 15:52:46,091 [INFO] ApiDb:250 - Set database path to: C:\Users\LEGION\.stmcufinder\plugins\mcufinder//mcu/
2025-06-11 15:52:46,091 [WARN] DbFile:41 - Overriding database path with different value: C:\Users\LEGION\.stmcufinder\plugins\mcufinder/ => C:\Users\LEGION\.stmcufinder\plugins\mcufinder
2025-06-11 15:52:46,091 [INFO] DbMcusAds:125 - Set database path to: C:\Users\LEGION\.stmcufinder\plugins\mcufinder//mcu/
2025-06-11 15:52:46,091 [WARN] DbFile:41 - Overriding database path with different value: C:\Users\LEGION\.stmcufinder\plugins\mcufinder/ => C:\Users\LEGION\.stmcufinder\plugins\mcufinder
2025-06-11 15:52:46,091 [WARN] DbFile:41 - Overriding database path with different value: C:\Users\LEGION\.stmcufinder\plugins\mcufinder/ => C:\Users\LEGION\.stmcufinder\plugins\mcufinder
2025-06-11 15:52:46,091 [INFO] CrossReferenceDbSqlite:203 - Set database path to: C:\Users\LEGION\.stmcufinder\plugins\mcufinder//mcu/cs/
2025-06-11 15:52:46,108 [INFO] ApplicationProperties:184 - Using Application install path: D:\stm32cubeIDE\STM32CubeIDE_1.17.0\STM32CubeIDE\plugins\com.st.stm32cube.common.mx_6.13.0.202411220809
2025-06-11 15:52:46,110 [INFO] PluginManage:196 - Search for loadable plugins [exclusion list=, ]
2025-06-11 15:52:46,111 [INFO] PluginManage:310 - Check plugin analytics
2025-06-11 15:52:46,248 [INFO] AnalyticsPlugin:253 - Accepted Software Licenses: 
2025-06-11 15:52:46,248 [INFO] AnalyticsPlugin:255 - Accepted CMSIS Pack Licenses: 
2025-06-11 15:52:46,248 [INFO] AnalyticsPlugin:257 - Accepted Firmware Licenses: FW.F4.1.28.0
2025-06-11 15:52:46,250 [INFO] PluginManage:359 - Loaded plugin analytics (category:tool,tabindex:-1)
2025-06-11 15:52:46,251 [INFO] PluginManage:310 - Check plugin cadmodel
2025-06-11 15:52:46,268 [INFO] CADModel:105 - Init CAD model plugin
2025-06-11 15:52:46,268 [INFO] PluginManage:359 - Loaded plugin cadmodel (category:power,tabindex:5)
2025-06-11 15:52:46,268 [INFO] PluginManage:310 - Check plugin clock
2025-06-11 15:52:46,290 [INFO] PluginManage:359 - Loaded plugin clock (category:base,tabindex:2)
2025-06-11 15:52:46,290 [INFO] PluginManage:310 - Check plugin ddr
2025-06-11 15:52:46,293 [INFO] PluginManage:359 - Loaded plugin ddr (category:tool,tabindex:6)
2025-06-11 15:52:46,293 [INFO] PluginManage:310 - Check plugin filemanager
2025-06-11 15:52:46,426 [INFO] PluginManage:359 - Loaded plugin filemanager (category:base,tabindex:10)
2025-06-11 15:52:46,426 [INFO] PluginManage:310 - Check plugin ipmanager
2025-06-11 15:52:46,432 [INFO] PluginManage:359 - Loaded plugin ipmanager (category:base,tabindex:5)
2025-06-11 15:52:46,432 [INFO] PluginManage:310 - Check plugin lpbam
2025-06-11 15:52:46,449 [INFO] PluginManage:359 - Loaded plugin lpbam (category:base,tabindex:0)
2025-06-11 15:52:46,450 [INFO] PluginManage:310 - Check plugin memorymap
2025-06-11 15:52:46,477 [INFO] PluginManage:359 - Loaded plugin memorymap (category:base,tabindex:4)
2025-06-11 15:52:46,477 [INFO] PluginManage:310 - Check plugin pinoutandconfiguration
2025-06-11 15:52:46,498 [INFO] PluginManage:359 - Loaded plugin pinoutandconfiguration (category:base,tabindex:1)
2025-06-11 15:52:46,498 [INFO] PluginManage:310 - Check plugin pinoutconfig
2025-06-11 15:52:46,600 [WARN] SupportedApi:132 - Cannot load RTOS API schema: s4s-elt-must-match.1: The content of 'definitions' must match (annotation?, (simpleType | complexType)?, (unique | key | keyref)*)). A problem was found starting at: attribute.
2025-06-11 15:52:46,730 [INFO] PluginManage:359 - Loaded plugin pinoutconfig (category:base,tabindex:0)
2025-06-11 15:52:46,730 [INFO] PluginManage:310 - Check plugin power
2025-06-11 15:52:46,752 [INFO] PluginManage:359 - Loaded plugin power (category:power,tabindex:4)
2025-06-11 15:52:46,752 [INFO] PluginManage:310 - Check plugin projectmanager
2025-06-11 15:52:46,765 [INFO] PluginManage:359 - Loaded plugin projectmanager (category:projectmanager,tabindex:4)
2025-06-11 15:52:46,765 [INFO] PluginManage:310 - Check plugin rif
2025-06-11 15:52:46,783 [INFO] PluginManage:359 - Loaded plugin rif (category:base,tabindex:3)
2025-06-11 15:52:46,783 [INFO] PluginManage:310 - Check plugin thirdparty
2025-06-11 15:52:47,074 [INFO] PluginManage:359 - Loaded plugin thirdparty (category:base,tabindex:-1)
2025-06-11 15:52:47,074 [WARN] IntegrityCheckThread:84 - waiting for thirdparty lock release [integrity check]
2025-06-11 15:52:47,074 [INFO] PluginManage:310 - Check plugin tools
2025-06-11 15:52:47,075 [INFO] IntegrityCheckThread:86 - entering critical section [integrity check]
2025-06-11 15:52:47,075 [INFO] ThirdPartyUpdaterWithRetryManager:70 - Updater plugin not ready yet. [1/15]
2025-06-11 15:52:47,110 [INFO] PluginManage:359 - Loaded plugin tools (category:base,tabindex:7)
2025-06-11 15:52:47,110 [INFO] PluginManage:310 - Check plugin tutovideos
2025-06-11 15:52:47,292 [INFO] PluginManage:359 - Loaded plugin tutovideos (category:base,tabindex:-1)
2025-06-11 15:52:47,292 [INFO] PluginManage:310 - Check plugin updater
2025-06-11 15:52:47,314 [INFO] PluginManage:359 - Loaded plugin updater (category:base,tabindex:12)
2025-06-11 15:52:47,314 [INFO] PluginManage:310 - Check plugin userauth
2025-06-11 15:52:47,318 [INFO] UserAuth:118 - Init User Auth plugin
2025-06-11 15:52:47,319 [INFO] PluginManage:359 - Loaded plugin userauth (category:base,tabindex:14)
2025-06-11 15:52:47,320 [INFO] PluginManage:283 - PluginManage : Loaded plugins [18]
2025-06-11 15:52:47,524 [INFO] PinOutPanel:1589 - setPackage(No Configuration,No Configuration)
2025-06-11 15:52:47,570 [ERROR] ConfigurationRetriever:142 - IOException on connection: Connect timed out
2025-06-11 15:52:47,597 [INFO] CADModel:165 - CPN selected for project level
2025-06-11 15:52:47,597 [INFO] CADModel:114 - Register for checkConnection events
2025-06-11 15:52:47,624 [INFO] IPUIPlugin:80 - create IPUIPlugin
2025-06-11 15:52:47,624 [INFO] PluginManager:220 - loadIPPluginJar : add adc
2025-06-11 15:52:47,660 [INFO] IPUIPlugin:80 - create IPUIPlugin
2025-06-11 15:52:47,661 [INFO] PluginManager:220 - loadIPPluginJar : add aes
2025-06-11 15:52:47,697 [INFO] IPUIPlugin:80 - create IPUIPlugin
2025-06-11 15:52:47,698 [INFO] PluginManager:220 - loadIPPluginJar : add can
2025-06-11 15:52:47,723 [INFO] IPUIPlugin:80 - create IPUIPlugin
2025-06-11 15:52:47,723 [INFO] PluginManager:220 - loadIPPluginJar : add comp
2025-06-11 15:52:47,754 [INFO] IPUIPlugin:80 - create IPUIPlugin
2025-06-11 15:52:47,754 [INFO] PluginManager:220 - loadIPPluginJar : add cryp
2025-06-11 15:52:47,767 [INFO] IPUIPlugin:80 - create IPUIPlugin
2025-06-11 15:52:47,767 [INFO] PluginManager:220 - loadIPPluginJar : add ddr_ctrl_phy
2025-06-11 15:52:47,796 [INFO] IPUIPlugin:80 - create IPUIPlugin
2025-06-11 15:52:47,796 [INFO] PluginManager:220 - loadIPPluginJar : add dfsdm
2025-06-11 15:52:47,812 [INFO] IPUIPlugin:80 - create IPUIPlugin
2025-06-11 15:52:47,812 [INFO] PluginManager:220 - loadIPPluginJar : add dma
2025-06-11 15:52:47,849 [INFO] IPUIPlugin:80 - create IPUIPlugin
2025-06-11 15:52:47,849 [INFO] PluginManager:220 - loadIPPluginJar : add dma3
2025-06-11 15:52:47,889 [INFO] IPUIPlugin:80 - create IPUIPlugin
2025-06-11 15:52:47,889 [INFO] PluginManager:220 - loadIPPluginJar : add extmemmanager
2025-06-11 15:52:47,910 [INFO] IPUIPlugin:80 - create IPUIPlugin
2025-06-11 15:52:47,910 [INFO] PluginManager:220 - loadIPPluginJar : add fatfs
2025-06-11 15:52:47,953 [INFO] IPUIPlugin:80 - create IPUIPlugin
2025-06-11 15:52:47,953 [INFO] PluginManager:220 - loadIPPluginJar : add fmc
2025-06-11 15:52:47,970 [INFO] IPUIPlugin:80 - create IPUIPlugin
2025-06-11 15:52:47,970 [INFO] PluginManager:220 - loadIPPluginJar : add freertos
2025-06-11 15:52:47,994 [INFO] IPUIPlugin:80 - create IPUIPlugin
2025-06-11 15:52:47,994 [INFO] PluginManager:220 - loadIPPluginJar : add genericplugin
2025-06-11 15:52:48,071 [INFO] IPUIPlugin:80 - create IPUIPlugin
2025-06-11 15:52:48,071 [INFO] PluginManager:220 - loadIPPluginJar : add gfxmmu
2025-06-11 15:52:48,178 [INFO] IPUIPlugin:80 - create IPUIPlugin
2025-06-11 15:52:48,178 [INFO] PluginManager:220 - loadIPPluginJar : add gic
2025-06-11 15:52:48,193 [INFO] IPUIPlugin:80 - create IPUIPlugin
2025-06-11 15:52:48,193 [INFO] PluginManager:220 - loadIPPluginJar : add gpio
2025-06-11 15:52:48,272 [INFO] IPUIPlugin:80 - create IPUIPlugin
2025-06-11 15:52:48,272 [INFO] PluginManager:220 - loadIPPluginJar : add gtzc
2025-06-11 15:52:48,303 [INFO] IPUIPlugin:80 - create IPUIPlugin
2025-06-11 15:52:48,303 [INFO] PluginManager:220 - loadIPPluginJar : add hash
2025-06-11 15:52:48,346 [INFO] IPUIPlugin:80 - create IPUIPlugin
2025-06-11 15:52:48,347 [INFO] PluginManager:220 - loadIPPluginJar : add i2c
2025-06-11 15:52:48,384 [INFO] IPUIPlugin:80 - create IPUIPlugin
2025-06-11 15:52:48,385 [INFO] PluginManager:220 - loadIPPluginJar : add i2s
2025-06-11 15:52:48,421 [INFO] IPUIPlugin:80 - create IPUIPlugin
2025-06-11 15:52:48,421 [INFO] PluginManager:220 - loadIPPluginJar : add i3c
2025-06-11 15:52:48,509 [INFO] IPUIPlugin:80 - create IPUIPlugin
2025-06-11 15:52:48,509 [INFO] PluginManager:220 - loadIPPluginJar : add ipddr
2025-06-11 15:52:48,587 [INFO] IPUIPlugin:80 - create IPUIPlugin
2025-06-11 15:52:48,587 [INFO] PluginManager:220 - loadIPPluginJar : add linkedlist
2025-06-11 15:52:48,621 [INFO] IPUIPlugin:80 - create IPUIPlugin
2025-06-11 15:52:48,621 [INFO] PluginManager:220 - loadIPPluginJar : add lorawan
2025-06-11 15:52:48,655 [INFO] IPUIPlugin:80 - create IPUIPlugin
2025-06-11 15:52:48,655 [INFO] PluginManager:220 - loadIPPluginJar : add ltdc
2025-06-11 15:52:48,669 [INFO] IPUIPlugin:80 - create IPUIPlugin
2025-06-11 15:52:48,669 [INFO] PluginManager:220 - loadIPPluginJar : add mdma
2025-06-11 15:52:48,683 [INFO] IPUIPlugin:80 - create IPUIPlugin
2025-06-11 15:52:48,683 [INFO] PluginManager:220 - loadIPPluginJar : add nvic
2025-06-11 15:52:48,715 [INFO] IPUIPlugin:80 - create IPUIPlugin
2025-06-11 15:52:48,716 [INFO] PluginManager:220 - loadIPPluginJar : add opamp
2025-06-11 15:52:48,768 [INFO] IPUIPlugin:80 - create IPUIPlugin
2025-06-11 15:52:48,768 [INFO] PluginManager:220 - loadIPPluginJar : add openamp
2025-06-11 15:52:48,807 [INFO] IPUIPlugin:80 - create IPUIPlugin
2025-06-11 15:52:48,807 [INFO] PluginManager:220 - loadIPPluginJar : add pdm2pcm
2025-06-11 15:52:48,821 [INFO] IPUIPlugin:80 - create IPUIPlugin
2025-06-11 15:52:48,823 [INFO] PluginManager:220 - loadIPPluginJar : add plateformsettings
2025-06-11 15:52:48,847 [INFO] IPUIPlugin:80 - create IPUIPlugin
2025-06-11 15:52:48,847 [INFO] PluginManager:220 - loadIPPluginJar : add quadspi
2025-06-11 15:52:48,872 [INFO] IPUIPlugin:80 - create IPUIPlugin
2025-06-11 15:52:48,872 [INFO] PluginManager:220 - loadIPPluginJar : add radio
2025-06-11 15:52:48,886 [INFO] IPUIPlugin:80 - create IPUIPlugin
2025-06-11 15:52:48,886 [INFO] PluginManager:220 - loadIPPluginJar : add resmgrutility
2025-06-11 15:52:48,928 [INFO] IPUIPlugin:80 - create IPUIPlugin
2025-06-11 15:52:48,929 [INFO] PluginManager:220 - loadIPPluginJar : add sai
2025-06-11 15:52:48,962 [INFO] IPUIPlugin:80 - create IPUIPlugin
2025-06-11 15:52:48,962 [INFO] PluginManager:220 - loadIPPluginJar : add spi
2025-06-11 15:52:49,020 [INFO] IPUIPlugin:80 - create IPUIPlugin
2025-06-11 15:52:49,020 [INFO] PluginManager:220 - loadIPPluginJar : add stm32_wpan
2025-06-11 15:52:49,044 [INFO] IPUIPlugin:80 - create IPUIPlugin
2025-06-11 15:52:49,045 [INFO] PluginManager:220 - loadIPPluginJar : add tim
2025-06-11 15:52:49,096 [INFO] IPUIPlugin:80 - create IPUIPlugin
2025-06-11 15:52:49,097 [INFO] PluginManager:220 - loadIPPluginJar : add touchsensing
2025-06-11 15:52:49,119 [INFO] IPUIPlugin:80 - create IPUIPlugin
2025-06-11 15:52:49,119 [INFO] PluginManager:220 - loadIPPluginJar : add tracer_emb
2025-06-11 15:52:49,143 [INFO] IPUIPlugin:80 - create IPUIPlugin
2025-06-11 15:52:49,144 [INFO] PluginManager:220 - loadIPPluginJar : add ts
2025-06-11 15:52:49,167 [INFO] IPUIPlugin:80 - create IPUIPlugin
2025-06-11 15:52:49,167 [INFO] PluginManager:220 - loadIPPluginJar : add tsc
2025-06-11 15:52:49,189 [INFO] IPUIPlugin:80 - create IPUIPlugin
2025-06-11 15:52:49,189 [INFO] PluginManager:220 - loadIPPluginJar : add ucpd
2025-06-11 15:52:49,228 [INFO] IPUIPlugin:80 - create IPUIPlugin
2025-06-11 15:52:49,228 [INFO] PluginManager:220 - loadIPPluginJar : add usart
2025-06-11 15:52:49,269 [INFO] IPUIPlugin:80 - create IPUIPlugin
2025-06-11 15:52:49,269 [INFO] PluginManager:220 - loadIPPluginJar : add usbx
2025-06-11 15:52:49,385 [FATAL] Updater:351 - Updater called before beeing initialized
2025-06-11 15:52:49,404 [INFO] RulesReader:64 - Compatibility file has been processed (297 Rules)
2025-06-11 15:52:49,412 [INFO] RulesReader:64 - Compatibility file has been processed (297 Rules)
2025-06-11 15:52:49,418 [INFO] CADModel:165 - CPN selected for project level
2025-06-11 15:52:49,418 [INFO] CADModel:114 - Register for checkConnection events
2025-06-11 15:52:49,418 [FATAL] Updater:351 - Updater called before beeing initialized
2025-06-11 15:52:49,418 [ERROR] CADModel:125 - Updater not yet initialized, retry later 
2025-06-11 15:52:49,563 [FATAL] Updater:351 - Updater called before beeing initialized
2025-06-11 15:52:49,565 [INFO] CADModel:165 - CPN selected for project level
2025-06-11 15:52:49,565 [INFO] CADModel:114 - Register for checkConnection events
2025-06-11 15:52:49,565 [FATAL] Updater:351 - Updater called before beeing initialized
2025-06-11 15:52:49,565 [ERROR] CADModel:125 - Updater not yet initialized, retry later 
2025-06-11 15:52:49,567 [FATAL] Updater:351 - Updater called before beeing initialized
2025-06-11 15:52:49,571 [ERROR] ConfigurationRetriever:142 - IOException on connection: Connect timed out
2025-06-11 15:52:49,657 [FATAL] Updater:351 - Updater called before beeing initialized
2025-06-11 15:52:49,668 [INFO] DbMcusAds:53 - JSON generation date=Wed May 07 16:07:55 ICT 2025 (1746608875484)
2025-06-11 15:52:49,668 [FATAL] Updater:351 - Updater called before beeing initialized
2025-06-11 15:52:49,752 [WARN] DetailPanel:346 - Failed to get advertising image, set to default
2025-06-11 15:52:49,945 [FATAL] Updater:351 - Updater called before beeing initialized
2025-06-11 15:52:49,947 [FATAL] Updater:351 - Updater called before beeing initialized
2025-06-11 15:52:49,948 [FATAL] Updater:351 - Updater called before beeing initialized
2025-06-11 15:52:49,948 [WARN] DetailPanel:346 - Failed to get advertising image, set to default
2025-06-11 15:52:49,949 [FATAL] Updater:351 - Updater called before beeing initialized
2025-06-11 15:52:50,003 [ERROR] Updater:1198 - MainUpdater not yet initialized. External WinMGr cannot be set.
2025-06-11 15:52:50,014 [INFO] Updater:1134 - Updater Version found : 6.13.0
2025-06-11 15:52:50,030 [INFO] ApplicationProperties:184 - Using Application install path: D:\stm32cubeIDE\STM32CubeIDE_1.17.0\STM32CubeIDE\plugins\com.st.stm32cube.common.mx_6.13.0.202411220809
2025-06-11 15:52:50,076 [INFO] ThirdPartyUpdaterWithRetryManager:70 - Updater plugin not ready yet. [2/15]
2025-06-11 15:52:51,253 [ERROR] ConfigurationRetriever:142 - IOException on connection: Connect timed out
2025-06-11 15:52:51,616 [ERROR] LogOutputStream:75 - [STDERR_REDIRECT] Jun 11, 2025 3:52:51 PM java.util.prefs.WindowsPreferences <init>
2025-06-11 15:52:51,617 [ERROR] LogOutputStream:75 - [STDERR_REDIRECT] WARNING: Could not open/create prefs root node Software\JavaSoft\Prefs at root 0xffffffff80000002. Windows RegCreateKeyEx(...) returned error code 5.
2025-06-11 15:52:51,617 [ERROR] LogOutputStream:75 - [STDERR_REDIRECT] 
2025-06-11 15:52:53,078 [FATAL] Updater:351 - Updater called before beeing initialized
2025-06-11 15:52:53,078 [ERROR] IntegrityCheckThread:130 - Cannot retrieve database content from updater: error 21
2025-06-11 15:52:53,078 [INFO] ThirdParty:978 - Integrity check success = false
2025-06-11 15:52:53,079 [INFO] IntegrityCheckThread:100 - exiting critical section [integrity check]
2025-06-11 15:52:53,079 [INFO] IntegrityCheckThread:103 - End integrity checks thread
2025-06-11 15:52:55,830 [WARN] CheckConnectionManager:291 - Warning during Server Connection :  timeout Connect to sw-center.st.com:443 [sw-center.st.com/23.53.6.104, sw-center.st.com/23.53.6.103] failed: Connect timed out
2025-06-11 15:52:56,255 [ERROR] ConfigurationRetriever:142 - IOException on connection: Connect timed out
2025-06-11 15:52:59,835 [WARN] CheckConnectionManager:291 - Warning during Server Connection :  timeout Connect to sw-center.st.com:443 [sw-center.st.com/23.53.6.104, sw-center.st.com/23.53.6.103] failed: Connect timed out
2025-06-11 15:52:59,837 [INFO] MainUpdater:2872 - connection check result : 22
2025-06-11 15:52:59,838 [INFO] MainUpdater:289 - Updater Check For Update Now.
2025-06-11 15:52:59,838 [INFO] MicroXplorer:498 - Change Database Version : DB.6.0.130
2025-06-11 15:52:59,862 [INFO] McuFinderGlobals:63 - Set McuFinder mode to 2 (CubeIDE integrated)
2025-06-11 15:52:59,863 [INFO] UserAuth:171 - activating auth plugin
2025-06-11 15:52:59,866 [INFO] UserAuth:486 - Internet connection configuration mode: 2
2025-06-11 15:52:59,881 [INFO] UserAuth:486 - Internet connection configuration mode: 2
2025-06-11 15:53:00,049 [INFO] CheckServerUpdateThread:120 - End of CheckServer Thread
2025-06-11 15:53:01,256 [ERROR] ConfigurationRetriever:142 - IOException on connection: Connect timed out
2025-06-11 17:04:57,442 [ERROR] ConfigurationRetriever:142 - IOException on connection: Connect timed out
2025-06-11 17:04:59,445 [ERROR] ConfigurationRetriever:142 - IOException on connection: Connect timed out
2025-06-11 17:05:01,445 [ERROR] ConfigurationRetriever:142 - IOException on connection: Connect timed out
2025-06-11 17:05:10,849 [ERROR] ConfigurationRetriever:142 - IOException on connection: Connect timed out
2025-06-11 17:05:12,851 [ERROR] ConfigurationRetriever:142 - IOException on connection: Connect timed out
2025-06-11 17:05:14,853 [ERROR] ConfigurationRetriever:142 - IOException on connection: Connect timed out
2025-06-11 17:20:18,831 [ERROR] AdobePublisher:162 - Exception while opening the connection: java.net.SocketTimeoutException: Connect timed out
2025-06-11 17:21:44,122 [ERROR] AdobePublisher:162 - Exception while opening the connection: java.net.SocketTimeoutException: Read timed out
2025-06-11 17:21:46,124 [ERROR] AdobePublisher:162 - Exception while opening the connection: java.net.SocketTimeoutException: Connect timed out
2025-06-11 17:21:48,126 [ERROR] AdobePublisher:162 - Exception while opening the connection: java.net.SocketTimeoutException: Connect timed out
2025-06-11 17:21:50,128 [ERROR] AdobePublisher:162 - Exception while opening the connection: java.net.SocketTimeoutException: Connect timed out
2025-06-11 17:21:52,129 [ERROR] AdobePublisher:162 - Exception while opening the connection: java.net.SocketTimeoutException: Connect timed out
2025-06-11 17:23:19,023 [ERROR] ConfigurationRetriever:142 - IOException on connection: Read timed out
2025-06-11 17:24:00,357 [ERROR] ConfigurationRetriever:142 - IOException on connection: Connect timed out
2025-06-11 17:24:02,359 [ERROR] ConfigurationRetriever:142 - IOException on connection: Connect timed out
2025-06-11 17:24:04,938 [ERROR] ConfigurationRetriever:142 - IOException on connection: Read timed out
2025-06-11 17:24:17,313 [ERROR] ConfigurationRetriever:142 - IOException on connection: Read timed out
2025-06-11 17:24:19,804 [ERROR] ConfigurationRetriever:142 - IOException on connection: Read timed out
2025-06-11 17:27:19,590 [ERROR] ConfigurationRetriever:142 - IOException on connection: Connect timed out
2025-06-11 17:27:23,028 [ERROR] ConfigurationRetriever:142 - IOException on connection: Read timed out
2025-06-11 17:27:37,690 [ERROR] ConfigurationRetriever:142 - IOException on connection: Connect timed out
2025-06-11 17:33:21,341 [ERROR] ConfigurationRetriever:142 - IOException on connection: Read timed out
2025-06-11 17:33:23,343 [ERROR] ConfigurationRetriever:142 - IOException on connection: Connect timed out
2025-06-11 17:33:25,345 [ERROR] ConfigurationRetriever:142 - IOException on connection: Connect timed out
2025-06-11 17:33:27,396 [ERROR] ConfigurationRetriever:142 - IOException on connection: Connect timed out
2025-06-11 17:33:31,072 [ERROR] ConfigurationRetriever:142 - IOException on connection: Read timed out
2025-06-11 17:33:34,821 [ERROR] ConfigurationRetriever:142 - IOException on connection: Read timed out
2025-06-11 17:36:52,420 [ERROR] AdobePublisher:187 - Exception while getting the server answer: java.net.SocketTimeoutException: Read timed out
2025-06-11 17:38:13,584 [ERROR] ConfigurationRetriever:142 - IOException on connection: Read timed out
2025-06-11 17:38:16,088 [ERROR] ConfigurationRetriever:142 - IOException on connection: Read timed out
2025-06-11 17:38:18,089 [ERROR] ConfigurationRetriever:142 - IOException on connection: Connect timed out
2025-06-11 17:44:15,668 [ERROR] ConfigurationRetriever:142 - IOException on connection: Read timed out
2025-06-11 17:44:18,996 [ERROR] ConfigurationRetriever:142 - IOException on connection: Read timed out
2025-06-11 17:44:21,967 [ERROR] ConfigurationRetriever:142 - IOException on connection: Read timed out
2025-06-11 17:47:02,234 [ERROR] ConfigurationRetriever:142 - IOException on connection: Read timed out
2025-06-11 17:47:07,826 [ERROR] AdobePublisher:187 - Exception while getting the server answer: java.net.SocketTimeoutException: Read timed out
2025-06-11 17:48:48,103 [ERROR] ConfigurationRetriever:142 - IOException on connection: Read timed out
2025-06-11 17:48:51,273 [ERROR] ConfigurationRetriever:142 - IOException on connection: Read timed out
2025-06-11 17:50:15,599 [ERROR] LogOutputStream:75 - [STDERR_REDIRECT] 
2025-06-11 20:02:30,837 [INFO] Activator:176 - 


2025-06-11 20:02:30,839 [INFO] Activator:177 - !SESSION log4j initialized
2025-06-11 20:02:41,668 [INFO] LogOutputStream:77 - [STDOUT_REDIRECT] 
2025-06-11 20:02:47,596 [INFO] ApplicationProperties:184 - Using Application install path: D:\stm32cubeIDE\STM32CubeIDE_1.17.0\STM32CubeIDE\plugins\com.st.stm32cube.common.mx_6.13.0.202411220809
2025-06-11 20:02:47,623 [INFO] DbMcusXml:78 - Set database path to: D:\stm32cubeIDE\STM32CubeIDE_1.17.0\STM32CubeIDE\plugins\com.st.stm32cube.common.mx_6.13.0.202411220809\\db\/mcu/
2025-06-11 20:02:47,623 [INFO] ApiDb:274 - Set plugin database path to: D:\stm32cubeIDE\STM32CubeIDE_1.17.0\STM32CubeIDE\plugins\com.st.stm32cube.common.mx_6.13.0.202411220809\\db\/plugins/boardmanager/
2025-06-11 20:02:47,624 [WARN] ApiDb:259 - Overriding images path with different value:  => D:\stm32cubeIDE\STM32CubeIDE_1.17.0\STM32CubeIDE\plugins\com.st.stm32cube.common.mx_6.13.0.202411220809\\db\/plugins/mcufinder/images/
2025-06-11 20:02:47,637 [INFO] ApiDb:250 - Set database path to: C:\Users\LEGION\.stmcufinder\plugins\mcufinder//mcu/
2025-06-11 20:02:47,638 [INFO] DbMcusAds:125 - Set database path to: C:\Users\LEGION\.stmcufinder\plugins\mcufinder//mcu/
2025-06-11 20:02:47,643 [INFO] CrossReferenceDbSqlite:203 - Set database path to: C:\Users\LEGION\.stmcufinder\plugins\mcufinder//mcu/cs/
2025-06-11 20:02:47,819 [INFO] RulesReader:64 - Compatibility file has been processed (297 Rules)
2025-06-11 20:02:47,949 [INFO] DbMcusXml:78 - Set database path to: D:\stm32cubeIDE\STM32CubeIDE_1.17.0\STM32CubeIDE\plugins\com.st.stm32cube.common.mx_6.13.0.202411220809\\db\/mcu/
2025-06-11 20:02:47,949 [INFO] ApiDb:274 - Set plugin database path to: D:\stm32cubeIDE\STM32CubeIDE_1.17.0\STM32CubeIDE\plugins\com.st.stm32cube.common.mx_6.13.0.202411220809\\db\/plugins/boardmanager/
2025-06-11 20:02:47,949 [INFO] ApiDb:261 - Set plugin images path to: D:\stm32cubeIDE\STM32CubeIDE_1.17.0\STM32CubeIDE\plugins\com.st.stm32cube.common.mx_6.13.0.202411220809\\db\/plugins/mcufinder/images/
2025-06-11 20:02:47,949 [WARN] DbFile:41 - Overriding database path with different value: C:\Users\LEGION\.stmcufinder\plugins\mcufinder/ => C:\Users\LEGION\.stmcufinder\plugins\mcufinder
2025-06-11 20:02:47,949 [INFO] ApiDb:250 - Set database path to: C:\Users\LEGION\.stmcufinder\plugins\mcufinder//mcu/
2025-06-11 20:02:47,949 [WARN] DbFile:41 - Overriding database path with different value: C:\Users\LEGION\.stmcufinder\plugins\mcufinder/ => C:\Users\LEGION\.stmcufinder\plugins\mcufinder
2025-06-11 20:02:47,949 [INFO] DbMcusAds:125 - Set database path to: C:\Users\LEGION\.stmcufinder\plugins\mcufinder//mcu/
2025-06-11 20:02:47,949 [WARN] DbFile:41 - Overriding database path with different value: C:\Users\LEGION\.stmcufinder\plugins\mcufinder/ => C:\Users\LEGION\.stmcufinder\plugins\mcufinder
2025-06-11 20:02:47,949 [WARN] DbFile:41 - Overriding database path with different value: C:\Users\LEGION\.stmcufinder\plugins\mcufinder/ => C:\Users\LEGION\.stmcufinder\plugins\mcufinder
2025-06-11 20:02:47,950 [INFO] CrossReferenceDbSqlite:203 - Set database path to: C:\Users\LEGION\.stmcufinder\plugins\mcufinder//mcu/cs/
2025-06-11 20:02:48,058 [INFO] MainPanel:272 - HeapMemory: 268435456
2025-06-11 20:02:48,198 [INFO] DbMcusXml:78 - Set database path to: D:\stm32cubeIDE\STM32CubeIDE_1.17.0\STM32CubeIDE\plugins\com.st.stm32cube.common.mx_6.13.0.202411220809\\db\/mcu/
2025-06-11 20:02:48,198 [INFO] ApiDb:274 - Set plugin database path to: D:\stm32cubeIDE\STM32CubeIDE_1.17.0\STM32CubeIDE\plugins\com.st.stm32cube.common.mx_6.13.0.202411220809\\db\/plugins/boardmanager/
2025-06-11 20:02:48,198 [INFO] ApiDb:261 - Set plugin images path to: D:\stm32cubeIDE\STM32CubeIDE_1.17.0\STM32CubeIDE\plugins\com.st.stm32cube.common.mx_6.13.0.202411220809\\db\/plugins/mcufinder/images/
2025-06-11 20:02:48,198 [WARN] DbFile:41 - Overriding database path with different value: C:\Users\LEGION\.stmcufinder\plugins\mcufinder/ => C:\Users\LEGION\.stmcufinder\plugins\mcufinder
2025-06-11 20:02:48,198 [INFO] ApiDb:250 - Set database path to: C:\Users\LEGION\.stmcufinder\plugins\mcufinder//mcu/
2025-06-11 20:02:48,198 [WARN] DbFile:41 - Overriding database path with different value: C:\Users\LEGION\.stmcufinder\plugins\mcufinder/ => C:\Users\LEGION\.stmcufinder\plugins\mcufinder
2025-06-11 20:02:48,199 [INFO] DbMcusAds:125 - Set database path to: C:\Users\LEGION\.stmcufinder\plugins\mcufinder//mcu/
2025-06-11 20:02:48,199 [WARN] DbFile:41 - Overriding database path with different value: C:\Users\LEGION\.stmcufinder\plugins\mcufinder/ => C:\Users\LEGION\.stmcufinder\plugins\mcufinder
2025-06-11 20:02:48,199 [WARN] DbFile:41 - Overriding database path with different value: C:\Users\LEGION\.stmcufinder\plugins\mcufinder/ => C:\Users\LEGION\.stmcufinder\plugins\mcufinder
2025-06-11 20:02:48,199 [INFO] CrossReferenceDbSqlite:203 - Set database path to: C:\Users\LEGION\.stmcufinder\plugins\mcufinder//mcu/cs/
2025-06-11 20:02:48,225 [INFO] ApplicationProperties:184 - Using Application install path: D:\stm32cubeIDE\STM32CubeIDE_1.17.0\STM32CubeIDE\plugins\com.st.stm32cube.common.mx_6.13.0.202411220809
2025-06-11 20:02:48,227 [INFO] PluginManage:196 - Search for loadable plugins [exclusion list=, ]
2025-06-11 20:02:48,229 [INFO] PluginManage:310 - Check plugin analytics
2025-06-11 20:02:48,454 [INFO] AnalyticsPlugin:253 - Accepted Software Licenses: 
2025-06-11 20:02:48,454 [INFO] AnalyticsPlugin:255 - Accepted CMSIS Pack Licenses: 
2025-06-11 20:02:48,454 [INFO] AnalyticsPlugin:257 - Accepted Firmware Licenses: FW.F4.1.28.0
2025-06-11 20:02:48,459 [INFO] PluginManage:359 - Loaded plugin analytics (category:tool,tabindex:-1)
2025-06-11 20:02:48,459 [INFO] PluginManage:310 - Check plugin cadmodel
2025-06-11 20:02:48,484 [INFO] CADModel:105 - Init CAD model plugin
2025-06-11 20:02:48,484 [INFO] PluginManage:359 - Loaded plugin cadmodel (category:power,tabindex:5)
2025-06-11 20:02:48,484 [INFO] PluginManage:310 - Check plugin clock
2025-06-11 20:02:48,514 [INFO] PluginManage:359 - Loaded plugin clock (category:base,tabindex:2)
2025-06-11 20:02:48,514 [INFO] PluginManage:310 - Check plugin ddr
2025-06-11 20:02:48,518 [INFO] PluginManage:359 - Loaded plugin ddr (category:tool,tabindex:6)
2025-06-11 20:02:48,518 [INFO] PluginManage:310 - Check plugin filemanager
2025-06-11 20:02:48,736 [INFO] PluginManage:359 - Loaded plugin filemanager (category:base,tabindex:10)
2025-06-11 20:02:48,736 [INFO] PluginManage:310 - Check plugin ipmanager
2025-06-11 20:02:48,746 [INFO] PluginManage:359 - Loaded plugin ipmanager (category:base,tabindex:5)
2025-06-11 20:02:48,747 [INFO] PluginManage:310 - Check plugin lpbam
2025-06-11 20:02:48,771 [INFO] PluginManage:359 - Loaded plugin lpbam (category:base,tabindex:0)
2025-06-11 20:02:48,771 [INFO] PluginManage:310 - Check plugin memorymap
2025-06-11 20:02:48,802 [INFO] PluginManage:359 - Loaded plugin memorymap (category:base,tabindex:4)
2025-06-11 20:02:48,802 [INFO] PluginManage:310 - Check plugin pinoutandconfiguration
2025-06-11 20:02:48,832 [INFO] PluginManage:359 - Loaded plugin pinoutandconfiguration (category:base,tabindex:1)
2025-06-11 20:02:48,833 [INFO] PluginManage:310 - Check plugin pinoutconfig
2025-06-11 20:02:48,972 [WARN] SupportedApi:132 - Cannot load RTOS API schema: s4s-elt-must-match.1: The content of 'definitions' must match (annotation?, (simpleType | complexType)?, (unique | key | keyref)*)). A problem was found starting at: attribute.
2025-06-11 20:02:49,155 [INFO] PluginManage:359 - Loaded plugin pinoutconfig (category:base,tabindex:0)
2025-06-11 20:02:49,155 [INFO] PluginManage:310 - Check plugin power
2025-06-11 20:02:49,184 [INFO] PluginManage:359 - Loaded plugin power (category:power,tabindex:4)
2025-06-11 20:02:49,184 [INFO] PluginManage:310 - Check plugin projectmanager
2025-06-11 20:02:49,206 [INFO] PluginManage:359 - Loaded plugin projectmanager (category:projectmanager,tabindex:4)
2025-06-11 20:02:49,206 [INFO] PluginManage:310 - Check plugin rif
2025-06-11 20:02:49,234 [INFO] PluginManage:359 - Loaded plugin rif (category:base,tabindex:3)
2025-06-11 20:02:49,234 [INFO] PluginManage:310 - Check plugin thirdparty
2025-06-11 20:02:49,654 [INFO] PluginManage:359 - Loaded plugin thirdparty (category:base,tabindex:-1)
2025-06-11 20:02:49,654 [WARN] IntegrityCheckThread:84 - waiting for thirdparty lock release [integrity check]
2025-06-11 20:02:49,655 [INFO] IntegrityCheckThread:86 - entering critical section [integrity check]
2025-06-11 20:02:49,655 [INFO] PluginManage:310 - Check plugin tools
2025-06-11 20:02:49,655 [INFO] ThirdPartyUpdaterWithRetryManager:70 - Updater plugin not ready yet. [1/15]
2025-06-11 20:02:49,710 [INFO] PluginManage:359 - Loaded plugin tools (category:base,tabindex:7)
2025-06-11 20:02:49,710 [INFO] PluginManage:310 - Check plugin tutovideos
2025-06-11 20:02:49,953 [INFO] PluginManage:359 - Loaded plugin tutovideos (category:base,tabindex:-1)
2025-06-11 20:02:49,953 [INFO] PluginManage:310 - Check plugin updater
2025-06-11 20:02:49,983 [INFO] PluginManage:359 - Loaded plugin updater (category:base,tabindex:12)
2025-06-11 20:02:49,983 [INFO] PluginManage:310 - Check plugin userauth
2025-06-11 20:02:49,989 [INFO] UserAuth:118 - Init User Auth plugin
2025-06-11 20:02:49,989 [INFO] PluginManage:359 - Loaded plugin userauth (category:base,tabindex:14)
2025-06-11 20:02:49,990 [INFO] PluginManage:283 - PluginManage : Loaded plugins [18]
2025-06-11 20:02:50,307 [INFO] PinOutPanel:1589 - setPackage(No Configuration,No Configuration)
2025-06-11 20:02:50,426 [INFO] CADModel:165 - CPN selected for project level
2025-06-11 20:02:50,426 [INFO] CADModel:114 - Register for checkConnection events
2025-06-11 20:02:50,460 [INFO] IPUIPlugin:80 - create IPUIPlugin
2025-06-11 20:02:50,460 [INFO] PluginManager:220 - loadIPPluginJar : add adc
2025-06-11 20:02:50,521 [INFO] IPUIPlugin:80 - create IPUIPlugin
2025-06-11 20:02:50,521 [INFO] PluginManager:220 - loadIPPluginJar : add aes
2025-06-11 20:02:50,589 [INFO] IPUIPlugin:80 - create IPUIPlugin
2025-06-11 20:02:50,589 [INFO] PluginManager:220 - loadIPPluginJar : add can
2025-06-11 20:02:50,636 [INFO] IPUIPlugin:80 - create IPUIPlugin
2025-06-11 20:02:50,636 [INFO] PluginManager:220 - loadIPPluginJar : add comp
2025-06-11 20:02:50,695 [INFO] IPUIPlugin:80 - create IPUIPlugin
2025-06-11 20:02:50,695 [INFO] PluginManager:220 - loadIPPluginJar : add cryp
2025-06-11 20:02:50,716 [INFO] IPUIPlugin:80 - create IPUIPlugin
2025-06-11 20:02:50,716 [INFO] PluginManager:220 - loadIPPluginJar : add ddr_ctrl_phy
2025-06-11 20:02:50,762 [INFO] IPUIPlugin:80 - create IPUIPlugin
2025-06-11 20:02:50,763 [INFO] PluginManager:220 - loadIPPluginJar : add dfsdm
2025-06-11 20:02:50,785 [INFO] IPUIPlugin:80 - create IPUIPlugin
2025-06-11 20:02:50,785 [INFO] PluginManager:220 - loadIPPluginJar : add dma
2025-06-11 20:02:50,846 [INFO] IPUIPlugin:80 - create IPUIPlugin
2025-06-11 20:02:50,846 [INFO] PluginManager:220 - loadIPPluginJar : add dma3
2025-06-11 20:02:50,928 [INFO] IPUIPlugin:80 - create IPUIPlugin
2025-06-11 20:02:50,928 [INFO] PluginManager:220 - loadIPPluginJar : add extmemmanager
2025-06-11 20:02:50,973 [INFO] IPUIPlugin:80 - create IPUIPlugin
2025-06-11 20:02:50,973 [INFO] PluginManager:220 - loadIPPluginJar : add fatfs
2025-06-11 20:02:51,066 [INFO] IPUIPlugin:80 - create IPUIPlugin
2025-06-11 20:02:51,066 [INFO] PluginManager:220 - loadIPPluginJar : add fmc
2025-06-11 20:02:51,091 [INFO] IPUIPlugin:80 - create IPUIPlugin
2025-06-11 20:02:51,091 [INFO] PluginManager:220 - loadIPPluginJar : add freertos
2025-06-11 20:02:51,146 [INFO] IPUIPlugin:80 - create IPUIPlugin
2025-06-11 20:02:51,146 [INFO] PluginManager:220 - loadIPPluginJar : add genericplugin
2025-06-11 20:02:51,318 [INFO] IPUIPlugin:80 - create IPUIPlugin
2025-06-11 20:02:51,318 [INFO] PluginManager:220 - loadIPPluginJar : add gfxmmu
2025-06-11 20:02:51,541 [INFO] IPUIPlugin:80 - create IPUIPlugin
2025-06-11 20:02:51,541 [INFO] PluginManager:220 - loadIPPluginJar : add gic
2025-06-11 20:02:51,569 [INFO] IPUIPlugin:80 - create IPUIPlugin
2025-06-11 20:02:51,569 [INFO] PluginManager:220 - loadIPPluginJar : add gpio
2025-06-11 20:02:51,713 [INFO] IPUIPlugin:80 - create IPUIPlugin
2025-06-11 20:02:51,713 [INFO] PluginManager:220 - loadIPPluginJar : add gtzc
2025-06-11 20:02:51,777 [INFO] IPUIPlugin:80 - create IPUIPlugin
2025-06-11 20:02:51,777 [INFO] PluginManager:220 - loadIPPluginJar : add hash
2025-06-11 20:02:51,864 [INFO] IPUIPlugin:80 - create IPUIPlugin
2025-06-11 20:02:51,864 [INFO] PluginManager:220 - loadIPPluginJar : add i2c
2025-06-11 20:02:51,926 [INFO] IPUIPlugin:80 - create IPUIPlugin
2025-06-11 20:02:51,926 [INFO] PluginManager:220 - loadIPPluginJar : add i2s
2025-06-11 20:02:51,994 [INFO] IPUIPlugin:80 - create IPUIPlugin
2025-06-11 20:02:51,994 [INFO] PluginManager:220 - loadIPPluginJar : add i3c
2025-06-11 20:02:52,154 [INFO] IPUIPlugin:80 - create IPUIPlugin
2025-06-11 20:02:52,160 [INFO] PluginManager:220 - loadIPPluginJar : add ipddr
2025-06-11 20:02:52,327 [INFO] IPUIPlugin:80 - create IPUIPlugin
2025-06-11 20:02:52,327 [INFO] PluginManager:220 - loadIPPluginJar : add linkedlist
2025-06-11 20:02:52,390 [INFO] IPUIPlugin:80 - create IPUIPlugin
2025-06-11 20:02:52,390 [INFO] PluginManager:220 - loadIPPluginJar : add lorawan
2025-06-11 20:02:52,457 [INFO] IPUIPlugin:80 - create IPUIPlugin
2025-06-11 20:02:52,457 [INFO] PluginManager:220 - loadIPPluginJar : add ltdc
2025-06-11 20:02:52,480 [INFO] IPUIPlugin:80 - create IPUIPlugin
2025-06-11 20:02:52,480 [INFO] PluginManager:220 - loadIPPluginJar : add mdma
2025-06-11 20:02:52,501 [INFO] IPUIPlugin:80 - create IPUIPlugin
2025-06-11 20:02:52,501 [INFO] PluginManager:220 - loadIPPluginJar : add nvic
2025-06-11 20:02:52,572 [INFO] IPUIPlugin:80 - create IPUIPlugin
2025-06-11 20:02:52,573 [INFO] PluginManager:220 - loadIPPluginJar : add opamp
2025-06-11 20:02:52,669 [INFO] ThirdPartyUpdaterWithRetryManager:70 - Updater plugin not ready yet. [2/15]
2025-06-11 20:02:52,689 [INFO] IPUIPlugin:80 - create IPUIPlugin
2025-06-11 20:02:52,689 [INFO] PluginManager:220 - loadIPPluginJar : add openamp
2025-06-11 20:02:52,779 [INFO] IPUIPlugin:80 - create IPUIPlugin
2025-06-11 20:02:52,779 [INFO] PluginManager:220 - loadIPPluginJar : add pdm2pcm
2025-06-11 20:02:52,799 [INFO] IPUIPlugin:80 - create IPUIPlugin
2025-06-11 20:02:52,802 [INFO] PluginManager:220 - loadIPPluginJar : add plateformsettings
2025-06-11 20:02:52,840 [INFO] IPUIPlugin:80 - create IPUIPlugin
2025-06-11 20:02:52,840 [INFO] PluginManager:220 - loadIPPluginJar : add quadspi
2025-06-11 20:02:52,885 [INFO] IPUIPlugin:80 - create IPUIPlugin
2025-06-11 20:02:52,887 [INFO] PluginManager:220 - loadIPPluginJar : add radio
2025-06-11 20:02:52,907 [INFO] IPUIPlugin:80 - create IPUIPlugin
2025-06-11 20:02:52,907 [INFO] PluginManager:220 - loadIPPluginJar : add resmgrutility
2025-06-11 20:02:52,989 [INFO] IPUIPlugin:80 - create IPUIPlugin
2025-06-11 20:02:52,989 [INFO] PluginManager:220 - loadIPPluginJar : add sai
2025-06-11 20:02:53,054 [INFO] IPUIPlugin:80 - create IPUIPlugin
2025-06-11 20:02:53,054 [INFO] PluginManager:220 - loadIPPluginJar : add spi
2025-06-11 20:02:53,164 [INFO] IPUIPlugin:80 - create IPUIPlugin
2025-06-11 20:02:53,164 [INFO] PluginManager:220 - loadIPPluginJar : add stm32_wpan
2025-06-11 20:02:53,208 [INFO] IPUIPlugin:80 - create IPUIPlugin
2025-06-11 20:02:53,208 [INFO] PluginManager:220 - loadIPPluginJar : add tim
2025-06-11 20:02:53,301 [INFO] IPUIPlugin:80 - create IPUIPlugin
2025-06-11 20:02:53,301 [INFO] PluginManager:220 - loadIPPluginJar : add touchsensing
2025-06-11 20:02:53,333 [INFO] IPUIPlugin:80 - create IPUIPlugin
2025-06-11 20:02:53,333 [INFO] PluginManager:220 - loadIPPluginJar : add tracer_emb
2025-06-11 20:02:53,371 [INFO] IPUIPlugin:80 - create IPUIPlugin
2025-06-11 20:02:53,371 [INFO] PluginManager:220 - loadIPPluginJar : add ts
2025-06-11 20:02:53,404 [INFO] IPUIPlugin:80 - create IPUIPlugin
2025-06-11 20:02:53,404 [INFO] PluginManager:220 - loadIPPluginJar : add tsc
2025-06-11 20:02:53,443 [INFO] IPUIPlugin:80 - create IPUIPlugin
2025-06-11 20:02:53,444 [INFO] PluginManager:220 - loadIPPluginJar : add ucpd
2025-06-11 20:02:53,508 [INFO] IPUIPlugin:80 - create IPUIPlugin
2025-06-11 20:02:53,508 [INFO] PluginManager:220 - loadIPPluginJar : add usart
2025-06-11 20:02:53,579 [INFO] IPUIPlugin:80 - create IPUIPlugin
2025-06-11 20:02:53,581 [INFO] PluginManager:220 - loadIPPluginJar : add usbx
2025-06-11 20:02:53,725 [FATAL] Updater:351 - Updater called before beeing initialized
2025-06-11 20:02:53,761 [INFO] RulesReader:64 - Compatibility file has been processed (297 Rules)
2025-06-11 20:02:53,776 [INFO] RulesReader:64 - Compatibility file has been processed (297 Rules)
2025-06-11 20:02:53,786 [INFO] CADModel:165 - CPN selected for project level
2025-06-11 20:02:53,787 [INFO] CADModel:114 - Register for checkConnection events
2025-06-11 20:02:53,787 [FATAL] Updater:351 - Updater called before beeing initialized
2025-06-11 20:02:53,787 [ERROR] CADModel:125 - Updater not yet initialized, retry later 
2025-06-11 20:02:54,014 [FATAL] Updater:351 - Updater called before beeing initialized
2025-06-11 20:02:54,016 [INFO] CADModel:165 - CPN selected for project level
2025-06-11 20:02:54,016 [INFO] CADModel:114 - Register for checkConnection events
2025-06-11 20:02:54,016 [FATAL] Updater:351 - Updater called before beeing initialized
2025-06-11 20:02:54,016 [ERROR] CADModel:125 - Updater not yet initialized, retry later 
2025-06-11 20:02:54,021 [FATAL] Updater:351 - Updater called before beeing initialized
2025-06-11 20:02:54,151 [FATAL] Updater:351 - Updater called before beeing initialized
2025-06-11 20:02:54,169 [INFO] DbMcusAds:53 - JSON generation date=Wed May 07 16:07:55 ICT 2025 (1746608875484)
2025-06-11 20:02:54,169 [FATAL] Updater:351 - Updater called before beeing initialized
2025-06-11 20:02:54,297 [WARN] DetailPanel:346 - Failed to get advertising image, set to default
2025-06-11 20:02:54,658 [FATAL] Updater:351 - Updater called before beeing initialized
2025-06-11 20:02:54,660 [FATAL] Updater:351 - Updater called before beeing initialized
2025-06-11 20:02:54,660 [FATAL] Updater:351 - Updater called before beeing initialized
2025-06-11 20:02:54,660 [WARN] DetailPanel:346 - Failed to get advertising image, set to default
2025-06-11 20:02:54,662 [FATAL] Updater:351 - Updater called before beeing initialized
2025-06-11 20:02:54,738 [ERROR] Updater:1198 - MainUpdater not yet initialized. External WinMGr cannot be set.
2025-06-11 20:02:54,754 [INFO] Updater:1134 - Updater Version found : 6.13.0
2025-06-11 20:02:54,775 [INFO] ApplicationProperties:184 - Using Application install path: D:\stm32cubeIDE\STM32CubeIDE_1.17.0\STM32CubeIDE\plugins\com.st.stm32cube.common.mx_6.13.0.202411220809
2025-06-11 20:02:55,672 [INFO] ThirdPartyUpdaterWithRetryManager:70 - Updater plugin not ready yet. [3/15]
2025-06-11 20:02:56,396 [ERROR] LogOutputStream:75 - [STDERR_REDIRECT] Jun 11, 2025 8:02:56 PM java.util.prefs.WindowsPreferences <init>
2025-06-11 20:02:56,397 [ERROR] LogOutputStream:75 - [STDERR_REDIRECT] WARNING: Could not open/create prefs root node Software\JavaSoft\Prefs at root 0xffffffff80000002. Windows RegCreateKeyEx(...) returned error code 5.
2025-06-11 20:02:56,397 [ERROR] LogOutputStream:75 - [STDERR_REDIRECT] 
2025-06-11 20:02:58,502 [ERROR] ConfigurationRetriever:142 - IOException on connection: Read timed out
2025-06-11 20:02:58,675 [FATAL] Updater:351 - Updater called before beeing initialized
2025-06-11 20:02:58,675 [ERROR] IntegrityCheckThread:130 - Cannot retrieve database content from updater: error 21
2025-06-11 20:02:58,676 [INFO] ThirdParty:978 - Integrity check success = false
2025-06-11 20:02:58,676 [INFO] IntegrityCheckThread:100 - exiting critical section [integrity check]
2025-06-11 20:02:58,676 [INFO] IntegrityCheckThread:103 - End integrity checks thread
2025-06-11 20:03:00,816 [WARN] CheckConnectionManager:291 - Warning during Server Connection :  timeout Connect to sw-center.st.com:443 [sw-center.st.com/23.200.143.14, sw-center.st.com/23.200.143.5] failed: Connect timed out
2025-06-11 20:03:04,825 [WARN] CheckConnectionManager:291 - Warning during Server Connection :  timeout Connect to sw-center.st.com:443 [sw-center.st.com/23.200.143.14, sw-center.st.com/23.200.143.5] failed: Connect timed out
2025-06-11 20:03:04,829 [INFO] MainUpdater:2872 - connection check result : 22
2025-06-11 20:03:04,831 [INFO] MainUpdater:289 - Updater Check For Update Now.
2025-06-11 20:03:04,831 [INFO] MicroXplorer:498 - Change Database Version : DB.6.0.130
2025-06-11 20:03:04,884 [INFO] McuFinderGlobals:63 - Set McuFinder mode to 2 (CubeIDE integrated)
2025-06-11 20:03:04,884 [INFO] UserAuth:171 - activating auth plugin
2025-06-11 20:03:04,893 [INFO] UserAuth:486 - Internet connection configuration mode: 2
2025-06-11 20:03:04,930 [INFO] UserAuth:486 - Internet connection configuration mode: 2
2025-06-11 20:03:05,171 [INFO] CheckServerUpdateThread:120 - End of CheckServer Thread
2025-06-11 21:48:12,331 [ERROR] LogOutputStream:75 - [STDERR_REDIRECT] 
